39.0279
39.1281
38.5894
39.3585
38.6861
38.7922
38.4007
38.723
38.6204
38.4033
38.3612
38.5298
38.3692
42.5388
38.8207
38.2864
38.4902
38.6347
38.546
38.598
38.5986
38.4976
40.453
38.6844
38.4113
38.4564
39.9923
38.5255
39.5017
38.6434
38.438
38.5402
38.7787
38.2923
38.3522
38.3024
39.7631
38.3616
38.7924
38.3277
38.3557
38.265
38.4619
38.3395
38.3663
38.6878
38.9773
38.4714
38.4696
38.3723
38.3057
38.3675
38.2983
38.4812
38.7181
38.6063
38.4282
38.5017
38.5528
38.3546
38.6095
38.5046
38.3873
38.8581
38.3647
38.7751
38.449
38.4941
38.4021
38.4711
38.4654
38.3085
38.5617
38.5512
38.3538
38.5568
38.4522
38.4313
38.3727
38.4483
38.3158
38.6199
38.4593
38.4203
38.7091
38.6024
38.6028
38.6954
38.682
38.6237
38.7051
38.4454
38.3403
38.3247
38.636
38.5147
38.4467
38.3644
38.7847
39.3767
