25.0496
47.8027
50.7687
47.2907
19.4862
15.6207
26.5434
41.2112
15.8699
14.8509
16.7895
14.8687
15.7284
14.0679
45.9286
26.1033
17.4314
15.0675
37.9042
36.3494
25.9078
47.247
44.9
45.4093
47.189
39.3627
31.025
49.4093
48.0626
15.7885
36.8086
14.6284
15.4495
48.7923
23.5114
18.0279
15.0129
41.0441
47.7832
48.6606
16.885
36.0539
48.1518
47.5287
18.7542
18.4273
17.3176
15.4752
17.1871
15.3745
41.572
15.524
14.9506
14.2118
15.4891
15.192
14.2418
41.8569
18.1613
46.1487
16.352
15.0942
46.5121
47.9879
46.7563
18.2959
14.4996
15.1495
15.1848
48.0478
17.2526
16.778
46.0512
15.7084
16.3626
15.4545
16.0401
40.4782
28.4027
48.5009
48.2909
25.7716
31.5125
48.8079
47.2951
29.4422
48.1501
36.0876
46.6736
16.2963
17.1638
49.4113
49.0727
48.7368
23.4055
17.207
48.8021
48.259
24.2578
18.2735
