282.161
195.288
198.414
194.476
156.277
4.30066
4.22918
4.3499
4.82313
4.51209
4.73114
5.07895
4.64924
4.64843
4.69662
4.60659
4.47877
4.70658
4.59262
4.62683
4.66594
4.50758
4.90399
5.51037
6.5564
5.33992
4.68488
4.54894
4.73218
4.52994
4.43466
5.73163
4.90041
4.77313
4.63401
4.52754
4.61684
5.03176
4.92135
4.25268
5.13604
4.37101
4.53409
4.84473
4.29706
4.43423
4.98667
4.61479
4.74465
5.08313
6.68778
5.01388
4.69407
4.74168
6.02173
4.44799
4.77962
4.70872
4.8338
4.88826
4.51945
4.68174
4.42317
4.8748
4.59901
5.29104
4.75157
4.44963
4.59721
4.60106
4.29397
4.42063
4.27382
4.4722
4.27597
4.64376
4.6956
4.70662
4.48064
4.53149
4.76778
4.16183
4.09782
4.6759
4.6695
4.34595
5.59863
5.408
4.43945
4.74748
4.34359
4.20987
5.60385
5.06993
4.91971
4.73052
5.63614
4.6807
5.01167
5.30563
