217.03
128.575
129.451
129.334
128.198
140.441
138.376
137.26
137.048
128.76
137.05
133.797
131.147
128.381
128.241
139.608
129.105
135.132
128.23
131.043
127.806
137.331
133.589
133.598
127.502
135.266
130.253
132.193
127.533
129.26
130.956
128.45
128.115
128.155
127.29
130.667
126.854
130.955
130.117
128.025
129.27
128.305
129.668
127.444
127.787
128.218
134.116
144.154
127.726
131.261
135.622
128.305
141.978
128.92
130.81
127.662
126.855
138.294
127.427
127.445
128.984
130.483
128.726
127.454
129.932
128.377
126.742
127.353
127.391
128.658
129.631
127.28
127.481
127.43
134.104
128.756
127.812
132.926
126.258
127.584
129.776
127.797
127.63
127.204
128.596
129.512
137.102
140.825
128.683
126.294
126.699
127.316
128.086
130.899
134.496
127.228
127.803
130.72
135.403
127.883
