196.924
71.5598
163.554
6.4526
3.32703
219.317
2.98074
3.23004
3.02456
3.03407
3.0142
2.93258
3.40793
2.90309
2.9045
2.93457
3.26486
3.01609
2.92702
181.976
2.94642
3.20197
2.94842
2.92674
2.91554
2.9258
3.11013
2.96067
2.89574
2.92473
3.00394
2.89956
2.97074
3.0614
3.02377
3.12267
256.726
3.14148
3.57603
3.29428
3.18756
2.98464
2.95495
3.06229
3.03264
2.91064
2.9145
2.94871
2.91143
2.89869
284.324
3.45096
3.16284
3.02682
3.0026
2.91964
2.93459
3.00576
2.90584
2.91531
2.98603
2.92066
3.10153
2.94817
2.89668
3.24195
2.95128
2.89322
2.9906
3.01115
2.92232
3.15626
3.07736
3.0468
3.02792
3.08685
3.00312
3.0799
3.00002
4.39681
2.99266
3.02392
2.99472
2.93609
2.95845
4.23839
3.15694
2.94094
2.95206
2.92317
2.97015
2.91808
2.9708
2.99511
2.88523
2.90628
2.90613
2.90779
2.92789
2.90662
