117.754
74.759
165.134
167.797
8.69269
144.671
7.38065
5.36072
155.43
3.35337
6.63067
7.76871
9.49311
3.88255
4.158
9.31746
8.46857
3.16274
9.16526
3.14662
3.46759
3.18087
3.66825
8.43738
7.43941
4.21434
3.10393
3.2923
3.22031
3.2227
3.8581
3.1058
7.85374
3.28674
3.70585
7.56858
3.25648
3.20106
3.10983
3.21864
3.23879
3.35838
3.24475
3.21085
4.53916
3.63744
3.46682
3.39111
5.69601
3.98086
7.7947
3.90333
5.78673
5.83855
5.37049
4.6511
3.76724
3.33647
4.58051
5.06156
4.06435
6.05236
4.59124
3.72208
4.2121
3.29401
3.82283
5.00984
4.62517
4.2701
4.01719
4.0336
4.29324
3.81212
3.61903
5.13387
3.60292
4.23669
3.53827
3.81778
4.21575
3.85851
3.56926
4.51173
3.69224
3.48795
4.95326
3.18335
3.4176
4.03381
4.36288
4.08445
3.32384
3.78438
4.55943
4.62824
4.33912
5.08179
3.74201
3.48898
