6.23226
6.641
5.58484
7.45175
7.67738
5.49094
5.69494
5.32568
7.11975
6.45409
5.88568
6.03512
6.35402
5.4193
6.54439
6.28984
5.89607
5.04829
5.68685
6.20697
5.46163
5.52397
5.13287
5.89799
5.8732
5.77499
5.98202
5.47572
5.48596
5.19294
5.80708
5.5584
5.09668
5.31784
5.10709
6.03263
5.56591
5.39873
5.06679
6.25439
5.85814
5.28439
4.92679
5.81516
5.24005
5.25329
5.01049
5.6129
5.40504
5.54971
6.77799
5.36993
6.19012
6.23775
5.17827
5.97118
5.04474
5.16102
5.72587
5.03125
5.95821
5.4567
6.31955
6.48481
5.38664
5.11883
5.32758
5.62674
5.95307
6.20535
5.41291
5.8555
6.18082
5.26487
5.23174
5.07627
5.29884
5.12123
5.03043
5.03817
5.23954
5.06207
5.10104
4.89592
4.93261
5.88577
6.87861
7.33291
5.12553
5.58338
5.37557
25.6131
5.06605
5.2969
5.90633
4.97487
5.68667
6.6217
6.91275
5.02502
