65.3375
65.2129
65.696
65.2887
65.8251
65.1437
65.2458
65.4057
65.5235
65.2382
65.3248
65.3367
65.5093
65.2244
65.1966
65.2652
65.5661
65.3597
65.3807
65.3719
65.4091
65.3671
65.1693
65.1542
65.3145
65.6035
65.4871
65.2353
65.3564
65.567
65.8214
65.3862
65.5716
66.2556
65.6099
65.3087
65.2297
65.4393
66.1509
65.1863
65.2709
65.2904
65.6056
65.2075
65.2214
65.4478
65.2048
65.1239
65.6518
65.2795
65.1814
65.3351
65.4715
65.2875
65.6284
65.5259
65.3137
65.0183
65.4935
65.3193
65.4104
65.1737
65.6727
65.1164
65.2171
65.4794
65.5251
65.2975
65.782
65.2576
65.5213
65.3785
65.5903
65.2424
65.5995
66.2625
65.3419
65.315
65.4118
65.5984
65.1427
65.174
65.4154
65.3535
65.3955
65.4974
65.2489
65.3437
65.3767
65.2038
65.5476
65.2732
65.1838
65.2799
65.3092
65.6121
65.3339
65.1953
65.4719
65.4893
