216.22
16.5294
244.35
291.762
203.475
208.877
204.527
203.916
203.563
20.163
285.693
203.637
37.5279
32.2846
310.459
206.007
33.1677
22.3529
49.6352
53.5427
24.2251
44.1973
17.3098
16.2399
18.1804
33.3821
265.666
32.9674
51.5385
36.3561
25.5201
46.2348
44.179
21.6698
20.4409
17.8886
58.3504
52.2195
52.2307
52.7738
31.4429
66.0762
21.5773
33.1082
48.0457
20.1853
17.7166
48.1215
49.0902
52.7693
51.761
28.8285
19.4359
19.3674
35.3919
17.5599
47.632
20.9223
19.2581
44.3333
19.7502
18.8578
47.526
26.0948
19.8753
45.3111
39.0681
46.8911
18.4233
53.0787
50.5156
23.5447
19.1744
19.388
16.2659
46.6911
24.9594
20.5551
55.9771
20.0333
43.873
51.5155
40.2278
26.3685
98.8141
50.2166
48.7344
30.6234
18.9888
45.087
48.8732
38.3623
21.0058
16.8302
16.17
34.0617
17.5295
43.7878
42.6788
19.6442
