189.422
301.932
16.0965
16.0909
16.3679
17.9346
16.1774
16.1525
16.1415
16.3379
194.188
16.4767
16.0533
16.5016
21.6621
16.4044
16.1243
16.0328
16.0999
293.58
16.1452
268.952
16.1806
16.3695
16.0131
16.0733
16.0381
16.0323
16.0022
16.3487
16.2669
16.2653
275.832
16.0109
15.9716
16.9154
16.2138
16.1915
16.0737
15.9907
16.3624
245.248
16.1507
16.0307
16.0192
16.0148
16.4737
16.3573
16.1905
16.1138
261.765
16.2816
16.1661
16.496
16.3053
16.0994
16.009
16.0031
19.6614
16.0989
16.0397
16.013
280.901
16.181
16.0558
16.2959
16.194
16.0234
16.0926
16.0462
16.0459
16.2203
16.0621
16.1184
16.4227
16.4357
16.1314
16.1677
16.1445
16.0202
236.093
16.1432
18.1067
16.3629
16.1961
16.1324
280.684
16.088
16.309
16.4318
16.1295
19.7101
16.1182
16.0482
16.2352
250.093
16.1069
16.1016
16.0564
193.102
