222.739
306.994
165.866
233.139
5.79592
260.952
3.01026
3.33168
3.27932
6.12304
3.02253
3.21497
2.962
3.46087
3.07882
3.00461
2.94021
2.96124
2.92711
3.27371
3.12554
3.04183
2.9496
3.08033
3.16885
3.0441
3.08123
2.93839
3.07834
2.9812
3.08873
2.97687
3.03349
3.02084
2.97911
3.00942
2.96141
2.96912
2.93891
2.94629
2.95737
2.97387
2.95515
2.92775
2.93233
3.22097
2.97797
2.98262
3.03178
3.04867
2.91288
2.96415
2.95928
2.96567
2.94033
3.1063
2.9584
2.91729
2.94237
2.93312
2.93065
3.21891
3.05432
3.20454
2.9932
2.9408
2.95021
2.9493
2.94869
2.94367
2.94194
2.98155
2.94326
2.92628
2.93866
2.91949
2.92831
2.95261
2.94734
2.90693
2.95939
2.93987
2.92087
2.9296
2.93328
2.9412
3.05164
3.1131
3.02321
2.98524
3.16208
3.10742
2.94972
2.93915
2.98547
2.92629
2.92848
2.97791
2.93187
2.94485
