309.425
265.175
59.4865
59.8975
295.726
302.895
52.9163
66.436
63.5138
322.674
347.711
317.768
358.979
334.146
76.3064
72.9963
124.351
77.9489
336.981
314.955
81.0199
160.625
326.497
117.288
377.655
90.9566
68.2929
139.597
116.79
130.644
305.049
60.1869
305.533
120.74
147.965
128.702
130.003
72.6759
340.363
136.081
70.5672
71.7634
319.389
186.975
134.658
95.5024
139.738
130.014
84.6348
142.706
145.852
125.351
147.95
293.283
98.366
294.672
280.129
73.8745
101.752
313.753
111.863
312.454
332.897
81.7033
256.232
315.284
140.469
146.152
139.63
81.134
146.541
159.944
342.816
99.3031
325.994
353.967
131.636
351.966
285.665
82.2427
82.0423
136.508
266.839
129.777
73.3191
75.0005
152.706
359.472
113.992
108.341
150.483
93.3242
158.084
273.8
65.1585
151.901
147.278
115.19
130.421
71.8284
