20.2609
20.907
20.2851
20.4057
20.6512
20.4145
20.4024
20.1774
20.1614
20.0361
20.5976
20.3779
20.1791
20.0755
20.2681
19.9502
20.2232
20.5355
20.7273
20.0412
20.4516
20.531
20.6939
20.4676
20.3409
20.2673
20.5278
20.4158
20.479
20.6587
20.516
20.4317
20.1603
20.4667
20.3631
20.4243
19.9373
20.4064
19.9212
20.555
20.3739
20.5507
20.6717
20.2958
19.921
19.8813
20.4426
20.4873
20.276
20.4194
20.0782
20.4519
20.4344
20.3067
19.9185
21.0841
20.4846
20.1197
20.1468
19.9344
20.2936
20.4385
19.9393
20.6855
20.4267
20.4731
20.6341
21.0459
20.7799
20.4422
21.3979
20.42
20.6234
20.5477
20.6962
20.4847
20.7878
20.1396
21.2438
20.5712
22.465
21.6417
20.8341
21.528
21.0111
21.0864
21.2723
21.755
20.536
20.0664
20.5254
19.9303
20.345
21.0137
20.5008
21.2721
20.6614
20.9042
20.5047
20.3988
