253.184
150.221
142.945
144.417
146.973
146.449
148.556
154.868
150.868
143.039
142.028
147.461
147.905
143.726
145.088
142.204
143.28
147.04
143.005
143.557
148.52
143.445
142.36
154.601
146.208
143.226
149.112
142.233
147.588
146.033
145.974
155.345
144.591
147.864
141.169
141.598
141.325
156.936
139.828
143.294
139.888
139.117
138.533
148.86
139.368
137.675
147.306
142.919
139.483
139.908
141.341
160.119
141.521
140.176
153.058
139.756
137.414
145.59
137.46
136.83
157.811
136.863
144.043
143.067
155.631
141.713
152.949
153.743
151.54
135.525
143.003
146.021
136.281
150.919
147.704
136.698
140.425
136.442
142.336
141.677
135.28
139.061
140.405
134.416
134.153
134.892
135.118
136.21
135.912
142.631
135.321
136.415
140.225
136.031
141.387
134.487
133.953
134.377
140.65
135.068
