279.952
8.35506
195.735
8.23122
347.53
281.8
227.219
187.083
42.3845
27.215
258.644
33.9897
244.179
10.2271
12.1025
11.1607
11.2652
264.231
29.7813
26.8178
20.4878
15.2043
16.3031
14.0923
33.5685
43.9963
37.9279
17.9641
29.7656
22.3653
16.585
13.3906
38.2751
36.9427
36.4777
23.3312
21.2504
37.2582
22.5958
20.57
13.9387
11.6966
13.7012
14.8284
13.7484
32.781
40.7062
32.6624
38.6715
22.9377
20.7244
39.3927
54.7957
15.9457
29.7313
20.7698
14.6304
17.0058
38.174
15.6555
53.1131
14.8092
12.6432
14.1424
37.8768
16.5094
14.9694
13.9056
13.7652
14.7764
42.4187
39.4902
20.2341
36.5454
22.6514
28.1614
30.109
22.5774
38.4654
20.2637
19.1634
39.8715
40.9944
24.437
17.2062
40.0081
17.9871
14.217
14.3264
39.7494
19.6543
14.617
12.9603
17.2934
36.8295
40.5016
40.87
34.7658
39.1452
37.0247
