118.884
162.57
2.99125
3.03203
3.17408
263.533
3.15584
3.83027
3.08802
3.07949
21.0328
3.99655
3.27126
3.05011
2.98069
193.855
3.00208
3.77494
2.94008
3.5036
2.98059
3.12185
2.91023
3.03076
3.10005
225.41
3.27352
3.16206
3.18289
3.20774
2.9556
2.95231
2.92952
2.93221
2.9261
2.96181
2.93141
2.90505
2.97156
2.93037
2.89152
2.9229
2.91273
3.17522
2.93913
2.98674
2.9717
3.03308
2.93632
2.91526
3.00109
2.97595
2.96201
2.92897
2.96761
2.89302
2.96425
3.03086
2.94325
3.39985
2.92415
2.91245
2.99679
2.95923
2.91719
2.94703
3.03949
2.95873
2.94421
2.98404
2.96291
3.18307
2.93028
3.54923
2.95914
3.02184
3.10317
3.02069
3.02391
2.92583
2.96274
2.93448
3.04415
3.02392
3.01526
2.93822
3.13944
2.93924
2.99319
2.97442
2.95688
2.93991
3.02714
3.00973
2.96571
2.98577
2.92003
3.03401
2.94421
3.03648
