276.929
189.929
186.564
181.509
13.8364
13.8406
13.7796
13.9501
13.9883
13.868
13.7949
13.815
13.7949
14.145
14.0591
13.8884
13.8984
379.091
251.747
14.0404
13.8912
13.9257
13.9423
13.971
13.9513
14.0179
13.9175
13.8276
13.8865
13.9955
123.814
13.9776
13.8879
14.1261
13.9678
13.9345
14.0725
13.977
13.9627
14.0046
13.9297
13.9979
14.1601
13.998
14.0658
209.693
14.0361
14.0688
14.0587
13.9386
13.8992
13.8879
15.0254
13.9196
13.8544
13.8911
14.3971
15.203
14.8802
14.9309
14.3804
14.3613
14.469
14.3752
14.1895
14.373
14.624
14.8179
14.3987
14.5998
15.2569
14.7643
14.2124
14.2359
15.1242
14.6476
14.3052
14.915
15.1817
14.6813
14.4149
14.8374
14.3657
14.7901
14.4198
14.5305
14.2075
14.2469
14.1821
14.3674
361.064
14.327
14.1706
14.194
14.1774
15.166
14.3328
14.4135
14.3807
14.1825
