81.6358
193.534
194.865
129.451
3.09813
200.294
196.259
5.12786
202.364
3.54712
3.68252
4.12965
3.74663
3.60158
3.75807
3.81396
3.39446
3.18297
3.52307
3.43424
11.3959
3.31552
3.40352
3.43828
3.62778
3.7718
3.42792
4.3907
3.14264
3.50803
3.58552
3.21726
3.39873
3.40905
3.33199
3.67192
3.29995
3.17682
3.27271
3.31162
3.43372
3.33136
3.48457
3.97106
3.75533
3.29571
3.42139
3.33093
3.27875
3.37063
4.62195
3.21203
4.09651
3.13704
3.15706
3.05827
3.4237
3.68278
3.19955
3.11693
3.35177
3.41495
3.09304
3.15604
3.09245
3.40885
3.16196
3.17056
3.2458
3.34467
3.35844
3.78258
3.54706
10.3345
3.3714
3.8317
3.07292
3.74059
3.30261
3.35955
13.2549
3.15641
3.40916
3.30505
3.19465
3.07234
3.16767
3.38574
3.3359
3.59835
3.26473
5.55512
3.32677
3.35821
3.37242
3.34539
3.34592
3.20263
3.29437
3.22253
