269.311
271.795
263.679
260.793
13.9902
234.742
14.3394
14.4569
14.6279
14.2809
14.2602
14.0559
14.0176
14.2528
14.0576
14.4639
14.417
14.0971
14.0131
14.8325
14.0618
14.1742
14.4601
14.061
14.1115
13.9652
14.0028
13.97
13.8951
14.0515
14.0156
13.934
13.8979
13.9235
14.4586
17.0473
16.2135
16.7489
15.5957
14.3881
14.1379
14.0036
14.0664
14.3003
13.9634
14.0009
14.5404
14.2295
14.0718
14.7321
14.1061
14.051
14.0247
14.0099
14.7456
14.1322
14.3378
14.0355
13.9876
14.3395
13.9143
13.9667
13.9465
14.0443
14.2222
14.2402
14.167
14.5874
14.3325
14.4255
14.005
14.5247
14.3575
14.3634
14.1051
14.0709
14.0442
13.9993
15.0514
14.0682
14.0899
14.191
14.0848
14.6877
14.2294
14.5498
14.2169
14.1487
14.6843
14.171
14.7006
14.1034
14.0755
14.5285
14.4417
14.0501
14.0311
14.055
14.015
13.9242
