8.02852
7.39127
7.35471
7.46661
7.35349
8.48376
7.25459
7.25031
7.20388
7.63461
7.4473
7.40226
7.21493
7.71957
7.20431
7.1866
7.22042
7.18538
7.16849
7.1943
7.19991
7.24416
7.1727
7.34681
7.63239
7.39572
7.19401
7.18699
7.22584
7.18181
7.19644
7.16014
7.1866
7.16709
7.18469
7.55272
10.7847
7.27069
7.3024
7.23283
7.20385
7.50074
7.17316
7.185
7.1837
7.33908
7.60259
7.42478
7.21808
7.48017
7.20815
7.42852
7.46142
7.43692
7.41266
7.43608
7.41995
7.31514
7.32527
7.20302
7.5225
7.23984
7.21587
7.20937
7.19433
7.18604
7.19766
7.19525
7.81921
7.60774
7.22536
7.19309
7.17651
7.18183
7.77265
7.31329
7.36478
7.24865
7.27771
7.22126
7.20563
7.19623
7.42854
7.18183
7.28945
7.5932
7.16837
7.44712
7.15609
7.4262
7.44815
7.25783
7.18403
7.1652
7.40592
7.16031
7.65451
7.17278
7.42847
7.18803
