20.5207
8.33501
6.25786
5.70754
5.55095
11.0938
6.1676
5.55776
5.45942
5.4731
9.19076
5.99703
5.32683
6.65161
6.51312
5.83631
5.34058
5.8275
5.93736
5.90989
5.48675
5.44638
6.08617
5.44265
5.36308
5.56532
5.3861
5.63062
10.2695
5.67104
5.96195
5.3967
5.52968
5.48958
5.44307
5.46111
5.30126
9.7952
5.43425
6.01565
5.57178
5.35279
5.32048
8.99429
6.83183
9.78156
11.3438
6.08278
5.70677
7.84523
6.5912
5.82263
5.45624
5.38492
5.68204
5.34726
5.43073
5.29869
5.52699
5.54312
5.33807
5.30047
6.57929
5.61688
5.5876
5.383
6.8317
6.2294
7.20394
5.41543
5.87082
5.52521
8.33424
7.25634
5.93857
5.9208
7.46392
6.83624
6.51375
7.9332
7.04371
8.66128
8.54411
5.77017
5.42119
5.67109
5.30246
7.10094
5.87813
5.33816
5.56893
5.60671
5.53513
5.3045
5.72312
6.04617
5.29206
5.52799
5.42298
5.43177
