38.0686
38.2622
39.158
38.0432
38.4964
40.1062
39.5644
38.1869
38.5311
38.3998
38.2243
38.1242
38.0479
38.7671
38.1505
38.2049
38.0156
38.0921
38.0836
39.4088
38.5993
38.333
38.7551
39.6515
38.93
38.0589
38.1279
38.1127
38.173
38.5499
38.1593
38.0632
38.8615
38.1537
38.2332
38.4983
38.2142
38.2344
38.4557
38.1077
38.2648
48.102
37.9
38.4886
38.0933
38.9693
39.1395
38.5613
38.437
38.3448
38.3289
38.5729
38.4728
38.3684
38.1258
38.3176
38.4074
38.3338
38.1607
38.0765
38.0052
39.0145
38.143
38.476
38.3722
38.0895
38.0468
38.1401
38.1228
37.9923
38.4414
39.0073
38.1202
38.51
38.2396
38.2062
38.3045
38.1918
38.5056
38.3936
38.2692
38.1579
38.3508
38.2804
38.4314
38.5454
38.3429
38.0851
38.605
39.1297
38.3269
38.8138
38.2442
38.5408
38.2749
38.1273
38.2032
38.4714
38.2601
38.1699
