223.849
279.958
266.673
177.485
265.451
175.606
267.792
15.3168
15.8046
228.952
15.4486
14.9972
18.6673
16.8192
9.64693
8.61835
20.2771
7.79729
7.38366
6.63588
19.0081
20.3394
20.2079
7.56051
7.16606
10.1405
6.51687
8.65859
7.12733
18.2787
5.97691
6.83211
7.04124
6.10915
7.51389
6.10724
6.03393
6.1303
17.3904
7.74971
19.977
6.50227
7.35314
6.70525
7.06311
8.36604
20.3434
7.42605
13.9069
6.721
7.26772
12.7875
6.00353
6.17234
6.29735
7.41936
7.42282
6.22516
6.9945
18.0385
19.8959
8.47746
6.99517
6.29569
6.39222
10.7759
14.6842
7.23618
7.00494
19.4714
7.63222
20.0125
6.31903
6.70165
7.25697
7.35888
6.63226
7.41412
7.18379
7.04311
8.24495
7.0468
6.45843
16.5933
10.6867
16.2572
20.5097
7.81117
6.78807
13.3492
14.4238
18.6905
7.89142
7.6883
7.0231
6.7426
6.67009
7.10383
18.2098
6.50011
