32.574
29.0389
26.2598
27.5811
44.0656
30.5834
29.4943
28.5901
51.6935
57.4972
59.0793
47.5748
55.0314
56.0611
58.1079
58.7619
56.0023
48.3053
55.3403
57.6613
36.8623
56.3793
53.7804
48.1102
34.0877
45.634
31.6533
28.9644
51.066
52.6675
54.2428
27.8218
27.9343
37.1874
27.0996
31.5729
26.5815
25.8444
29.1811
48.9627
26.5773
29.6065
26.1847
27.0104
51.0765
57.1943
35.8545
29.2872
56.6756
56.3975
58.9534
55.2075
27.3225
58.1729
36.7143
29.7372
27.088
54.872
55.6972
36.9846
58.9843
31.1233
28.1858
27.0001
78.9384
28.7376
27.8329
28.222
27.0961
28.3697
52.6038
46.6753
31.4749
40.1278
26.7935
26.3762
29.1694
56.5111
29.0654
31.8419
55.3287
27.6808
39.2675
30.7389
33.359
29.0563
51.4155
35.1199
53.5115
32.5773
58.0819
53.4562
30.6376
35.2549
58.8567
55.695
31.4198
28.4367
55.2714
58.2601
