385.799
602.595
37.7547
37.3719
37.1602
37.662
37.6722
37.3146
38.0972
40.5873
36.9029
37.5451
37.4055
37.5473
38.3791
38.4575
38.6384
38.4594
38.5634
38.391
38.1847
38.4394
38.4706
38.2581
38.8598
39.6543
38.4176
37.4177
40.4941
37.9336
38.4213
38.3067
37.3946
37.7729
38.5095
41.2086
38.3874
238.104
38.4665
37.9844
41.5998
745.743
37.57
38.6185
38.5012
38.3353
38.6137
38.4719
598.609
384.874
43.5255
42.1358
42.5329
42.9329
42.6876
42.5629
42.1305
39.5384
41.1447
41.3965
41.5793
42.2966
38.9457
425.464
43.1108
41.584
41.2073
40.9302
41.6163
43.2114
40.7547
40.0401
42.0834
41.2213
377.119
437.916
42.6801
41.6006
42.7221
43.046
42.1077
42.1415
39.0049
43.6074
41.6116
42.0095
43.1122
41.5464
850.677
43.5124
43.1563
39.9367
42.2025
42.2558
42.2105
41.6417
39.7773
41.498
41.6875
39.9549
