142.26
136.423
155.882
146.544
148.734
86.1683
156.707
150.81
83.4848
84.711
159.592
162.748
82.2352
142.274
92.5843
81.8017
81.8536
133.288
155.527
80.2
154.64
89.3659
86.4345
146.798
160.856
91.3951
125.177
153.979
156.559
153.012
79.4883
81.2343
80.7591
79.6667
79.1972
78.3867
147.298
161.472
108.43
79.7626
77.2822
147.581
166.49
147.722
87.0091
156.652
159.155
92.0085
144.533
72.408
80.3639
109.029
125.855
140.448
149.765
138.964
80.3202
75.8483
154.688
158.466
87.6665
72.8403
144.325
160.749
136.847
150.38
85.2506
144.137
80.3621
155.223
150.087
87.725
144.162
149.027
145.418
144.814
164.49
163.008
107.166
83.2657
148.121
72.1735
120.664
156.254
168.769
146.698
142.837
143.805
109.988
161.052
106.722
139.583
145.615
159.821
155.796
151.262
143.053
144.752
73.26
154.786
