226.363
133.088
134.87
132.285
131.587
143.121
138.749
140.092
132.696
131.245
135.063
136.943
140.734
137.623
135.306
133.703
131.741
136.502
131.964
132.287
130.745
131.926
137.652
137.173
139.865
145.425
131.752
148.873
129.843
134.414
143.711
137.1
132.884
129.313
130.552
133.951
128.906
128.742
136.831
129.142
129.71
133.342
139.905
139.86
137.057
131.222
135.474
130.78
129.389
132.907
128.582
128.646
131
126.658
127.425
129.342
126.915
138.701
127.881
140.094
140.457
135.987
133.99
129.575
127.308
125.72
132.568
130.891
138.883
137.154
129.061
144.878
136.328
132.809
131.487
129.164
127.084
125.875
142.386
127.809
126.041
143.491
132.937
133.21
136.737
128.316
124.72
124.222
123.706
143.807
145.498
142.639
144.567
139.583
146.339
125.269
138.268
129.09
135.888
141.854
