92.8087
167.929
3.45507
3.2433
225.15
6.0573
3.33612
162.861
3.30726
3.25236
5.71961
3.0241
2.92241
290.157
3.21218
3.34565
3.10834
3.14935
3.21485
3.19279
3.14321
2.94087
2.93987
2.99383
263.34
3.02287
2.96852
190.777
2.92919
2.94491
2.94389
2.9912
2.9983
3.02386
2.91637
3.0378
2.92334
3.09177
3.07675
3.12259
2.97389
2.99948
3.01403
2.99667
3.04648
2.98863
2.93934
2.9313
2.99146
3.02274
2.94824
2.9373
2.91842
2.93792
2.93306
2.92593
2.99131
2.92249
2.98329
2.92048
2.92971
2.91717
2.93327
2.95937
2.96004
2.91874
2.94687
2.90397
2.9166
3.03281
2.92481
2.94091
3.0724
2.90921
2.95921
2.92879
3.07965
2.92785
77.219
2.99502
3.25726
3.00242
2.95577
2.93933
2.94535
2.94172
2.92867
2.91209
2.95107
3.13003
202.887
3.09072
2.95121
2.93525
3.11323
2.99553
3.34149
3.01983
3.18647
3.03367
