6.52398
7.30394
8.82866
6.36017
6.54991
9.19359
7.39746
6.86312
7.00301
6.83039
7.13858
6.8873
6.46731
7.1001
7.73511
6.83588
7.18083
6.93305
7.02502
6.98505
6.9779
6.96126
6.95311
6.41169
6.91309
6.60192
6.84976
6.63345
6.88748
6.97667
6.95901
6.95779
6.96374
6.98751
7.03477
5.82909
6.89188
7.83922
6.88667
6.46417
6.94679
7.27024
7.32468
6.46056
6.91815
7.32117
7.07562
6.84539
7.5231
6.84509
7.23686
7.16878
6.11311
6.98796
6.96396
7.19577
6.98312
7.25696
7.58351
6.96502
6.95746
6.96594
7.00815
6.96461
7.67169
6.22629
6.77765
6.46509
5.70721
6.83383
7.02202
6.98447
7.47496
5.52011
6.99505
7.46976
6.8725
7.01053
7.4403
6.57488
6.8742
7.09159
6.89143
7.0748
7.03745
7.666
6.89535
7.08604
6.96024
6.96829
7.47416
7.10692
7.13264
6.4734
6.78349
6.67279
6.87727
6.98477
6.96892
6.97234
