13.9896
24.5136
25.9899
24.21
36.6283
26.0342
24.8155
9.58939
8.67382
8.32014
8.3595
8.13774
8.54695
8.45668
8.0628
8.63747
8.96188
8.0288
8.61363
9.34796
25.269
9.20773
9.02656
11.5697
24.3437
14.7965
16.9904
13.9233
25.7365
13.0998
25.7794
25.3785
24.8248
11.1019
25.427
25.4458
25.4894
9.4388
25.4511
9.73758
24.8091
9.09375
25.6756
24.4417
24.1076
24.7858
21.4326
8.11727
7.95851
7.98757
8.59891
8.20313
9.65955
13.3089
9.77116
8.33884
8.42045
7.78325
7.94496
8.52038
17.9786
8.5423
7.77473
8.23009
25.3348
25.4983
8.7147
9.60783
8.23596
8.2554
8.07218
7.78955
24.0437
15.2632
21.5902
9.69348
8.58026
26.4125
9.16595
24.4096
17.9261
14.9395
12.2435
8.64454
7.76532
8.9885
7.93749
7.72255
7.85607
10.08
23.9112
8.13023
8.01311
8.4884
9.77644
9.7762
9.6685
9.48212
8.81836
9.61696
