7.35458
7.37832
8.11529
7.31912
7.86572
7.44331
7.3785
7.32423
7.28412
7.42788
7.34817
7.31935
7.503
7.34328
7.47946
7.39059
7.36142
7.44861
7.34487
7.38039
7.36034
7.41179
7.38105
7.33027
7.44554
7.3264
7.42784
7.33643
7.43127
7.43681
7.33303
7.37732
7.42792
7.30017
7.28956
7.39174
7.424
7.37182
7.47501
7.62791
7.45686
7.39585
7.37988
7.39201
7.38658
7.35892
7.45526
7.38316
7.39477
7.35622
7.38045
7.43093
8.8737
7.32511
7.38881
8.13685
7.38459
7.35214
7.39622
7.34773
7.34442
7.33143
7.33332
7.28219
7.89621
7.80186
7.38261
7.27409
7.32149
7.33075
7.28991
8.29262
7.46044
7.3197
7.26678
7.44278
7.41588
7.44747
7.36589
7.40767
7.42408
7.24352
7.31436
7.29405
7.261
7.44014
7.43784
7.5262
7.36975
7.28102
7.31094
7.28442
7.27765
7.2977
7.26824
7.28098
7.29473
7.77611
7.37904
7.32496
