7.34378
7.58446
8.58816
7.3085
7.22508
7.24326
7.26607
7.20366
7.22364
7.45641
7.2094
7.22384
7.21383
7.4344
7.50779
7.32849
7.47706
7.50775
7.39762
7.4713
7.39129
7.46013
7.36666
7.35172
7.23422
7.41662
7.39428
7.29686
7.21634
7.22446
7.24513
7.21267
7.23348
7.43899
7.52644
7.36727
7.36257
7.23954
7.22384
7.21794
7.22265
7.20643
7.38914
7.20427
7.33412
7.26999
7.22424
7.22682
7.23684
7.64777
7.23061
7.21781
7.21225
7.2016
7.2047
7.22088
7.34668
7.23045
7.34367
7.22353
7.19808
7.23883
7.2127
7.19856
7.4168
7.27091
7.25346
7.36338
7.29251
7.22015
7.21903
7.37116
7.33869
7.30407
7.35866
7.22513
7.22077
7.23798
7.20687
7.28078
7.21159
7.20708
7.21818
7.39497
7.27904
7.40188
7.24113
7.41101
7.96775
7.35482
7.21608
7.21377
7.59084
7.24836
7.37871
7.2131
7.34479
7.31855
7.22944
7.22621
