491.918
269.085
397.706
864.229
751.131
840.842
183.611
159.878
166.981
171.731
177.632
182.536
178.987
166.733
175.82
168.084
169.535
171.437
174.762
166.743
162.26
163.329
169.306
163.697
167.526
166.211
164.817
157.565
158.189
156.548
161.857
164.476
162.284
162.665
161.432
160.713
173.593
170.643
156.81
148.368
167.526
157.489
152.472
147.173
144.905
157.793
160.133
153.69
158.918
158.916
153.412
175.408
147.086
150
145.502
148.751
148.616
158.981
171.171
163.765
146.166
161.077
147.215
157.984
158.977
155.07
158.73
162.618
145.26
150.326
169.392
158.885
156.439
153.58
155.268
162.102
161.548
173.526
156.239
156.871
160.364
167.396
162.115
162.269
158.025
159.836
156.426
160.497
156.386
160.98
155.046
165.122
173.893
235.3
198.015
206.234
175.911
165.57
176.026
171.608
