44.5902
14.3696
18.5288
18.4483
19.1006
18.3807
19.8538
18.9361
19.4718
18.0971
19.0765
18.5239
20.2165
17.9173
18.8514
19.2991
20.4399
18.3624
19.573
18.0763
19.0487
18.7208
18.067
18.1467
19.0094
20.0753
19.2
18.6292
19.9453
17.676
15.0662
18.3519
17.3457
18.4918
17.0407
18.1509
18.3872
19.2346
16.7044
18.8743
18.471
17.7881
18.8401
17.1768
18.1203
18.3211
19.6533
18.2268
18.34
16.7487
17.709
17.6049
18.3794
19.2549
18.1774
19.8665
18.6703
17.8575
21.5639
17.2497
18.8656
18.8958
20.1704
19.6007
21.8271
20.7882
16.5462
20.2555
21.1447
19.6183
19.5188
19.7213
19.5318
19.6853
20.7877
19.6138
19.4616
19.684
20.3681
19.2011
19.1659
18.0227
19.5269
19.8746
19.5092
19.2672
18.78
19.4953
19.858
20.2327
23.8529
18.0504
19.4758
17.0285
16.4484
17.1579
19.0501
16.9013
18.5911
17.1149
