229.826
181.44
14.0145
13.9306
14.1635
14.2413
13.9862
13.9652
14.0484
14.2256
13.9047
13.9501
14.2819
14.3304
14.2091
14.1525
14.2352
14.0569
14.3611
14.0707
14.0805
14.1086
14.0668
14.0249
14.0084
14.0814
14.5828
14.4179
14.3172
14.1597
14.0862
14.1402
13.9918
14.0222
13.9844
14.1355
13.9791
13.9929
14.0076
14.0834
13.9728
13.9645
13.9768
13.9688
14.5206
14.1027
14.0608
14.0089
14.0554
14.0705
14.6869
14.1513
14.0356
13.9483
13.9915
14.3436
16.3499
14.0644
14.4745
13.9975
14.0755
13.9853
13.9769
14.0368
14.0462
14.1343
13.9727
14.0834
14.0403
14.0354
14.042
14.0193
14.4266
14.3163
14.3021
14.007
14.0604
14.2737
14.1001
14.2779
16.517
14.074
14.0207
14.0234
14.0516
14.0051
14.7381
14.5018
14.0835
13.976
13.9989
13.984
14.0324
13.9764
14.4662
13.9724
13.9557
14.0697
14.0065
14.0304
