35.5016
35.8294
34.759
34.9486
26.7448
27.8675
34.898
27.9803
27.2572
34.2409
35.4723
27.2169
27.3858
27.881
35.0821
28.3945
27.1
27.3062
34.6343
35.161
35.4777
27.3899
26.9234
27.2931
64.2272
27.0844
27.4339
28.6225
47.7698
27.8346
26.5819
27.8421
28.6965
35.1882
31.427
35.5834
31.0865
35.1164
35.6922
27.27
26.7478
34.2157
35.3319
35.3672
27.8242
27.4142
32.0625
35.4146
28.0513
35.6134
27.4229
35.4701
28.558
28.8076
33.3706
30.0274
27.9547
28.7057
28.5515
26.9944
27.3077
27.1188
27.4214
27.6141
28.7608
28.5559
35.58
27.765
27.5192
29.6886
33.6662
34.5129
27.6705
29.4142
36.1806
27.1521
27.2589
27.1785
34.9584
35.046
34.8055
36.266
35.538
27.3647
28.6863
35.4467
52.006
35.2939
27.7457
32.6581
34.4329
28.08
29.157
35.5576
35.9541
27.967
35.3309
37.2524
35.0794
28.4324
