216.161
140.303
143.528
139.161
29.2944
149.691
28.3413
37.2627
37.3731
36.7038
37.6403
37.5289
38.8507
38.4494
37.1214
36.2767
37.152
36.6136
36.9273
37.1429
36.3458
37.1728
36.8514
36.7974
36.7474
37.094
37.5865
37.0626
38.4354
36.7409
36.761
39.7789
51.2243
58.5239
38.3938
38.3575
37.1395
37.6999
37.3965
37.766
38.1739
38.4823
40.4791
54.3925
40.1493
38.4539
38.5347
38.4325
39.0364
38.2068
39.9563
38.5303
52.8652
52.8905
39.3378
41.5246
38.2285
38.7293
39.0701
39.1627
39.1611
52.5266
38.4364
158.619
29.682
230.009
33.9808
39.9266
56.6909
53.1727
53.0039
52.5726
51.0823
51.0595
249.741
54.708
52.8378
47.4047
40.8537
38.6561
159.183
38.6159
50.8811
41.323
38.6299
39.3603
38.9125
37.2397
52.6797
51.3351
51.1522
39.0589
37.2124
37.9173
158.837
29.2203
37.5141
39.4781
51.1027
39.0906
