232.5
216.698
188.665
183.254
243.717
189.874
13.9515
14.2984
14.6211
14.1813
14.8435
14.2493
14.078
14.4964
14.8002
14.8835
15.414
15.0995
14.7423
14.8836
16.9537
14.3053
14.6752
14.2373
14.8644
14.2121
14.458
14.8158
14.453
15.3307
14.8318
15.3446
14.6268
14.5378
14.0249
14.5235
14.3172
14.7316
13.9814
14.0073
13.8734
13.9118
13.9787
15.0949
14.9007
14.8484
14.745
14.262
14.2955
14.1048
15.7062
14.2409
14.5482
15.0087
15.1859
14.541
14.3465
14.6904
44.3773
15.3031
14.6569
15.1509
14.671
14.7213
14.8351
14.6828
14.91
14.1883
14.0673
13.9888
13.9995
14.9396
14.6029
15.717
14.683
14.6758
14.4147
14.2642
15.0464
14.8959
14.7826
15.1068
24.2533
14.1811
14.218
14.0293
14.0186
15.4207
15.0526
15.0666
14.2312
14.3897
14.1076
13.9474
14.0425
13.9958
14.0231
14.2354
14.0826
14.0281
