214.502
265.594
268.721
267.71
265.473
5.19762
249.807
3.02944
2.98614
4.39629
2.97776
4.12631
4.6595
2.94451
3.95293
3.88846
5.3363
3.05164
3.13372
2.99224
3.06839
2.98041
3.01943
2.97479
3.01059
2.96092
3.02477
3.13013
2.95782
3.05924
3.16609
3.00686
22.1259
3.35045
3.15265
3.08406
2.99358
3.02471
3.02066
3.0217
2.97648
3.01469
3.65245
3.05881
3.00535
3.19456
3.01578
2.99718
3.81891
2.99352
3.12122
2.99015
3.05896
3.08047
3.08604
3.03941
2.94872
2.96109
3.08089
2.95491
3.09007
3.03788
3.0567
3.08475
2.97064
2.95245
2.96919
2.95401
2.98391
2.95265
2.982
2.9786
3.01866
3.13101
3.05373
2.98614
3.09956
16.4853
21.1378
4.643
3.43451
3.04857
3.00622
3.01054
3.78124
3.93874
3.71217
3.81708
3.12669
3.02709
2.99175
2.97162
2.993
2.99244
2.95316
3.20546
3.11971
6.05013
3.24526
3.08221
