277.352
297.014
296.868
219.235
232.962
223.936
242.403
298.697
225.094
260.698
62.8092
53.185
225.65
40.5968
54.9896
34.5478
25.8894
52.9075
24.829
293.902
41.8276
310.567
25.7919
46.8646
27.8181
21.7877
25.3055
22.7894
53.6199
22.6228
22.0015
53.497
34.1732
57.9571
55.8426
55.7473
76.5713
25.9896
57.5611
36.3186
54.6745
49.582
52.8093
55.129
55.2539
51.9323
57.098
44.4403
38.7535
56.9632
59.663
59.6596
54.9964
52.827
40.7302
39.1132
23.0712
25.5104
20.9252
20.4953
41.3925
57.2345
54.9342
55.0689
29.0667
25.0802
55.1692
46.3571
57.017
57.7356
57.1001
58.8556
52.1899
101.747
35.1818
44.1559
60.1045
54.0198
37.2266
54.1832
47.3823
51.5747
20.3562
57.0263
54.0059
22.0744
23.6537
46.5875
47.4881
21.4154
55.7551
56.4501
22.8426
22.5536
27.807
50.8741
28.3724
55.7556
28.4184
20.0133
