49.3396
42.2929
39.1945
39.1669
39.456
39.5259
254.799
39.3277
39.2885
39.4601
39.6219
40.8459
40.6165
40.9058
43.9858
39.9475
40.5684
40.3381
39.8603
39.7151
39.5313
39.8172
39.6983
39.5173
39.7233
39.6106
39.6485
336.47
325.837
234.942
40.5838
39.458
39.6271
40.456
39.581
40.3642
40.6238
40.5715
40.6727
39.6367
39.6298
39.5576
39.5353
39.5993
39.7467
299.372
328.386
39.7505
39.3621
39.4522
39.7413
40.7459
40.4035
40.4627
40.43
40.7517
40.5529
39.4302
40.2294
40.6633
39.5661
41.6721
38.917
39.6799
39.593
39.6282
39.6347
39.3713
39.8039
39.5571
39.8294
39.4419
39.5499
39.4009
43.5551
40.3092
40.5009
39.7648
40.833
40.7769
39.8429
39.4265
40.9252
39.6281
40.4965
39.7221
39.6525
291.386
39.9486
39.5982
39.3326
39.6125
39.398
39.5274
39.1771
39.4742
39.627
39.4992
40.6496
42.3976
