287.21
225.706
227.806
8.70266
220.415
546.448
5.50686
4.27403
4.93525
5.14416
5.96071
6.96294
4.96302
4.76088
5.2176
4.90232
5.00405
5.03793
4.8213
6.22803
4.69168
4.13795
4.90401
5.08447
4.98824
5.65693
5.87533
4.98043
4.98585
4.76049
4.94452
4.91025
5.1583
4.94783
5.25964
4.78625
5.23115
6.13993
5.21209
4.97597
5.67524
5.02897
4.97706
4.88762
6.98051
5.0732
5.27838
4.97477
4.97077
4.89863
5.14517
5.68704
5.82779
5.17734
5.53005
4.93394
5.26746
4.85123
5.39292
5.64211
5.54516
5.38432
5.46048
5.50303
5.60781
5.45254
5.76737
5.73938
5.39899
5.59516
5.92376
6.56802
5.3682
5.69544
6.22046
6.57725
6.31109
12.976
6.08417
5.97661
6.01615
5.8853
6.07688
5.90663
6.42132
6.02286
6.03955
7.80922
6.31216
15.5021
4.91585
5.3086
5.27132
5.3258
5.54694
6.49438
5.3689
5.67764
5.02953
5.08164
