41.4447
42.3932
41.4218
41.5452
41.8192
42.1603
41.4192
41.4991
41.537
41.3975
42.3106
41.6548
41.3966
41.3627
41.5859
41.496
41.2946
41.3224
45.6156
41.4202
41.5251
41.4807
41.5226
41.4846
41.4382
41.2923
41.2284
41.2625
41.4612
41.3314
41.3292
41.2636
41.2549
41.2988
41.2661
41.2274
41.4736
41.3001
41.6425
41.4091
41.4445
41.3259
41.2422
41.3184
41.4539
41.3401
41.2371
41.5112
41.3784
41.4317
41.729
43.0081
41.636
41.5986
41.3979
42.3347
42.0428
41.5233
41.3888
41.3406
41.4156
41.4582
41.577
41.5192
41.5925
41.3737
41.2819
41.5888
41.3817
41.3757
44.3052
41.2925
41.6042
41.8488
42.2911
41.4709
41.3695
41.4299
41.3599
41.3593
41.3933
41.5664
41.5465
41.5434
42.3923
41.3763
41.3714
41.4607
41.6163
41.4344
41.4668
41.32
41.3902
41.4868
41.6079
41.4084
41.5662
41.4068
41.484
41.4268
