9.50632
8.33773
12.6635
6.91211
6.17336
6.08338
6.26279
6.15827
14.1996
12.6925
6.0346
5.90341
5.6244
5.50796
5.7245
5.76393
6.00153
6.31112
5.55853
5.54407
5.57942
5.39282
6.00882
5.5915
6.67706
10.3075
6.48088
5.8583
5.72954
5.4664
5.7731
11.5397
9.43866
6.17427
5.6346
12.7638
5.54879
6.12919
6.47811
7.33992
11.6131
5.5072
5.52789
13.5104
6.10655
6.07051
5.69096
5.4592
5.76388
6.60287
5.80441
6.60191
5.9083
9.59809
8.40783
5.74627
8.28914
6.03478
5.77377
5.88545
5.64851
5.77105
7.96586
6.00263
5.54596
6.23354
11.9273
11.9304
6.39183
5.55685
13.9745
10.4942
10.4199
11.2004
5.73897
5.98148
5.59515
9.17968
6.12067
5.87801
5.49961
5.46977
12.8561
14.2207
6.56368
5.85344
6.11839
5.55455
5.73201
5.80013
5.90454
6.42025
5.92558
5.52441
5.49973
10.8236
5.64214
6.76439
5.70945
5.60046
