215.881
178.162
11.7091
293.563
12.0249
11.9989
12.1306
11.5515
12.232
11.7483
11.5108
11.4871
11.6557
11.4386
11.4509
11.5698
11.4344
11.3988
11.4745
11.3921
11.7338
11.8065
11.8327
11.4764
11.5332
11.7073
11.4908
11.597
11.9532
11.7637
11.6916
11.6417
11.4837
11.767
11.4317
11.5154
11.6022
11.7294
12.1372
11.9272
11.7677
11.9671
11.85
11.5185
11.6365
15.1527
11.5288
11.7288
11.5639
12.049
12.0373
11.873
11.5205
12.0897
11.6495
11.4949
11.645
11.4656
11.416
11.5491
11.5838
11.468
11.9566
11.5816
11.7525
11.47
11.4686
11.6503
11.5008
11.4342
11.4477
11.585
11.6222
11.7949
11.5469
11.4028
11.7031
11.4273
11.5421
11.6565
11.5293
11.4335
11.4583
11.5948
11.4659
11.671
11.6317
11.4455
11.501
11.7839
11.7754
11.4643
11.4441
11.4851
11.472
11.8798
11.6303
11.6322
11.5779
11.9202
