235.041
152.017
164.064
151.86
151.394
159.168
158.055
149.995
153.662
162.403
150.7
155.039
150.373
155.834
162.549
151.149
155.125
151.285
148.986
153.75
154.621
173.696
150.724
163.941
147.439
161.246
147.19
148.313
150.087
148.212
159.171
162.197
155.724
150.033
148.479
148.907
143.144
143.354
141.433
140.678
140.704
139.941
144.469
138.676
139.401
136.565
138.117
133.169
139.278
146.807
134.444
163.387
139.27
143.536
134.11
140.677
137.037
138.641
134.054
149.321
142.177
131.347
144.556
145.264
141.582
149.318
139.823
140.985
137.958
138.787
138.636
135.916
131.572
137.811
132.711
131.728
134.221
138.02
132.539
130.793
132.014
133.575
138.885
132.469
130.904
132.492
137.343
131.681
133.566
139.745
131.264
136.758
132.246
130.948
131.413
130.736
134.314
133.048
135.373
138.972
