14.5879
9.06133
9.13389
9.04322
9.14053
8.35441
9.54738
26.469
8.77011
8.69015
8.22869
27.5575
9.11338
9.58356
9.30891
8.76072
8.613
26.8252
20.0017
10.4801
8.62612
9.12644
26.1324
8.60997
8.41584
24.3247
8.38426
8.76461
8.60948
9.06092
17.7039
26.501
8.51544
23.3463
9.01171
10.755
26.5974
26.3298
28.2784
27.6672
26.1881
9.61693
8.82979
26.0182
8.31835
9.31301
10.2853
9.25739
9.3351
9.68623
8.35812
8.63406
24.3511
27.5627
9.41921
22.0547
15.6256
17.612
28.0189
27.0825
27.0529
27.6009
10.0048
8.73416
8.64479
18.0655
26.7011
22.6002
27.0081
9.04159
8.2916
9.08104
9.22785
8.61225
27.4191
9.80029
9.52919
11.4834
26.9416
9.89156
9.04207
26.9912
26.5404
9.1113
9.03191
9.48469
9.61962
8.76256
11.1692
8.69963
10.0289
10.9808
8.56996
9.70478
8.37003
8.28409
14.982
11.3064
8.86256
8.80015
