239.539
290.994
3.33386
299.687
203.571
196.774
2.64416
2.68942
2.52501
2.49158
2.52746
2.65361
2.50101
2.96698
2.68045
234.065
2.99817
2.85443
2.54387
2.53639
4.07301
2.88297
2.7626
2.82471
2.70459
2.76611
6.66177
2.69409
2.51648
2.68048
2.66366
2.61343
2.59497
2.63021
2.58186
2.57089
2.57003
2.48555
2.51231
2.48479
2.53684
2.64597
2.547
2.48941
2.89756
2.47231
2.66962
2.59912
2.64403
2.58976
2.59836
2.5653
2.53808
2.60811
2.55642
2.61271
2.59635
2.61641
2.51564
2.50696
2.50207
2.50527
2.50573
2.54303
2.55326
2.55852
2.5223
3.04734
2.51116
2.51046
2.50602
2.51211
2.51412
2.5677
2.52151
2.50986
2.52213
2.50629
2.51144
2.50394
2.51262
2.63148
2.56026
2.53627
2.51402
2.51431
2.49608
200.27
2.77031
2.61141
3.04197
2.80843
2.7461
2.79924
2.67998
2.68079
2.55958
2.59412
3.63734
2.63786
