228.128
122.669
123.094
122.436
126.517
130.305
121.511
126.295
127.38
122.195
123.769
122.092
122.665
125.259
122.449
124.274
122.746
130.147
141.502
124.491
122.515
134.132
132.767
121.937
122.153
122.407
124.604
122.726
124.499
126.985
127.644
141.988
121.988
125.304
125.643
129.537
132.106
124.757
138.816
121.026
123.526
121.271
129.657
121.912
123.775
125.471
119.155
123.252
118.302
117.613
116.121
116.189
116.55
115.269
115.122
114.979
121.987
114.388
118.033
115.767
115.758
138.657
118.757
119.732
119.245
128.246
114.022
119.246
116.886
134.83
114.741
136.981
138.457
114.385
133.417
119.358
156.306
113.133
128.653
119.494
138.907
137.57
119.461
120.881
115.521
119.347
114.448
116.164
115.046
120.533
113.251
122.79
114.513
116.007
118.279
113.345
115.845
124.1
114.714
113.394
