85.0445
172.03
3.00069
94.0997
2.90945
4.64406
2.89156
2.88131
96.2803
2.90132
2.88166
2.88282
132.694
3.76446
3.07768
3.34588
3.38822
3.28891
3.11534
3.17012
3.01624
2.96189
270.759
3.08877
2.93503
2.91385
3.15338
2.96265
5.20481
2.9785
2.90215
2.93594
2.90137
2.87784
2.88318
2.90437
2.95505
2.8775
2.88897
3.02475
2.89615
3.10555
3.02116
2.99346
2.97327
3.00517
2.91997
224.211
3.27745
2.98483
3.0632
2.92448
3.12997
2.95107
3.33928
2.89685
2.90358
2.89227
2.92283
206.036
3.01484
2.89615
2.89219
2.88962
2.88928
2.90545
3.11935
2.91223
2.88284
2.89404
2.89888
3.1137
2.89404
2.89798
3.01399
3.03236
2.91432
2.88199
3.124
3.0191
2.94226
2.92317
2.90372
3.00641
2.92276
2.90456
2.88306
2.88261
2.9274
2.89298
2.93302
2.91857
2.89081
2.89501
2.90855
2.88097
2.88681
2.88642
2.89036
201.909
