72.4108
31.1734
55.6675
28.2149
27.4568
28.1365
44.6937
28.335
29.5681
39.4007
34.972
50.3141
60.8857
59.7983
55.5124
28.832
41.1003
29.6029
55.8313
34.9734
57.8667
59.3205
62.5212
31.8515
45.5282
28.435
65.2094
38.3963
30.1566
60.5791
58.7816
37.0545
31.293
28.9153
71.1488
30.1171
64.8739
50.6129
47.9839
36.7472
61.1059
37.5674
59.1862
54.9114
62.5714
59.8253
61.9655
52.9927
62.194
60.1543
62.8299
62.6179
63.0662
59.9251
61.5779
32.579
28.6138
30.0781
59.9657
31.1014
28.0745
55.372
41.1937
58.6927
39.3109
30.0851
30.297
54.196
83.7959
63.3372
54.3377
49.9306
73.905
60.9972
38.4851
60.5378
61.1564
43.1183
54.3971
60.0848
57.9994
29.7784
59.2332
36.5729
62.0807
41.4642
29.9307
28.3175
28.3176
45.1746
29.0776
29.6266
59.4313
28.1007
29.3839
52.7655
64.9172
60.3448
62.0214
61.5292
