28.3202
15.8117
15.8262
51.9384
22.4797
17.3801
50.7463
33.9856
24.2243
52.9426
50.4589
52.6371
24.6076
20.052
16.828
15.2149
47.6646
17.8561
18.8471
18.1505
52.8955
25.5794
45.1872
51.9425
18.4888
15.9845
51.9148
23.7247
18.8102
39.5089
49.3363
20.3676
16.3789
19.4901
18.6831
16.6837
16.7693
15.2304
52.2322
51.7144
34.2248
53.5859
51.4637
51.7331
29.6779
22.5595
18.5905
15.6449
50.4152
36.4334
48.6243
15.7021
15.7941
15.9875
15.7692
15.2655
15.327
15.6001
22.5363
16.7281
15.8331
16.3335
16.1793
50.7771
22.3028
17.6926
17.8635
16.6472
51.833
18.8039
15.6502
15.4883
25.2409
17.0846
15.6883
15.9213
15.6001
15.4269
15.4825
15.5342
49.9513
55.5357
33.347
53.249
39.6704
53.6531
42.0705
29.1255
52.787
30.4694
22.1824
17.3346
16.3593
52.2151
18.4447
16.7904
51.7417
16.5165
19.0405
15.4658
