238.308
188.08
187.861
280.339
190.817
206.588
317.269
278.993
5.09418
195.404
6.18137
198.464
5.01211
4.80061
6.12552
12.9321
9.61999
21.7232
9.53652
8.04699
8.45176
7.22335
320.756
6.89289
17.6012
20.2339
14.0841
11.5066
8.86815
7.92185
7.20898
7.66606
6.95708
7.12346
18.6111
26.6802
22.6422
8.42382
9.31384
23.0446
10.0337
8.05854
21.9403
8.03486
16.6552
23.2883
21.7513
8.70375
8.14007
7.57521
7.11502
7.25971
8.465
7.77355
6.96009
6.71889
7.31496
7.066
7.05447
8.53069
7.8802
7.56571
7.90755
7.42709
6.82786
7.28352
7.4869
21.4268
21.4407
7.24661
24.499
17.2732
14.4805
12.1873
13.3432
11.1399
9.24636
22.3308
18.4481
9.51813
22.7192
22.4671
21.8405
15.6423
16.8386
11.2879
9.41872
8.16414
8.49207
21.6824
42.6644
12.2166
20.2371
8.92274
7.64709
7.6995
8.38232
23.1095
19.1627
7.54487
