37.2313
37.9324
37.3596
37.9351
38.2392
37.9459
37.8273
38.1361
37.596
36.7521
36.9425
38.5385
26.7807
37.1195
37.5811
27.0481
26.3224
38.4214
26.1866
37.6606
38.0109
37.1351
37.746
38.5926
38.0755
38.1097
37.6414
27.1975
26.0697
26.2668
26.2584
36.1125
37.3163
53.4777
35.9415
36.8104
26.5311
26.0892
26.1117
27.9633
35.7647
26.6226
32.3809
28.3805
36.3701
37.2206
37.7067
37.4114
25.6356
30.9229
36.2772
36.8777
27.5226
25.6855
24.6394
37.3679
32.3654
26.4183
26.2048
25.8885
38.6812
26.2474
26.0558
26.4397
25.6354
34.1186
37.2542
37.9378
47.7001
37.1068
37.1325
37.8804
37.1538
37.2698
37.9927
37.1553
37.4237
38.2533
37.7072
32.1318
37.6875
38.0695
25.9608
25.6376
37.4776
28.7983
38.2249
26.8513
27.3998
28.7375
38.7246
37.7607
26.1292
37.7804
27.2246
25.9828
29.8499
27.5972
26.277
26.3685
