37.8303
12.8648
21.2778
16.57
16.4348
16.8097
19.6889
18.1515
17.9834
18.6023
20.9613
17.9932
17.4527
19.1915
21.4466
19.8043
20.2771
20.3064
20.5493
18.9
20.6405
20.6173
19.2138
18.2746
18.9087
19.6467
21.6733
17.6236
19.5986
18.9173
17.2248
17.3261
18.9966
17.8465
19.0516
18.1029
20.3587
20.2916
19.2462
20.6022
17.9613
19.3459
19.0062
18.2813
18.9899
18.35
18.2092
17.9653
17.6284
185.747
17.3872
18.9191
16.6177
17.4603
16.5947
16.4664
17.7143
17.3586
18.2653
17.3795
19.1283
20.9567
19.8318
19.9722
20.1152
18.374
19.8591
20.5291
18.0992
20.4515
19.9746
27.0608
20.2739
21.5427
22.274
19.8152
20.7146
19.4947
20.1762
20.8453
19.2695
19.2084
18.6449
19.6888
17.5778
23.728
18.9588
26.6267
19.5662
19.5649
19.5657
18.5265
18.444
18.0435
18.3176
19.9414
20.2042
19.8242
19.1802
19.2933
