7.8614
7.82017
7.74859
7.7837
7.84553
8.26714
7.59153
7.6395
7.76408
7.64032
7.6788
7.99552
7.70277
7.71129
7.63405
7.64592
7.64796
8.10812
7.73788
7.81208
7.75217
7.62991
7.65273
7.61431
7.91948
7.73902
7.6952
7.61891
7.6151
8.16493
7.72876
7.67029
7.64892
7.62113
7.65035
7.6667
7.83761
7.6324
7.66718
7.6075
7.6109
7.57074
7.61275
7.62569
7.6167
7.71336
7.60342
7.6177
7.64896
7.98567
7.82563
7.82579
7.72369
7.84704
7.74476
8.59724
7.73585
7.80409
7.6514
7.60719
7.65186
7.64851
7.6702
8.23681
7.62187
7.95778
7.75592
7.94697
7.72298
7.79748
8.07868
7.84111
7.94774
7.76118
7.72211
7.73781
7.82727
7.63964
7.81331
7.73895
7.89478
7.74054
7.67939
8.45921
7.63257
7.79915
7.7077
7.61067
7.61311
7.59774
7.61141
7.68217
7.94091
7.60471
7.60035
7.59037
7.86554
7.93325
7.66025
7.63444
