22.1989
22.2736
22.6133
22.9231
22.5589
22.2522
22.238
22.4588
22.2558
22.7541
22.2382
22.8792
22.4207
22.1595
22.2831
22.2275
21.6873
22.3982
22.418
21.7266
22.229
22.0152
21.6515
22.1647
21.9323
22.5961
22.5803
21.6813
22.2267
22.5553
22.2238
22.1315
22.048
22.3807
22.1861
21.8597
22.5814
22.8646
22.5063
22.0275
22.0344
22.375
21.8883
21.9456
21.8993
22.5057
22.3253
22.2146
21.8295
22.2784
22.2226
22.3599
22.5528
22.2729
21.752
22.3561
21.7046
22.9149
22.2898
21.8916
22.5601
22.1307
21.9879
22.2283
22.6199
22.9412
22.4613
21.7744
22.3292
22.4081
23.0172
21.7707
22.2112
22.1723
22.2029
22.3953
22.0314
22.1401
21.8482
21.9932
21.9966
22.3137
22.1193
22.1748
21.8305
22.2237
21.8881
21.7073
21.675
21.7223
22.005
21.7729
22.4506
27.0255
24.9156
22.6909
23.3337
22.8837
22.7021
22.1252
