342.194
285.168
287.578
7.14918
260.038
223.527
302.44
4.7591
2.69526
4.92153
2.67355
4.86051
2.55579
32.5227
2.6501
2.55537
2.59062
2.54642
2.71122
2.71395
2.4972
5.03055
4.23745
11.5633
25.3422
5.58008
5.58986
5.0888
6.71942
5.72086
5.98432
5.72916
4.56583
4.187
5.98931
5.03587
4.73182
4.42474
2.56022
2.91341
2.53168
2.50449
5.3685
4.85924
4.77049
4.80315
5.29179
5.62538
5.03338
3.75973
5.24972
5.57246
2.78554
2.81399
2.72173
2.52485
2.54893
3.64315
2.90555
4.5818
2.64803
2.74257
2.50603
2.554
2.53158
2.60703
2.49392
2.80753
2.49146
3.10447
2.51457
2.5141
3.30885
2.61774
2.74029
2.90137
2.75519
2.51908
2.53521
2.6695
2.68454
2.50799
2.52042
2.50622
2.65896
5.39814
2.52218
2.50863
25.8126
3.08797
2.57349
3.02455
2.61536
2.65157
2.50784
2.54485
2.50948
2.49947
2.66775
2.66787
