241.823
32.3664
252.736
208.071
207.874
293.161
298.913
303.487
32.6247
250.393
199.221
12.4146
13.1851
206.769
33.7377
17.4297
27.8985
44.5932
43.3059
41.4345
21.0773
227.018
306.86
34.069
42.0619
21.5287
15.8261
43.2189
45.9118
46.5674
23.766
22.8507
17.8756
14.1693
14.8801
46.6035
43.0482
29.2189
28.3278
18.2557
46.9343
51.6168
27.9912
19.127
15.9577
63.8839
26.1604
18.3172
14.8042
13.7348
13.7304
46.8262
47.6758
46.1855
31.1707
23.9235
44.4585
40.502
45.6345
40.5317
25.9178
41.7276
45.1101
21.4296
44.8223
29.1049
43.7376
25.1295
45.7944
31.1485
43.1243
44.035
46.2505
24.6028
46.08
42.5063
27.9678
21.4637
42.1038
23.608
55.1446
21.4684
16.0198
17.0099
26.4615
21.1885
18.808
16.9089
34.1898
14.8687
16.4213
50.1215
87.6706
20.8552
17.9725
17.9085
37.7579
32.7785
42.1206
39.4036
