241.591
11.5498
204.741
291.17
270.377
211.603
11.357
11.3761
11.3605
11.3887
12.7393
14.4815
12.2528
11.9357
209.486
12.4186
11.6973
15.6906
11.9693
11.8827
14.9214
12.1632
11.8478
13.0424
11.6653
11.5051
11.7694
11.5897
11.8533
12.5207
11.6215
13.2282
12.433
11.7099
11.6437
11.5294
11.4838
11.5933
11.529
11.4591
11.4151
11.7083
11.8238
11.4309
11.4427
11.4608
14.7286
11.7985
11.5701
11.4819
12.7408
11.4536
11.8304
11.4689
11.5216
15.6904
11.8417
11.6968
11.5627
11.4949
11.4491
11.539
11.4711
12.0382
12.5267
14.5447
11.8017
11.618
12.4117
11.5421
11.4665
14.5787
24.881
11.8967
11.5856
11.4338
11.3726
11.4811
11.4946
11.3989
34.4762
11.983
11.703
15.2198
15.5956
12.3847
11.7944
14.2528
11.6137
12.9751
11.6843
13.5188
12.4159
13.5828
13.9095
11.9359
14.3949
13.831
11.7388
15.5781
