7.79229
7.73441
9.24359
8.00176
8.00143
8.00928
7.75601
7.71667
7.68522
8.15065
7.66645
7.67616
7.66122
7.86879
7.65259
7.82844
7.65912
7.95187
7.9814
7.75969
7.67074
7.66813
7.71901
7.72068
7.6386
8.38592
7.72253
7.67946
7.69293
7.66115
7.68993
7.68913
8.09518
7.79496
7.9673
7.68714
7.71194
7.676
7.6466
7.65781
7.9208
8.12508
7.8671
7.76555
7.78359
7.69937
7.74964
7.6789
7.65227
7.64225
7.71707
7.65742
7.65361
7.78093
7.63828
7.727
7.66011
7.65341
7.65382
7.65744
7.65433
7.81021
7.6477
7.64888
7.65488
7.65823
7.63803
7.66615
7.66469
8.44704
7.79261
7.72519
7.70765
7.83174
7.92973
7.8788
7.77737
7.6879
8.41201
8.00475
7.86475
7.82772
7.67813
7.69629
7.65076
8.41607
8.43648
7.88467
7.83447
7.8061
7.82413
7.97328
7.86296
7.76917
7.8249
7.67538
8.94359
7.66986
7.79089
7.78598
