124.189
131.284
2.94863
4.66041
2.74154
2.73113
218.271
2.70776
3.04738
3.1602
2.93018
2.91071
4.16466
216.264
2.68322
3.10935
2.93035
2.65136
3.03572
2.70014
2.6874
2.67687
2.66809
2.66407
205.062
2.66616
2.70249
3.42096
310.463
2.7941
2.78419
2.69665
2.68148
2.794
2.97665
2.82201
2.64488
2.65587
2.64939
2.64972
2.66191
2.74632
135.021
2.75446
3.17223
94.2405
3.17978
2.94416
2.92205
2.64835
2.64984
2.86942
2.86976
2.79187
2.78561
2.74577
2.64881
2.83842
2.8135
2.78757
2.79571
2.65802
2.8765
2.66001
2.67153
2.73466
2.70282
2.87231
2.70055
2.69724
2.71063
2.68421
2.65661
2.66219
2.66227
2.8963
2.68165
2.6877
2.73731
2.71067
203.042
2.95112
2.79776
2.75337
2.70713
2.68043
2.67642
2.66208
3.46906
2.82097
2.70377
2.7163
2.6736
2.774
2.78253
2.791
2.65836
2.74297
2.72513
2.7012
