570.918
225.67
213.593
218.198
193.817
945.655
370.098
414.343
170.293
159.261
166.575
170.782
164.268
169.536
165.885
160.534
164.944
199.443
174.184
209.548
157.082
177.046
181.582
138.549
162.41
215.931
161.368
151.258
632.37
186.078
145.836
186.333
152.519
178.651
172.08
150.358
156.548
163.141
144.56
156.307
149.431
158.077
155.278
152.773
211.139
169.279
140.559
152.39
153.248
165.735
165.342
155.024
155.168
145.109
153.403
145.626
155.507
181.09
172.664
166.332
158.112
157.318
154.257
154.602
160.886
146.975
164.549
156.417
170.681
146.644
169.175
152.431
150.228
154.934
174.399
168.045
150.17
152.535
142.727
155.961
163.585
147.428
179.184
209.116
219.632
183.617
193.977
150.206
145.446
161.636
170.548
160.007
168.69
163.282
182.841
160.409
176.385
162.367
169.566
173.073
