41.1802
41.418
41.7013
41.019
40.9309
41.6695
40.9791
41.235
41.017
40.9253
41.1502
41.0434
41.2046
41.4674
41.2601
41.2551
41.0371
41.4056
41.4197
41.2172
41.5402
40.9296
41.568
41.6115
41.6009
41.1324
41.0079
41.0788
41.0693
41.1376
41.5046
41.7041
41.6445
41.5689
41.1556
41.4556
41.2136
41.0001
41.3562
41.6696
41.4516
41.1104
41.4521
41.1934
40.9664
40.9922
41.0228
40.9962
41.8173
41.626
51.4251
44.3134
40.8998
41.5833
42.0007
41.579
41.445
41.4974
41.3591
41.7453
41.2231
41.1234
41.1386
52.7817
41.3298
41.3428
41.0569
41.0076
41.0168
41.0297
41.2172
40.9558
40.9413
40.9549
41.4252
41.0278
41.045
41.3704
41.0275
41.7199
41.8111
41.3053
41.0756
41.4982
41.0298
41.129
40.9804
40.9964
41.1291
41.455
41.0983
42.3257
41.0607
41.6128
41.9819
41.259
41.0795
41.0998
41.0348
41.07
