86.7968
139.819
133.856
131.191
136.72
2.75098
136.663
2.65841
3.06893
137.122
2.87849
3.11777
3.66813
3.52742
3.47599
3.5832
3.5329
3.49469
3.7643
3.78445
2.97686
4.041
2.98122
3.20688
3.31193
3.74046
4.11629
3.27041
3.8228
3.71671
4.06151
3.83692
3.59574
3.41248
3.1117
3.36935
3.68809
3.10552
3.76813
3.59335
3.40757
3.33789
3.15143
4.01007
4.89456
3.71407
3.79031
3.62389
3.89542
3.17982
3.96465
2.99168
3.47777
3.6713
3.80228
3.63561
3.58939
3.4998
3.74304
4.07993
3.7605
3.82987
4.94722
4.12269
4.68306
4.89478
6.47842
4.29146
3.67621
3.1141
3.97342
3.51878
3.37284
3.87182
3.555
3.75187
3.83533
3.93472
3.76864
3.44541
3.77337
4.21194
3.5534
3.5607
3.38334
3.64114
3.40973
5.18372
3.77043
6.8431
3.58792
4.53337
3.50414
3.67489
3.58097
3.53425
3.56411
3.48432
3.84971
3.74695
