102.728
169.695
85.6504
166.636
92.9188
165.925
152.621
152.881
143.45
156.803
74.5644
160.123
94.7019
93.2325
82.2802
82.3543
130.235
156.144
156.862
157.608
115.479
161.836
150.366
166.537
99.142
92.4047
93.4592
84.8469
139.954
152.544
166.607
173.161
178.334
168.089
161.544
116.034
156.293
90.198
165.252
88.6176
162.377
88.4629
87.608
89.1922
159.507
87.6862
87.0775
87.3863
86.0175
99.2032
88.9393
87.6081
85.4355
86.5
135.085
164.292
99.6898
81.2712
85.3382
88.4249
162.506
89.1107
152.552
164.477
170.018
165.407
134.057
103.279
167.033
97.8903
163.904
166.798
103.054
114.915
85.4411
163.499
158.628
164.805
91.7055
88.6329
88.6735
87.3167
162.589
88.3995
88.6631
87.6818
90.5305
163.392
153.914
170.184
158.615
163.202
159.91
84.6032
159.902
92.0554
96.9236
157.723
89.426
162.765
