212.089
254.718
276.214
16.1791
16.3279
47.5288
16.4822
16.1675
312.32
16.3662
16.3902
16.332
16.0759
16.7386
16.4219
16.2251
16.2198
16.7043
16.1875
16.3404
16.1468
16.0591
16.158
16.3197
278.689
301.754
16.3859
16.306
16.2231
16.198
16.1669
16.3968
16.1511
16.1117
16.136
16.388
16.2338
16.0789
16.0714
16.2549
16.0676
16.4703
16.2323
16.0844
16.2866
16.127
16.1358
16.0839
16.0849
16.7011
16.2337
16.0743
16.0906
16.2471
16.2605
16.313
16.2264
16.4846
16.3575
16.0995
16.0761
16.0659
16.3359
16.1622
16.1305
16.1068
16.1713
16.2574
16.0877
16.1557
16.8638
16.3007
16.6338
16.2382
16.1572
16.1157
20.7134
16.3463
16.4735
16.6242
16.2904
16.2065
16.1774
16.2753
16.3365
16.0927
16.1116
269.19
16.2732
16.2343
16.2227
16.1112
16.1119
16.4687
16.1694
16.0876
16.0856
16.1128
16.0903
16.4406
