238.756
141.169
143.916
141.397
142.18
141.973
143.938
145.744
144.492
154.95
142.267
142.108
141.42
146.687
143.465
142.054
141.927
143.008
143.573
146.929
143.541
141.117
141.759
152.896
147.726
141.467
141.208
139.96
141.373
142.261
145.489
142.841
139.86
141.073
141.161
146.342
141.894
145.384
141.37
142.953
140.894
140.165
151.494
141.202
139.371
142.002
143.491
144.356
140.712
148.895
144.973
141.203
143.474
142.823
143.034
138.025
139.093
137.706
137.122
142.368
137.109
139.576
140.722
135.107
136.511
137.684
135.558
142.77
132.978
135.936
142.105
134.708
132.197
131.05
130.833
132.254
136.367
130.952
129.939
129.707
138.63
130.475
137.066
128.101
129.075
128.631
127.633
128.011
139.011
126.878
132.949
128.477
137.983
126.873
150.383
125.043
129.003
128.737
128.502
140.828
