314.131
533.214
211.998
9.26846
537.687
9.30842
9.146
9.36896
9.20236
9.27759
9.27074
9.22188
9.25722
9.297
9.15155
10.4961
9.23801
9.25497
9.2117
9.26008
9.69173
9.70914
10.6363
9.61422
9.20564
9.26407
9.26141
9.2949
9.24675
9.28301
9.18044
9.19551
9.22704
9.25293
9.23902
9.24481
9.20633
9.22579
10.0143
9.78945
10.2487
10.1295
9.87169
743.558
9.34791
9.36128
9.16288
9.24112
9.1664
9.60167
9.65664
9.35775
9.3073
9.32963
9.331
9.25593
9.33234
9.22599
9.24697
9.38037
9.28156
9.68359
9.96155
9.29091
9.22374
9.25215
9.24996
9.44667
9.23609
9.34488
9.24384
9.62851
9.23268
9.3495
9.17593
9.36955
9.24527
9.30584
9.25906
9.34703
9.27587
9.30712
9.39989
9.45291
9.32924
9.34132
9.53775
9.4419
9.47655
9.39323
9.25338
9.57315
9.5044
9.25672
9.32223
336.481
10.2945
9.41614
9.55524
9.48179
