254.349
274.979
252.988
268.381
267.932
243.14
11.8439
11.5532
11.7622
11.4727
11.4856
12.0162
11.6641
11.9928
11.8497
11.5395
11.5165
11.4776
11.4995
11.5575
12.1125
11.6043
11.492
11.6083
11.569
11.5904
12.2164
11.5541
11.6159
11.6068
11.5083
12.0432
31.58
11.9666
11.5715
11.5909
12.0076
11.706
12.5238
12.0074
11.9749
12.2042
11.7657
11.8568
12.0885
11.9842
11.8541
12.2037
12.0714
11.7492
11.7294
11.7142
11.5617
11.5597
12.0624
11.8406
11.7317
11.5461
11.6334
11.5782
11.5179
12.0568
11.5803
11.6014
11.5673
11.5276
11.5763
11.9082
11.5627
11.5449
11.8108
11.5883
11.6202
11.5181
11.8857
11.599
11.5613
11.5499
11.5716
11.5654
11.575
11.5713
11.4994
11.4967
11.5845
11.568
11.5416
11.7379
11.6456
11.5261
11.5618
11.5653
11.5054
11.5596
11.5212
11.5231
11.8094
11.6108
11.5823
11.5708
