75.2349
75.0082
75.5264
75.3249
76.4469
75.0932
75.03
75.2279
74.9566
74.9832
75.2032
75.0407
75.1773
75.3344
76.3748
75.278
75.0396
75.0105
75.0821
75.0259
74.9639
75.1725
75.442
74.9948
75.027
75.0253
75.1915
75.1281
74.8849
75.3075
75.251
75.2804
75.2274
75.056
77.3354
75.1683
75.0444
75.1004
75.3199
75.2102
75.1387
75.33
75.086
75.1781
74.9658
75.2508
74.9633
75.1392
75.3121
75.0175
75.2116
74.9619
77.6197
75.185
75.0449
74.9677
75.1766
75.1572
74.8754
74.948
75.0988
74.9525
74.9307
75.272
76.1269
75.1079
75.3312
75.0834
75.2267
75.0457
75.2012
75.2836
75.1147
75.2093
75.0843
75.1433
75.0332
75.2158
75.1905
75.2759
75.1991
75.125
75.1801
75.0877
75.0388
75.1963
77.6935
75.1006
75.4201
75.1148
75.3185
75.2417
74.9742
74.985
75.469
74.969
74.9988
74.9607
75.1927
75.2069
