356.964
232.46
234.735
237.966
52.2464
242.905
46.1093
58.4752
58.5947
60.5806
61.0001
61.29
58.7872
57.6926
59.3178
58.68
62.0807
60.4346
63.4691
92.3657
76.2788
78.2765
77.2154
76.0383
76.4547
79.6512
80.721
80.29
81.9901
84.3071
75.3051
74.7853
74.5405
74.3825
80.597
75.7678
93.562
74.6733
75.647
75.2369
74.6582
76.8628
80.0339
296.981
63.2681
73.6775
76.8906
305.766
61.6567
285.791
62.7729
74.8599
291.341
278.1
284.281
61.7033
302.145
67.8149
74.6022
305.587
61.3073
74.653
80.9299
74.8489
76.7227
75.8161
297.305
62.6987
294.503
62.7752
79.543
77.9421
75.2766
75.3569
78.2456
84.2355
78.8517
76.8014
86.3652
89.6132
75.7239
74.921
75.3022
75.4571
74.349
74.7092
74.5867
304.892
65.1756
82.1009
79.0878
309.483
65.2088
75.3239
76.3295
79.2403
82.6365
78.5843
314.601
289.692
