241.391
272.122
200.438
297.154
274.828
184.876
2.63537
2.60508
2.53999
5.10653
2.49015
2.46662
3.01333
2.53893
2.43786
2.40967
2.73915
2.69623
2.42529
2.4717
2.80534
2.45167
2.5099
2.55306
2.48138
2.5077
2.471
2.57405
2.60004
2.43246
2.44175
2.45971
2.45275
2.46176
2.44662
2.43367
2.51232
2.46641
2.44852
2.45466
2.45603
2.44407
2.45949
2.43547
2.45387
2.48778
2.44958
2.45298
2.44332
2.46504
2.46524
2.42762
2.46537
2.45722
2.42758
2.73258
2.52821
2.5744
2.44631
13.5297
11.1418
2.49164
2.58556
2.56712
2.56326
2.56103
2.46675
2.4678
2.55644
2.58226
2.47198
2.50128
2.43985
2.4294
2.44763
2.43855
2.599
2.65245
2.46933
3.19294
2.44439
2.53155
2.45661
2.46526
2.55519
2.5892
2.43871
2.42879
2.58576
2.53324
2.45463
2.46214
2.58147
2.47339
2.45063
2.59659
2.45729
2.55466
2.44697
2.45643
