6.82493
5.6282
8.31408
6.92962
6.49293
8.00465
7.2986
7.4152
6.55375
5.86876
7.25735
7.40675
7.40924
5.93588
5.42529
6.14522
7.40183
7.44585
7.40221
7.37847
7.61698
5.90677
5.99715
6.90153
7.11215
5.36187
7.4017
7.5
8.12153
7.74291
7.25135
7.5192
7.45217
7.77668
7.41653
7.41303
7.4023
7.3912
7.38933
7.52987
7.40944
7.38509
7.37997
7.39911
7.43858
6.43258
5.34016
7.30957
12.9154
14.3445
6.88495
5.4461
7.12802
5.54512
6.1435
7.45233
7.53005
7.42509
7.44317
5.95873
5.93211
6.92261
7.55697
7.45361
6.25609
7.30633
7.4329
5.66479
5.98613
7.30017
7.38873
7.37897
7.41093
7.40781
5.91538
5.82969
7.42741
7.45377
5.73499
7.38451
6.42077
6.16245
6.16317
5.43954
5.59563
6.57291
7.01031
7.31507
7.45087
7.34359
7.3965
7.41337
7.39848
7.46337
7.4078
7.38174
7.40259
7.40256
7.38275
7.38279
