119.678
243.201
179.09
167.147
77.6265
76.5671
181.984
4.04528
3.86169
222.596
9.30798
8.82714
8.55515
9.00443
10.7343
4.16322
3.83533
4.30933
4.11384
3.38737
3.4219
7.1011
7.87746
10.2533
3.66361
4.42499
8.42355
3.75193
3.53933
3.61596
3.58136
3.42639
4.19198
6.10887
4.10955
3.71418
3.36933
4.92936
5.96735
3.84646
4.2068
3.63136
4.87712
4.38103
7.44301
4.93147
4.03481
5.58975
5.13559
4.77534
5.13947
4.65642
4.99837
5.82367
4.8093
4.82177
4.66026
3.83671
4.1439
3.69905
3.63039
3.40752
4.53327
4.51493
4.83439
4.29453
3.7973
3.55194
3.528
3.37134
3.93939
3.56337
3.76138
4.40618
3.35784
3.50307
3.81837
3.53843
4.77595
4.26452
3.54467
4.04886
3.69813
5.3885
3.67393
3.77436
3.79039
3.71584
3.60937
11.7077
4.40343
4.42693
3.54649
4.92611
4.42412
4.72103
4.90246
4.79131
3.86416
4.12926
