7.968
7.96014
8.35728
7.83336
9.13345
7.76944
7.75504
7.76056
7.79964
7.95517
7.93894
7.87267
7.84125
7.82136
7.80677
7.87938
7.90491
7.91511
7.89032
7.85852
7.78548
7.87195
7.76732
7.75911
7.77448
7.77041
7.76333
7.79695
7.77912
7.76607
8.03041
7.90981
7.90177
7.82519
7.79733
7.91345
7.99446
7.77405
7.77338
7.76638
7.77441
7.74938
7.79232
7.80512
7.77497
7.77406
7.76693
7.75469
7.92707
7.77746
7.7797
7.80268
7.98051
7.87868
7.9083
7.76756
7.9931
7.79745
7.76436
7.76469
7.76942
7.74826
7.76486
7.75807
7.80633
7.93315
7.81967
7.8696
7.76081
7.79486
7.76659
7.75398
7.91824
7.89676
7.76931
7.75936
8.01482
7.91263
7.88857
7.84028
7.78071
7.76616
7.7616
7.78416
7.76909
7.75062
7.76297
7.75453
7.74658
7.93197
7.86493
7.81074
7.78466
7.81729
7.77878
7.76872
7.75669
7.79007
7.76222
7.75541
