6.99781
7.57815
5.60667
7.98913
5.9361
8.14509
4.88361
5.30349
5.66725
6.11819
5.11882
6.25926
5.11228
5.21146
5.47511
4.94483
5.22097
6.45759
5.84874
6.3384
6.20034
6.9971
4.85073
5.37904
5.39641
5.19759
4.82151
5.64411
5.59992
6.28815
5.5633
7.14118
5.43024
5.73795
5.33149
5.10956
6.61179
5.22028
5.93905
5.60969
5.26459
5.69472
4.93259
5.62365
5.83598
5.30061
5.84448
5.44617
5.66947
5.14496
5.09482
5.5373
5.47777
5.33111
6.00529
5.44334
5.39971
5.58897
5.52414
5.81415
6.30078
5.6725
5.70881
5.68242
5.23874
5.41772
6.37404
5.90215
5.08163
5.65201
5.61709
6.1485
5.26312
5.67594
5.11376
5.3854
5.83815
6.10465
4.88019
6.10776
5.89038
5.61862
5.22949
4.94285
5.31471
5.04477
5.86812
5.53167
4.95984
5.25696
5.4433
5.46512
5.63489
5.51377
5.26287
4.86474
4.88903
5.01882
5.53298
5.43795
