336.713
324.245
322.165
287.658
365.12
309.881
266.639
370.498
182.089
167.856
349.031
375.808
166.681
393.148
143.056
380.287
86.0853
151.731
134.283
139.815
352.858
323.978
389.433
86.7793
86.1721
421.682
125.871
120.806
153.296
161.14
96.9575
357.34
139.766
166.863
98.2898
101.669
159.242
451.773
93.2672
99.6069
98.1489
146.868
132.404
102.851
165.395
88.7863
89.5873
130.692
86.8274
88.5302
348.516
406.573
94.5139
157.43
157.256
352.826
407.681
190.981
365.407
407.37
159.861
149.968
151.67
361.939
369.095
101.337
176.598
105.239
146.429
92.9654
82.3974
304.772
82.0985
437.944
365.024
139.841
393.396
124.432
162.693
151.242
162.44
162.958
152.045
153.265
371.539
160.71
93.4678
96.1979
147.501
94.0831
176.089
107.607
163.021
102.316
102.222
97.9841
155
153.469
91.8022
166.388
