21.7648
21.4324
21.3077
21.2967
21.2716
21.846
21.7518
21.2416
21.8952
21.8336
22.3177
22.1831
21.7794
22.0934
21.7743
21.3149
21.8849
22.552
21.9885
21.7385
21.9028
22.0067
21.8818
22.4548
22.6648
26.5767
22.0284
22.321
22.8789
22.1797
21.9766
22.3733
22.1107
21.7513
22.7659
22.2794
22.8162
22.5344
22.153
22.0644
21.8123
21.7247
21.8093
21.9779
21.8908
21.9678
22.0061
21.8953
21.7325
21.7647
21.6796
21.9607
22.066
21.5406
21.3121
21.9446
21.326
21.9244
22.1593
22.1193
22.0025
21.8759
22.368
21.7824
21.766
21.9141
22.3797
22.1735
21.8161
21.7923
21.6749
21.2453
21.2967
21.393
21.3532
21.3414
21.2556
21.2275
21.2969
21.2399
21.0969
21.2253
21.2464
21.2139
21.2302
21.2142
21.2262
21.8211
22.3155
21.4554
21.2532
21.2137
21.2379
21.2636
21.3471
21.5588
21.9829
22.3272
21.7568
21.5052
