40.788
41.4028
41.6174
40.78
41.9758
41.3252
40.824
40.6591
41.2476
41.3655
40.9501
40.8369
40.8405
40.8318
41.3897
41.2044
40.8731
40.8662
41.1743
50.7436
41.4274
41.342
41.2184
40.9178
40.841
41.5562
40.983
40.8054
40.8371
41.1566
41.2271
40.9962
40.7548
41.0746
41.5906
40.9477
40.8349
52.118
40.7838
40.9716
40.8751
40.9219
40.8803
40.858
40.8594
40.8754
40.8291
41.0244
41.2589
41.3879
41.1804
41.1766
41.3897
40.9816
40.9336
40.8722
40.9731
40.8581
40.8738
40.8084
41.1802
40.7306
40.8028
41.7821
41.5127
41.5778
41.0633
42.3809
40.8623
40.8276
40.8853
50.734
40.9543
40.8384
40.8995
41.1972
40.7627
40.9726
42.6143
40.9098
41.0891
40.7493
40.857
40.8176
40.7604
40.8028
40.7621
41.1942
41.0206
40.8002
40.8769
40.8277
40.8048
40.8471
42.0625
40.9376
41.6864
41.0658
40.8879
40.8737
