243.859
124.767
124.238
127.455
122.628
123.392
138.428
130.033
139.717
122.773
128.733
132.53
126.353
124.099
120.363
127.076
123.622
121.106
122.855
131.392
145.354
119.397
119.926
119.711
132.014
120.619
122.164
119.507
119.247
119.659
121.787
122.187
121.168
130.79
120.9
119.533
120.791
122.219
119.656
120.22
122.719
120.332
122.605
119.76
119.216
119.917
136.159
119.903
118.254
118.989
124.855
120.028
119.181
120.628
120.083
119.27
120.127
119.213
120.077
121.721
119.188
119.2
122.614
121.016
123.599
121.995
118.924
118.453
119.173
118.364
119.826
121.77
124.284
120.346
128.85
119.807
122.178
119.473
122.6
126.333
127.086
120.982
118.477
134.02
121.59
124.512
124.639
119.342
119.131
118.699
118.123
121.15
119.402
119.375
118.255
120.022
118.71
122.137
119.265
122.529
