86.0141
62.4778
61.0032
62.0173
63.981
136.076
67.9352
2.75808
2.96688
2.6875
2.99328
3.59692
3.61771
3.72273
4.98032
3.26583
3.50793
3.57028
3.51797
3.35218
3.56157
3.86952
3.47457
3.43145
3.86405
3.74209
4.19787
3.68884
3.47449
3.91853
3.82026
3.47338
4.01851
3.88542
3.45239
3.61329
3.38986
3.68902
3.03491
3.78973
3.64513
3.93375
3.91993
5.36108
7.66421
3.88083
5.08183
3.80148
3.49027
3.78333
3.56936
3.75296
3.79644
3.95623
3.48557
4.17936
4.24202
4.74492
3.7055
3.38382
3.4953
3.3937
3.69291
3.7365
5.02654
3.76815
3.73881
3.54823
3.47256
3.82932
3.10896
3.9438
4.78124
4.57283
3.90161
3.60439
3.83933
2.63885
4.64354
3.47962
3.79034
3.77561
3.75192
3.47475
3.76261
3.71675
3.79296
3.86643
3.44756
7.57528
3.76882
3.71209
3.76836
3.97776
3.7793
2.70105
2.9792
3.93578
3.15705
3.49454
