41.5019
42.1687
42.3201
41.1507
41.9409
41.1376
41.2023
41.1472
41.4536
41.0997
41.0884
41.1176
41.1185
44.2421
41.1406
41.2044
41.3288
41.1254
41.1452
41.3027
41.1163
41.1009
41.1086
41.4607
41.0806
41.114
41.3006
41.0834
41.0823
41.28
41.095
41.2718
41.2572
41.2857
41.1522
41.115
41.0999
41.1445
42.8519
41.1737
41.1111
41.1504
41.5182
41.3924
44.7692
41.3993
41.2344
44.7561
41.194
41.1519
41.1701
41.4035
41.1706
41.282
41.1753
41.354
41.1681
41.4432
41.1607
41.4875
41.5745
41.3807
41.4318
41.4653
41.3825
41.2231
41.5322
41.468
41.4681
41.4595
41.2612
41.1124
41.417
41.2024
41.1252
41.2547
41.1226
41.1184
41.3659
41.137
41.3634
43.2983
41.4178
41.3443
41.3426
41.4093
41.3857
41.1784
41.2975
41.4971
41.6311
41.1922
41.1132
41.1619
41.0869
41.0863
41.2761
41.2732
41.3454
41.1837
