127.214
181.526
167.691
170.459
175.906
9.50658
152.354
195.992
8.52416
8.60135
6.3461
4.82701
7.84382
11.2193
9.31604
5.02768
3.57102
3.56863
3.27562
3.32582
8.95948
8.64658
6.81591
4.15131
3.84043
4.30368
4.64898
4.21643
5.72739
3.65267
5.0404
3.76285
3.85734
3.49558
5.71493
5.41076
4.65677
4.80138
3.72265
3.91825
3.7816
3.5125
3.96079
3.52007
6.31291
5.24456
6.48743
3.74233
3.95641
3.93064
4.13614
3.53088
3.72854
3.73257
3.92692
3.54164
5.67121
3.5713
3.89981
3.62407
4.02048
3.88056
3.62674
4.1235
3.45955
3.40577
3.45553
3.48652
3.45976
3.48269
4.57245
4.47225
3.73578
3.80031
4.23952
3.45982
3.39739
3.50208
3.63872
3.53214
3.46153
3.83904
3.7358
3.65176
3.55239
4.75695
3.98938
3.90512
4.69598
9.31346
5.4097
4.88541
4.09855
3.53788
3.31686
3.67819
3.92543
3.45208
3.39412
3.954
