74.9756
75.1021
75.5487
75.3759
76.1633
75.2638
74.96
74.9519
74.972
75.1252
75.2585
75.1687
75.1446
75.3581
75.552
74.9387
74.915
75.0094
74.962
75.1
75.1671
75.2286
76.0928
75.3144
75.2808
75.1098
75.268
75.2772
74.9931
75.09
75.2411
74.9314
75.0562
74.945
75.2144
74.9596
77.5939
74.953
75.2036
75.5502
75.1746
75.211
75.3617
75.3413
74.9217
75.0858
74.9187
75.0889
74.9667
74.8773
75.066
75.0274
75.1852
75.1864
75.1805
75.0031
75.0507
74.9058
75.1837
74.934
74.9431
74.939
77.235
75.0741
75.0115
75.2015
75.0127
75.23
75.1956
75.1793
75.1739
74.9934
75.1614
74.9855
75.2448
75.1315
75.0851
75.1573
75.1863
75.1509
75.1505
75.4684
75.1015
75.1802
75.1008
75.0749
75.1557
75.0372
75.078
75.1511
75.1422
75.0183
75.0849
75.4769
75.0762
75.0843
75.0345
75.4246
77.578
74.9976
