27.0664
15.7224
15.6523
15.4927
50.9553
32.0667
20.9841
17.5015
49.7244
22.9369
17.1271
17.7655
17.1443
56.4458
18.5416
22.1883
18.0273
16.829
33.7983
19.3709
16.7813
16.5274
20.101
17.3842
49.936
50.8094
19.7881
50.9465
18.7586
18.1181
52.7636
51.2232
17.3444
45.7748
20.6114
17.7222
18.5484
21.0898
17.4291
49.6435
32.6565
51.5077
35.293
17.5863
49.563
39.2332
15.659
16.3498
51.7166
51.7183
21.5539
16.8069
51.4868
52.6956
25.2824
31.129
51.5157
33.6073
24.3294
50.8075
36.2232
26.9174
19.7595
16.9027
51.6342
19.904
36.6988
16.6059
49.6945
18.2423
18.4843
15.831
18.4688
16.6133
17.9656
15.8028
15.6817
15.3301
15.9294
45.5179
15.7977
18.4175
52.3815
20.4693
19.6426
17.3334
51.8605
36.462
30.9552
18.0445
50.0943
51.3101
51.575
52.5105
52.3292
50.7399
49.4705
33.171
24.1174
51.7093
