346.589
142.45
139.407
75.5407
77.075
76.8591
76.6536
72.9267
288.006
60.7871
79.8223
74.9985
74.5822
75.831
76.666
79.8598
78.1328
87.0447
75.3466
77.1127
77.1401
75.5946
75.6727
87.2927
79.7226
79.2223
80.7634
81.072
88.1209
79.1894
80.3105
81.9884
93.752
86.8934
84.5491
80.5665
80.6202
84.3744
84.2131
85.9854
90.666
86.1399
84.4094
84.3759
322.907
67.9359
82.4693
82.7203
83.7317
83.8594
83.8426
84.3377
84.2295
80.8702
88.2093
316.979
63.1763
76.8593
298.509
136.013
73.4013
77.5793
307.234
62.4571
75.0432
74.8779
153.554
73.1831
77.4782
75.0324
76.429
298.056
64.0515
74.4178
73.9892
75.6875
74.7245
75.4279
75.3873
77.0557
74.6007
75.4681
74.5275
75.6235
78.0226
74.7968
75.361
74.5686
76.1775
80.2134
77.4856
76.248
88.3039
75.7628
75.6305
315.038
298.43
64.4367
82.4358
82.2675
