265.364
136.891
11.1126
208.819
8.71923
8.80327
8.79009
8.78288
8.68383
8.85343
8.88882
8.76783
8.70212
8.77412
8.92038
8.99751
9.07495
9.03254
8.90518
9.26996
9.02695
8.96486
8.75971
9.09053
9.03407
8.94174
8.84684
8.89067
9.4655
8.86627
8.88434
8.95516
321.504
9.09377
8.95392
344.117
8.80263
8.75551
9.73042
8.92694
8.81081
9.17509
8.95666
210.051
9.04591
8.99986
8.86412
9.0024
8.95301
8.77224
8.82059
8.84437
8.86954
9.06549
8.95193
9.04641
8.93067
8.9811
8.92652
8.84905
8.84669
9.02519
8.85346
8.90822
9.09107
9.06591
8.95934
311.691
301.721
9.14523
9.16948
11.5436
8.85389
8.90431
9.10106
9.16942
8.93514
9.00884
8.90443
8.87309
8.94691
8.84254
8.81776
8.99959
8.91646
8.89956
9.33279
10.0743
8.87609
8.90345
8.80947
9.08586
9.00116
8.97197
8.884
8.91381
8.84997
9.07001
9.05285
9.02935
