254.097
128.55
122.541
130.288
120.882
124.225
126.507
124.108
129.175
128.236
120.596
127.852
119.59
132.539
121.759
123.709
118.828
118.621
121.607
118.779
120.055
121.247
119.849
126.047
117.613
120.454
145.36
118.323
124.23
119.598
124.211
125.275
120.673
128.43
120.486
119.583
122.03
123.096
120.911
126.645
118.953
131.347
120.371
119.556
123.292
120.626
138.966
119.877
120.181
120.324
118.489
123.537
116.985
118.164
118.649
121.39
119.762
116.008
122.202
114.226
115.024
113.059
112.213
115.213
118.603
111.611
112.45
116.56
108.429
111.374
110.785
112.107
117.119
109.047
108.682
115.825
107.548
111.221
115.261
110.017
138.957
109.776
115.039
110.268
107.888
112.631
113.504
109.79
113.34
112.1
109.452
116.8
109.531
117.622
125.091
111.507
122.279
117.188
113.116
134.711
