127.293
287.963
13.328
103.013
86.3298
11.2039
208.288
263.91
265.879
11.7458
11.4033
11.3109
33.0795
14.4824
12.671
11.4089
11.4981
11.3926
11.431
11.2918
11.372
11.3518
11.2126
11.302
11.2901
11.2782
11.4241
12.0743
11.3582
11.2907
11.332
11.6478
11.4779
11.451
15.599
11.7732
11.74
13.9797
13.6074
11.3091
14.9652
11.5336
11.4187
11.3359
11.3584
11.3134
11.3825
13.4341
11.282
11.2799
11.4963
11.3067
11.2318
11.3302
13.7559
15.1387
11.757
12.2192
11.4156
11.4109
23.2713
11.66
11.8874
11.4013
11.452
11.4496
15.2728
11.464
13.8581
11.7674
11.4593
14.5158
17.484
11.3053
11.8665
11.4182
11.2626
11.9941
11.3508
11.28
11.3595
13.1952
13.8925
15.1243
15.256
13.3704
11.3931
11.7947
11.4984
15.4316
11.8919
15.3963
14.7421
12.6807
12.0289
11.6688
11.5039
11.7698
13.947
11.4569
