439.988
260.32
225.694
1211.5
916.229
855.472
182.321
202.229
161.835
169.641
171.74
169.075
164.697
174.79
171.443
172.483
187.216
173.334
207.175
189.537
162.302
267.567
170.778
166.947
169.959
173.156
221.693
169.039
186.975
168.943
166.058
194.053
173.131
166.675
163.399
166.16
156.325
170.908
169
165.658
174.592
193.526
229.737
156.637
180.218
167.735
167.507
172.323
153.813
169.464
164.045
174.218
181.223
185.083
167.434
189.123
170.728
164.146
160.789
177.313
168.061
160.607
169.808
169.564
156.623
166.678
164.332
169.313
166.008
162.719
157.957
156.951
206.348
169.147
166.21
144.996
145.183
165.105
233.386
171.389
170.322
166.951
163.306
196.01
171.518
171.739
194.55
183.131
200.16
225.216
301.729
173.375
179.162
173.856
169.75
198.574
153.051
173.263
168.253
165.134
