205.451
290.282
89.4641
185.673
87.9287
173.765
187.721
190.236
287.171
33.3107
100.773
292.752
21.3289
33.6983
40.4974
222.605
35.9614
39.0274
42.5346
295.442
29.085
23.6834
35.0499
39.4871
46.566
44.2796
44.4199
40.9365
28.0143
20.8225
16.9009
17.1168
42.7854
42.7952
42.4249
43.6194
31.1524
28.1618
45.0575
23.7837
45.6736
20.6096
15.314
44.2919
45.3182
45.6293
16.9765
16.2465
14.0775
13.8968
14.6829
15.4436
13.1212
16.2165
16.1715
26.0378
18.3151
41.521
37.5613
43.2504
42.0733
43.9104
21.1782
32.9676
13.4906
15.129
16.8077
16.6898
18.815
16.9566
41.3815
28.6926
17.4102
16.9618
24.5429
47.9452
19.2336
13.9244
15.2023
45.5941
34.2847
45.3316
16.6798
43.8631
19.0535
16.6616
15.3748
14.6758
21.9634
42.83
28.916
21.2802
80.4827
24.1023
41.0629
30.8087
45.5933
45.5289
43.8839
42.7231
