124.328
165.774
173.871
82.6709
80.7734
2.42684
2.43957
4.82918
4.0706
4.33258
2.68069
2.45814
2.53212
2.4451
2.50405
4.66785
2.59677
2.48612
2.51676
2.47035
2.89659
2.49135
2.92474
2.44567
2.47117
2.42476
2.63747
2.43904
2.48626
2.65237
2.56578
2.50579
2.66855
2.46558
2.44456
2.4694
2.43483
2.60114
2.5078
2.48691
2.44326
2.46
2.57403
13.8344
2.4532
2.55074
2.4679
13.7707
13.5744
2.63017
2.65433
3.08144
2.53862
2.47519
2.84763
2.43602
2.64232
2.51117
2.48046
2.45583
2.55394
2.76594
2.45075
2.62499
2.70601
2.45672
2.44266
2.43788
2.42014
2.56298
2.41403
2.42341
2.58623
2.40559
2.42692
2.43338
2.58255
2.43227
2.4091
3.23539
2.52354
2.56759
2.45207
2.52328
2.42499
2.48997
2.72099
2.43336
2.46361
2.45353
2.4467
2.53613
2.435
2.43558
2.42144
2.41579
2.41365
2.42086
2.58498
2.45704
