193.152
98.0142
168.653
84.7739
11.7207
11.4842
11.5558
11.4843
11.6329
11.502
11.3313
13.1358
11.5006
11.4405
11.359
12.0153
11.4111
11.8714
11.4251
11.5573
11.3191
11.654
11.5038
13.7543
11.7253
11.5301
11.6804
11.5688
11.2966
11.3976
11.2852
11.9157
11.3819
11.6972
11.9425
12.2149
11.3309
11.395
11.5283
11.4089
11.3292
11.4018
11.486
11.7124
12.1396
11.8199
12.7065
11.406
11.4344
11.3232
11.4129
11.9375
11.4521
11.4091
11.5175
11.2792
11.4943
11.3357
11.2982
11.2917
11.3698
11.4635
11.3238
11.2906
11.4325
11.6077
11.7186
11.8128
11.6781
11.4647
11.5127
11.6594
11.4788
11.3998
11.3207
11.3412
11.4015
11.5108
11.4199
11.7679
13.6555
11.4188
13.9181
11.4183
11.7385
11.4302
11.8118
11.8349
11.4778
11.6264
11.8436
11.5007
11.3796
12.1732
11.5778
11.5118
11.7841
11.6951
11.3672
11.3346
