127.541
174.349
129.539
177.654
85.1913
94.2584
82.0148
6.43362
205.743
188.755
293.972
18.8172
18.0606
22.0655
19.6425
18.2605
11.8988
15.2569
11.4488
9.76664
10.5011
8.59176
23.4078
8.43744
7.43837
18.5935
18.1156
14.205
12.0569
21.0088
20.7109
18.1548
19.9854
15.1593
13.7737
10.5731
21.7687
18.1671
10.5399
8.23437
22.6438
21.1857
8.58653
16.9746
28.8939
21.3824
22.2387
22.3682
8.45866
22.4944
21.734
21.2947
21.6511
17.4169
21.8807
22.78
8.28126
23.1303
9.23855
8.67261
8.87746
22.7693
9.30997
22.111
8.12855
7.54819
21.9134
23.3642
8.86552
7.58596
8.25057
22.1237
8.70502
23.8358
17.3112
9.28633
7.61032
21.1873
7.42579
8.10288
8.39378
8.13152
7.66976
7.86575
7.06379
7.80169
8.39207
22.5103
9.41494
7.36237
26.2337
23.9749
8.55784
7.2317
7.81431
8.37379
13.5833
17.4497
9.50262
9.17658
