130.39
84.583
279.804
3.38038
86.845
78.4856
2.77472
4.72402
2.65624
3.29758
2.75766
3.215
2.70787
2.6691
2.69504
120.521
2.5195
2.48367
2.6189
2.56512
2.45975
2.73367
2.50535
2.84749
2.55578
2.51175
2.48631
2.48351
232.23
2.95059
275.695
2.81324
2.64666
2.89453
2.59137
2.55655
2.57958
2.44988
2.62097
2.51681
2.61289
2.49006
2.49859
2.4795
2.47056
2.50794
2.54911
2.54512
2.49323
2.46708
2.55502
2.48412
2.47702
2.55142
2.46201
2.68942
2.55732
2.55908
2.5043
2.49035
2.51627
2.53085
2.65587
2.52349
2.52609
2.50196
2.51133
2.52811
2.50231
2.61769
2.6513
2.50583
2.48945
2.79108
2.48909
2.66225
6.26789
7.03154
7.13642
2.62153
2.5619
2.50926
2.69515
2.57701
2.49773
2.66137
2.5215
2.50675
2.53301
2.49782
2.59826
2.63844
2.49501
2.47111
2.49287
2.47725
2.6252
2.49959
2.50189
2.50989
