33.839
30.2152
43.7747
33.5763
58.7782
45.8753
28.8653
28.0232
28.9878
28.6387
60.6162
27.9826
27.5318
28.6361
69.7015
28.8232
29.6449
28.4477
28.3854
27.6991
27.7277
27.1999
28.2033
56.9556
61.8887
59.7115
37.1232
55.6022
37.9487
29.4238
28.0293
57.9113
28.4385
42.5745
28.5115
29.4647
47.4093
57.3406
29.6457
55.0687
29.7843
55.3488
28.9169
27.5894
60.1886
48.4389
58.9581
58.9955
32.6986
27.6287
28.14
59.2437
56.1733
57.0352
30.0047
81.158
62.52
56.0068
59.9081
37.994
29.6369
58.3257
36.564
61.0893
60.1466
60.8188
38.4188
30.5441
61.7285
33.6062
28.0739
27.5502
27.5187
27.4511
27.6094
27.5448
27.6277
27.7727
57.6968
29.0958
28.5122
43.6037
40.6913
48.67
35.5021
29.055
53.371
59.6839
61.9286
46.8474
61.0209
39.1156
59.4619
63.37
65.1715
63.8544
60.965
59.5573
54.0851
35.5099
