173.198
2.8769
2.87053
6.12082
3.24899
3.04692
2.85147
2.72928
2.70856
3.20501
3.01258
2.83143
5.81898
2.99648
279.081
2.88574
281.377
3.04658
2.92395
2.91925
3.11356
2.9191
2.85616
2.9199
2.94947
2.8953
240.904
2.9757
116.075
3.14815
3.09695
3.15884
2.73571
2.77759
2.658
2.72783
2.64344
237.815
2.69758
2.66815
2.64634
2.6345
2.63943
2.65102
2.72741
2.86697
3.06956
2.74271
2.69677
2.87394
2.72796
2.67098
2.6754
2.65306
240.795
2.66921
2.69691
2.63732
2.91523
2.75155
2.66499
2.64046
2.64356
3.04505
2.80587
2.65585
2.94716
229.524
2.97784
2.65982
2.86744
2.71686
8.98245
9.7134
2.75119
2.76963
2.66033
206.466
2.67369
2.64464
2.65285
2.68728
286.274
2.76362
3.16837
2.89113
2.86569
2.84847
3.00008
2.74933
3.15328
2.68483
2.88513
2.6941
2.68746
2.70645
2.88528
2.8197
2.72547
2.65118
