165.642
100.115
99.4858
106.454
182.164
106.066
107.822
110.313
134.333
54.2245
63.634
308.818
46.4978
316.781
53.1126
57.2234
260.829
16.6225
31.216
19.9704
58.0622
57.0244
56.9021
35.6716
26.3249
298.26
17.4544
40.3301
52.0722
55.6302
24.5484
49.5991
50.2202
48.901
23.772
56.0017
74.9189
37.5171
22.6336
79.3824
57.2244
65.8392
42.5896
27.3017
24.9084
65.9436
53.8442
74.5058
57.013
37.3306
49.9382
39.1897
35.1232
53.055
22.4544
58.8797
47.0243
21.0522
48.7919
58.1404
37.9425
25.3719
50.1726
36.8699
25.5247
23.5801
23.4502
22.2563
24.5803
24.925
26.2052
25.9527
26.2198
82.1024
21.8529
20.457
20.706
20.872
23.0314
21.5378
51.5274
32.7938
25.1463
22.1171
25.0111
67.5912
29.3534
21.8951
43.4463
20.2716
54.8029
50.5864
23.7357
36.0441
39.5102
32.9716
28.3876
24.5448
23.811
22.9309
