247.896
131.546
138.471
129.619
130.693
134.453
134.544
128.325
147.826
127.337
132.95
129.262
132.465
130.28
149.261
137.543
131.439
129.145
127.761
131.553
131.716
136.83
136.318
132.063
145.676
128.811
139.929
123.273
133.033
122.146
130.427
124.941
121.004
125.575
115.302
115.252
126.484
116.233
114.757
115.045
118.383
112.676
117.895
114.762
124.163
118.18
112.246
112.786
112.511
120.168
117.336
115.138
118.436
123.631
113.778
111.86
136.531
117.199
127.436
115.622
119.187
124.318
136.925
112.207
124.914
126.634
117.859
123.513
112.709
122.668
110.175
116.448
111.987
116.03
112.342
111.773
113.718
115.764
112.405
117.522
111.031
111.371
116.792
111.611
112.336
113.414
114.19
111.78
115.924
112.793
113.578
117.679
111.517
117.368
110.751
117.666
111.093
111.73
111.425
112.983
