13.075
9.62938
14.3156
6.32247
13.6864
6.29155
5.9501
5.89211
13.2714
13.7022
11.515
5.50678
13.9529
6.06977
6.39184
5.54929
5.63481
6.01974
5.70396
6.80492
6.47792
5.64214
10.5471
5.58412
5.75545
5.6328
6.29643
5.50969
9.22255
7.32501
6.48302
12.1812
10.0812
8.40006
14.8023
6.50175
5.60329
5.63708
5.54649
5.87029
6.24622
5.86168
5.62604
48.5763
13.2729
7.56195
6.85128
5.80861
5.79472
5.66931
5.46642
5.61925
5.46508
6.3932
6.73943
5.47721
5.6278
6.05158
5.42154
5.69085
5.9109
5.77475
5.57293
5.37678
11.6149
13.3592
12.5402
5.69256
5.71481
5.70992
5.51687
5.42911
13.4006
5.52169
5.63604
5.59025
5.51356
5.70739
5.62249
5.70984
5.77959
5.39517
8.23442
12.6546
10.7381
6.26867
6.1273
10.4372
5.80851
5.72752
6.33448
5.56541
8.97609
5.96246
10.9492
7.03247
5.56558
5.77216
6.55141
6.32384
