7.89834
7.81993
8.26047
7.97269
8.96633
7.93419
7.73075
7.96492
7.77955
7.74402
7.81679
7.761
7.835
7.93586
7.84681
7.84537
7.74233
7.92142
7.84692
7.8185
7.80941
7.76514
7.78589
7.76558
7.75167
7.74778
8.09765
7.74304
7.72913
7.72142
7.758
7.75056
7.73171
7.97621
7.82139
7.75268
7.7671
7.72797
7.73979
7.71841
7.72861
7.73236
7.72416
7.72992
7.73871
7.73465
7.72427
7.7208
7.92829
7.72391
8.19086
7.75296
7.82022
7.76053
7.73765
7.84846
7.74208
7.72552
7.79887
7.75749
7.71885
7.92355
7.88689
7.78666
7.747
7.71772
7.72356
7.88727
7.71939
7.74552
7.70997
7.72492
7.71798
7.7275
7.76192
7.76248
7.72705
7.72342
7.72778
7.7217
7.73582
7.71875
7.72078
7.72223
7.72692
7.74861
7.71882
7.93459
7.74821
7.91372
7.75164
7.74077
7.74225
7.71893
7.95418
7.75317
7.85387
7.74413
7.7597
7.75442
