15.8251
27.7362
28.4377
11.3866
9.67792
9.47122
10.3357
22.0004
26.8734
27.9779
27.5178
12.3274
9.96639
9.24882
8.63181
9.39718
26.1786
9.52722
49.6345
27.9661
27.5077
13.2851
23.0083
9.2105
9.09916
9.15649
9.69344
8.89055
9.54064
8.88886
26.908
20.4949
9.2134
9.73954
27.9368
27.6658
9.34703
11.569
26.8989
27.2133
8.54786
8.83831
9.16084
25.5848
10.5753
9.77736
10.4909
26.0293
28.1989
18.0696
9.57722
9.68652
9.61745
8.38934
22.7147
10.093
11.4033
27.5726
27.1999
21.4305
10.5891
11.3599
27.8804
10.0583
9.06693
9.52688
19.2364
27.2264
9.04842
26.9347
9.52462
9.31702
28.1437
27.6091
27.2082
27.1769
28.1559
10.8984
26.5306
27.6597
11.678
10.4656
8.75645
28.0136
10.0559
9.29399
8.9489
13.3939
28.17
10.246
27.6263
11.9525
9.99347
8.71809
25.6134
9.02094
8.55079
27.9854
27.314
19.5471
