230.166
214.672
79.2217
238.743
268.101
242.675
147.511
150.493
125.347
395.341
120.229
264.874
305.717
255.685
318.329
196.459
88.4192
329.436
368.953
145.966
158.21
226.92
289
378.406
154.37
150.985
90.1108
100.398
94.8957
157.33
105.176
285.04
151.742
99.4645
94.6567
100.936
93.3509
225.282
142.264
140.444
144.492
152.134
148.716
163.826
96.2568
79.4877
148.375
157.391
102.922
98.6411
161.417
299.409
413.143
94.8177
149.22
158.166
149.759
407.825
98.1961
101.296
101.276
155.405
172.235
106.438
101.282
165.069
113.007
332.169
416.216
356.134
159.181
229.634
92.9177
206.647
328.212
103.606
352.446
157.401
101.096
417.937
117.879
103.463
98.0738
160.048
160.733
103.093
148.011
161.971
103.186
102.28
100.535
154.801
157.777
166.122
164.244
169.734
168.703
156.236
164.963
119.442
