299.354
242.166
214.847
4.6286
141.472
128.911
3.31174
3.74427
4.45095
4.68979
4.67147
4.42741
4.46964
4.37273
4.38545
4.24956
4.30749
4.52721
4.34263
4.38173
4.3194
4.95168
4.46476
3.98732
4.39975
4.37746
4.24144
4.24051
4.54834
4.44666
3.49885
4.49386
4.29929
4.43076
4.50536
4.28248
4.43777
4.39898
4.21544
4.48194
5.14467
4.81023
4.58071
4.45037
5.82251
4.34948
4.08879
4.34512
4.5727
4.07003
4.17179
4.61716
4.67633
4.54619
5.62875
4.57422
4.66393
4.67601
4.5051
5.89073
6.80945
6.34161
6.18688
4.80741
4.88905
5.07888
4.80859
4.85849
5.67124
4.80342
5.0027
4.92366
4.69633
5.09106
5.07129
4.62312
4.65483
5.60671
4.79593
4.39152
4.82437
4.82406
4.84953
4.90818
4.96381
4.76189
6.89077
6.46892
4.97309
8.82872
5.16095
5.28169
5.03112
5.14011
4.94832
4.89288
4.59788
4.91408
4.87315
5.20686
