100.934
153.762
89.3049
79.3431
98.8154
153.763
91.0254
93.0447
143.08
74.9408
71.6646
73.7768
151.903
90.7817
140.995
166.847
103.741
153.328
124.683
140.887
149.107
164.425
166.327
85.6204
86.5913
163.919
150.868
90.8291
101.248
158.673
153.2
156.974
163.848
142.766
151.263
162.94
162.922
92.9564
78.0296
143.823
88.2635
154.634
156.408
158.336
87.9125
89.16
174.831
102.964
155.153
163.73
170.588
143.932
104.131
77.4226
128.806
79.402
82.2062
171.398
93.7679
153.872
161.295
94.8879
78.0255
80.8886
110.869
78.4994
164.095
93.8914
85.6693
152.917
160.263
164.825
95.0466
94.2524
133.613
130.434
164.932
167.685
153.74
74.9893
179.955
101.193
164.295
95.801
165.978
147.99
168.713
163.242
136.772
165.374
152.964
87.8506
88.3336
91.8005
166.033
157.043
160.957
144.164
142.365
157.406
