6.83986
6.80723
9.67593
6.23699
6.39082
8.07934
7.31283
7.34987
7.40078
7.27218
7.11745
7.54977
7.47105
7.56402
7.41558
7.60848
5.86434
7.37242
17.0552
7.38535
6.58623
5.85704
5.48362
7.63603
6.08758
5.20529
5.69536
5.25889
5.61891
5.92086
5.7191
5.4924
7.1426
5.5138
6.32402
6.87379
14.386
5.39327
5.6828
5.442
5.34266
6.25877
5.78437
5.44496
7.73542
7.22445
6.04
7.6495
5.37074
5.43275
7.29322
7.39013
7.40244
7.76936
5.59942
5.75166
5.80084
7.24761
6.28214
7.24791
7.40743
7.78144
7.59476
16.2602
6.15636
9.29672
5.44791
5.80763
5.8433
5.52819
5.53486
5.27554
7.24733
7.77834
7.42017
7.62284
7.53003
6.20269
7.38336
5.9725
5.35342
6.27485
7.4108
7.95647
7.46514
7.36096
7.36907
7.3595
5.83307
7.29941
6.8551
7.24855
7.66783
7.1928
7.35573
7.39273
7.52459
6.10925
7.30926
7.45237
