49.4461
41.787
39.6219
39.8332
40.2016
40.0727
40.0674
41.6311
42.3978
42.4846
42.7103
43.4276
42.7308
495.3
532.542
42.842
254.379
40.0317
42.8652
42.3463
42.2714
42.6454
44.6741
42.522
406.849
42.8111
42.7152
42.6172
42.4589
42.7211
529.554
401.918
42.8151
42.5341
42.4193
42.3305
399.433
1076.21
42.6719
427.866
361.186
393.605
348.857
42.8203
43.3872
44.2982
44.6851
45.6845
45.0947
44.2925
1459.18
45.2468
44.263
44.6138
44.314
43.7096
43.4799
44.18
44.1978
43.4904
43.6998
42.2984
42.3292
42.551
42.8885
42.782
44.2542
45.5434
43.4753
42.7647
591.824
376.144
42.7814
710.36
43.036
43.3337
554.759
1194.31
440.357
43.8968
44.2751
42.9355
42.8115
43.8833
42.9141
44.8242
46.0336
44.0246
42.4838
42.6301
45.6536
45.1829
44.376
43.5686
43.5995
42.8799
43.6176
42.4819
42.4224
43.7918
