91.3541
108.168
16.2239
16.1565
16.2738
234.518
16.0629
16.0685
179.088
16.3818
16.1647
16.3185
16.0273
16.7611
16.0013
312.416
16.291
16.5742
16.044
16.0163
16.1032
258.311
16.3919
16.3414
16.4851
16.5094
16.2526
16.2044
16.5002
16.3027
16.493
225.45
16.2431
16.1347
16.6866
16.3797
16.2037
16.0909
16.3756
16.3551
16.1308
16.136
16.6075
16.2055
16.282
20.4022
16.1231
16.0721
16.5073
16.0884
16.07
16.5594
16.1687
16.1529
16.1101
16.0942
16.2984
16.4722
16.7074
16.5173
16.2911
16.1607
16.4017
16.1831
16.2718
16.2181
16.1692
16.086
16.5257
16.8208
16.2213
18.0905
16.0767
16.0823
16.4056
16.2821
16.1585
16.092
16.0798
16.0638
16.0695
16.3721
16.15
16.0683
16.1974
16.5057
16.5165
16.1239
16.1535
16.0632
16.0778
16.889
16.2437
16.3253
16.1042
16.3532
16.0618
16.3201
16.1101
16.0844
