122.968
92.1917
90.7362
289.656
2.65995
4.79715
109.267
2.97271
2.85124
2.83339
4.54162
6.23191
5.6904
2.59608
2.81082
5.54672
2.49081
2.46597
2.49553
2.46738
2.47469
2.45928
4.62278
3.65945
2.75834
2.57899
2.47956
2.45949
4.85528
2.56477
3.2292
3.16493
2.57718
2.5785
2.71813
2.58612
2.52624
2.52214
2.48821
2.48993
2.47099
2.50032
3.2215
2.46236
2.46077
2.47356
2.46898
2.49715
2.47148
2.44008
2.44952
2.4539
2.46833
2.49335
2.6529
2.59385
2.50561
2.48164
2.92313
2.46398
3.02676
2.46743
2.48611
2.48854
2.52883
2.46188
2.48508
2.48174
2.46669
2.54461
2.493
2.53999
2.62889
2.48484
2.48989
2.51086
2.89957
2.55557
2.82734
2.60866
2.50047
2.47341
2.50313
2.46553
2.64652
6.19954
2.48027
2.47723
2.46054
2.64004
2.48499
2.4884
3.911
2.57507
2.6953
2.50254
2.56511
2.48701
2.48174
2.55744
