22.2324
11.8477
8.6494
11.2309
7.21508
6.40433
5.83
5.64615
5.32557
7.22398
7.43191
5.35314
5.57251
5.09372
4.78987
8.17676
6.47952
6.07935
8.47246
5.43118
6.9794
5.16963
5.00263
5.02973
5.18205
5.40119
5.50274
7.16704
4.76486
5.37787
6.11619
5.6906
5.47062
5.12512
5.09198
5.10051
5.97262
5.49688
5.11644
5.32689
4.88351
4.86972
5.16627
5.54854
6.02657
5.33827
5.84709
5.78665
4.95745
5.45735
5.73562
4.98903
5.20882
5.0441
5.04282
5.18177
6.64533
6.08977
5.49981
5.33035
5.0458
5.74265
5.35602
5.86159
5.23468
4.85511
27.7005
7.17912
6.22504
5.96866
6.08659
5.33092
5.63213
6.01793
5.47799
5.32884
5.77954
4.9101
5.53527
7.31061
5.09365
6.10613
5.12364
5.0781
5.21865
5.23361
4.90535
5.61143
4.675
5.28363
6.10886
5.7225
5.24413
5.3691
5.10992
4.9679
5.24502
5.52208
5.27783
5.97954
