163.923
151.517
175.219
12.0552
97.9137
11.7723
11.3977
11.4402
11.6485
11.4839
11.5347
11.3678
11.4013
11.4834
11.3801
11.4379
11.4055
11.3973
11.4495
11.3885
11.4427
11.3839
12.077
11.6562
11.4973
11.5247
11.4748
11.8988
11.5113
11.5296
11.4307
11.3898
11.4865
11.4118
11.3811
11.4069
11.5319
12.1042
11.8963
11.8667
12.1104
11.856
11.8984
11.7317
11.6415
11.8306
11.983
11.5525
11.8859
11.4794
11.4683
11.6367
11.4777
11.4264
11.4031
11.3699
11.4054
11.4598
12.0279
19.0385
11.4464
11.8026
11.7917
11.6537
11.58
11.476
11.3868
12.3971
11.4351
11.9533
11.9878
11.408
16.4228
11.4362
12.8301
11.8844
11.7409
11.5915
11.8483
11.7177
11.8197
11.5579
11.6002
11.6844
11.7625
11.7023
11.5289
11.9041
11.9735
11.4371
11.993
11.7474
11.5833
11.5798
11.6669
11.4292
11.5592
11.4303
11.6401
12.197
