80.9945
177.529
227.536
174.687
3.26224
5.05303
3.23604
2.92897
98.8077
3.06958
3.31325
2.97214
3.55862
3.36395
3.06292
2.98518
3.13284
3.13313
3.10087
127.547
2.92894
3.27463
3.042
2.97837
2.9447
2.91055
2.90076
2.90667
2.89757
2.93654
235.868
3.55182
3.06282
3.00738
2.96337
2.92017
3.17958
3.14813
227.045
3.10508
2.97248
2.96116
2.94
2.91365
3.09566
2.93287
2.91672
3.13217
2.91756
2.89276
3.16273
2.98744
2.95187
3.04048
2.92017
2.94779
2.97252
2.89381
2.9107
2.9246
2.91353
2.91915
3.06432
2.94082
2.98532
2.99033
3.12934
2.92827
2.89024
4.12832
2.89072
2.87973
2.90281
2.89875
2.91358
3.0059
2.89726
3.07358
2.90527
205.222
2.92101
3.19995
2.90463
3.23915
3.19095
3.16028
5.28366
3.07907
2.98427
3.09995
3.09833
2.90952
2.89435
2.8868
3.01604
3.20479
2.981
2.90411
2.90367
2.95229
