7.77509
7.76015
8.31537
7.61902
7.64258
8.04149
7.69527
7.65107
7.64994
7.89246
7.63439
7.63796
7.62947
7.81365
7.60987
7.63673
7.63658
7.66374
7.6335
7.92176
7.63488
7.62549
7.63704
7.63826
7.79878
7.67626
7.85415
8.47437
7.68986
7.65937
7.64759
7.66088
7.66137
9.06702
7.81479
7.82664
8.44251
7.87423
7.89611
7.63359
7.62394
7.62035
7.96992
7.90497
7.72658
7.88324
7.7141
7.83838
7.95271
7.88119
7.88488
7.92626
7.82413
7.79441
7.94376
7.68016
7.8327
7.86658
7.75064
7.84418
7.69906
7.71645
7.86064
7.74888
7.76933
7.77317
7.73398
7.86858
7.75164
7.82648
7.79945
7.73178
7.77086
7.80184
7.71908
7.6915
7.84491
7.76592
7.80233
7.67523
7.70018
7.64331
7.61126
7.62058
8.872
8.40893
7.94052
7.68036
7.99327
7.70604
7.8192
7.90329
7.71504
7.68805
7.67461
7.79545
7.68173
7.66393
7.80806
7.84608
