7.81205
7.83633
7.95669
7.8611
7.9464
10.036
7.7531
7.82946
7.72
8.09848
7.99964
7.79793
7.72303
7.62614
7.8375
7.96344
7.81391
7.75141
7.70734
7.76896
8.08215
7.82765
7.83874
7.94715
10.7464
9.40814
7.64931
8.03286
8.02959
7.84861
7.84652
7.77368
7.84311
7.99206
7.84537
7.71567
7.84509
7.88488
7.82856
7.71842
7.70538
10.3588
7.69458
7.79881
9.4507
7.8713
7.82832
7.67145
7.62902
7.57894
7.59336
7.55925
7.56882
7.56475
7.79928
7.9244
7.58375
7.57102
7.61502
7.88736
7.8675
7.94991
7.77063
7.69603
7.6648
8.10809
7.83618
7.89619
7.79106
7.62818
7.72515
7.58554
7.56373
7.58266
7.77615
7.81393
7.66317
7.61463
7.60957
7.78802
7.6711
7.62162
7.80256
7.71185
7.66383
7.85069
7.73161
7.74683
7.57985
7.94281
7.85877
7.61456
7.56978
7.56769
7.57132
7.57336
7.55507
7.80471
7.60178
7.58877
