32.8443
231.43
15.5287
16.8392
15.6877
13.2766
13.1986
13.4812
13.8096
14.7633
15.5228
13.7429
14.3416
15.8981
16.671
227.206
19.7638
19.6646
19.1649
18.8678
19.5708
18.4955
18.2801
19.6693
19.9151
18.2758
20.1693
19.9672
17.5066
19.5113
19.4423
20.3945
17.1882
23.1072
23.0823
19.8681
19.7977
20.5669
19.7263
21.7412
19.79
20.4994
18.2724
17.9714
18.2091
19.0275
17.4811
20.8238
23.232
17.7831
17.3621
18.1041
18.5159
20.4704
24.9563
23.54
20.1802
21.3518
17.7919
23.2457
20.1612
20.4962
19.9381
20.2612
19.2183
23.1292
6913.94
19230
13.6294
13.2149
14.372
15.0167
15.1526
14.9235
14.4242
14.0311
13.1649
14.2165
14.9907
14.0416
19.169
16.9631
14.4334
14.6599
13.3728
15.3739
16.1219
15.6418
18.0232
17.5286
15.245
17.339
14.8833
16.7979
15.559
16.6729
12.5669
12.6799
12.1677
14.2707
