37.2777
31.468
26.1173
26.6478
26.3433
26.351
25.5104
34.0518
26.5937
25.5903
24.5454
36.2155
27.2775
25.3304
35.353
26.7528
36.6891
37.3987
26.4587
27.7734
26.1633
26.0302
26.772
25.8062
25.979
24.546
36.3048
27.3915
26.1252
26.5546
26.2115
30.2088
26.1603
25.8326
25.3693
25.6813
36.7342
37.0741
51.0403
37.4592
25.8062
33.7129
25.6023
26.2937
26.2993
27.9459
26.3435
26.0203
26.1158
27.9032
36.5284
38.0836
25.8972
27.0341
48.6985
26.5189
27.965
26.2597
26.2112
29.8765
35.8737
36.9687
27.6781
36.4618
37.4153
26.4639
25.736
37.4798
30.6691
37.2938
38.1379
26.7351
37.3652
37.9361
37.198
37.4253
37.64
26.2912
37.2192
33.1308
37.6166
26.334
37.4166
27.5129
36.7774
27.2971
26.316
37.3848
26.1055
24.8312
31.1852
30.1718
37.3105
32.7945
36.9762
31.6059
37.5885
37.2556
36.8536
37.5675
