211.129
4.34929
3.66158
4.72732
3.81945
3.48671
3.75157
3.51243
3.43081
40.5343
3.31841
3.62465
3.29949
3.53963
3.30753
3.31396
3.40003
3.35053
3.32664
3.38112
3.36525
3.33948
3.32228
5.90581
3.62563
3.85542
3.31077
3.39459
3.29525
9.36326
3.5548
3.42533
3.91955
3.52085
3.80765
3.30457
5.54579
7.73367
4.71515
9.37228
6.19829
3.75881
3.48659
3.35153
3.36352
3.37019
3.32301
3.31292
7.90293
3.46398
3.7773
3.36658
3.32823
9.03895
3.33752
3.93257
3.38529
13.5621
3.37145
8.80314
4.04699
3.30176
3.28879
3.28972
3.29733
3.35345
3.27966
3.30461
3.92867
3.30332
3.28942
3.27972
3.28034
3.8377
3.28911
3.3492
3.31865
3.3046
3.30739
3.36979
3.28796
3.29852
3.29175
3.27814
3.29129
3.30786
3.62689
3.64314
3.92009
3.29546
3.28805
3.29354
3.27327
3.34077
3.3293
3.51137
3.29217
3.31143
3.31225
3.30504
