516.695
62.652
333.29
84.4903
75.1334
295.378
89.2323
69.3249
48.5515
72.4495
45.4356
325.403
104.253
313.381
96.9359
362.266
74.3964
45.076
120.694
50.5181
64.6236
99.1793
277.133
74.3907
277.627
82.0942
50.4135
97.28
351.051
91.4644
103.896
348.731
338.147
162.369
78.2023
89.1858
101.291
133.214
355.223
389.829
79.8106
67.5695
116.557
73.2531
84.6562
109.54
78.9911
112.7
94.0444
302.621
331.85
347.961
91.2383
50.624
47.0707
104.13
48.7957
83.8576
47.2888
113.832
90.2356
52.5295
279.465
367.857
93.7395
378.142
84.717
100.76
92.3704
352.464
65.7272
106.433
114.889
108.054
119.037
200.191
99.5109
55.3777
326.269
267.953
311
373.18
101.327
112.577
97.1585
65.4652
116.267
323.489
77.7225
49.9793
110.171
98.3637
316.649
48.8003
110.064
104.212
107.585
82.4193
95.9981
55.1693
