379.034
8.80035
231.767
312.809
247.473
255.756
213.1
23.2595
90.5306
23.448
27.3248
7.853
13.293
27.7686
17.5019
26.4211
12.3488
294.113
21.4142
22.659
409.621
229.759
261.613
19.827
11.6821
353.086
14.2327
319.47
9.81585
347.689
26.1721
276.843
22.587
331.612
236.947
8.54384
304.967
23.7121
341.621
13.3246
10.4134
26.6877
28.4678
20.2832
20.5877
27.1538
10.9182
224.958
245.382
304.342
21.2788
251.017
8.19986
20.1494
16.0902
17.7374
27.6493
14.1417
22.9423
15.0866
10.4743
7.97063
7.5005
45.6888
29.1604
27.4462
19.0005
13.6902
10.6811
11.8519
9.89569
8.5249
9.5681
7.95862
10.9271
26.8914
13.1342
12.1345
258.937
10.9556
19.7436
11.1644
244.581
9.2157
8.98906
12.0681
8.73931
300.147
19.6612
14.5675
27.4968
226.81
7.37178
6.77522
10.1052
9.05605
27.8186
9.00281
8.54712
8.70885
