483.75
255.987
170.572
224.315
191.662
212.904
179.763
227.941
239.698
200.322
223.641
177.41
197.162
171.102
171.389
181.906
226.064
177.461
203.341
178.114
174.535
189.647
182.469
187.264
222.53
169.842
197.352
169.486
180.855
187.073
176.735
177.151
201.968
193.634
182.891
171.42
192.542
219.758
223.632
183.515
215.125
172.919
185.234
200.81
196.621
178.6
171.703
170.803
192.94
191.645
231.773
175.642
175.319
184.362
176.97
192.755
220.683
196.37
189.476
180.362
176.372
207.997
170.504
174.224
210.777
184.97
211.421
178.648
206.085
215.273
189.504
181.017
226.607
169.084
210.349
197.77
178.239
195.592
169.26
170.131
226.363
176.434
175.054
183.221
174.906
172.29
197.196
183.552
191.797
170.817
169.715
183.995
171.994
175.595
179.509
172.262
170.932
214.895
171.404
204.895
