45.6698
45.4402
45.2618
45.7993
45.0032
45.4786
44.1377
44.0165
44.0588
44.0346
44.0175
451.457
44.397
338.091
44.7332
44.2834
44.3436
44.3749
440.364
452.186
404.465
44.4007
44.6132
44.2998
44.2955
44.5936
44.5178
336.683
44.7946
44.7767
44.8407
45.0102
46.1396
45.1135
45.0582
45.1078
45.1789
44.7613
45.0509
44.9543
45.0952
45.0406
45.1087
44.9043
44.9673
44.9438
45.0947
45.1
45.0023
436.424
44.9803
45.0528
45.0664
45.0809
45.0825
45.0156
44.9599
783.855
351.536
453.158
44.9133
44.9301
44.8524
45.0023
45.0726
45.0916
45.0125
45.2877
44.5183
44.4675
45.3095
45.0208
45.0808
44.931
44.3401
44.8733
45.1012
446.894
396.4
44.4792
44.9879
45.0672
554.022
467.81
44.4715
44.9844
45.002
45.0067
44.9648
44.554
45.0825
44.8531
45.0698
44.9596
44.3571
45.0742
45.1547
44.9776
45.0339
45.0714
