351.239
100.384
48.5714
25.5022
47.5493
27.0878
64.3768
56.3537
16.3824
54.0107
38.8131
46.2368
24.3396
24.7423
14.9324
21.8916
14.7716
16.1237
28.6678
44.713
15.3431
14.6775
15.3529
225.814
42.0019
51.6232
17.381
58.1363
23.4786
14.7954
15.0059
15.1362
14.6958
40.2847
58.8729
14.8046
14.7139
14.6715
15.1482
14.7541
15.1265
14.6748
14.7542
60.3273
15.2869
14.7949
15.2567
49.0908
25.5264
14.7191
54.8231
60.4027
17.1038
25.0193
14.7201
62.2585
27.9794
15.463
14.8453
67.2644
65.2577
25.0107
50.3114
28.2218
45.359
22.1095
14.9586
14.678
52.827
23.3328
61.2246
14.8899
31.5005
14.7462
14.7854
14.6913
14.7124
14.6889
56.2433
16.177
14.8788
14.8361
14.781
14.9765
14.9879
14.8947
14.7613
14.8503
14.5967
15.2891
67.0556
61.2059
32.7499
59.4395
17.181
14.7319
15.4051
41.93
14.8869
15.0576
