145.722
298.047
243.824
244.697
243.311
5.13333
4.42225
249.83
248.636
154.582
3.50859
237.317
3.58849
3.64104
3.7639
235.061
3.64594
149.568
4.44451
3.55644
233.624
3.74648
241.412
153.675
232.14
234.574
244.452
244.671
155.392
3.63109
3.69433
3.70509
3.80076
246.049
248.503
4.46316
4.25489
4.29052
247.384
4.20866
245.662
247.774
249.072
4.43952
244.858
243.813
4.48451
255.453
4.26379
258.613
247.159
4.28207
4.35056
260.094
250.317
4.30952
4.49909
258.967
4.27886
4.17035
265.329
245.293
259.182
4.67305
4.46596
248.039
258.85
256.05
4.2522
250.05
4.45118
4.2895
4.2679
4.43431
262.344
255.965
246.098
257.869
245.681
254.358
4.41008
261.191
4.47733
248.461
261.561
257.171
246.472
260.372
247.078
4.13482
249.946
4.28893
248.706
246.768
246.773
245.843
248.775
246.798
243.812
257.979
