1116.18
655.157
657.686
3334.85
945.734
639.01
660.76
648.414
749.096
583.846
691.105
610.498
582.372
634.156
582.748
589.887
579.55
583.823
569.297
693.569
580.018
572.462
578.339
577.121
573.712
569.418
641.558
651.099
744.575
779.694
579.457
564.425
663.833
587.141
579.766
575.434
564.555
587.57
559.694
570.519
581.702
568.596
571.848
571.985
31361.2
554.946
510.919
515.234
552.745
599.439
585.274
526.15
508.554
526.507
525.958
1591.54
1138.03
531.981
523.931
528.87
523.156
535.124
540.767
526.427
520.748
544.38
532.666
515.158
524.376
506.954
528.708
528.494
525.397
511.267
520.225
512.473
513.828
523.057
507.444
521.756
521.824
528.072
517.409
526.315
508.894
519.32
510.819
514.948
532.327
540.372
514.094
514.642
507.004
510.662
516.049
519.398
520.085
537.819
509.937
515.253
