5.94769
3.93061
4.50989
4.30868
4.27054
6.56276
3.98217
3.85752
4.54561
3.88903
4.56042
3.91975
3.83015
3.86639
3.91771
3.81078
3.83873
3.80734
3.82558
3.87923
3.87134
3.85034
3.80792
3.90786
3.83137
3.84303
3.85983
3.80719
3.82344
3.81054
3.80675
4.83261
3.88064
3.85615
3.85023
3.82639
4.48743
3.95733
4.43691
4.46279
3.88314
4.40809
4.25262
4.10807
4.47916
4.16437
4.4569
4.28324
7.05461
4.42103
6.83579
6.06042
6.76148
6.81055
6.79067
4.41246
4.33144
4.39751
3.99932
4.18193
4.47068
3.96751
4.46019
4.44847
4.44289
3.97977
4.30882
4.43675
4.12897
4.04269
4.34407
4.25021
4.09249
4.16555
4.13927
4.32601
4.11129
4.36779
4.28116
4.17476
4.36773
4.12415
4.18813
4.16217
4.02238
3.91933
3.88642
3.88344
3.86504
3.80845
3.98023
4.30529
4.52906
4.2508
4.28639
4.18867
3.97778
3.83884
3.86545
4.25861
