370.263
139.736
140.057
140.001
57.4793
56.7155
143.672
137.628
137.376
194.766
137.074
137.458
138.52
53.1409
142.036
55.2458
54.3948
143.201
139.719
54.0621
156.611
56.1552
55.928
54.5842
55.6989
53.8385
54.1789
459.624
56.544
172.195
139.977
139.072
56.6598
58.6611
54.7587
54.197
145.972
134.303
54.9256
54.679
54.3614
54.0749
54.4754
17023.9
26.6339
498.962
306.766
21.015
443.141
736.156
34.4827
299.451
22.2292
27.1743
26.0385
318.769
267.791
24.4078
20.8953
27.4524
27.002
21.7816
20.7849
22.0552
23.5546
27.3318
260.331
190.647
299.308
53.2095
52.7053
45.2569
33.103
25.8947
21.4157
21.6629
21.6804
26.9171
20.7852
24.1805
27.1445
30.0283
32.6425
38.7181
49.2865
58.4434
57.3696
56.7507
47.716
52.1904
57.1273
59.2282
53.0688
58.9653
56.8063
57.0605
56.1309
57.3921
57.1033
55.4223
