509.233
262.284
32.3286
323.693
259.594
22.9418
25.5389
29.5978
22.8947
242.685
31.4548
266.271
31.151
26.8028
25.7303
33.7495
25.0369
249.047
27.7804
29.5568
28.5068
29.3301
24.981
242.098
38.6835
243.148
28.5198
34.1467
25.2106
28.2632
29.0761
26.5604
304.936
27.8671
30.8996
30.7221
25.2902
24.3065
25.2734
25.0042
32.6187
25.0772
30.7462
23.4978
33.0983
24.0766
246.584
26.6672
38.3284
34.0097
261.504
29.1829
28.3593
34.0187
23.354
24.4833
34.3886
38.9483
21.7151
27.1246
22.6669
33.9128
294.275
30.3614
269.833
27.8272
242.148
26.5177
243.681
20.7339
27.3125
25.8806
263.267
26.0559
28.0401
24.1192
25.2519
35.14
251.758
34.1699
26.5604
35.8008
25.8867
24.6546
247.55
30.0159
280.457
32.8623
314.572
39.1564
272.072
35.5633
238.06
29.6466
34.1391
24.9199
243.808
28.2818
31.3316
26.946
