8.80032
4.08529
4.0294
4.29204
4.0229
3.93865
4.13073
7.8884
4.06418
3.97961
4.05398
3.94711
4.22577
4.13504
3.87797
3.91472
4.2799
4.20953
4.10591
3.95804
3.91806
3.92192
3.96601
3.93229
4.6084
4.36549
4.11799
4.18324
3.9222
3.94885
4.32104
4.00934
3.98808
3.96207
4.22932
3.94397
3.94027
4.13044
5.28029
4.96629
5.02125
4.03389
3.97776
4.29933
4.21001
4.20329
4.12458
4.04047
4.06501
4.24834
4.11809
4.09274
4.02313
4.2628
4.20247
4.11203
4.05389
4.03347
4.14956
4.03421
4.14991
3.92582
3.93803
4.38484
4.10661
4.08838
4.08107
4.04809
3.92778
3.93098
3.91999
3.96787
4.14128
4.1876
3.98312
4.15048
4.06276
4.05603
4.23634
4.26525
4.18279
4.09738
4.1404
4.26212
4.20243
4.25787
4.1509
4.4101
4.27899
4.29057
4.13668
4.0815
4.02746
4.02352
4.25674
4.30141
4.18484
4.03675
4.02461
4.00722
