336.655
316.524
238.827
177.785
297.214
285.191
228.068
304.945
20.1208
376.087
304.884
15.7411
243.642
27.0947
29.7619
315.17
299.737
15.9808
22.3902
16.0522
35.1914
15.5471
25.5455
238.364
14.9441
295.18
21.5681
306.069
224.664
306.562
286.04
291.546
32.2686
286.482
21.4762
284.144
15.1496
229.674
286.194
261.356
327.101
25.1798
31.4694
282.469
35.7089
280.653
221.125
219.788
224.959
23.3938
306.124
276.463
222.759
327.043
294.345
220.287
20.186
300.744
25.6436
304.994
277.951
16.8263
29.5731
17.7858
15.2552
15.2398
355.592
18.9953
15.7725
28.1989
27.3976
15.4467
15.1096
15.0273
15.2059
15.5735
15.5177
14.9312
15.0201
217.413
14.852
327.822
31.3765
281.226
299.534
306.154
15.7615
296.552
235.512
35.0884
15.901
312.235
263.028
298.754
21.1634
229.254
221.771
21.1588
271.626
286.004
