8.20094
4.55704
5.06035
3.5715
3.71091
7.8714
3.64286
4.45403
3.70669
4.39962
4.32636
3.63703
3.61501
3.61413
3.59722
4.51817
4.46381
4.33291
4.09922
4.67188
4.19017
4.17935
3.98165
4.088
4.44556
4.36608
4.18061
4.36351
4.01155
4.22488
4.29772
4.20295
4.5518
4.19877
4.27879
4.09709
4.56641
4.0144
4.38033
3.97137
4.1409
3.72462
4.15363
4.01105
3.87678
3.58984
3.5831
3.5914
5.19332
3.57406
3.61722
3.54839
3.59264
4.30656
4.1922
3.69664
3.86408
4.39308
4.46813
3.65224
3.62976
3.66495
3.6357
3.61108
3.58661
3.59359
3.62311
3.56296
3.80075
3.56889
4.47409
3.7099
3.59447
3.58427
3.57815
3.61936
3.60077
3.5644
3.62775
3.74257
3.5794
3.58557
3.58055
3.59573
3.82411
3.61953
3.68483
3.59263
3.58733
3.57668
3.6158
3.61877
4.70408
3.62036
3.92325
3.57622
3.56236
3.55365
3.55813
3.66416
