214.423
203.975
176.549
172.752
82.9811
173.373
173.282
190.845
162.407
4.93559
3.83479
3.90394
7.90786
90.871
3.53864
168.734
106.813
3.55814
3.47584
164.58
5.00202
7.69799
6.07868
3.98387
4.16146
141.111
7.05933
7.19116
5.21635
4.90203
4.72767
5.07464
5.51535
4.42628
94.0727
4.35313
4.47506
7.36587
3.95679
3.79319
3.68089
4.1839
3.67221
3.59501
3.99989
92.0582
3.75324
3.60701
3.60677
4.74579
7.34798
4.46473
4.42189
4.37101
4.43524
7.53724
4.4742
46.5335
20.9592
88.285
4.26809
7.74767
4.34552
194.189
6.75022
6.99474
6.99895
4.4438
4.39441
234.006
5.62133
6.29066
4.27583
329.046
4.60214
4.12882
138.586
175.839
306.829
4.34573
7.90526
242.699
4.74791
173.298
160.214
6.38398
4.51947
288.288
6.57283
6.70395
7.38938
273.173
124.951
6.38191
5.07746
6.35473
8.95914
4.69022
6.10689
4.43892
