11.671
10.7075
10.1648
10.3579
11.1264
10.9155
9.61627
9.51878
9.70115
9.72487
9.68952
9.69421
9.69979
9.73376
9.90188
9.92172
10.024
10.0176
10.1367
10.1733
10.302
10.4743
10.9079
10.6672
10.9374
10.4893
10.9308
11.1355
10.9586
10.768
10.7981
10.7886
185.396
10.8817
9.64779
10.4503
10.7055
10.8426
10.934
10.7687
10.8683
10.826
10.8192
11.0042
10.8083
10.7669
10.8642
10.8069
10.9168
11
10.6964
10.7829
10.8505
10.9084
10.7984
10.8113
10.7855
10.6692
10.8388
10.7937
10.9294
10.7888
10.9294
10.8083
11.271
10.8772
10.8493
10.844
10.7512
10.6924
10.8421
10.8465
11.0212
10.831
10.7668
10.8269
10.8216
10.8856
11.255
10.9425
10.8668
10.8738
10.719
10.7787
10.8933
11.0844
10.805
10.777
10.7844
11.6343
10.912
10.8876
10.9132
10.8084
10.8646
10.8913
10.8361
53.5234
10.9701
10.9584
