21.8891
19.8543
20.12
26.1844
19.9551
22.4672
19.4218
26.6443
27.9143
19.3762
24.223
19.5247
19.544
19.3385
19.0894
23.6085
19.2331
19.3683
20.6456
24.3366
19.5795
19.7624
19.6269
19.2178
19.8515
19.482
28.1144
27.0671
25.5219
19.723
19.6481
19.3
19.6998
19.4078
20.0248
19.5967
19.4323
19.3248
19.3981
19.6096
19.6004
29.3963
29.1924
27.5815
24.1562
25.1523
19.9592
19.8199
19.6167
19.4591
31.7603
19.4823
20.4434
20.6838
27.0542
30.6529
21.9972
19.9813
19.4588
19.3343
19.5262
19.4233
24.491
28.9694
19.8636
28.4297
19.6421
20.3166
30.5093
30.0444
19.9748
20.1219
23.6586
20.7969
20.8085
20.2221
19.7
19.5247
19.7869
19.5866
28.0676
27.0279
20.9595
19.8343
19.9102
19.8643
21.1165
19.4854
24.4275
25.1624
19.5391
28.7866
25.289
27.1895
31.5253
27.3611
19.9622
27.7451
25.6623
19.642
