339.406
288.318
290.995
233.456
53.3135
49.3857
15.6856
34.0698
15.1541
30.9255
15.4917
28.9813
333.846
232.337
221.799
223.005
304.848
286.087
219.185
229.693
302.022
293.671
222.57
304.646
314.854
305.567
305.833
286.968
284.379
304.897
281.157
22.6568
286.435
227.081
225.807
308.457
276.729
300.499
225.063
230.596
26.4397
52.7855
15.7796
14.9545
284.037
28.4843
238.044
227.881
224.214
230.402
228.55
230.858
235.784
298.349
235.804
229.506
225.776
234.572
367.637
222.124
303.568
306.659
235.045
229.567
227.545
239.638
28.9677
14.9679
27.8807
36.9689
23.3897
39.1126
53.2543
30.182
26.875
246.542
225.589
231.412
291.424
229.019
232.949
276.717
290.494
229.135
292.998
24.1047
26.6393
19.4365
17.0431
26.623
19.5426
17.7925
22.2412
22.4408
35.425
30.4269
246.746
227.667
284.619
290.336
