41.382
41.1473
40.4695
40.3884
40.6194
40.4154
40.475
40.4405
40.9548
40.5286
40.125
40.6478
40.1109
40.2209
40.3183
40.1171
40.0459
40.1333
40.0522
40.2383
40.3998
40.149
45.1227
40.2085
40.3074
40.181
40.1067
40.3958
40.2095
40.1495
40.0811
40.0431
40.1099
40.7595
40.0827
40.0924
40.1
40.0496
40.0987
40.0963
40.1316
40.3646
40.0682
40.0425
40.0722
40.1049
40.0626
40.0677
40.1324
40.0208
40.8237
40.0587
40.4015
40.1966
40.2717
40.1264
40.3041
40.2158
40.0675
40.1306
44.0116
40.2304
41.5045
41.3538
40.1007
41.6967
40.5043
40.4242
40.2264
40.3093
39.9995
40.2178
40.0618
40.1178
40.264
40.0567
40.7263
40.027
40.0517
40.3884
40.4635
40.0781
40.0004
40.008
40.3391
40.1956
40.0089
40.2259
40.0228
39.9946
39.9943
40.0442
40.244
40.2362
40.1354
41.5997
40.0484
40.2408
45.545
40.1406
