444.486
82.2071
53.3739
83.5544
82.3491
34.9165
83.0004
70.4157
64.8237
30.1721
30.3387
66.3257
33.4179
82.0086
73.5847
70.7984
37.317
54.2925
39.322
63.595
33.6791
39.3795
58.5202
78.8192
85.9775
89.0099
34.6297
63.7952
33.1377
80.6469
34.0584
67.6636
32.6678
65.9091
36.5889
32.1999
30.6446
84.1521
69.0116
61.6746
31.1957
51.6188
34.1363
32.8717
81.5551
80.4065
41.7594
29.9707
60.7564
31.3613
33.7569
28.9893
34.0771
80.2666
32.2029
87.9141
72.0246
68.6605
67.788
35.1031
86.9923
67.046
83.078
76.4966
43.5448
86.2918
88.5684
71.0807
85.8698
84.0851
84.8411
80.9458
87.0028
39.5088
35.5943
82.5394
30.1376
81.9718
47.6916
32.8977
58.7064
49.1042
77.6093
80.6043
45.7305
32.1744
31.3523
65.113
31.7979
29.0988
44.8517
31.9922
76.2936
32.2913
84.9648
71.3756
81.4147
43.8388
64.9228
74.9889
