21.2762
21.2596
22.1619
21.7457
22.6506
24.8217
21.9361
21.8978
21.7808
22.0075
21.893
21.7183
22.084
21.1642
19.9236
22.384
22.1743
22.5973
21.9026
22.5572
22.3558
21.9134
21.4481
22.8091
22.2901
22.0462
21.4753
22.1814
22.3431
19.9548
21.7082
22.0567
22.7147
22.3185
22.4097
21.7806
21.1028
19.7658
22.5945
22.843
19.6871
20.0387
19.7556
19.8048
20.968
22.327
20.0191
19.8248
19.8514
20.0841
22.8513
19.7981
20.0328
19.7478
19.6116
19.5303
33.423
19.9301
19.6509
19.8908
20.182
21.8871
20.0412
19.6919
21.7095
22.6477
19.7167
22.0066
22.5824
20.0623
22.1396
22.3656
20.1952
19.746
22.6811
20.1239
19.6922
19.6335
20.1045
19.7628
22.8963
22.6555
22.4482
19.8255
22.2935
22.5492
21.9629
20.053
22.2278
20.1422
20.0412
19.9226
22.0063
19.7387
23.0206
22.1415
22.2737
21.5136
21.7731
22.244
