524.667
20.5301
18.4731
18.0417
19.6527
17.994
18.9698
20.0371
20.2768
19.459
19.5054
20.2249
19.2229
18.901
19.7853
18.0544
18.0703
18.0664
18.0928
18.0195
154.022
18.4292
19.9767
18.0855
18.2591
20.5889
21.7117
26.8658
20.3001
20.4903
18.1996
18.1078
18.0253
34.0089
18.0714
17.9525
20.04
20.2437
18.0159
18.0296
18.4329
18.7362
18.6249
20.7859
18.6151
218.721
18.1796
38.0802
18.0644
17.9772
215.237
17.9848
18.0175
19.5706
18.0057
19.227
17.9834
20.3156
19.7617
18.9747
19.2576
18.1282
18.1357
18.6448
70.4652
19.7305
21.4088
19.3125
18.101
18.1986
20.1522
20.136
19.77
20.4992
81.0329
19.0663
22.1928
18.1798
18.1198
18.2119
154.11
210.275
19.6516
18.3207
19.4201
18.1999
18.3658
106.51
18.1126
106.984
18.182
18.1273
18.2624
18.409
17.9299
18.1164
17.9229
194.154
18.7107
17.9462
