180.265
4.23841
3.46198
5.61155
3.42861
29.9514
25.1103
3.67345
3.97502
3.61507
3.48963
3.7978
30.8381
28.8642
29.4572
31.4492
3.61911
3.5814
3.52692
6.5806
3.50149
3.53152
3.47074
3.47143
6.16118
3.55682
6.75236
3.57906
24.5052
26.8736
4.46977
28.4872
28.3166
24.007
28.3859
3.84118
3.53884
3.50294
3.65794
3.47597
3.45836
3.46961
3.44307
3.44227
3.4579
3.78798
3.49032
3.58203
3.65936
3.80062
3.47326
3.59779
3.58074
3.52659
3.4518
3.45639
3.47926
3.4704
3.49621
3.8667
3.51272
3.46983
3.46629
3.46378
3.46037
30.0645
6.11738
3.47865
3.61413
3.44884
5.61105
3.49544
3.45475
3.45664
29.2747
3.68138
25.045
3.56206
3.50772
3.47913
3.45784
3.51383
3.44259
3.45759
3.46658
3.76796
22.1676
3.69294
3.4372
3.53874
3.70775
3.50442
3.46633
3.50405
3.45495
3.44637
3.49488
3.50419
3.47786
3.45629
