26.3635
22.5165
22.3788
22.203
21.9539
24.9936
22.3105
22.2016
22.1294
22.1778
22.1042
21.9764
22.0713
21.7586
22.1031
22.443
22.2388
22.173
22.2662
22.3833
22.0319
22.1359
22.0291
22.2293
22.1595
21.9034
22.1756
22.0786
22.067
22.1645
21.9389
22.1896
22.1031
21.8869
22.418
22.1075
22.2622
22.2676
22.0398
22.1491
22.3419
22.4061
22.133
22.3385
22.367
21.9307
22.0604
22.4063
22.2338
22.3782
21.997
22.4103
22.1607
21.983
22.3172
22.2152
22.1337
22.241
22.431
22.4406
22.3252
21.9762
22.1098
22.1944
22.0854
21.9981
22.0767
22.09
21.84
27.0205
22.5089
22.0075
22.1214
22.2483
22.5051
22.0917
22.137
22.1172
21.9085
21.8836
22.0255
21.9804
22.0104
22.0907
21.9455
22.1305
21.9565
22.0589
22.193
22.0378
21.9783
22.3002
22.1148
22.4321
22.1577
22.4683
22.1211
22.2915
22.3145
22.2126
