239.045
14.0004
14.0438
14.1307
14.1356
14.1573
14.1896
14.3266
14.275
14.3238
14.2921
14.2396
14.4689
14.4201
14.4307
14.4976
14.5884
14.4939
14.633
14.5209
14.6261
14.6534
14.4408
14.4125
14.4965
14.5795
14.5541
14.6304
14.3536
14.6511
14.4884
14.8909
14.6528
14.5912
14.4593
15.65
14.4498
14.6024
14.6614
15.1069
14.8302
14.5891
14.6904
14.9023
14.6798
14.5281
14.593
14.6928
14.5144
14.9967
14.5437
14.6354
14.68
15.1976
14.5433
15.0665
14.4915
14.8239
14.5824
14.1116
14.0354
15.1429
15.0936
14.7528
14.1133
14.176
15.03
14.0777
14.8381
14.6892
14.6857
14.6887
14.1397
14.332
14.3716
14.765
14.3303
14.8267
14.6191
15.0169
14.5305
14.7518
14.5532
14.2416
15.4551
14.8438
14.7189
14.8341
14.5514
14.9911
14.7941
15.5219
14.8936
14.6336
14.6652
15.3366
14.2315
15.1312
15.9407
15.2373
