762.002
237.809
249.629
246.124
258.751
261.512
231.391
258.771
248.034
226.271
239.812
257.083
244.88
228.191
233.001
222.043
223.82
254.134
231.036
237.157
222.903
238.212
227.793
237.887
232.98
226.728
242
249.109
226.613
232.38
229.175
242.453
231.846
227.254
234.937
228.279
237.138
265.045
260.11
263.013
254.977
261.69
254.111
256.622
257.779
236.331
230.37
232.091
234.471
250.116
232.517
228.509
231.894
229.466
236.189
224.778
245.525
227.189
225.867
246.286
230.438
242.923
247.278
237.961
233.219
234.836
226.66
225.845
228.732
250.139
226.442
228.601
226.463
232.92
230.084
235.549
234.004
223.945
231.828
248.58
225.594
224.137
258.184
242.871
230.342
228.052
225.892
233.799
229.15
233.713
227.19
233.526
226.678
228.304
226.322
254.378
227.826
226.691
235.132
230.451
