484.129
153.438
156.706
164.483
150.28
149.002
149.11
158.54
174.084
149.704
150.28
160.099
158.553
154.094
151.705
149.586
151.309
162.902
170.607
151.723
151.98
151.65
165.084
150.438
177.956
150.679
157.566
183.142
167.257
155.586
158.749
152.082
183.96
151.673
150.827
150.321
175.931
150.804
165.925
151.477
160.204
151.923
158.115
158.845
169.892
172.749
168.842
151.328
160.281
190.931
159.887
152.732
154.194
150.926
156.717
191.305
154.553
157.158
150.415
156.022
164.241
154.957
151.475
153.962
166.274
153.046
152.565
150.818
168.708
157.207
152.03
150.965
158.102
153.912
191.71
166.744
179.725
152.693
151.931
152.163
155.311
158.274
155.469
180.742
152.611
151.7
162.717
175.487
185.774
152.078
152.622
151.236
194.332
170.568
177.054
152.308
169.896
151.056
179.678
150.82
