333.025
323.556
216.523
208.199
202.753
5.13069
4.01218
298.299
3.69578
228.402
323.835
4.72465
3.80266
300.168
254.52
154.223
3.54379
220.688
315.188
216.641
267.889
3.3954
261.944
309.84
316.282
282.195
323.294
347.745
4.15014
305.992
278.698
119.19
3.92623
296.602
199.263
346.348
269.069
286.332
207.122
205.956
208.203
279.739
281.37
201.103
299.146
271.481
270.352
161.924
4.79389
4.62999
5.13393
5.52871
4.83926
4.48811
5.13197
4.96204
4.85261
4.93547
239.56
224.212
217.446
319.04
341.053
132.329
3.38925
3.39216
3.93074
3.63626
3.62727
219.375
328.635
303.423
280.654
333.718
329.116
4.20028
296.57
5.5971
313.774
319.166
331.273
287.901
4.42784
4.18336
5.78223
5.10315
23.5421
5.41489
4.7376
3.69171
5.27752
4.21047
5.03242
5.50126
5.11308
4.88854
5.36699
5.29166
4.9147
5.08133
