5.00472
4.13769
3.80248
3.95864
3.83185
3.8179
3.86076
3.76412
4.01039
3.81522
3.83414
4.07869
3.76008
3.82979
3.79631
3.77276
3.77401
3.78839
4.12137
3.81496
3.82573
4.21892
3.90625
4.07083
3.76737
3.8211
3.77114
4.45878
3.81556
3.76882
3.85468
3.81778
3.74989
4.41912
3.98887
4.01653
3.82529
3.78477
3.76584
4.18076
3.83087
3.82062
3.8275
3.85605
3.78879
4.13071
4.04533
3.88176
4.31633
3.78851
6.06285
3.86726
3.80022
3.75784
4.15381
3.88615
3.9113
3.79699
3.80408
3.89102
3.79671
3.75897
4.02721
3.95137
4.035
3.91017
3.77128
3.73931
3.79187
3.81519
3.88049
3.87529
4.03362
3.84346
3.95671
4.1126
3.88837
3.83686
4.50931
3.89723
4.10333
3.81867
3.81523
4.15592
3.89052
3.87167
3.88994
3.84058
4.11207
3.95382
3.87161
3.8593
3.78058
3.81629
3.7516
3.80753
3.80501
3.90533
4.28229
4.02203
