196.366
99.2336
5.29249
4.16764
4.04204
6.40052
8.96534
6.59932
5.71416
6.36538
6.38189
5.96823
3.45555
6.48
6.63372
6.06503
5.61293
6.55856
5.54619
241.244
5.12818
5.35878
5.11783
5.18077
5.33383
5.25511
6.66752
4.39182
5.17507
3.85774
3.7355
5.31725
6.61474
6.65124
6.47729
5.14668
4.94925
4.88494
5.98498
6.15263
6.22883
3.56489
5.1929
3.61104
4.22592
3.19818
4.13471
3.31245
6.25872
3.29724
3.31087
6.38245
6.20453
8.45851
5.24904
5.69477
5.00378
6.2115
5.66567
5.72765
5.57728
5.17526
4.98381
6.2297
5.25906
5.11798
5.58448
5.09666
5.86632
7.65373
8.25016
5.74871
5.19462
6.61522
6.49362
6.12847
3.51822
3.33672
3.29311
4.16821
3.79831
3.76503
3.24254
6.62023
4.665
6.44815
6.33062
5.51443
5.3856
5.27178
4.03525
6.16072
5.75693
4.5307
3.32404
6.16672
6.8236
3.31801
3.35818
6.18522
