7.68026
4.05376
4.05554
3.92897
3.89471
3.96355
3.96983
3.86721
3.8635
3.84542
4.10335
3.87409
3.91335
3.87523
3.88345
3.86441
3.98539
4.05823
3.97016
4.08631
3.89359
4.401
3.84376
3.84512
3.86568
3.87846
3.86826
3.83896
3.82463
3.81954
3.9304
3.81375
3.93799
3.81486
3.81567
4.35449
4.0848
4.34768
4.03152
3.89985
4.13201
4.08426
4.14659
4.37166
3.88304
4.05384
4.09382
4.05551
3.83103
4.29773
3.85676
3.86079
3.82605
3.82305
3.82759
3.79836
4.02607
3.92302
3.86247
3.83406
3.84689
3.87217
3.82388
3.81376
3.8706
3.85225
3.84642
3.85091
3.83788
3.89623
3.88849
3.80649
3.84487
3.83423
3.98816
4.38492
4.35174
4.03123
3.82619
4.27835
4.14783
4.09272
4.04139
4.25747
4.18823
4.12814
3.93212
3.89746
3.86434
3.82225
3.8716
4.22841
3.85411
4.23968
4.23628
4.23503
11.3869
4.24551
6.63676
5.02015
