25.9321
13.3769
12.6608
9.00158
20.386
23.8441
7.85717
6.56099
6.89495
6.06242
6.51166
6.21393
6.3409
6.11034
6.00965
5.7931
13.2898
5.83497
6.46964
7.68833
6.15811
7.71018
5.76528
8.69049
6.94792
6.54962
6.15457
6.47068
9.59733
6.64545
7.75959
19.6109
5.70233
7.01935
8.06455
6.47284
6.2477
19.6724
20.42
21.0485
6.54509
6.68338
7.04797
7.22504
6.37971
5.95158
6.08722
6.26299
6.04203
19.4969
6.73454
20.8807
6.3371
6.62249
8.20088
21.0019
9.37263
7.59744
11.0176
11.1925
6.34622
6.68044
6.41868
6.70662
6.34432
6.61798
20.466
6.54049
6.04682
6.29275
21.6138
15.1976
7.0438
6.55856
6.45766
6.20889
13.0113
20.1258
9.52441
20.0952
9.04551
9.24221
9.9332
17.9458
22.8945
10.3762
7.29097
6.08744
7.09647
20.9975
7.52313
6.56986
6.03291
6.98152
5.93397
6.05711
7.12865
6.34147
6.1712
6.00965
