1410.32
88.3269
84.1063
133.906
141.952
44.5875
141.036
111.444
655.143
136.761
170.41
465.118
108.925
96.8574
140.65
135.872
49.2923
47.3882
431.566
112.111
154.021
706.309
111.659
599.796
148.021
106.006
106.084
193.985
124.646
109.123
441.996
278.441
225.697
580.68
149.375
582.462
501.166
111.683
111.349
202.822
594.649
465.301
202.815
113.068
612.612
202.426
536.061
233.644
204.131
212.959
621.341
505.952
1090.01
212.087
581.93
204.421
995.415
202.722
193.806
559.434
194.166
547.669
205.883
108.054
113.98
278.947
113.666
111.085
111.114
1504.27
91.9048
89.2358
92.8533
1121.99
148.733
994.438
195.894
198.961
196.935
217.154
208.826
204.369
278.846
195.493
199.061
168.899
231.59
223.696
199.677
194.728
281.138
206.622
199.253
198.941
195.275
195.434
196.365
168.401
194.719
200.956
