356.704
88.2689
186.481
16.493
190.611
13.2797
189.673
17.1891
192.969
13.439
27.7866
27.9931
27.9302
28.3596
28.3647
28.5976
28.2502
28.5186
28.3904
28.4733
28.2322
27.7435
28.1738
28.3532
192.549
118.59
16.5752
28.8217
29.1002
28.4198
28.8646
29.7452
192.585
18.2276
32.1976
33.0411
36.2156
35.9569
219.781
22.2944
35.9116
40.7097
36.0451
220.999
212.964
22.0856
37.3164
36.847
36.9391
36.5326
36.1996
36.9833
224.755
22.0714
36.9026
36.8923
38.2317
36.7241
36.4286
37.4609
39.7695
39.1198
41.6061
36.2076
36.261
36.0677
36.0586
38.7739
39.8167
41.9282
38.6898
39.3739
35.7615
37.7766
38.62
39.5459
39.5708
38.6867
229.993
23.2168
38.3307
39.5385
37.2764
38.5936
40.8874
40.4332
39.9211
40.1351
239.206
213.329
22.5409
36.8599
36.8547
228.332
21.7312
36.9246
230.664
210.286
23.2249
39.4814
