8.34563
4.25634
4.48505
4.05387
3.99313
5.47642
5.74824
3.93083
5.00201
3.9603
3.90708
4.17977
5.71099
3.90006
3.88331
3.90757
4.32572
3.97986
3.91826
3.90039
3.91779
3.9401
3.93794
5.38215
4.34591
3.98747
4.61243
4.03331
4.03778
3.91615
5.09192
3.89623
4.62934
6.10584
4.03607
3.95788
3.92412
6.25404
4.2657
4.46916
3.92707
4.00839
4.00745
6.03561
5.18928
3.9917
8.91394
4.00201
3.9398
3.92614
3.91107
6.73391
4.07504
4.00058
3.99297
3.93719
3.90895
3.90327
3.9468
3.99683
3.87512
4.92878
4.05309
3.98565
3.90513
3.98624
3.93511
3.90646
3.8935
3.91207
4.15714
3.98759
3.93432
3.89264
4.02362
4.0102
3.92064
3.89615
3.89776
3.89084
3.92945
3.89835
3.97049
4.2038
3.96544
3.88976
6.01183
3.89017
3.95303
3.88233
3.9046
3.90842
3.92484
5.31304
3.97241
6.55945
4.0438
5.40178
4.14794
4.19955
