22.6936
22.3253
21.9667
21.827
22.0368
22.4471
22.0109
22.7331
22.3276
21.9187
22.1319
22.3675
23.9034
23.2484
22.0426
22.6288
22.3264
22.1651
22.0452
21.9374
21.5151
21.6597
22.1437
22.1616
21.7328
21.797
22.0639
21.9748
22.014
21.9035
21.7495
21.7509
22.496
21.8579
21.8402
21.775
21.6705
21.8702
21.7325
21.7324
22.1345
21.6865
21.7516
21.7546
22.0495
22.0356
22.128
21.9392
21.9824
22.323
22.1732
22.004
22.0422
21.9084
22.0313
22.1392
21.8978
21.8575
22.0674
22.2971
22.2052
21.8935
22.0708
21.8695
22.0372
22.1221
22.2897
22.0005
21.8632
21.8081
21.8849
22.1634
21.9366
21.9536
22.3122
21.8781
21.8725
21.8134
22.0848
22.1133
22.0214
21.9066
22.1183
21.8668
21.9533
22.0759
21.7179
21.8465
22.2776
22.3993
22.3494
26.5318
22.1649
21.9158
22.3678
22.2368
21.976
22.1376
21.9224
22.1778
