434.082
205.734
303.525
287.469
230.341
398.683
341.722
11.6849
9.48343
261.217
4.48328
302.312
11.8679
7.43861
11.5403
244.153
286.498
12.0335
11.7281
7.36253
6.47813
29.0358
14.4696
5.32547
6.40454
6.33165
8.74874
284.4
4.25327
3.93287
3.75377
3.75133
4.55189
4.91886
4.89415
4.23129
14.0757
4.13077
4.24862
12.0575
15.3128
5.87886
7.88492
6.67063
14.2985
4.27856
4.60348
13.7079
13.6769
14.029
4.68489
4.85768
10.2625
14.8095
14.465
13.4534
8.85753
6.99852
225.615
12.8713
7.45666
12.6638
6.79515
13.0201
13.9887
12.4457
7.53329
14.7983
8.12376
224.832
6.50404
5.65733
4.75118
3.85514
4.94674
12.645
5.8077
15.4094
12.8322
13.6468
13.6414
14.4394
8.60326
13.0485
11.7901
14.076
15.7349
13.6202
16.1713
17.8675
326.611
12.1249
8.72484
7.04345
6.90541
12.7296
7.90166
6.84147
6.83815
7.01488
