11.6075
4.73259
4.67504
4.63623
10.8364
10.0368
8.83331
10.2628
10.3424
9.7878
10.5259
7.26067
11.3525
10.6816
7.70797
6.43599
6.95806
6.75423
11.312
10.914
6.64332
7.06757
10.9694
10.7002
10.6587
6.76761
6.75834
10.1954
6.64482
10.573
6.52629
10.0738
10.4354
6.74184
7.07386
6.67919
11.4547
8.91301
6.7148
6.58394
6.6099
6.68063
6.69262
10.5906
6.7136
6.73841
6.69332
6.69977
10.5078
10.6335
10.4143
4.80441
4.60148
4.51277
4.53472
4.49867
4.49402
4.45803
4.49129
4.45324
5.16343
4.41965
4.45388
4.73919
4.41627
4.4178
4.48161
4.47716
4.36706
4.42893
11.4868
4.70028
4.71549
11.2938
4.74981
4.61296
4.49813
10.0804
4.43995
4.51659
7.42501
4.53098
4.42487
4.47071
4.51728
11.4339
7.1292
4.77136
8.61207
5.37022
7.30433
4.827
31.7111
4.68344
4.46825
4.55166
4.52162
10.6932
4.50221
6.67718
