354.307
303.804
271.524
282.256
382.869
8.7715
292.015
301.052
4.21518
3.90034
298.063
4.29413
3.64104
4.2096
4.11712
5.20265
4.75944
156.786
315.644
270.112
287.739
259.427
283.047
305.026
3.68484
3.45328
3.5343
3.30871
222.39
338.254
391.933
5.04734
3.83948
4.04811
3.5786
325.571
4.08103
295.751
293.147
287.524
300.846
235.529
4.03272
3.23377
3.21631
3.80823
3.29082
3.19395
3.68837
3.22495
3.53476
281.624
294.574
3.77357
328.064
243.016
209.792
300.745
245.043
316.243
254.978
3.35735
3.66078
3.20891
3.28199
3.69465
3.20697
3.19188
3.70149
3.21404
5.19895
3.31268
349.664
323.879
208.604
3.67848
4.33871
3.49014
333.808
369.848
5.66756
296.802
206.726
300.761
204.498
308.513
301.969
312.102
5.08682
3.76715
5.05317
4.31875
3.73895
3.36674
3.37264
3.23134
228.548
228.682
319.756
3.84629
