11.2401
20.807
8.26084
20.6972
6.805
9.37304
6.09103
6.27713
5.73626
5.88613
6.71222
6.40831
6.00828
5.87269
5.98588
6.95661
5.8463
6.4519
5.90652
6.41055
5.99373
5.96942
10.9224
6.10663
5.70089
7.16459
5.91776
20.0967
20.3089
10.6769
15.6346
6.70674
5.79459
19.9413
17.6234
10.8629
10.2895
20.7493
20.6063
7.56785
18.7787
6.97107
20.01
7.32141
6.69377
6.44375
6.77292
6.22772
6.19626
5.7103
6.26668
5.98085
5.78994
10.1485
17.9114
20.3314
6.7803
6.16708
6.2279
5.98626
6.99292
6.19221
6.7017
6.355
20.2181
6.81315
7.27671
19.2626
12.88
20.459
15.8291
18.2798
12.0437
20.2903
14.4288
7.06067
14.0408
11.5009
10.6153
20.9048
6.7392
20.6746
19.5282
10.8335
21.0221
17.1555
20.4645
15.3656
20.8164
20.0237
20.1051
8.97136
11.6133
11.035
7.3681
7.52928
10.4608
10.6455
21.2974
11.0641
