1349.61
524.687
519.86
545.01
718.473
3303.09
535.025
543.92
533.979
504.423
482.426
513.494
487.228
483.794
489.228
505.846
484.692
486.765
490.115
507.198
484.781
493.279
493.789
493.4
490.509
497.633
504.571
507.907
489.993
497.448
572.042
554.569
505.788
544.622
622.279
505.19
516.999
27802.8
488.528
491.558
488.76
558.013
481.731
501.859
521.235
503.06
488.058
485.402
491.024
471.316
476.244
511.588
493.602
545.272
519.392
498.145
488.196
517.45
504.774
481.488
509.141
477.468
478.822
486.09
483.94
486.347
488.688
480.78
473.813
488.569
479.573
477.493
482.577
471.409
486.085
484.388
503.006
477.404
509.814
475.261
485.724
485.882
499.219
487.273
484.564
484.941
474.776
480.127
477.41
490.474
478.912
477.613
478.071
476.174
492.437
475.268
482.06
483.283
497.975
485.514
