634.889
144.236
150.76
157.256
185.851
176.769
162.693
144.493
179.125
184.477
149.938
137.591
170.421
139.486
146.321
182.795
164.357
137.665
150.994
190.738
149.771
136.139
134.645
148.888
134.935
135.223
138.504
137.061
136.14
183.713
144.299
144.025
141.99
146.493
138.804
137.853
149.009
141.286
182.854
190.365
143.964
139.055
145.759
140.002
141.389
142.099
137.545
140.193
151.442
192.195
137.293
135.892
137.177
135.771
136.48
140.546
147.611
138.121
135.916
171.623
155.303
138.957
178.548
143.271
135.388
138.368
141.136
135.716
135.212
140.103
190.301
134.71
137.704
141.908
142.181
133.435
146.289
143.327
138.192
137.047
186.007
143.172
138.938
166.972
145.552
136.492
144.291
154.74
144.516
147.153
187.473
155.58
161.157
148.724
144.916
144.945
180.05
137.395
140.031
173.496
