223.444
149.343
175.939
6.37347
5.59248
213.511
5.03431
5.32702
4.37384
283.236
173.055
277.057
5.24082
3.87664
4.38688
3.12998
2.68614
6.84164
6.48165
6.3743
6.98572
7.46917
7.14751
7.5509
6.64166
6.82043
2.48141
2.27996
8.98386
7.11296
5.46559
2.37717
6.83405
6.55167
7.23426
6.96562
286.07
5.32496
6.1791
115.305
2.54946
6.86885
11.1782
11.0069
7.68847
211.125
195.738
312.969
272.375
288.201
264.416
87.7493
85.2117
181.132
7.38366
5.08867
9.45196
5.69925
5.56947
116.632
174.62
2.53712
2.89804
2.3439
2.27512
2.23506
2.24052
2.44434
2.69075
2.27087
304.387
177.737
3.17385
2.32714
5.85189
7.41177
7.22921
5.46516
6.59888
7.38222
5.12006
6.25636
2.55532
2.31881
2.31527
6.87967
2.30661
145.092
2.61697
2.59868
2.39531
284.535
199.766
199.876
275.037
177.832
5.63191
6.93623
5.82258
233.538
