12.519
5.25858
4.97098
5.68063
4.32008
6.30236
6.74005
3.29686
5.70141
6.09526
3.35359
3.21705
3.21161
3.16799
3.21802
3.37305
3.18175
3.36989
3.29662
3.21025
3.22436
3.1867
3.16009
3.15386
3.14565
3.17074
3.20615
3.22082
4.11583
3.19543
3.19939
3.16014
3.43977
3.23618
3.16309
3.18057
3.17236
3.1862
3.15811
3.15709
3.15846
3.20063
4.65242
3.25223
3.23461
3.24146
3.19373
3.16701
3.17649
3.18574
3.18532
3.18777
3.18288
4.73919
3.24614
3.24537
3.81282
3.18803
3.1722
3.23957
3.19205
3.17201
3.2005
3.16653
3.20241
3.16562
3.14571
5.15279
4.87914
3.16781
4.87947
5.62191
3.97522
3.299
3.37366
3.18344
3.19274
3.17975
3.42925
3.21013
3.17135
4.81895
3.65412
3.22528
3.20633
3.28269
5.0152
3.35072
5.38282
3.22225
3.202
5.21004
3.2138
7.14839
5.00652
4.56528
4.54478
3.48538
3.46449
3.28034
