18.6771
17.8247
18.0237
17.9003
17.5916
20.1092
18.0159
17.8894
18.6831
17.9493
17.5213
18.2043
18.1193
17.8235
17.6454
18.0312
17.9231
17.8508
17.8033
18.0086
17.9999
17.9008
18.0718
18.1112
18.0768
17.7651
17.9105
17.4681
18.1224
17.8941
17.9372
17.4924
17.9331
17.9171
17.5281
17.4355
17.8022
17.6718
18.123
18.1071
19.3789
17.7965
18.0855
17.7076
17.6391
17.6226
17.6249
17.6195
17.744
17.8608
17.7589
17.6343
17.9874
17.4282
17.9705
17.4835
17.7497
21.381
17.9473
17.6461
17.6124
17.6021
17.8426
17.9293
18.2511
17.4834
18.0992
17.4674
17.4774
17.9722
18.1608
17.4872
17.4589
17.4304
17.9472
17.929
17.8445
17.9413
17.5914
19.4422
19.4481
17.8874
17.4717
17.4262
17.3768
17.4806
17.4434
17.4578
17.6047
17.3786
17.457
17.7114
17.4368
17.4125
17.4873
17.5184
18.0352
17.733
17.4361
17.4791
