6.28471
3.23204
3.57227
3.90309
3.28493
3.22973
3.4627
3.45629
3.16443
3.08563
3.0751
3.52374
3.41857
3.27788
3.21381
3.14939
3.55673
3.48385
3.29521
3.22399
3.45417
3.17171
3.47277
3.47707
3.30848
3.14778
3.14945
3.17001
3.42837
3.26423
3.27934
3.18557
3.18507
3.13887
3.36773
3.37135
3.36148
3.15042
3.11734
3.1337
3.34395
3.15826
3.17897
3.14963
3.16707
3.11911
3.17222
3.19194
3.14702
3.13228
3.14113
3.38316
3.37589
3.13751
3.45342
3.33869
3.30362
3.29324
3.44708
3.17398
3.51053
3.20827
3.17386
3.15118
3.50528
3.38342
3.46569
3.35329
3.28817
3.24077
3.4635
3.32924
3.90256
3.31208
3.16019
3.5201
3.44035
3.45605
3.42624
3.3908
3.25917
3.23581
3.17577
3.66774
3.48418
3.15241
3.35286
3.41214
3.19078
3.13908
3.17767
3.19086
3.13421
3.31094
3.37783
3.14511
3.07169
3.06596
3.04011
3.06299
