487.281
116.036
130.543
134.351
128.185
123.197
113.119
126.252
111.319
110.27
113.655
111.365
110.983
111.461
128.467
129.164
112.778
112.775
112.189
113.327
117.347
110.732
118.218
116.244
108.945
113.511
109.133
135.43
117.938
116.112
115.567
111.077
111.99
111.673
109.175
110.813
109.89
130.417
110.312
109.365
127.46
129.485
116.04
109.362
110.474
110.17
116.207
110.129
109.38
109.645
110.787
111.745
120.093
124.428
112.378
109.521
113.061
115.878
108.837
109.522
111.879
111.27
134.657
127.559
109.444
116.169
130.977
109.833
108.853
111.011
114.447
115.726
109.25
110.162
110.362
111.461
110.588
115.56
127.447
145.715
113.397
109.027
119.847
119.039
115.284
115.579
116.215
113.986
110.488
111.815
121.28
128.794
129.288
116.448
120.046
116.591
113.913
129.105
117.026
123.124
