11.7733
247.091
9.56154
9.43968
9.152
9.10469
7.84407
7.98869
7.96752
8.02489
7.9962
7.94592
7.94112
7.93931
8.02066
8.00255
7.97651
7.94334
7.94603
7.95362
7.91857
8.00311
7.84307
7.8559
7.78639
7.94923
7.99567
7.893
11.0698
8.04899
7.88561
7.98452
8.00094
7.93293
7.89582
7.95594
7.94264
7.91868
13.8377
7.917
7.96534
7.86583
7.93973
7.96038
7.87781
7.94174
8.00427
13.6147
7.99576
7.9417
7.86854
7.95038
7.95257
8.24401
7.99382
7.95327
7.90842
7.89885
7.96542
7.93211
8.02054
7.92766
7.86859
7.84962
7.614
7.99466
8.14641
8.09076
7.9432
7.90869
7.98248
8.05255
8.03932
7.90572
8.08661
7.99819
7.94715
7.8126
7.93367
7.90558
7.94661
7.86217
7.85472
7.87072
7.97763
7.90402
7.88944
8.03474
7.87529
14287.2
8.00042
7.94283
8.00955
7.86939
7.95499
7.94993
7.91886
7.98566
8.01351
8.20562
