8.09484
4.39416
3.32224
3.16696
3.01547
5.22038
2.92786
2.9505
2.90348
2.9283
3.02453
2.882
2.87065
2.86086
2.92422
3.23521
2.86887
2.94058
2.90571
2.87255
2.88846
2.91717
2.87499
2.95107
3.27418
2.9189
3.75285
3.35665
2.86451
3.76635
2.92291
2.87664
2.86841
2.86338
3.22133
3.26366
2.86536
3.02026
3.22
3.25816
8.23998
3.37733
3.20345
2.99279
3.2734
2.97463
3.38915
3.25846
3.16631
2.98783
3.54862
3.55728
3.212
2.9817
2.95669
2.88487
3.34334
3.35238
2.93847
3.5589
3.55617
3.30948
3.32143
3.22194
3.11743
3.57755
3.19705
3.12321
3.22237
3.11109
3.39179
3.1638
3.19634
3.15741
3.18668
3.51625
3.27788
3.18347
3.20173
3.1016
3.12853
3.46373
3.5248
3.18111
3.06052
3.19129
3.1959
3.32782
3.19665
3.20807
3.09892
2.98558
2.94989
2.99565
3.01254
2.92885
4.48856
2.90131
2.8767
3.2368
