40.976
40.8805
40.0831
40.1172
40.2268
40.2146
40.3122
46.4282
40.8574
40.2297
40.4319
41.4295
40.4297
40.3896
40.1741
40.4515
40.1653
40.4003
40.5036
40.4141
40.1214
40.3576
40.3354
40.0806
40.0274
40.0759
40.1394
40.4685
40.3965
40.3685
40.2081
40.0301
40.0222
40.4984
40.134
40.3827
40.3086
40.2941
40.4156
40.4125
40.3986
40.138
40.0849
41.5658
40.2826
40.1688
40.3493
40.1005
40.3671
40.1724
40.1498
40.3396
40.4418
40.0922
40.2076
40.0358
40.3278
40.0378
40.0674
40.3756
40.3461
40.1964
40.2919
40.0735
40.0963
40.4093
40.3677
40.0473
40.1948
40.3668
40.1043
40.4179
40.248
40.2957
40.1109
40.0312
40.2604
41.1229
40.1999
40.3618
40.1404
40.1623
40.1359
40.095
40.2783
40.4997
40.1815
40.3959
40.0108
40.0155
40.0418
40.0794
40.23
40.4055
40.1095
40.1584
40.3433
40.0749
45.9485
40.5956
