150.059
79.9096
62.9928
94.5788
63.5232
154.641
2.67006
3.04034
96.2917
95.7351
2.81623
3.00066
3.01742
3.6311
235.152
98.0589
243.91
4.71829
153.917
233.293
64.2154
236.216
3.40187
102.674
101.36
113.013
3.72259
3.41276
3.2352
247.3
242.31
256.91
245.049
101.132
4.11049
3.76529
247.727
257.966
101.523
3.38061
3.39254
104.816
3.51537
248.158
3.62367
103.532
245.035
103.377
256.901
3.69086
103.949
3.54392
3.72356
3.73089
4.12554
3.85954
3.94224
106.068
3.7384
3.72301
3.83676
3.30374
3.82722
3.5511
3.69565
104.464
3.46257
3.75611
4.25724
4.38047
3.71137
4.4019
4.10541
3.61065
105.472
3.39516
3.96761
3.78938
3.57885
3.44188
3.5265
4.50097
4.03237
6.17874
3.86107
105.676
3.46576
5.13079
4.09558
3.94264
106.296
3.85341
3.53722
3.66359
3.993
3.37354
3.55312
3.57028
3.38337
3.92201
