404.256
227.073
176.015
279.782
89.8593
39.2256
38.739
38.893
106.992
38.4656
39.0857
39.7561
37.3864
37.5674
36.9997
39.1889
38.5713
39.3797
38.4483
37.5414
37.7972
37.1946
37.122
222.92
22.4217
38.7619
39.1269
220.262
23.364
38.0063
39.3157
38.2442
37.9382
226.22
22.4714
39.4616
38.8588
38.7392
36.8757
37.8195
38.5843
38.4009
36.7281
113.074
35.9976
41.5704
39.8637
46.2379
37.3973
37.1645
39.6168
38.5874
37.1683
37.0683
44.1394
36.8098
38.3972
36.3042
36.2356
38.2227
230.187
22.9361
229.269
24.4011
37.5609
37.5648
37.0607
50.5774
228.978
23.5406
37.7313
38.1678
37.6655
42.1832
40.7524
233.071
23.4689
39.8515
39.9836
41.335
40.6618
40.4988
41.0283
50.5104
40.2681
40.307
245.918
24.2846
39.7629
39.4252
222.546
22.0574
313.139
88.8609
218.991
21.3894
108.442
43.1827
236.867
22.3119
