6.64173
3.17095
3.57784
3.78086
3.66413
5.33027
3.4842
3.94614
5.7346
3.0402
3.51718
3.5478
3.05818
3.52207
3.82709
3.65832
3.6286
3.53053
3.52441
3.52306
3.95661
3.45605
3.40176
3.7402
3.07142
2.95497
2.91303
7.25395
3.13248
3.96306
5.79644
3.03008
3.89764
3.61134
3.49711
3.39859
3.77538
3.06286
3.70794
3.02972
3.04842
3.95578
3.97803
3.56977
3.50271
3.54625
3.56773
3.8513
3.96974
3.53367
3.48081
3.46391
3.72096
4.79408
3.64576
3.57367
3.5376
3.15894
2.96001
3.60896
3.52057
3.84355
3.52319
3.65142
3.56009
3.50259
3.54583
3.42293
3.04867
4.19746
3.06432
3.03205
3.49076
2.95494
3.20867
2.99023
4.02102
3.17014
2.99161
2.93371
3.75414
3.53033
3.66215
3.49864
3.72099
3.31375
3.44428
3.75101
3.06864
2.98901
4.50834
3.90788
6.11262
3.13736
2.92266
2.93831
3.67819
3.70869
3.00721
3.21738
