16.3943
16.3749
16.4851
14.508
17.074
18.2973
16.9499
16.9729
17.2178
17.053
17.2828
14.5136
15.2877
16.7673
16.6264
16.1992
16.3214
16.7848
16.9762
16.7559
14.5487
14.7231
16.122
16.8852
17.1902
14.5089
16.1435
16.5927
16.6328
16.6453
16.8063
18.2355
17.4342
17.0276
16.5649
14.5158
17.3317
15.9794
16.344
16.1542
14.841
24.5211
17.0881
16.1244
27.3828
16.2302
14.4339
17.2101
17.0893
17.8966
18.479
15.8368
16.2242
15.7307
16.5709
14.4417
17.0034
17.3235
16.6247
16.6706
15.8646
15.741
16.2613
14.5305
15.9954
14.6968
14.849
14.3994
17.3756
17.333
17.1918
17.1883
14.3631
14.2145
14.2025
16.9791
14.3958
15.721
17.5146
17.7047
16.9601
16.6474
16.0267
16.8911
17.1836
16.9665
14.7301
16.2119
16.7668
14.7066
16.9532
17.32
16.9999
16.8486
15.753
14.5744
14.4853
14.5287
17.8535
16.7278
