268.753
2.69048
2.6611
3.06131
2.8614
2.92172
3.03255
2.96124
2.84198
81.3788
2.67235
3.44276
3.03316
2.80859
2.67177
2.7102
2.78132
12.3139
2.79759
2.68628
3.13126
2.91392
3.29432
3.22279
3.06158
3.37953
2.72786
2.65548
2.65704
2.79739
2.66015
3.27525
2.61229
2.64752
12.501
8.97578
17.1437
12.2851
12.6841
11.7563
11.392
3.57398
4.03401
5.74946
2.98206
23.8947
2.90457
2.82125
12.3058
10.0465
2.96775
8.97479
12.5157
10.9947
9.39399
10.6043
13.3485
2.89143
2.68735
2.6444
8.19615
11.8926
8.72533
2.82663
9.0963
2.83437
2.856
2.71717
2.6906
2.83843
2.63709
2.69677
2.78352
12.6952
8.3377
2.80065
2.67943
2.64832
8.10055
2.74613
8.5792
8.87783
7.87588
6.0943
7.3254
14.0945
5.77391
11.9768
11.612
7.80279
10.9932
12.3914
5.39592
2.83923
2.68946
9.5274
2.74863
12.1485
14.5278
13.0894
