37.4516
36.8931
36.7145
36.6055
36.5665
36.7942
36.0066
36.7251
36.4824
372.97
37.078
36.6361
36.4139
36.7223
518.148
36.7538
36.8126
36.8092
36.7292
36.7411
762.999
495.336
404.049
36.9154
355.83
36.7696
36.5591
36.7792
36.8788
36.7565
36.8054
36.6894
36.8925
36.7941
36.7406
36.625
36.7989
36.6701
36.9098
490.696
36.6622
36.6663
36.7818
36.6443
36.692
36.7438
36.9514
36.6877
36.7436
36.8061
36.7908
36.7423
429.958
36.6743
36.8674
36.7304
36.8422
36.4942
36.9297
394.521
390.832
477.63
36.8422
36.7814
36.8752
36.69
36.7499
405.827
36.8564
36.5896
36.6768
347.158
36.7625
36.6659
36.692
35.8154
36.9583
36.7699
36.8732
36.6671
36.862
36.7412
36.71
36.6452
36.923
36.6877
36.7615
36.5569
36.7042
36.7007
36.7236
36.5652
36.7626
36.8579
36.8008
36.7418
36.8147
36.8484
36.7543
36.6218
