255.732
78.6399
7.85589
4.9892
9.51219
4.10677
9.57464
6.998
3.35623
12.9269
11.4593
5.58701
15.2906
4.58301
8.63082
10.2323
5.12332
238.564
4.34496
3.84674
4.63814
8.8391
2.50252
8.07993
2.53673
7.99294
7.6715
7.31857
7.57758
2.47781
5.31882
7.71012
3.91357
4.12941
3.82199
11.748
7.84441
5.0192
2.618
4.10598
4.37281
8.26646
4.83158
5.32812
4.88003
2.5076
2.41105
4.3157
4.47292
4.39242
11.1661
7.42845
4.17263
6.14372
4.06414
5.65189
5.15694
3.0466
6.48136
4.58183
2.67822
8.27063
7.28769
3.99799
7.94446
9.61695
2.53068
8.08735
2.6857
8.82754
4.39048
2.50316
4.27172
2.46147
2.5069
5.11196
2.42789
2.46457
2.38047
4.42545
2.40697
2.37439
2.45549
2.3395
9.15376
6.51985
4.36535
8.62428
9.56769
5.18234
2.47652
2.40556
11.1741
4.14318
5.55485
2.52102
8.09309
6.71474
4.45888
4.46411
