235.919
52.8642
315.924
74.6655
13.5574
303.571
46.4834
39.9699
311.834
165.445
300.036
28.6897
56.6094
317.394
13.3989
12.363
30.9939
29.1867
305.356
43.8849
49.5248
38.8624
46.9246
124.887
353.29
51.223
47.1793
258.87
44.6054
47.5529
47.2595
38.0968
14.5129
290.242
43.4504
31.7657
40.5621
40.1331
32.4701
13.6769
40.7721
56.1831
43.583
286.716
45.2049
290.61
21.1644
337.168
46.9853
52.7236
40.4065
296.481
45.1583
302.908
46.7223
251.852
40.9946
308.387
34.2866
22.8091
34.5148
59.1509
52.5043
31.1337
40.5137
53.8918
72.8975
50.3233
22.2266
52.2236
17.8249
285.856
62.31
251.403
45.2608
58.9403
33.4002
32.4471
15.2149
294.427
59.1237
307.77
11.7257
303.448
47.5068
246.713
55.8924
341.667
57.9811
300.082
59.2364
271.08
48.7943
273.46
49.0325
294.403
56.4664
238.052
47.6758
243.762
