18.6354
17.4714
18.0167
17.4866
17.2502
58.686
19.9663
17.4799
17.0842
17.503
17.1797
17.0657
17.4054
17.0346
17.1507
17.0219
17.1114
17.0151
17.0043
17.045
18.0226
17.6711
17.148
17.4925
17.4045
17.1414
17.514
18.0202
17.105
18.0749
17.8677
17.8906
17.8648
17.7864
17.1401
17.4271
17.2024
17.2145
19.6121
17.0627
17.1139
17.8332
17.3403
18.131
17.0852
17.0498
18.2314
17.4939
17.1227
17.8826
17.5859
17.158
17.1781
17.0866
17.0773
17.106
17.7936
17.6826
17.3586
17.5666
19.7521
17.0687
17.8541
17.9743
17.8512
17.2805
17.088
17.8965
17.0934
17.3443
17.2868
17.1089
17.0217
17.0299
17.3351
17.2641
17.8213
18.1006
17.1122
17.0528
17.2608
17.226
17.1349
17.0784
17.8427
17.2061
17.1771
17.0878
17.1303
17.0454
17.0506
17.1973
17.0562
17.0311
17.0731
16.9786
17.0107
16.9779
17.0755
16.9734
