525.163
116.399
308.764
139.276
138.876
119.685
204.673
629.01
687.768
233.419
234.969
228.849
227.764
635.213
99.5127
987.802
2723.17
1408.43
1383.61
1701.71
394.415
1300.23
1639.78
406.365
1627.52
1939.16
775.733
241.569
2277.59
1657.68
498.275
136.441
35.2451
55.337
38.7904
42.1016
55.3851
56.8283
134.056
176.854
139.376
61.172
128.008
224.276
164.519
212.221
140.268
129.142
215.548
235.027
244.301
255.273
258.726
238.827
247.912
246.934
361.038
244.606
987.555
231.262
238.558
240.796
225.256
248.93
245.851
257.966
242.709
233.704
85.124
86.2935
84.0033
92.8327
91.5134
319.879
83.2127
83.0205
83.1266
82.9574
124.924
83.2352
89.3061
320.468
88.942
257.198
233.269
89.4268
76.9556
76.511
76.8458
75.8989
226.287
89.315
98.388
75.716
100.241
91.2318
239.756
258.512
243.754
242.129
