204.567
177.058
202.575
82.9458
92.8192
176.168
93.6658
7.2268
155.321
4.65386
7.09347
84.8847
4.72601
7.66253
171.129
7.0492
7.38035
7.52194
7.37044
3.65468
4.94306
4.95929
4.50056
4.28976
4.15591
4.12386
4.25205
2.88386
3.00069
6.46696
219.558
6.6385
3.80024
2.91473
4.79211
2.56276
7.55405
5.73508
4.48013
93.3514
2.63908
6.01802
3.11478
2.54048
2.48124
2.41431
100.596
2.437
313.628
4.067
6.02248
2.89565
100.113
301.916
112.631
5.79741
2.83966
2.92189
2.48694
171.798
4.02489
7.95752
3.94711
155.503
3.67611
106.034
2.90698
2.96982
2.43514
3.35271
2.48236
3.03995
7.54876
96.3777
4.70334
2.46244
2.62849
2.48128
2.58829
2.69857
4.35563
94.5429
2.95499
6.04916
2.43901
221.494
2.45304
91.5995
309.738
199.369
5.24451
192.127
173.586
3.05199
2.66752
5.65958
7.73437
7.70496
7.60604
3.90226
