216.245
14.8513
14.5821
19.132
131.162
14.9638
14.7418
14.5336
15.5
27.4969
50.7035
25.3665
21.842
109.056
31.1284
14.6637
116.642
14.8111
14.6284
14.6246
35.5256
14.6147
73.8324
19.6725
15.4471
18.9764
19.166
19.1195
19.6131
14.6142
19.4262
20.1488
95.8376
32.13
26.415
19.2545
24.6171
14.6114
21.8043
14.6377
14.6901
14.6411
14.621
14.644
14.5961
14.9988
15.1215
14.5637
21.6334
18.1029
60.0884
15.3806
14.4793
14.5004
14.5263
14.5245
109.388
14.6065
14.5478
15.2557
20.5147
14.5627
14.536
19.3507
14.6194
20.004
15.0628
14.5451
19.2329
14.675
14.5469
15.6055
14.5186
159.191
14.5867
14.578
83.1567
18.5518
21.3849
14.5995
15.9033
14.604
15.3152
15.2504
14.4616
140.457
14.5843
14.6326
19.5423
14.5828
70.5663
44.5539
20.0196
14.5317
17.716
14.6519
14.5401
15.0174
16.5018
14.5693
