170.089
4.20126
3.52967
4.38216
3.38852
3.3793
3.368
6.37548
3.88826
3.48374
3.4061
3.88167
3.39773
3.38763
23.1476
22.6469
3.62815
3.37605
3.37198
3.32418
3.55408
3.43053
3.54457
3.31008
3.30676
3.31909
3.55759
3.31351
3.33492
6.34763
22.1677
6.87125
6.99787
7.43629
4.09093
7.2545
28.4735
6.93387
16.3583
6.05495
19.8475
7.78937
7.08153
6.45082
4.34394
14.0536
19.802
7.13098
5.65723
6.92748
6.86483
23.277
6.71354
6.27151
18.9118
5.3312
7.14894
6.46866
19.5259
6.95473
8.36123
17.0877
5.57682
16.8979
6.42044
8.51981
19.8088
6.14988
9.55355
22.1904
6.58712
7.05677
3.48674
3.43699
3.80038
23.1397
6.51864
3.56052
3.38856
3.43537
6.42164
7.23397
6.31303
3.60985
6.40892
19.473
21.1875
6.90219
23.8293
3.63886
3.41786
3.36212
26.3186
7.28356
7.11603
3.50327
6.93568
3.51212
3.43886
3.34299
