17.5684
10.7327
4.31866
3.83102
4.53129
5.55955
3.73348
3.69906
8.92835
4.20946
3.69687
4.5733
3.99374
3.75913
6.55642
10.6293
3.73565
11.9418
10.4573
7.99061
6.7978
7.26334
4.21733
6.9572
28.203
11.1488
10.8362
10.7656
10.6793
7.32864
6.61017
6.53386
6.40652
6.34083
6.29267
3.88861
6.50443
6.36888
6.41212
9.16865
11.4384
6.74697
10.821
4.53977
4.75077
10.251
10.9881
10.8238
4.6381
11.3228
10.6845
6.5498
4.61463
4.89704
3.76134
3.75254
6.90724
7.76627
10.6382
6.58251
6.68593
6.41956
4.22447
8.33826
7.02907
10.8938
6.66552
10.7064
6.49744
10.8689
7.16643
3.80873
3.77261
11.4553
7.23081
10.9044
6.73236
4.15761
4.55669
4.13359
3.72885
10.8977
11.456
8.57949
5.67269
4.45394
3.96254
8.21727
6.63136
6.58055
11.5602
6.30106
4.6638
10.7704
6.61598
11.9776
9.21212
4.26213
4.03512
6.68283
