200.341
253.604
76.1355
151.787
4.35001
210.416
273.636
176.385
246.747
179.315
7.16841
255.472
2.50914
143.957
2.64091
177.795
3.50884
170.146
2.57344
2.67578
114.336
2.36171
2.40158
2.67565
138.865
97.5293
168.789
4.11527
2.30271
2.48101
2.98848
2.40442
238.852
98.056
181.234
176.33
2.97891
114.048
176.447
2.67334
2.55441
2.37446
2.29007
3.60428
2.29082
115.582
3.95325
2.62849
2.52802
3.50144
282.008
311.738
386.651
309.399
6.11822
3.86769
2.68979
2.51386
2.38184
127.932
2.48646
3.74827
2.23639
2.38488
2.44282
2.46846
2.31285
2.38015
2.38473
2.30266
2.40597
2.34985
2.41521
2.33
2.30871
3.73153
8.74809
2.72423
2.30799
2.3518
2.43919
7.93398
7.78884
2.46318
7.90564
6.79516
4.76499
2.76978
6.23854
6.2875
6.41198
8.32984
2.598
2.3196
2.44298
5.96474
2.48942
6.35452
2.50677
7.96529
