308.075
12.5409
167.174
228.468
92.7799
104.577
10.4123
98.1404
9.81316
42.6954
161.45
22.3514
10.3769
9.8895
15.5677
145.587
170.803
338.417
9.54321
10.1918
9.94004
9.90767
48.0793
39.5741
10.4845
42.8405
48.1081
10.6373
10.2963
10.5193
10.0731
9.91038
9.74313
141.147
46.4157
10.2377
9.71124
46.7953
9.87076
9.73056
41.664
10.013
9.91413
33.4798
10.678
10.0186
28.8341
46.8859
38.733
46.3858
42.9681
172.394
31.3693
40.1746
32.3588
9.78219
9.65913
9.70277
37.0245
17.7172
28.3682
10.1625
21.7735
10.5844
9.73254
10.0375
9.84984
9.77141
9.79943
9.70836
10.5372
10.2647
9.66876
9.79406
9.89354
9.79767
10.1038
45.5213
10.8752
10.0732
36.8745
9.88486
10.4919
25.8934
48.2853
10.1858
9.90987
10.2428
9.67962
9.73409
9.87443
9.90162
9.85635
9.84915
9.75904
10.5442
10.4429
29.6531
10.1656
9.78728
