528.107
210.274
221.297
211.227
217.101
210.934
217.554
190.396
203.982
188.857
195.519
195.582
195.475
209.804
200.553
201.612
195.704
207.809
191.911
193.306
194.788
199.333
196.5
189.437
201.471
214.006
192.338
190.902
200.121
198.113
206.867
195.176
196.963
192.468
191.087
189.083
203.575
207.717
190.522
192.261
194.18
192.207
195.67
193.069
218.758
193.743
191.237
193.798
206.245
202.592
209.883
207.749
214.04
221.159
198.663
197.691
193.785
198.481
194.775
209.91
192.515
192.892
190.186
196.973
203.806
196.153
207.526
198.318
201.707
195.466
197.552
204.419
196.98
199.735
217.363
200.515
189.575
192.999
198.202
195.067
192.845
191.892
206.956
196.584
198.101
191.578
196.389
191.586
189.975
200.181
197.571
189.909
190.422
190.719
196.805
189.862
192.166
212.19
191.537
195.398
