3.93223
3.40864
3.13202
3.42243
3.24834
3.25649
3.19665
3.47492
4.05924
3.13516
3.11943
3.3518
3.47882
3.4838
3.4974
3.16057
3.10803
3.32235
3.13722
3.12819
3.1253
3.20833
3.15887
3.1247
3.11889
3.11265
3.1357
3.13665
3.13057
3.38155
3.17549
3.12267
3.11999
3.47433
3.16585
3.12484
3.14453
3.13352
3.13444
3.29766
3.14819
3.30834
3.73959
3.15085
3.38512
3.1417
3.13359
3.12969
3.11286
3.18803
3.12915
3.14009
3.10217
3.10079
3.1154
3.1111
3.11205
3.14138
3.12629
3.21637
3.14776
3.12184
3.12627
3.11214
3.11429
3.121
3.39578
3.12233
3.14124
3.12786
3.21832
3.39437
3.19817
3.21129
3.21545
3.51966
3.14816
3.1309
3.14219
3.47537
3.12491
3.48137
3.49258
3.11618
3.11239
3.46468
3.10888
3.12129
3.14186
3.15099
3.13752
3.13212
3.11909
3.12178
3.24807
3.2462
3.17912
3.4795
3.11654
3.10859
