352.362
87.9181
101.786
316.639
62.947
101.433
310.004
95.7855
115.911
54.8641
105.391
100.755
49.3471
97.1159
48.0067
45.3245
100.153
300.419
385.729
42.318
343.257
106.695
103.876
87.0427
98.0743
46.1021
52.7089
96.4168
78.6101
279.386
330.74
245.848
122.38
125.24
46.4084
62.5639
106.782
107.991
102.816
111.703
90.8111
280.421
178.15
86.1546
57.6613
104.164
93.887
102.923
93.2057
112.45
66.1868
200.698
342.024
45.7116
97.8671
43.5002
51.7051
94.9759
105.153
47.0276
47.3218
51.2082
51.7061
45.4461
85.4644
97.0929
338.854
278.389
105.776
70.6077
54.8061
98.5508
54.5222
62.9415
87.3722
152.882
111.044
353.066
77.1891
76.4736
145.079
114.221
74.8928
285.479
276.282
53.5741
62.985
109.115
44.3414
79.7387
60.3972
110.038
93.4269
70.7405
93.481
71.8537
110.365
305.407
95.2446
279.709
