85.4118
35.6067
75.2222
34.1879
31.9055
77.4303
71.0269
56.2317
30.2507
62.9893
31.9736
81.7863
82.412
63.5211
84.0009
78.4904
65.1245
65.6864
85.505
87.9314
79.3073
68.0233
67.2362
85.5854
40.6696
91.7546
86.6188
87.15
33.7463
80.9121
66.8729
67.3333
68.8052
84.9705
74.1368
81.7908
32.6287
84.1097
89.3001
67.2046
80.4971
78.8256
120.493
91.776
77.4393
101.799
88.4408
76.3264
36.5127
33.0971
32.995
60.8251
77.4808
86.7514
79.4193
68.4994
67.6803
52.7647
85.0938
77.4217
39.8365
33.276
34.2986
80.5692
35.3025
54.3348
32.3671
28.34
77.6287
36.1134
31.7268
36.068
29.3707
33.238
84.5623
74.0475
73.885
86.0397
33.4782
50.6814
31.6874
29.6138
82.2295
109.92
80.1057
90.7609
38.8422
35.6443
29.6631
33.9087
82.6424
86.8097
36.6008
33.5697
36.1485
30.8264
87.3802
82.6455
35.6244
32.3984
