14.8361
12.7512
12.7141
12.5931
12.7023
12.9682
13.0552
13.054
13.2129
13.0958
13.1562
13.005
13.182
12.9854
13.0181
12.9947
12.7651
12.8348
13.0494
13.2271
12.9687
13.0366
13.2772
13.1767
13.4203
12.4993
13.2527
12.9103
13.3271
12.7592
24.0545
12.7847
13.413
13.0413
12.4464
12.7938
13.7232
13.3544
13.454
13.4721
13.5186
13.0481
13.308
13.2549
13.6065
13.7739
13.3365
13.3472
13.4947
13.7042
13.2708
13.8825
13.4039
13.8367
13.5859
13.8977
13.3033
13.2376
13.6229
13.5052
12.9931
13.1876
13.1677
13.3955
13.6656
12.548
13.7499
12.8611
13.2673
13.1214
13.6406
13.5415
13.2754
13.7668
13.6895
13.493
12.8021
12.9399
12.8863
13.3939
12.9397
13.1574
13.3765
12.7972
13.0998
13.4579
13.0886
13.2573
12.8338
12.7318
12.9259
12.7922
12.867
13.0921
13.7669
13.5154
13.2669
13.0004
12.9224
13.0397
