315.141
8.63282
27.5429
180.151
22.2292
103.061
7.56351
14.2515
51.1285
231.927
8.32243
285.324
16.4534
15.973
15.0692
13.5155
15.1841
105.885
11.9228
328.208
20.8677
117.745
10.746
13.4094
224.638
16.9104
12.4591
26.765
14.5893
15.6647
14.174
9.60194
10.2602
11.4455
9.37413
9.79147
11.1162
234.52
21.2632
241.545
21.0757
12.6902
13.2809
23.3317
32.0035
321.828
18.6098
180.445
24.3501
181.098
14.8239
28.737
12.7197
9.34817
8.59783
27.0302
299.696
12.4872
23.4787
232.425
7.68139
307.647
26.2517
15.1804
22.848
15.4575
11.9303
8.77953
11.7081
368.777
12.5879
13.2412
12.7755
21.2991
19.0695
20.7337
15.7199
27.1196
9.01075
234.682
11.3391
23.468
20.1455
8.42243
8.19365
18.5766
9.92525
8.89088
26.7305
27.8967
26.5555
8.6999
10.3558
8.99871
8.23876
8.92188
9.07025
9.82097
9.83064
27.1403
