249.518
10.3496
10.3404
10.4239
315.637
306.114
34.3186
318.37
286.815
375.963
52.698
38.4044
39.2923
54.3823
163.338
96.8907
93.619
48.5384
175.059
11.2696
50.1794
44.5085
50.0189
55.6126
41.0752
48.8713
10.1294
164.339
121.659
25.8634
120.02
31.2341
29.5533
48.1484
49.2219
44.2603
32.1144
10.8547
30.2477
45.0134
43.729
17.2328
40.8242
49.5047
26.1727
39.172
9.83005
10.4626
38.3822
38.6754
26.5086
48.667
43.0633
41.3286
153.927
25.1075
25.5045
9.88064
9.78329
10.3796
14.2056
32.7323
10.5355
9.76253
10.3596
9.76776
9.73235
9.71203
9.78002
53.1371
49.0864
44.5376
49.1187
34.7722
32.3222
124.798
10.1011
10.0388
41.8609
48.229
38.9667
38.9604
10.8927
151.53
15.6549
33.4778
40.1604
41.6697
33.6768
38.6445
35.612
9.95465
42.5746
10.5216
42.2631
47.9163
10.4349
10.5299
40.9803
9.75994
