266.282
118.363
9.80631
36.6817
17.0211
10.3529
9.72338
10.3113
10.1148
10.2604
9.63524
10.0292
9.64255
9.55905
9.53872
9.93666
10.2711
54.918
20.7555
19.5027
9.72553
142.152
9.60287
9.59714
9.68077
10.4024
15.9521
12.6472
47.6569
9.65402
9.61426
9.76612
9.70392
9.53355
9.74745
9.6055
9.55373
17.8023
23.1116
23.2824
9.61909
15.4466
45.6575
9.56408
9.5958
9.70479
10.1541
9.5427
9.42886
9.51799
42.1205
9.52721
9.51959
9.47997
9.47028
9.50943
9.55943
9.43711
9.49216
16.8432
9.49047
9.53655
10.2565
9.52224
9.6348
9.53111
9.65616
22.7831
21.9878
9.67942
9.60039
19.5641
9.81069
59.6981
39.9331
9.82319
9.62718
9.67445
10.1576
9.6054
10.1575
9.69531
9.72899
9.74593
9.57605
9.86853
9.64272
9.54863
9.8171
41.7574
58.1038
9.66063
9.57579
9.769
10.2739
9.51537
43.1547
9.91393
62.3083
9.7041
