269.862
4.71591
152.803
160.85
234.669
17.0159
14.3191
10.9878
238.303
13.9584
9.13361
11.8595
9.01401
5.28896
4.68269
87.0515
80.8273
5.56838
213.467
207.64
296.845
236.44
7.80301
8.00182
8.14261
8.51645
9.81081
7.84167
12.451
14.1704
13.5207
258.104
8.18478
11.6651
11.4283
11.3035
7.84111
14.2647
15.3378
15.4597
5.83619
5.23852
8.48975
4.82556
4.53952
4.73639
4.46964
4.97099
4.44427
4.91532
11.3188
16.1106
14.434
4.35701
5.12979
6.2616
13.9281
6.24744
4.58473
43.5878
15.0529
9.14977
16.0456
16.2515
16.0404
28.1098
37.3105
15.3721
12.7198
7.19046
7.89358
334.092
14.0502
9.63325
12.7063
24.2813
6.86406
7.96382
8.20165
53.6698
8.35685
8.94566
10.5212
5.30455
5.66231
14.2268
11.8621
16.5342
6.2225
4.87456
5.18198
4.73079
9.39918
14.9343
13.1226
13.2492
5.1673
5.19748
4.54916
5.06322
