462.143
84.3877
133.241
26.068
26.8363
44.8888
454.083
145.262
477.55
504.601
470.359
43.5191
421.486
510.707
37.2318
38.6935
41.1045
429.558
424.487
394.484
43.5317
145.675
137.062
266.366
40.1457
42.8216
465.237
27.0297
28.8488
37.3424
43.4674
43.0397
37.6323
37.159
37.1458
149.771
42.6673
13692.7
17.7432
19.868
86.0227
19.1156
18.6597
19.5078
17.4733
17.7046
19.9166
19.7494
85.3332
7.32559
18.2224
18.2523
88.2087
19.6669
24.6127
19.8844
60.6707
20.2356
20.1124
19.9098
20.1047
20.8049
20.4331
15.5742
20.0949
19.5486
132.654
20.7286
20.7219
133.035
24.7339
25.1388
24.4674
24.4427
22.355
25.5587
24.6393
27.04
25.3421
22.9516
25.7222
25.0525
24.9905
140.749
34.0009
36.7732
39.0814
34.3633
32.6964
37.2624
37.4141
40.6668
37.1173
37.4087
37.023
21.4725
21.7301
43.0031
48.5182
16.6107
