8.29519
3.27698
3.31042
3.02224
3.00229
4.16003
3.37818
3.05759
3.19729
2.95477
3.19393
3.47504
3.02556
2.95641
2.9539
2.94956
2.93408
2.9853
2.92754
2.92612
2.92966
2.95845
2.95857
2.95301
2.92391
2.93958
2.98634
3.98541
3.16957
2.93825
3.38367
3.23788
3.15382
3.44794
3.21172
3.09325
3.11375
3.35491
3.15882
3.3873
4.37984
3.26083
3.19369
3.1779
2.99096
2.99456
2.93915
3.50088
3.45257
3.16266
3.15943
3.09966
3.09156
3.06928
3.11063
3.14239
2.96554
3.00543
2.94735
2.92755
2.98089
3.57191
3.27487
3.20265
3.47167
3.18236
3.06003
3.03894
3.00466
2.94816
3.28707
3.02254
2.95607
2.95485
2.94071
2.95962
3.0732
3.50063
3.43009
3.31044
3.10176
3.20616
3.18017
3.38452
3.06343
3.28207
3.24369
3.05401
3.14758
3.12229
3.08284
3.44618
3.09952
3.30288
2.97942
3.53508
3.30572
3.15175
2.95517
3.11496
