18.2783
23.9045
29.0055
15.6974
15.7232
18.2793
23.4936
15.7876
19.3493
25.5253
17.0122
26.4021
16.6115
15.8992
17.1273
19.4211
24.75
15.5008
17.7438
15.714
16.0199
15.7297
15.7812
15.8274
22.1436
18.9668
20.5822
24.6947
15.753
16.6117
15.8744
16.2177
15.8037
16.2782
15.6409
16.1699
17.3175
23.0717
22.4148
19.8208
16.0647
16.3162
16.3215
16.9852
15.5665
15.7173
18.818
22.8897
15.9391
23.1
21.8417
15.8774
15.5346
19.7605
15.6951
16.218
15.5531
26.6405
24.73
23.5846
23.668
23.4819
16.0339
21.5572
15.925
15.7703
16.0345
15.5316
15.4951
41.1991
21.8403
22.525
15.6698
15.5914
15.8823
16.0877
16.0091
15.7531
25.9286
15.9537
15.8698
16.0383
28.299
54.788
22.0454
26.6299
25.5594
23.531
27.1036
23.4348
21.5999
15.9905
15.5803
15.2638
16.2674
15.1869
24.4865
24.4484
27.9933
15.7535
