491.409
273.465
215.374
223.354
38.2759
288.707
215.937
27.2365
277.809
43.6716
35.1818
329.445
10.0494
224.814
197.491
196.246
193.173
8.38692
196.728
332.522
234.833
296.283
288.482
282.54
304.254
257.933
281.532
298.32
217.471
213.498
301.709
281.226
264.81
9.22909
8.68524
26.7602
8.68157
39.7822
34.6304
8.49654
237.605
282.229
286.412
196.201
195.64
211.815
194.995
290.205
217.335
267.418
296.225
16.827
8.69732
9.22047
11.0951
34.3749
34.4193
36.4649
14.4089
41.2803
13.4633
50.1216
38.445
48.8599
31.0728
8.55272
8.39227
8.41684
25.5264
29.4826
47.5499
27.9611
18.3716
12.769
43.4392
11.8513
43.4872
48.5828
27.8124
10.1195
43.2251
29.1747
42.9298
24.9142
8.58395
40.6261
30.5409
52.0971
35.0246
8.9969
8.55246
36.8812
8.80479
46.343
8.60752
8.44083
8.5453
52.722
8.52229
10.0331
