11.522
6.65582
4.51297
3.78705
6.00491
7.38076
2.81439
6.02449
2.94144
2.83454
2.74332
2.78106
2.83167
2.77374
2.75983
3.04486
2.72764
2.72205
2.80769
2.70977
6.83706
2.73008
2.70437
2.69339
2.75396
2.71138
2.861
2.6967
2.69905
4.22541
2.81444
3.10109
2.93398
2.72995
2.70715
2.71606
4.75654
2.77415
2.71985
2.71798
3.26527
2.9337
2.96544
2.77825
2.81296
2.78476
2.78615
2.7453
2.79632
2.72958
6.40986
2.71383
7.12482
3.02847
2.78366
2.76381
2.78607
3.43954
2.8081
2.77548
2.7767
6.44946
6.79761
7.01978
3.83778
3.1923
2.75464
2.73204
2.76735
2.73817
2.71757
2.75935
2.75687
2.75163
2.74391
2.79253
2.762
2.69712
2.70903
2.76789
2.70292
7.03119
2.78674
2.82937
2.76626
5.995
4.93162
2.80721
2.78523
6.02045
2.86837
5.76546
5.20562
6.06025
2.8835
3.22928
6.24109
20.9896
16.1871
3.57338
