10.1898
9.5322
10.1863
10.2761
7.22367
15.0586
5.8719
10.1496
6.04555
11.0652
9.7289
6.86916
7.05694
22.3581
40.6658
11.2231
27.9259
40.4314
11.4268
7.56325
6.12661
5.06371
4.70797
6.07883
9.55088
6.57219
5.909
5.93902
9.26255
11.1542
6.21417
5.88242
5.99256
6.09513
10.882
5.9104
10.761
6.03898
12.2214
6.46701
6.90675
5.91825
5.76771
5.60496
5.84608
5.73617
11.0101
6.08393
5.6421
5.87133
10.7221
5.51354
10.2706
6.7948
5.70019
5.90258
5.86777
5.9578
11.4757
5.69258
10.697
8.93783
6.08271
5.53496
5.92176
9.21525
5.85535
4.72706
6.16336
9.35885
5.91502
3.67105
8.88355
6.00906
5.99997
4.06334
5.99495
6.1811
5.98051
3.8585
10.7299
4.74322
11.4053
8.76697
7.55173
5.58365
4.03202
3.53426
12.6598
33.9119
5.05219
4.1943
6.96335
6.64893
6.36773
6.02085
11.5913
13.7192
6.22501
5.97493
