1013.04
511.737
498.254
506.127
500.499
508.423
483.71
480.889
2506.84
826.303
510.892
487.632
502.804
476.821
590.56
473.011
458.653
460.273
460.858
469.538
456.067
467.396
483.276
464.69
461.376
454.408
457.646
459.006
463.414
462.55
463.928
461.591
483.888
455.906
26822.8
465.522
476.444
480.435
469.927
479.084
474.416
474.96
465.719
479.258
469.517
457.107
472.561
474.526
465.789
479.33
472.961
463.62
459.096
474.333
471.41
492.279
462.695
473.574
484.138
519.599
496.025
491.53
468.904
493.162
466.113
469.972
492.506
471.009
480.983
466.827
477.081
462.317
479.148
471.514
475.442
465.053
478.477
471.077
470.005
493.212
485.677
460.778
492.86
474.221
474.629
480.923
459.67
463.11
472.74
471.75
469.981
463.96
459.349
473.124
472.555
496.508
479.154
464.021
460.076
459.397
