519.992
325.16
265.743
306.067
35.1953
301.977
56.0817
241.672
16.4774
12.7306
103.69
313.055
56.4285
60.1292
18.5198
64.4198
14.0175
322.589
25.9612
14.2061
62.5147
282.143
283.925
64.7434
54.6884
52.6137
53.0456
47.071
57.168
18.9438
34.9468
289.634
284.838
24.3587
241.473
42.7732
54.1985
24.9673
20.7374
33.3829
25.6811
311.172
290.182
314.803
30.9488
316.115
63.6981
21.2577
18.4793
56.7924
40.7319
275.082
29.0199
29.2639
19.5821
287.367
31.8956
253.629
44.9835
61.4642
25.3663
49.3889
58.6745
38.6728
38.6914
35.4367
12.1548
12.5611
49.9816
35.7945
36.8951
58.8212
298.96
49.6994
335.022
56.3916
52.0416
62.122
42.315
34.5895
35.5411
62.7432
286.703
59.8916
26.9765
59.5342
41.7506
61.9715
35.8919
14.8068
12.595
12.0163
72.4256
18.4917
56.4964
61.273
34.4693
55.2493
53.1396
57.4328
