424.005
157.702
102.806
104.461
108.545
146.973
115.37
149.654
140.58
141.449
165.737
135.743
136.906
120.879
98.2293
103.385
99.2038
101.947
103.704
115.331
101.637
135.4
103.637
101.244
113.25
100.896
103.381
114.443
112.693
103.174
119.528
101.403
105.023
119.706
141.713
144.06
109.883
105.923
107.073
105.852
111.035
107.253
104.873
100.437
100.839
113.279
141.995
113.793
107.724
101.486
100.786
104.387
124.326
118.531
111.94
106.905
103.094
107.787
128.477
150.817
107.722
148.998
105.325
105.956
107.468
102.924
104.809
111.271
113.088
118.952
118.192
123.191
101.499
101.692
100.053
99.2119
126.979
114.043
146.324
102.172
101.415
106.006
104.498
163.666
111.932
125.818
122.375
164.947
100.796
102.597
101.297
105.326
106.134
110.705
109.974
134.524
104.45
101.652
104.08
104.006
