303.961
154.956
77.8011
76.5683
73.6335
76.9771
76.8586
75.147
7.03918
317.851
6.18439
221.195
6.25349
5.86624
205.135
6.67575
5.6811
138.799
4.89864
5.40259
209.836
196.419
196.083
7.93308
6.27436
4.40054
4.72554
227.594
212.061
95.784
148.308
6.20183
6.00388
7.85991
294.775
6.91599
7.69774
290.929
197.531
195.793
292.31
269.113
8.25614
5.46234
5.42835
208.833
278.851
7.35591
7.8886
5.84667
7.36803
6.14136
7.05091
6.61399
5.61533
5.71251
10.44
5.59364
7.21494
5.61606
6.16971
5.80042
5.51459
5.45995
8.44278
3.52909
8.34082
5.71214
7.77748
3.20881
6.72434
3.1194
8.40123
8.57473
9.12684
6.62538
265.42
5.57081
6.49997
6.13562
5.29051
7.01437
6.031
5.63996
6.61193
5.71271
5.41423
6.51218
7.66537
8.26817
5.84084
5.58973
7.64464
5.39878
8.28535
5.38404
5.25328
11.1911
13.6681
8.38535
