354.192
15.9051
15.0951
15.0061
14.9022
14.8282
14.8643
21.6507
15.6415
15.004
14.9597
16.7673
14.8947
14.9697
14.8552
15.2958
14.8814
15.1733
14.8463
14.9338
14.9783
15.0215
14.8634
14.8729
14.8922
14.9722
14.9244
15.0823
14.8959
14.9152
15.5886
14.9073
15.0595
18.2885
14.8613
14.968
15.0105
14.9746
81.0713
15.3183
15.0443
14.9223
14.8788
98.9791
49.7571
19.4045
38.8588
28.1166
78.9287
27.6196
19.8418
22.3492
68.2023
17.6187
15.3365
16.9654
16.5066
28.0678
18.0715
17.7365
33.4031
18.5684
17.047
63.6071
14.9401
14.9837
17.9687
45.7287
19.2596
41.2661
31.8936
47.3343
22.0274
14.867
14.8983
14.8129
14.9062
17.4381
14.9045
15.3079
56.6869
97.5922
17.8681
14.9497
14.9054
88.8643
15.0834
14.9798
14.9062
14.8213
17.8618
15.1212
14.8647
14.8268
15.0665
14.8109
14.8235
15.1926
14.8702
17.5367
