16.5795
15.5519
15.807
15.8471
15.6876
15.8998
15.9594
15.5221
15.9565
15.9823
15.5043
22.9309
15.7083
15.4831
15.4858
16.482
15.5949
15.6134
15.5459
15.481
15.4879
15.4879
15.5386
15.4885
15.5342
15.7447
15.6971
15.8983
15.8626
16.3927
15.5912
15.9225
15.8208
15.7192
15.7546
16.9732
15.856
15.8978
15.8796
15.7838
15.6495
15.5091
15.5931
15.516
15.7264
15.6277
15.7922
15.5851
15.6195
15.5134
15.9047
15.5545
15.5912
15.4687
15.6608
15.601
15.6152
15.5907
15.7161
15.5297
15.9119
15.8109
15.5855
15.5286
15.8901
15.6182
15.5112
15.6081
15.5337
16.0018
15.4907
15.7918
15.6073
15.532
15.7361
15.7367
15.6231
15.6254
15.5183
15.7968
15.9502
15.7743
15.5311
15.8748
15.5921
15.7282
15.5561
15.6377
15.738
15.6881
15.7545
15.7613
15.5904
15.597
15.5513
15.5853
15.7444
15.5047
15.569
15.6165
