36.7436
30.4307
32.0943
78.8928
46.4757
32.6302
30.979
84.0827
41.262
74.0629
34.2225
79.6784
31.343
29.9648
30.5578
36.7928
29.6302
28.8188
44.9076
31.3162
28.9289
72.6909
70.155
71.7199
38.8212
34.2159
32.4639
39.1569
33.8698
56.4521
85.3431
39.9945
45.3701
46.1004
28.9102
30.5291
60.3138
30.8543
69.3171
31.2193
64.2882
59.5992
64.0558
29.061
30.6905
67.3398
77.6944
44.6354
49.848
82.2098
60.9322
84.483
83.6091
83.0215
77.5882
31.8768
29.5294
31.5197
56.5204
48.0514
79.4474
52.5075
82.4497
71.9292
86.8818
73.7139
41.4766
35.2861
81.0392
71.1368
32.2599
33.0966
33.9875
73.819
32.765
84.5485
77.468
67.8861
32.596
31.6958
29.9308
31.0495
80.5757
38.6677
30.7995
66.8737
33.6903
51.5988
61.3391
45.3127
70.5642
86.7676
82.3889
45.4679
30.8136
59.1789
41.1883
72.8166
80.1231
53.3194
