536.548
204.905
196.919
192.582
186.966
182.468
186.522
177.952
170.994
168.617
167.307
172.349
169.708
175.395
170.403
169.552
177.718
171.059
191.595
170.134
170.421
169.244
168.106
172.092
201.892
184.34
172.786
164.874
178.829
176.025
178.813
169.068
172.551
172.217
176.8
179.425
173.051
186.458
167.083
171.239
169.496
196.519
182.312
171.131
172.672
169.189
174.349
166.238
174.933
174.051
194.83
174.217
169.339
175.884
179.143
170.364
172.591
167.703
187.243
169.766
172.743
173.015
172.652
178.337
169.942
167.693
173.355
202.894
194.529
175.713
172.43
167.423
175.526
178.967
178.758
179.446
167.967
173.61
167.184
185.608
175.147
179.17
177.035
192.63
178.911
176.034
168.601
166.406
168.374
167.147
169.94
181.996
180.329
170.768
169.375
178.033
179.137
170.619
168.7
170.819
