152.307
3.4106
3.02867
3.02957
3.0295
3.05888
3.05432
3.05107
4.05754
3.04535
3.04104
3.40522
3.03598
3.05179
3.0232
3.03895
3.02265
3.10856
3.01654
3.05839
3.11705
3.00961
3.03943
5.97812
6.27175
8.8832
3.23194
3.2194
3.06011
3.03493
3.45122
8.48151
3.14162
3.54402
3.04747
3.03683
3.05243
9.70163
3.10518
3.12805
3.06095
3.03877
3.52547
3.04605
3.0189
9.18845
3.20579
4.52041
3.77928
3.04401
3.10673
3.72526
3.14295
3.20771
3.04314
3.03793
3.03524
3.01733
3.01146
3.17939
3.01573
3.01074
3.40403
11.4719
3.16103
3.09431
3.1573
5.79597
3.08058
3.02273
3.02942
309.002
3.0594
3.08012
3.0156
3.02992
3.01222
3.02788
3.00378
3.13469
3.00932
3.00464
2.97978
3.09122
3.01322
3.00704
3.41502
3.0352
3.00142
2.98644
2.97789
2.98019
3.00138
3.09018
3.04421
6.3056
3.26553
3.08167
3.01302
3.184
