313.418
319.532
296.29
251.891
2.02744
8.77577
277.502
5.51467
293.713
287.945
8.40015
2.50987
7.29358
6.4419
218.472
200.772
6.57334
206.759
235.28
316.15
276.13
199.71
197.465
198.058
195.909
268.995
271.282
305.719
272.147
271.137
199.87
173.3
2.26561
2.5422
7.37604
6.01731
305.673
279.606
202.761
299.799
301.788
4.88178
6.95425
6.35836
7.67023
5.61044
6.1299
4.32311
4.67764
7.24822
5.85048
6.86919
7.53642
5.58742
216.866
272.585
195.927
3.27663
6.53585
8.25906
6.91632
9.73473
5.73908
6.56848
3.04995
10.8464
4.5273
7.4706
290.536
270.472
5.96999
8.52267
5.08939
7.71384
6.31679
4.95406
286.609
256.905
7.25375
6.73699
6.10892
6.75361
8.5078
5.56173
4.58145
5.18286
5.62941
7.28908
7.35903
4.63327
16.0985
7.98442
5.91015
5.07015
5.68032
9.48202
7.49887
5.51536
7.0196
5.16389
