31.6947
31.1663
30.9351
31.1867
30.4752
30.9964
29.3466
29.5667
29.381
29.2456
29.3001
29.2403
29.5328
29.5695
29.5946
29.5412
29.487
29.4244
29.3736
29.487
29.4576
29.5131
29.5553
29.543
29.5448
29.5228
29.5275
29.4625
29.5719
29.5488
29.5164
29.4197
29.6754
29.5753
29.5523
29.4722
29.5935
29.544
29.4777
238.096
29.6268
29.5582
249.767
220.717
188.487
29.5681
29.5962
257.676
395.077
29.5081
29.5568
29.3496
29.612
29.3916
29.615
29.3102
29.2843
29.2954
263.169
29.3141
29.3548
29.3952
351.89
29.291
29.5336
327.949
29.6378
29.3322
29.2896
322.13
29.3486
29.5939
30.6634
30.6099
434.154
441.903
29.7841
29.7484
29.7389
498.948
29.6633
858.75
422.346
471.33
411.902
29.7501
715.275
29.5656
29.7385
29.7594
29.8374
29.6787
30.6904
30.7555
30.5751
30.255
30.7894
30.3911
30.5387
30.5239
