573.238
208.126
208.206
22.8636
38.7192
39.6726
219.565
22.1629
219.786
24.6409
38.4377
38.2555
39.4788
40.137
39.5645
50.9308
39.8617
37.7229
36.5158
38.1111
38.9928
39.1742
39.1352
37.8039
39.5913
40.2866
39.8029
38.449
36.5341
36.7039
36.7233
39.8667
225.555
22.6553
36.8944
35.7367
37.343
223.444
290.889
23.2837
37.1692
37.8889
36.8586
45.0292
37.4793
225.126
21.315
37.2584
40.3168
38.6579
44.7333
36.72
39.9831
36.748
36.282
37.3885
36.3264
35.7578
36.7903
36.6511
37.4938
38.7619
36.7888
37.4853
224.359
22.0389
35.2264
39.4058
40.3626
36.7543
36.7918
36.7032
36.7229
36.5259
37.6012
41.1934
48.5378
40.7458
231.551
22.4359
42.4936
37.2341
37.5463
38.4067
39.8778
36.7496
36.5315
44.4942
38.0583
38.092
37.5387
37.3726
228.924
22.7118
36.4932
37.4443
36.355
38.0539
231.291
24.0147
