284.008
3.73064
11.844
9.84092
5.99148
4.64304
3.33587
2.73069
5.96862
46.2324
7.59327
2.68696
8.37053
2.70601
3.18331
3.37766
2.44773
3.14489
2.41504
2.8876
2.37107
2.77922
2.57948
2.4401
2.87696
2.46235
2.35739
2.53422
2.3523
3.70227
2.40164
2.39134
2.40914
2.42244
2.34858
2.3477
3.17457
2.3754
2.39656
2.3619
2.35568
2.52554
6.37906
2.39795
2.59616
2.37905
2.44715
3.13949
2.38299
2.36988
2.38968
9.33287
2.98877
2.38269
8.82518
8.36093
2.90804
2.74319
2.55968
2.3914
2.406
2.3743
2.34999
2.9596
2.81279
2.4114
2.35704
2.35348
2.35334
2.39058
14.8477
11.5326
5.492
2.64105
2.57384
8.50653
3.35469
2.42997
2.33697
2.45962
2.8599
2.43558
2.39552
7.18136
2.39224
2.37003
3.11541
2.45632
2.43129
2.37378
3.1147
3.14625
6.64712
8.46271
6.32222
5.1985
7.83385
8.43367
7.86382
2.60153
