13.9084
11.5361
12.0098
11.5122
11.0475
11.5414
11.6018
11.3432
11.4841
11.3417
11.7617
11.7624
11.7028
11.6113
11.573
11.8293
11.3245
11.5427
11.7787
11.7625
12.1917
13.0493
12.3843
11.6254
12.7597
12.0085
11.9219
12.4437
11.7588
11.8976
11.5325
11.0724
12.0351
11.8165
12.311
12.2879
12.0278
12.0056
12.856
11.6358
12.1022
11.4027
12.517
12.0966
11.6147
12.3578
11.8612
11.8362
11.842
12.232
12.9926
12.4767
11.6453
12.3368
11.9608
12.4657
11.8783
11.5588
12.0615
12.1234
11.9225
11.8928
12.0867
11.9486
11.8557
11.2891
12.1552
11.725
11.8437
11.7944
11.7998
12.0013
11.7157
11.8302
12.0655
11.641
11.4336
11.9651
12.1866
12.0671
12.5418
11.7508
11.9556
12.2601
11.7767
12.238
12.1663
11.6713
12.1414
12.3647
11.8742
12.4527
11.9114
11.8868
11.5698
11.8088
12.1726
11.8685
11.6077
11.4197
