4.29007
3.90861
3.20669
3.2631
3.41844
3.16847
3.75312
3.15999
3.9326
3.03711
3.02189
3.26446
3.25964
3.26669
3.09697
3.05494
3.0155
3.0133
3.03484
3.25229
3.03439
3.01225
3.06863
3.07018
3.32223
3.43486
3.03566
3.26104
3.2936
3.14174
3.10186
3.06205
3.03608
3.41337
3.27325
3.0572
3.12645
2.98154
3.27759
4.57299
3.04583
3.10236
3.44888
4.12847
3.28925
3.89553
4.12111
4.00798
3.02811
3.07806
4.02374
3.23247
3.68231
4.13939
4.04965
3.47057
3.01122
3.27854
3.16867
3.02405
3.27577
3.24456
3.15084
3.24262
3.05344
3.01852
3.01686
3.10165
3.18895
3.27135
3.13326
3.07833
3.26541
3.15954
3.12924
3.06023
2.98074
3.06684
3.40839
3.2755
3.20106
3.24617
3.27779
3.30888
3.21955
3.05084
3.25363
3.27679
3.04788
3.33038
3.04386
3.03606
3.24027
3.10766
2.98504
3.23412
3.30954
3.1796
3.107
3.05705
