12.0555
2.87595
2.6792
2.79749
2.94919
2.63658
2.56938
2.59946
2.57267
2.5585
2.91391
2.52673
2.58395
3.03114
2.89036
2.5785
2.84591
2.87194
2.58782
2.71121
2.62127
2.66632
2.57497
2.55753
2.93935
2.75682
2.92444
2.5897
2.56616
2.66819
2.61261
2.62675
2.59744
2.6166
2.60184
2.61095
2.85411
7.60986
5.93486
5.21659
2.88956
2.82625
2.81483
2.85991
2.69199
2.63507
2.60975
2.89517
2.60437
2.88704
2.80545
2.78685
3.04268
2.73672
2.67556
2.88469
2.90489
2.62383
2.5681
4.04276
6.83332
4.81521
2.88074
2.8286
2.6077
2.56788
2.90708
2.70486
2.67552
2.84105
2.65992
2.82696
2.88211
2.95146
2.8486
2.94158
2.62711
3.34047
3.02627
2.57866
2.54429
2.61766
2.57739
2.53068
2.52461
2.52911
2.52242
2.51542
2.52297
2.62159
2.95785
2.7613
5.68411
2.86839
2.92293
2.63594
2.63117
2.62752
2.59477
2.55055
