10.9696
3.58406
4.25989
4.10957
2.62163
6.56051
3.92054
2.71051
2.58803
2.58512
2.57044
2.58577
3.37782
3.32646
2.61327
2.58335
2.5672
2.56821
4.29438
2.55443
3.75732
3.98477
3.92055
4.03719
2.64072
2.61383
2.59362
4.16826
2.6154
2.58597
2.55447
2.59178
2.5775
2.55639
2.54414
2.56992
2.58496
2.5561
2.54095
3.71534
3.3041
4.74692
4.34805
4.61709
3.03829
3.02893
2.56298
3.40572
3.22866
3.29522
3.2403
4.41016
3.15311
4.09026
3.09083
3.0771
3.09065
4.01222
4.47801
3.2442
3.06839
3.08011
3.2735
3.09546
3.64196
4.41802
4.34033
4.00321
2.67647
2.64386
3.51957
4.06325
3.32114
3.20598
4.30544
3.17565
3.08476
2.74475
2.66594
2.59497
3.61526
3.26959
3.51177
3.51591
3.111
4.15957
2.60611
3.35836
3.24456
4.18231
3.22064
3.76284
4.10203
3.17331
2.87634
2.65833
2.66842
3.41594
3.26977
2.61487
