16.0842
13.0949
12.4644
12.4842
12.4905
14.328
12.416
13.8706
14.9599
15.0093
13.9858
14.4471
14.4974
12.8575
14.1539
14.8073
14.6946
12.5171
13.872
12.6713
12.5763
12.4305
12.4639
12.5661
12.4761
13.1578
12.4948
12.4435
13.207
12.4572
12.8837
13.848
13.0887
14.5365
12.4812
14.6908
13.6535
14.9694
13.7893
15.0766
14.5499
13.7824
15.1148
14.1815
13.5599
14.2834
14.5074
13.8736
16.0229
14.3755
14.6182
14.4462
13.9768
12.7788
14.8074
14.4775
14.6241
13.0412
14.5932
14.7937
15.23
15.5575
14.8741
15.5829
12.8004
12.8204
14.8327
13.6261
12.7887
12.8938
12.6355
41.1374
12.5804
15.5096
12.5972
12.4705
12.4211
12.5061
12.4066
12.6537
12.452
12.5715
12.4653
12.4327
12.398
12.8404
14.865
12.734
12.4719
12.7807
12.6256
12.6006
15.5401
12.7367
12.5404
12.4951
12.9153
12.5389
13.0238
12.4796
