386.195
80.1149
74.5077
77.3386
73.8631
109.557
97.1
105.517
79.4903
96.3561
74.3536
81.9541
86.4025
72.436
76.6141
80.1497
80.8361
88.7817
74.9832
74.3681
74.3543
110.728
87.1208
72.3339
72.9635
74.3278
77.144
90.2918
74.0972
72.0122
71.6758
73.738
74.2703
73.0168
84.1101
72.988
72.5756
78.2605
92.9511
94.1304
74.3445
74.1015
73.2277
73.1325
74.9302
73.8812
74.9424
73.9557
73.2736
75.5268
75.2557
124.566
74.1724
80.8196
82.3688
82.3792
76.3023
87.5797
72.2528
75.5838
73.1158
75.1667
91.3118
80.6267
74.821
72.503
72.087
73.7692
77.5693
98.4441
98.2601
75.8195
83.3317
100.68
73.5467
77.7364
72.5104
75.1624
74.01
71.6406
85.4283
80.2811
71.5471
76.0516
99.5493
73.9963
73.0423
77.8532
77.4125
90.9272
75.4283
96.4357
90.0463
91.1098
86.116
72.5392
73.0149
73.3316
82.5024
79.3954
