40.7414
41.1918
40.0895
39.9394
39.9391
40.2202
40.2069
40.127
40.8181
40.0781
40.1893
40.672
40.2552
40.1901
40.1165
40.0114
40.204
40.0054
39.949
39.926
40.1894
40.0175
40.0326
40.4624
40.0296
40.3358
40.2513
40.0642
39.9966
39.914
40.183
39.9897
39.9511
41.0108
40.057
40.0173
40.0287
40.1811
39.9901
40.0589
40.0212
40.3252
40.1976
40.1918
40.1038
40.1666
40.2151
40.0584
40.1948
40.102
40.2623
40.2646
40.3599
40.0248
40.1659
40.1207
40.1647
39.9818
39.9721
39.9207
39.9653
40.3156
40.1759
40.1163
40.1808
40.0511
40.0817
40.1724
39.9924
39.9948
40.1787
40.2045
40.0403
39.9536
41.847
41.555
40.2223
40.084
40.1018
40.1381
39.9915
40.3174
40.1015
40.0161
40.2082
40.1784
40.1433
40.1813
39.9364
40.1929
40.312
40.027
40.2532
40.1942
40.2726
40.0769
40.155
39.9335
40.0037
39.919
