6.66485
2.53031
2.53961
2.96021
2.99011
6.04193
2.44223
2.44494
3.0293
2.56299
2.45503
2.99481
2.4425
2.45295
2.46326
2.42077
2.45051
2.51128
2.46477
2.42276
2.42536
2.77469
3.00286
2.46894
2.44365
2.4649
2.4248
2.46013
2.4529
2.45884
2.42313
2.4269
2.41463
2.5216
2.49704
2.9722
2.48754
2.42611
2.42644
2.42659
2.44498
2.5082
2.69873
2.44499
2.99058
2.58072
2.45894
2.47661
2.42976
3.05832
2.48072
2.44591
2.44584
2.41316
2.40828
2.4243
2.41346
2.98378
2.53517
2.43221
2.45413
2.42648
2.65151
2.45798
2.47474
2.44193
2.43524
2.46096
2.55039
2.44754
2.42344
2.41687
2.44463
2.46759
2.42016
2.98744
2.45647
2.44663
2.73475
3.46329
2.55247
2.49209
2.45549
2.4729
2.43026
2.43189
2.46284
2.439
2.42324
2.42791
2.42434
2.42085
2.45844
2.42587
2.42458
3.09527
2.49332
2.45068
2.42878
2.46216
