9.76089
8.56906
8.94236
9.28672
8.4093
8.55615
7.22613
7.20525
7.22015
7.22938
7.13844
7.10754
7.15125
7.07876
111.9
7.66633
7.29582
7.2892
7.13259
7.30961
7.40866
7.41979
7.27074
7.33556
7.2818
7.27777
7.28492
7.33774
7.27178
7.30335
7.26171
8.63261
8.87467
8.6319
8.56836
325.096
8.33247
8.43865
8.58286
8.50106
8.71259
8.35136
8.71194
16.8055
8.22835
8.1097
8.67793
8.47606
8.59055
8.21304
360.399
8.47306
8.64757
7.51824
8.70366
8.30953
8.46023
8.23215
8.42111
8.40093
8.39158
8.52721
8.34146
442.677
8.65495
8.67856
8.84454
8.32078
8.58977
8.1912
8.49005
8.4717
8.21791
8.55086
8.46706
8.26087
8.51136
8.47022
8.26948
8.2681
8.2858
8.48414
8.48424
8.28617
8.57033
8.26929
8.40078
8.46478
8.39681
8.7445
8.45867
8.25602
8.38734
8.55869
18.8404
8.66203
8.69035
8.63279
8.42254
8.52865
