443.702
314.943
322.151
8.55371
350.76
12.1164
9.6706
9.00651
260.863
8.94908
333.634
46.1345
302.596
272.297
294.331
32.5855
10.864
307.63
9.66791
14.563
27.0738
10.1599
8.12513
31.4522
10.2465
10.3209
8.50285
8.63087
55.5606
8.85485
8.65596
8.38467
8.10018
8.12612
281.821
51.9557
9.74574
9.06381
8.10113
9.76927
9.1201
8.19966
32.3495
50.6227
44.3656
36.2103
10.6556
47.8464
45.828
36.3335
48.8461
10.1384
8.25912
8.63174
9.30865
37.6057
38.874
56.4028
292.697
33.6181
40.8408
44.1504
44.63
37.2247
52.9931
51.5739
39.4757
46.3423
9.96379
8.21292
219.347
45.2775
9.78143
9.64849
41.1908
295.154
10.9331
40.3627
46.626
10.1974
13.5619
8.76463
9.34637
8.12157
8.55471
10.4134
280.387
8.0492
52.0116
52.8472
20.4709
9.77436
224.779
8.06527
62.9259
8.74857
10.067
8.52982
9.58266
10.157
