326.513
277.088
187.137
302.396
360.238
321.175
7.11766
7.24329
6.329
214.887
8.06092
242.971
12.6099
4.12512
11.8227
4.88566
299.791
11.0009
6.36604
6.59342
5.35064
6.76842
4.42475
4.89279
5.88734
15.5541
4.57939
4.80673
4.35122
4.42056
5.05612
4.5443
32.4993
4.63854
5.33131
13.6742
6.25681
14.6
4.66196
9.05407
15.3747
6.01742
6.26713
8.14643
4.45457
5.93506
286.731
8.2655
6.42213
11.2542
10.5305
5.02248
6.04823
4.85466
13.1311
5.69597
4.75702
4.40432
5.07492
11.9547
14.1094
5.47774
14.3811
4.62432
4.24689
16.4142
5.80453
4.44436
5.716
6.69194
4.68675
5.0484
5.15936
5.03583
14.1425
9.56154
14.6047
8.58766
5.58319
13.2261
8.60263
6.83328
18.0512
6.22734
15.6612
12.0875
7.21599
15.3917
5.64754
14.0537
7.31843
6.46422
7.09206
6.61785
15.0893
14.1163
6.93558
5.2267
5.64501
5.52852
