28.2586
21.3759
21.7708
22.3625
43.0807
16.2648
13.6693
13.6408
15.9721
18.2461
26.6613
21.7478
24.5202
24.0315
14.1165
23.1909
14.591
14.186
14.226
13.8006
13.6456
13.6595
13.5472
24.7083
13.8797
13.839
13.4469
13.7253
19.6866
14.0365
27.699
19.9323
23.3555
13.9391
13.385
13.5462
13.3511
13.8427
13.7532
13.458
14.1643
13.5203
14.5463
15.968
13.7398
13.312
13.5206
13.3134
13.6143
18.181
14.0228
13.3809
13.4786
13.6998
13.4805
13.7594
55.5944
13.5916
14.0887
14.0108
14.2881
13.8686
14.5711
22.6638
13.6939
13.9896
13.6948
13.3716
13.758
22.9301
14.2965
14.2557
27.2686
26.6499
23.7533
21.739
22.6559
13.3299
18.7759
13.5974
13.3553
13.5369
16.0284
15.2664
28.87
13.9777
26.3817
13.7826
13.5008
13.5534
28.2237
22.8981
14.7045
13.5835
13.4944
13.6329
21.5792
27.2815
26.7896
13.5887
