350.398
90.3575
295.904
8.71851
12.5838
5.37873
3.20698
7.62377
5.05778
9.87808
11.0754
10.1534
4.32145
4.99026
294.485
5.43691
6.20097
3.23193
4.20919
4.80467
4.81519
6.12405
4.68769
4.70427
3.68298
5.46089
4.4172
6.67054
6.84382
3.48729
5.06959
3.89815
4.02888
5.72479
4.9486
2.47143
5.00577
4.06902
4.48844
4.37157
4.68703
4.77817
4.22203
5.01499
6.38935
6.37175
4.59519
4.38328
5.21729
7.40452
6.84234
6.02838
6.60832
4.38761
5.67576
4.64096
6.08164
3.69279
4.82213
7.07301
5.37267
4.80955
5.00731
3.87626
3.83149
4.92291
4.62207
4.91502
5.00165
4.74338
2.67102
3.71272
6.37195
3.28632
4.7916
4.45547
4.9216
4.91513
4.26344
8.6258
4.81985
7.55676
3.76643
5.96988
5.8076
7.54511
5.02722
5.87488
4.07568
5.09736
6.73958
8.75689
5.78699
4.78921
4.65008
6.38992
6.33251
7.79377
6.64946
2.21832
