19.3503
15.2339
15.2634
15.2118
14.9042
19.0391
15.0898
14.8831
15.4699
15.791
15.1594
14.9433
15.1051
15.4992
15.1248
15.0114
15.2183
14.9462
15.3147
14.9974
15.3967
15.0458
14.8988
14.9205
15.0347
15.0786
14.9791
15.051
15.1522
14.9196
15.085
14.9421
14.9248
15.686
15.0174
14.9118
15.6902
15.0276
14.8813
14.9516
14.8626
14.8424
15.0423
15.0621
14.9483
15.3359
15.001
15.3858
15.0018
14.8866
14.8579
14.8949
14.9462
14.8312
15.9128
14.9402
14.871
14.8399
14.8595
15.1172
14.8179
14.9624
14.9366
15.2597
14.899
14.8796
14.8724
14.8825
14.9634
14.9211
14.936
14.9083
14.9283
14.8715
14.8546
14.9453
14.9778
14.9769
15.1388
14.8972
14.9549
14.8718
14.8608
14.932
15.2732
15.3666
15.2839
15.1295
15.2507
14.9342
14.8945
14.8709
15.6193
14.9961
15.179
14.939
15.8085
14.9342
15.0235
26.406
