220.818
190.467
151.92
144.552
144.051
148.267
3.14362
3.03723
3.48164
151.02
2.62229
3.28952
3.25211
3.10544
3.36538
230.493
237.909
6.43111
4.92928
263.904
239.424
8.18249
7.85074
7.17199
7.00237
6.83585
250.171
5.8828
242.728
4.54077
2.91579
4.18208
252.024
6.29038
5.61098
5.45981
4.22083
250.978
5.5055
4.16885
4.14232
5.53555
3.99315
4.55737
5.7062
4.48022
5.42771
4.46533
3.94928
4.74744
4.09106
8.72673
6.14182
4.84193
4.32042
4.80962
5.00305
3.81731
4.65527
4.27178
3.91234
4.5176
4.40183
5.97828
4.83219
5.02331
5.07463
4.96994
4.85745
7.65813
5.38168
5.91294
5.51508
4.61658
4.82082
5.01035
5.07516
4.21707
4.36688
4.20658
4.38905
5.80445
6.58744
6.14342
6.46898
4.20268
9.0913
6.69318
6.91195
250.058
4.9981
4.73114
4.58021
6.68282
6.09857
5.78165
5.03625
4.43201
4.51926
4.54971
