527.167
92.8848
48.6986
276.151
46.8719
42.7223
78.3683
108.199
49.4557
385.078
60.03
54.2662
98.2213
99.3809
344.737
84.208
351.218
104.359
69.5942
110.49
102.908
57.6993
80.2168
60.5598
64.9159
102.478
119.638
60.0067
110.781
269.931
333.588
86.8263
204.799
57.8687
50.7259
92.9807
104.258
97.0915
114.931
98.1888
100.983
101.572
47.6311
104.667
99.7949
112.617
82.1763
76.9098
358.372
88.6756
105.864
319.46
51.9038
62.7523
85.8555
104.588
277.551
81.7759
323.302
342.519
47.2686
109.544
55.2917
89.2766
103.513
114.539
325.192
315.772
52.2021
68.2055
64.5769
44.6627
114.133
114.68
92.7269
175.899
88.6722
111.145
306.696
265.137
69.3667
79.8526
60.6782
268.101
104.68
325.342
109.718
94.045
56.128
112.31
89.8836
56.4669
83.7254
115.776
53.8993
117.561
108.763
102.889
86.9012
338.484
