6.40235
3.01517
3.11997
3.75573
3.16065
2.82301
3.22557
2.7514
2.77445
3.08097
2.76483
3.12937
2.99911
3.04164
2.99553
2.83817
3.10848
3.01872
2.89175
2.82562
2.83987
2.8175
2.77914
2.77461
3.25318
2.88948
3.0484
3.08556
2.82508
2.7543
3.12214
2.85646
2.85738
2.72036
2.7321
2.72966
2.70873
3.06781
3.05246
3.02637
2.82733
2.7928
2.77008
2.81915
2.80259
2.83738
2.78272
3.19344
2.79253
2.78884
2.9418
3.11166
2.84857
2.8088
2.78831
2.80098
3.08418
2.76992
2.79019
3.01546
2.9288
3.02864
2.82184
2.82758
3.13257
2.81827
2.8383
2.74116
2.7482
2.73166
3.29325
2.72043
2.74935
3.00599
2.79996
2.75012
2.74305
2.8091
2.84964
2.73466
2.83654
3.06521
2.81459
2.99903
2.90429
2.87265
2.82822
3.02749
3.06377
3.0437
2.80591
2.78198
2.8772
3.06534
2.99718
3.21002
5.79711
2.81677
2.784
2.76717
