334.282
87.7873
305.179
15.8065
55.4273
42.9579
42.5438
14.3857
13.2047
44.5112
14.6196
9.15515
8.33546
8.41416
8.81413
123.533
8.53546
15.3244
15.5334
16.1915
8.34194
10.1625
8.43142
8.35863
8.27837
9.82925
8.33786
8.64192
9.34325
15.1385
9.40837
8.92838
8.34192
8.83736
8.3047
8.36675
8.35839
8.39087
8.46479
13.8608
14.7683
8.73132
8.44651
8.49789
8.31999
9.9623
8.36385
8.45461
8.47157
15.5104
8.40729
8.57153
8.34988
8.46797
8.60738
8.31061
8.53547
17.2471
8.52353
8.42158
10.223
14.244
8.49761
8.40401
9.26149
8.33766
8.37537
8.49667
8.44246
8.50196
8.60874
8.44513
16.8677
65.5758
14.5638
73.2049
8.60311
14.8227
46.2335
62.8442
13.9637
66.11
14.0845
15.8287
15.5518
41.2153
42.0408
45.9341
8.6122
43.4119
45.4918
13.405
68.1606
13.591
14.8915
14.7316
14.6536
67.124
14.4089
15.1718
