418.395
210.243
7.59085
16.029
289.311
270.418
313.888
297.269
282.289
7.64968
216.149
209.019
231.198
6.98314
7.38209
8.96824
25.2573
10.0135
10.9244
252.715
212.103
9.17653
16.7433
11.3784
227.485
10.8749
8.60395
26.4387
28.8172
16.5308
12.5062
11.0466
9.31562
8.41977
8.60163
8.54261
9.81072
17.4297
28.1103
27.9105
8.96478
8.66971
261.649
19.044
236.624
7.80036
250.487
306.676
212.207
18.9578
11.2989
10.3906
28.2272
9.48014
11.6795
30.2036
10.62
10.3462
8.43497
9.23629
10.5338
49.5984
28.8205
8.71236
25.1275
28.7929
12.0225
9.95336
9.90448
8.62126
10.1219
8.92051
8.6355
9.28013
9.43521
9.67847
24.5554
9.85466
224.099
8.1671
7.45617
11.6355
9.42723
10.1075
9.10824
8.48669
9.14782
9.66082
33.0404
11.0356
25.139
8.76526
11.9838
10.3163
9.53074
10.0857
10.7808
9.56817
9.81201
30.5825
