465.19
7.53683
7.30947
6.82187
6.98512
7.14064
5.73733
101.924
308.586
124.346
124.821
6.65723
298.028
7.30629
133.378
135.986
134.102
13.0521
10.5729
12.43
141.107
12.9317
11.0772
10.2534
10.1749
10.0933
8.13576
132.923
9.18327
9.33301
10.3411
10.2456
10.0608
10.203
9.61788
7.10711
6.70922
6.53698
6.49967
135.221
7.5976
7.49704
7.45662
7.06246
84.0058
5.62524
5.84548
5.93124
5.80557
5.34797
5.77918
5.86009
5.95085
5.56112
5.68389
5.71899
5.58547
5.64941
5.71806
5.70843
5.87713
83.6624
84.4234
6.46964
31557.3
6.28915
5.62006
5.2805
5.60402
5.30756
5.43706
5.43333
5.44003
5.49167
5.41764
5.30709
5.21947
5.34618
5.43947
5.23952
5.44359
5.49621
5.38907
84.5387
5.27193
5.40937
5.3508
5.5706
5.34992
5.68786
5.55484
5.47792
5.55151
5.55484
5.22847
5.53717
5.38299
5.33167
7.4557
5.46718
