399.377
282.065
252.434
231.465
289.301
8.99932
2.7299
288.185
5.95665
2.91683
7.37158
7.63506
2.04823
2.03269
1.88402
6.12394
5.87029
337.397
292.572
270.341
310.485
376.389
318.62
281.358
296.644
250.226
278.668
294.031
6.13437
7.58597
6.14445
5.64273
5.50044
5.81288
219.902
5.60878
2.77107
2.60262
6.56322
8.22907
333.346
245.146
5.07424
19.074
8.65643
5.96722
2.14311
7.6829
2.21875
2.76755
1.9001
312.519
200.396
260.425
314.13
292.373
265.033
3.97354
6.00993
6.72907
6.98948
5.21162
5.89129
7.00246
5.16781
5.47746
5.09818
308.032
301.097
288.777
5.88124
5.92629
6.49446
2.84346
5.56423
5.93045
2.1179
7.63257
2.55511
6.14039
2.1927
1.9222
2.73765
1.87536
1.97807
1.83593
1.77416
1.81551
1.8651
1.95094
2.37014
6.36725
6.14114
5.94783
5.65679
6.38224
3.25698
1.99996
5.8734
5.84093
