907.318
135.933
128.239
20.9833
25.7143
22.3124
19.6496
19.3052
208.491
87.9055
126.269
19.064
19.8379
20.2832
49.7919
142.867
42.3643
19.1468
19.7431
47.8932
23.0027
22.8108
44.8332
145.409
21.1951
19.8637
19.8304
24.2515
25.634
48.1023
375.269
20.8372
146.554
65.4542
29.6131
29.1036
29.2594
20.936
19.905
19.6921
19.9113
21.0538
19.9209
19.5928
24.6218
24.8205
65.217
24.4376
25.3298
25.4765
19.8178
20.9879
21.4295
23.6026
23.8654
20.9475
26.6557
326.059
864.3
21.0699
291.363
29.2455
346.452
376.109
20.437
397.786
21.1701
19.8073
19.7165
23.6988
19.9992
19.6499
44.7256
19.8966
461.232
20.9063
64.4967
487.878
21.0508
351.793
64.5245
20.047
19.7645
30.135
46.3288
19.7088
20.0712
21.045
25.4062
19.8297
521.99
389.184
408.026
19.9411
19.8846
341.176
20.9003
21.1527
56.9545
52.3248
