8.91638
6.40206
6.27946
5.99248
5.90595
7.4524
5.78787
6.18912
6.20383
5.70946
5.68129
6.17398
19.3001
13.1433
9.55174
21.0513
8.26355
9.02594
8.5735
8.63359
14.6383
20.4336
10.6219
10.0825
8.32004
14.1274
17.3942
8.85724
19.9436
8.35351
7.89233
6.86869
7.76996
23.6355
7.53406
13.2102
8.27407
8.68856
9.95219
6.49157
9.05688
8.0756
20.2347
15.4562
10.8315
25.4925
9.74085
10.6879
8.78108
8.38022
8.90358
20.5453
18.2225
12.0065
9.72171
6.81419
6.76956
17.5093
20.8773
12.252
9.70355
6.34665
9.5892
6.49599
7.12756
6.42123
20.345
15.8363
16.5145
7.60108
7.20671
9.43648
15.5188
11.8109
9.78196
9.16343
8.32348
8.2979
7.34564
20.9852
8.72708
21.8552
18.0598
21.9699
6.49853
7.10982
6.7202
6.68717
6.74393
6.09993
6.66716
6.44979
5.92366
5.93881
6.08825
6.49897
5.99814
5.66844
6.02359
6.62611
