10.2196
6.39059
6.29985
6.47218
6.77424
6.36969
7.39937
6.84164
6.29938
6.45122
6.3754
6.04078
6.1933
6.01853
6.67102
6.55004
6.1266
6.42452
6.52474
6.07678
6.55164
6.5805
6.29735
6.11556
6.35529
6.08777
6.04903
6.35154
6.3747
6.27927
6.23042
6.4827
6.22182
6.24895
6.4108
6.31493
6.50928
6.2885
6.26032
6.61677
6.55815
6.09314
6.106
6.93239
6.05867
6.29566
6.06993
6.31431
6.17553
6.10974
6.08981
6.03617
6.01944
6.07263
6.38219
6.08413
6.00606
6.01425
5.99678
6.01227
6.55503
6.09065
6.07544
6.24794
6.21002
6.07049
6.15104
6.59732
6.43436
7.3793
6.25854
6.66062
6.44886
6.26806
6.28678
6.17835
6.66436
6.26555
6.45074
6.68255
6.58324
6.30331
6.31539
6.79243
6.32979
6.37693
6.0389
6.05349
6.01294
6.01194
6.02809
6.01296
6.01554
6.16767
6.06051
6.03014
6.42083
6.34153
6.318
6.73557
