460.241
396.935
11.6035
10.426
241.856
321.436
297.263
13.6701
358.805
12.8759
11.4174
316.484
11.7529
11.2041
10.0189
11.5454
10.6804
6.64952
243.975
5.99228
6.11383
7.41616
5.83932
6.2192
6.14904
14.7985
6.08404
6.14082
13.9538
6.0907
14.148
6.66868
14.45
9.16832
14.4716
9.77385
9.66623
13.9634
11.2546
14.1006
9.50716
14.8001
14.502
14.7516
13.824
9.55751
6.85225
14.6983
6.49751
14.4158
7.38084
8.46041
6.12613
6.04563
6.28131
13.0586
6.65114
6.58336
6.70576
6.13816
6.10703
6.16614
6.37021
245.2
5.91526
5.84364
5.79583
12.0845
6.2862
6.32073
6.16958
6.84699
6.08257
6.03147
324.004
13.5483
6.99129
5.77059
7.93466
13.9821
9.91407
9.87394
9.65202
13.5972
14.7277
15.5228
12.5475
9.66201
8.7583
14.0846
6.83182
13.2157
15.0672
14.6415
10.5705
13.9504
14.1438
13.9608
10.867
13.8382
