375.856
223.356
292.732
27.2106
26.7826
27.9906
29.2562
27.5099
253.762
28.1825
26.8714
27.7749
26.308
139.252
27.7109
27.5803
27.1747
29.1921
27.0429
28.6737
26.811
26.3809
26.3029
28.9424
27.1141
27.2549
26.7834
26.5957
27.0149
26.2812
26.735
26.5626
26.2366
28.6876
26.1408
26.3115
26.4181
26.2737
256.16
246.248
27.9529
27.0247
26.3807
26.2245
26.1685
26.7672
26.345
26.1548
26.1706
26.2318
26.1145
26.2721
26.2837
26.2407
26.2714
152.124
26.8132
26.2155
26.5322
26.2557
26.3434
26.1537
26.432
27.1252
38.176
32.8747
27.4386
30.3931
26.5436
26.4136
26.9428
26.8657
26.8098
26.4573
30.0364
26.246
26.756
27.2651
26.7466
26.2375
26.2366
26.1589
26.1153
26.2085
26.2569
31.0359
28.0543
26.1698
26.365
26.3733
30.6404
26.2815
26.2741
26.258
26.7515
27.6354
26.2732
26.3891
27.4869
26.5806
