460.935
226.979
299.794
40.991
244.62
36.826
37.9079
38.984
285.707
174.809
39.2177
314.611
30.454
42.0971
32.1006
29.5146
37.5924
31.5512
35.0905
37.4691
36.5065
339.437
30.6718
29.0076
294.709
42.2572
315.993
41.6174
30.6045
35.4273
41.0787
39.4441
293.272
42.2348
30.3011
29.8375
299.233
42.8642
44.9373
36.8656
317.277
43.2562
30.2506
42.9434
41.5125
38.9961
30.6316
29.2589
355.325
41.6606
37.0042
40.301
30.6269
43.3225
44.3121
43.3799
30.5048
34.9403
35.0231
40.1281
33.6553
34.8016
44.826
40.4546
43.0362
39.0721
31.6109
32.308
41.2208
41.0594
31.1724
48.8145
29.9212
28.7283
30.1921
30.4026
35.2005
39.9359
35.7702
29.6442
40.4463
30.6144
84.2628
30.5547
45.3765
44.3717
41.0884
318.049
42.1076
275.262
41.5642
38.3006
38.3515
41.7315
39.5914
32.0814
42.256
37.2437
38.6647
39.0262
