32.4149
31.2443
31.0589
32.6425
31.2257
33.1499
31.8609
31.1925
31.2673
31.0977
31.104
31.2236
31.0886
32.2419
31.2754
31.1713
31.849
31.0866
32.3389
31.3226
31.1675
31.2047
31.076
32.6605
31.4375
31.1661
42.1989
35.0834
31.2949
31.1499
31.2318
35.5017
32.0352
31.705
31.2555
31.2703
31.1463
31.3948
32.0319
31.9664
32.4009
31.4172
31.9876
35.2937
33.7302
32.3114
31.2548
31.0246
31.283
32.392
32.7514
32.1902
31.3936
31.393
31.8562
32.3007
32.1212
31.7995
31.687
31.4388
34.0764
33.8001
31.5416
32.0298
31.8945
32.5817
32.2644
32.5655
31.3102
31.2867
32.0298
30.9949
32.2856
32.4805
31.0982
31.2212
32.5143
32.0807
30.966
32.5544
31.1796
31.2396
32.905
32.6056
31.3224
31.0848
31.2074
30.9677
32.4663
32.4431
32.5554
30.9896
31.1083
31.3756
31.1545
31.0399
30.992
31.2829
31.1651
31.0489
