14.8202
9.00662
9.47706
10.4348
8.81188
14.4264
8.84862
10.1539
6.2235
7.68905
7.50289
10.244
6.79626
6.43614
9.43439
9.20503
6.70045
10.3195
9.77048
9.24816
7.97296
10.1153
9.60783
10.4816
8.34606
8.29542
9.05554
6.22615
5.78524
6.29074
6.63304
11.209
8.06499
10.4516
9.51162
6.07436
6.3721
6.57588
6.16752
10.5617
8.40888
9.65993
9.46109
9.28496
8.94735
8.84883
6.95496
7.19371
6.84355
6.40311
6.48237
6.41325
6.12676
6.1619
6.09596
6.11141
7.61043
6.4853
6.21399
6.1283
6.04215
10.9539
7.16655
6.38431
6.64442
6.27824
6.38621
6.24741
6.07236
6.10969
6.16045
6.36306
6.14386
6.14094
7.01504
8.84117
6.069
6.16371
10.0132
7.92556
6.17048
6.16338
6.34073
6.16188
6.1193
6.17361
6.26656
6.56197
6.10795
9.6248
8.86956
10.9994
6.13664
10.9137
6.49031
6.3401
6.28302
6.12722
6.10817
10.6629
