42.1734
41.1497
40.9045
41.1525
40.7447
40.8028
41.0423
41.0698
43.1557
40.9392
40.7729
41.3873
40.9003
40.8007
41.1308
40.5973
40.5745
40.7155
44.5023
40.8754
41.0786
40.6515
40.6211
40.5845
40.9599
40.5487
40.5989
41.0426
40.6048
40.7427
41.0343
40.6806
40.7383
41.215
40.7594
40.813
40.5809
40.6057
40.6066
40.6648
40.6972
40.7575
40.6622
40.7687
40.611
41.1025
40.7553
40.5962
40.5687
40.707
40.5708
40.6017
40.6698
40.6383
40.697
40.6841
40.6982
40.8753
40.8903
40.8862
41.1046
40.9785
40.593
40.8806
40.7734
40.5727
40.627
40.7349
40.7567
41.0653
40.6907
40.6255
40.6313
40.9535
40.5887
40.5548
40.7122
41.0357
40.9647
40.7268
41.0751
40.7154
41.0344
40.9245
40.786
41.1444
40.7421
40.606
40.6344
40.8769
40.6369
40.611
41.0851
40.8071
40.9424
40.901
41.1176
40.9218
40.6303
40.7365
