18.8969
16.9545
16.7421
16.8799
16.8224
17.0017
16.8816
16.7953
17.1574
16.8306
16.9518
17.0741
17.0958
16.72
16.598
17.3303
17.4515
17.0806
17.3305
17.033
17.4436
16.975
17.0374
18.4477
17.6533
17.0482
17.175
16.8352
17.4446
18.1583
17.6859
17.0822
17.3898
17.6161
17.3315
17.1368
17.2953
17.0242
17.1114
17.6318
17.381
17.643
17.3058
17.5654
17.4438
17.361
17.0982
17.287
17.1278
17.3341
17.5879
16.9988
17.4307
17.3034
17.4243
17.2057
17.8612
17.1849
17.4234
17.2569
18.272
17.6093
17.3122
17.2517
17.6655
17.2146
17.2526
17.5899
17.7909
17.2674
17.4681
16.9478
17.112
17.1523
17.2719
17.6023
17.2649
17.2411
17.9897
17.6189
17.5988
17.4748
17.1024
17.34
17.8424
17.259
17.3732
17.2357
17.1338
17.5853
17.1795
17.5874
17.5289
17.5197
16.8106
17.3964
18.1291
17.4964
17.1976
17.5118
