432.803
426.878
435.696
6.39236
301.613
7.26744
6.79239
6.31318
6.28957
289.107
6.31893
6.18876
6.60725
253.722
5.54448
5.49256
5.46602
170.339
5.98015
24.8061
6.01389
332.395
307.745
291.992
6.66862
394.219
6.88959
6.5459
6.29883
289.479
312.572
161.68
6.57482
249.049
307.644
7.59614
5.94033
6.9153
299.027
303.147
203.751
7.10434
6.01121
6.20251
6.21183
6.78123
255.911
6.84918
5.60199
298.824
6.33857
6.23726
6.10147
5.74489
6.17064
5.6323
383.312
353.128
333.39
289.864
5.97766
6.62583
6.43458
6.48925
5.70473
293.057
7.03119
6.0179
6.74389
6.61321
235.259
6.04359
6.21561
5.62161
5.55826
6.91677
6.31971
5.7131
5.52254
5.43185
407.087
6.77876
5.91092
6.44545
6.79029
6.78018
6.71018
6.24988
290.407
6.63098
5.79462
6.51123
6.20051
6.28123
6.46786
6.25148
6.34816
6.16324
5.94172
6.48079
