190.243
144.901
7.16852
8.30636
8.42642
337.447
377.223
6.54995
130.091
216.226
6.71976
6.70744
11.9456
7.24348
5.9089
6.31975
5.76578
5.80771
5.76889
5.95626
227.482
5.85844
5.86421
5.73194
5.65883
5.64688
5.66883
6.51821
5.67582
8.1655
5.7702
5.6643
5.77909
6.50211
5.76551
5.71566
5.78354
9.82955
5.66028
5.7477
5.6514
5.69272
5.63041
116.476
8.89477
6.29901
6.32039
10.0022
6.39635
6.13259
5.75657
5.74042
5.69435
206.129
5.99272
5.82805
5.85921
5.86233
5.72193
5.74688
6.26167
11.4021
8.33955
5.79595
5.73126
5.64696
5.64379
8.26072
15.2948
5.78515
8.31815
9.3906
6.25579
5.8394
5.71457
5.69968
6.62291
5.68016
7.83551
8.45161
7.85497
9.22049
8.99866
7.69248
7.09355
5.81223
5.65981
5.67068
5.63219
5.61779
5.68536
5.9175
5.64943
5.65185
8.57346
5.78381
5.70804
5.69338
8.78458
5.72646
