204.683
107.156
127.723
8.16158
92.1955
137.796
78.8004
7.55763
167.981
229.202
8.52341
94.9146
8.45857
8.38798
169.889
8.76421
110.196
7.27443
8.35014
7.86597
6.04242
8.00894
7.74287
7.61179
7.60783
5.89011
33.0535
7.53552
8.25119
8.35944
190.136
8.30691
6.75073
8.68087
7.97581
6.48055
5.74101
5.69959
5.64014
98.0817
5.62726
8.64136
5.94085
5.82151
8.9143
5.80258
5.93822
5.85814
9.07984
6.02446
5.81577
6.33902
5.75066
6.09704
6.94156
9.14176
5.90367
5.7615
5.70139
166.284
92.486
5.62821
5.64947
5.59328
5.67124
5.64409
9.00409
6.24598
6.18512
8.73185
5.95259
5.66274
5.65577
5.69931
5.63909
5.72033
8.83698
7.89607
8.65746
169.314
8.1827
178.207
10.1948
8.09745
6.42871
5.92251
97.6374
6.37656
5.67847
95.8248
5.75057
5.72893
5.75201
5.71619
5.65099
5.68976
5.64722
5.77426
6.13554
5.75051
