586.291
303.934
334.499
308.523
303.483
280.765
275.613
281.743
281.377
280.79
278.82
287.003
283.396
286.001
285.699
281.219
287.378
281.49
319.165
316.717
329.889
283.732
281.222
286.724
283.653
287
279.736
282.856
287.438
304.93
323.294
357.505
330.555
285.403
292.126
277.956
291.377
287.77
283.19
290.79
283.737
279.001
277.062
279.459
285.811
297.908
284.615
281.687
284.028
278.428
284.625
279.408
286.544
280.604
277.689
284.015
287.876
277.492
282.53
281.7
281.405
282.087
289.067
289.009
281.398
282.591
284.311
293.15
279.591
277.665
284.267
279.81
282.585
296.504
283.798
282.261
281.237
276.463
286.54
282.593
286.181
294.463
293.951
286.416
302.62
293.086
293.558
286.561
284.331
293.244
294.951
288.842
289.065
309.322
297.376
306.062
306.506
286.299
288.771
291.225
