364.781
426.598
275.986
26.4283
282.235
348.741
29.6178
266.842
26.505
324.579
30.4747
306.779
29.5789
241.042
454.03
26.9446
281.934
32.4367
30.5841
28.3903
26.3072
29.2098
30.8634
231.979
304.418
226.964
226.448
224.072
313.743
306.072
340.985
306.705
26.9268
40.3557
26.8371
30.3041
296.804
222.758
307.704
27.1918
28.0015
29.9549
297.64
225.969
356.329
311.395
305.929
309.163
244.892
309.017
265.519
329.076
316.622
300.558
29.1868
28.3475
29.2469
29.0246
31.4466
311.66
309.596
26.9136
26.7022
30.3738
26.5471
30.6877
333.802
30.0544
29.2322
31.1618
304.028
27.0213
232.181
29.4799
241.508
29.9671
30.2226
30.6025
26.5199
30.2205
31.0373
29.238
27.071
258.343
204.787
26.4193
26.49
26.4598
26.3374
26.4955
339.493
290.705
26.4888
26.5455
439.06
229.987
222.875
221.216
355.247
302.369
