387.762
313.08
427.081
263.205
311.159
235.219
224.638
27.4667
302.355
242.838
217.003
329.86
31.4283
30.0845
30.2998
30.4933
26.898
40.4979
26.9147
27.0245
31.7907
27.6949
26.836
26.9193
27.0321
27.6832
26.9999
26.9499
26.7335
26.6665
26.7805
26.8302
53.6057
27.1482
26.8022
27.4853
26.5498
27.0192
26.7206
26.6307
27.222
26.628
26.9615
26.603
26.598
27.0345
30.6754
31.6847
265.892
27.0462
30.4373
27.5861
26.846
27.0758
26.7263
26.6836
26.9223
26.7158
26.8847
26.8001
314.436
27.0862
30.9661
32.3123
28.0373
32.3133
307.692
28.8208
29.94
30.8887
30.6804
30.4318
265.472
30.4957
30.321
27.9055
31.7534
26.9407
31.8147
31.4614
29.8595
31.2907
27.9984
32.6303
31.4602
27.1732
29.9613
31.7748
31.3612
319.847
31.3245
30.8343
31.4499
31.0671
27.2441
267.657
31.3567
31.9172
29.9095
30.2238
