355.418
322.968
5.60113
7.14994
213.915
6.22589
6.28526
6.27001
6.1557
6.7525
6.13053
5.64478
6.33044
5.51151
5.85685
194.226
5.68889
6.20376
6.28519
6.16411
5.64318
6.20181
5.841
5.67395
6.23613
6.24274
6.04135
5.77376
6.22751
6.07683
5.6699
5.98158
5.40334
5.6259
6.34328
6.0326
5.51467
5.48628
215.4
6.43139
5.66179
5.45869
5.39417
316.432
6.84045
6.23211
5.55045
5.53136
5.50559
5.49997
5.43659
5.38592
5.71173
5.41216
5.38613
5.37536
5.34751
5.42202
5.38427
5.35238
6.36608
5.43863
5.40677
5.3895
5.39975
6.05677
5.37534
144.198
5.53643
5.43396
5.97861
5.47886
5.40212
6.4353
6.13861
5.36033
5.38086
5.38356
5.36771
5.35171
5.36483
5.36728
5.86316
5.52334
5.37719
5.40535
5.36223
5.54496
6.24101
6.86535
6.30234
5.50016
5.75817
5.79486
5.35019
5.42642
5.33521
5.39648
5.67282
5.38819
