650.941
315.033
24.6062
223.454
23.762
41.182
40.5705
38.5821
226.77
24.7315
39.3109
38.3141
38.1754
39.0087
39.4745
39.1652
40.3314
39.8107
40.6701
40.2898
232.498
212.842
23.7176
40.7656
38.9203
224.535
23.8421
38.8143
39.0708
38.4343
39.7064
40.6139
38.4433
37.7003
38.2071
39.5336
39.0698
39.582
38.8697
40.8041
38.9896
39.1137
38.2009
37.9747
38.9664
39.564
38.9308
37.888
39.1067
40.3268
40.5144
41.6224
241.236
231.972
25.0118
42.6222
359.135
26.5755
40.6827
41.1063
53.6428
40.9466
41.6458
41.9377
44.0955
40.9648
41.8041
42.2646
40.8056
40.9746
40.7316
41.4012
41.5499
41.8355
43.0979
42.3031
41.255
42.1597
44.9138
44.9224
42.8204
40.392
42.5287
170.219
37.4056
39.7134
38.0668
40.7439
38.4165
242.709
222.94
23.8643
37.3254
40.1697
38.5447
38.8017
39.1
37.836
248.933
228.895
