12.8234
7.80955
8.17693
7.86874
5.74478
13.8279
6.31601
7.86378
5.63417
7.47422
8.15357
7.68731
7.66479
8.64321
8.14043
8.32723
7.88604
8.05153
7.75064
8.07353
7.65497
7.60436
7.72492
7.5616
7.3476
7.85286
8.14185
7.40434
9.13352
8.23865
8.01838
8.32983
8.19041
7.47635
8.55603
8.20057
7.3442
7.40118
7.96515
5.89344
7.00014
7.37814
6.91905
6.92734
7.92462
7.93484
7.73299
8.28316
7.9959
7.52145
5.50507
5.19345
8.90631
8.52044
8.30071
7.91802
8.46416
8.3679
7.6426
5.76804
7.79265
7.60826
8.76145
7.60022
8.40184
7.88683
7.71979
7.93222
8.19151
7.62305
7.77125
7.80882
7.72404
8.42815
8.16473
7.25583
7.53312
7.2618
8.2357
8.62027
8.08232
8.16903
8.5602
7.32702
7.50176
9.48021
5.79263
5.23463
5.2784
5.31007
5.82941
8.30048
5.82994
5.43423
8.08461
8.68298
8.05433
8.05965
5.61103
8.14194
