13.9941
11.953
11.7263
11.9462
11.5769
11.3843
10.5788
10.2805
10.2879
10.253
10.2836
10.2675
10.2287
10.2334
10.3139
10.2741
10.2559
10.2147
10.2046
10.2736
10.2651
10.2446
10.188
10.2365
10.2156
10.2749
10.2838
10.2574
10.2755
10.5269
9.88709
9.70695
9.79923
9.87288
10.4481
10.38
10.3176
10.1657
10.5589
10.2246
10.2367
10.374
10.2789
10.2892
10.185
10.2564
10.2669
10.2697
102.886
10.3106
10.2079
10.2891
10.3442
92.5765
10.3404
10.2057
10.1992
10.2157
10.3752
10.2976
10.3223
10.273
10.3817
10.1512
10.181
10.1293
10.2461
10.2058
10.1245
10.3189
10.2382
10.2508
10.2481
10.2689
10.2531
10.2185
10.2205
10.1682
10.228
10.2499
10.221
10.2221
10.1739
10.241
10.2679
10.2365
10.2813
10.2407
10.2237
10.221
10.2782
10.2942
10.3359
10.2239
10.1204
10.2484
10.2626
10.2775
10.2902
10.3026
