1195.4
620.654
632.254
3357.57
648.055
651.715
641.804
646.553
603.874
622.249
611.04
598.958
605.13
590.959
597.802
586.58
620.034
597.563
593.458
609.485
616.581
598.969
607.513
607.801
609.257
607.109
623.711
707.843
790.968
622.068
601.846
592.262
573.901
569.983
579.593
571.255
570.483
568.494
576.76
583.417
576.607
575.263
597.437
580.029
576.451
577.241
575.36
585.991
571.263
571.405
590.086
569.239
587.009
586.788
591.624
621.432
575.769
605.234
613.654
579.138
582.263
591.061
581.011
590.115
583.719
582.801
581.293
569.924
583.751
577.379
568.228
589.328
565.341
580.4
591.537
573.474
586.5
576.406
573.167
582.081
579.478
572.181
584.122
602.127
581.775
577.996
577.309
584.587
582.194
579.984
594.989
572.394
587.062
583.792
591.277
604.676
580.409
588.128
589.919
576.343
