322.301
147.248
5.53406
6.8251
5.82826
6.52287
8.03636
6.43701
6.22379
6.39312
6.90973
6.40798
6.48548
6.28447
5.75061
243.24
5.84597
72.1269
6.09219
5.87242
5.67345
5.60969
5.50779
223.881
6.32259
5.69535
5.64321
5.66913
64.5786
5.5111
5.52098
6.34166
6.11617
6.13421
5.67727
5.55453
5.4505
5.47375
5.91927
5.49334
5.45132
5.41143
5.40674
6.40945
5.44959
5.45549
5.49939
5.51844
5.42724
5.65158
5.56875
5.4471
5.43289
5.46291
5.59467
5.51362
5.44567
5.88616
5.42787
139.937
6.10257
6.39343
5.9409
5.85153
8.49935
138.058
6.44894
5.56932
5.72352
5.50562
5.47213
5.4467
5.45725
5.4132
5.81455
5.41841
5.5029
6.07408
5.48827
5.42663
5.41342
5.5539
5.42987
5.76609
5.61197
6.2427
6.22449
6.19149
5.79982
5.6048
5.91402
6.37501
5.51245
5.46652
5.42195
5.46926
5.57734
5.50143
5.42407
5.43057
