11.6963
6.6127
6.02563
6.98691
6.03562
9.9025
6.55487
6.62756
6.81057
6.50491
6.90272
7.0243
6.97703
6.07524
6.014
6.60905
6.01513
6.24686
6.44538
6.07092
5.98523
5.94401
6.52205
6.46956
5.98217
6.01825
5.97009
6.60263
5.97602
6.26346
6.01169
6.03761
5.9546
6.75241
6.8045
6.86632
6.82375
6.30521
6.00299
6.50699
6.44542
6.42011
6.4162
6.40851
6.54029
6.78378
6.71248
6.5476
6.47985
6.47746
6.82258
6.40084
6.45954
6.33791
6.11281
6.75361
6.78205
6.1065
6.40411
6.25441
6.55753
6.32679
6.56616
6.07128
6.84903
6.46913
6.45925
6.80821
6.81992
6.64608
7.18526
6.80707
6.55501
6.2153
6.85647
6.45373
6.43961
6.21052
6.02357
6.2539
6.71639
6.54247
6.03494
6.15508
6.13253
6.26321
6.12716
5.98726
5.98695
6.7339
7.03479
6.36101
6.00523
5.98096
5.99741
6.29236
5.95985
5.98367
6.05598
5.96491
