498.982
197.085
216.135
198.834
210.713
208.737
200.67
216.6
209.32
197.981
203.486
205.232
196.406
203.453
200.402
218.545
201.209
191.505
204.384
206.889
202.738
201.495
195.706
197.83
203.807
202.061
214.339
200.776
218.779
219.707
202.936
208.79
216.123
202.032
203.536
198.522
200.83
217.986
214.949
206.555
216.503
195.206
212.012
209.732
205.434
211.77
208.874
200.598
198.292
200.553
215.512
221.787
208.96
202.674
216.363
212.002
206.139
199.674
215.517
203.863
208.374
194.12
219.048
213.061
211.486
213.653
205.13
216.701
212.172
199.265
205.83
214.833
206.912
222.649
213.385
205.407
212.796
202.689
209.015
211.181
218.124
201.771
195.761
214.02
219.465
218.319
214.805
212.817
203.759
211.213
206.885
219.274
215.065
212.749
218.741
195.934
223.065
213.178
198.445
223.17
