33.7543
30.9404
30.847
30.7894
31.4854
31.5803
30.8604
31.188
31.6864
30.7183
31.1747
31.6826
31.0049
30.7817
31.427
31.8499
31.1384
30.8484
31.1467
31.0986
30.8545
31.2565
31.0976
31.6067
31.2693
30.8254
30.9864
36.908
31.3564
33.5859
31.1472
31.2722
31.0587
31.1738
31.1886
31.1276
31.0081
30.9145
30.6538
30.8001
30.8413
31.2025
31.5143
31.4062
31.3617
31.1276
31.4766
31.0936
31.0149
31.0235
30.6839
30.9982
31.4004
30.9119
30.7365
30.6756
30.5432
30.56
31.485
31.763
31.5399
31.2232
31.5198
31.1494
30.907
30.776
31.3424
30.9768
31.2484
31.4378
31.488
31.4268
31.1606
31.0389
30.69
30.75
30.8023
31.0876
31.0558
31.2605
31.4267
31.7987
31.3457
30.8875
31.0334
31.3135
30.9847
31.2824
31.1517
31.0242
31.4749
31.218
31.1873
30.8683
31.5574
30.6728
31.0111
31.5516
30.8005
30.9918
