435.605
310.204
27.5624
42.4692
38.5999
28.9344
334.657
27.3229
27.3309
27.1766
68.3076
49.8364
53.1429
27.1254
27.1179
151.853
29.1854
27.2041
27.157
78.5527
27.1095
27.5017
27.0855
78.5369
27.2707
27.0704
27.0698
27.3247
27.0775
27.0575
384.924
27.2588
27.1014
27.4062
27.7082
27.0966
27.1841
27.0592
27.06
27.2027
27.1267
27.1657
86.2072
27.3794
38.3877
27.652
61.6521
27.2533
27.2859
27.1345
27.6938
27.1506
27.527
27.1806
27.1098
27.5875
27.5639
27.1648
27.1488
27.0681
27.6642
27.712
27.1936
27.0955
27.2191
27.1197
27.8014
27.1966
27.5724
31.4318
27.123
27.1043
57.3498
27.7279
28.937
27.3263
30.1072
27.4161
91.1061
47.4381
29.0499
28.7955
28.2522
27.1598
103.643
27.1644
27.7043
27.1676
27.0733
27.0887
27.0727
27.2816
27.0995
27.2244
29.5868
27.1379
27.3298
27.1342
27.2389
46.8571
