59.5193
31.724
33.2608
53.181
46.1115
50.9282
47.5679
53.3404
32.186
30.9667
32.532
32.4451
31.7871
42.3299
33.0254
32.4955
31.7403
33.1727
33.1499
30.6912
49.9401
33.1696
32.4328
33.6332
33.7594
46.0756
32.2543
34.5618
34.4724
32.086
31.3102
31.8593
31.456
31.723
31.2475
42.4655
32.5625
47.9889
33.2876
55.6829
34.8786
33.8461
32.9919
34.0955
31.1303
32.4513
31.3544
32.754
32.6436
54.2689
47.5128
50.8883
54.417
53.3941
48.4077
51.9873
33.1971
53.4722
46.7783
50.0507
49.6228
53.0198
49.0213
45.3363
32.7431
56.9196
50.6972
51.8385
52.8224
53.1868
54.685
48.884
52.8081
50.6148
42.7321
36.1875
49.5959
50.8226
53.4398
52.7249
50.643
52.8383
52.7124
50.8966
52.6066
54.9066
31.5687
33.1696
31.5855
32.2953
31.2487
31.1077
32.8275
47.8551
55.4744
53.9553
54.0515
36.2095
52.5965
55.9236
