54.4911
124.232
50.1848
123.394
111.646
53.6839
135.016
66.559
107.964
96.9855
83.5054
49.0336
49.1488
131.129
46.9418
77.6731
131.103
48.8972
131.771
72.6334
54.4465
81.3024
80.5972
82.1501
127.633
61.2736
46.0911
46.3137
49.0008
65.7987
117.255
77.2012
123.038
52.64
76.2184
59.3196
73.9403
88.9332
81.7655
80.586
87.5766
47.2047
114.258
48.5735
81.0186
48.8958
88.2262
84.929
51.4159
80.8304
46.7561
116.46
110.924
66.1252
47.0862
48.8392
46.8821
132.373
56.2502
117.636
84.2222
43.4629
44.6644
51.3991
119.653
69.1745
69.7623
53.6398
56.4699
49.2119
46.5826
65.1115
134.048
51.8253
112.445
79.0611
126.307
57.6253
49.1601
133.144
55.4867
109.153
79.3719
104.585
82.9596
90.9363
117.94
110.235
115.661
124.617
120.252
113.262
55.9847
51.5029
108.564
62.6384
42.3124
46.6286
46.2401
63.7395
