653.55
353.892
379.291
354.719
377.288
342.834
343.764
343.495
345.098
341.026
342.258
341.552
353.318
351.873
338.219
377.204
393.956
398.029
357.046
341.475
348.55
345.965
356.146
347.976
347.777
346.405
342.687
336.656
343.288
337.196
351.578
348.878
339.188
341.769
340.474
330.899
343.584
342.948
340.002
339.01
351.024
342.711
339.57
350.034
334.661
345.178
335.449
339.748
337.539
334.697
342.336
336.202
333.574
353.133
355.751
346.835
339.06
342.327
337.619
347.589
341.492
332.725
337.457
342.11
355.545
333.591
335.385
330.204
335.637
349.901
357.932
340.302
356.636
365.008
351.453
350.789
338.821
350.024
354.797
354.857
340.892
341.149
342.193
344.535
345.791
338.917
334.97
352.602
345.134
342.05
333.285
343.745
344.616
341.953
333.791
345.156
339.685
351.06
347.111
334.957
