1111.09
1098.33
757.515
121.566
111.68
138.121
51.0234
233.616
315.917
146.227
156.403
220.824
146.67
88.3934
81.5322
148.876
151.87
143.154
94.2396
93.8251
801.963
924.952
82.9656
601.448
1063.86
980.283
516.035
135.082
89.7902
838.481
500.593
530.369
548.178
542.833
133.404
150.589
238.485
471.964
137.004
84.9288
84.0766
84.568
487.115
83.57
501.825
565.692
535.351
924.272
461.857
429.647
98.5324
547.367
568.631
96.8776
138.091
675.191
172.371
178.537
180.346
205.518
175.984
164.741
88.3043
109.428
90.0979
110.621
109.203
109.493
109.701
136.589
136.818
81.7064
82.5697
136.785
89.0825
136.928
150.915
136.66
239.326
158.831
161.165
88.4065
240.568
105.13
82.5291
82.8483
136.819
209.076
208.171
178.39
209.401
167.942
163.429
137.203
161.096
176.55
217.29
220.669
237.497
236.176
