346.666
392.509
201.499
376.249
217.088
344.669
305.004
303.328
288.336
6.34703
212.093
296.861
7.24294
6.78056
285.537
178.93
215.923
209.363
375.264
298.2
7.31141
7.0835
6.88404
5.77482
6.96912
6.49338
6.49987
225.437
206.208
208.674
205.101
197.488
6.36513
297.336
203.539
203.033
296.305
283.437
6.17066
207.339
204.006
210.632
201.528
283.758
274.201
201.231
283.128
165.138
203.875
198.88
312.173
201.533
286.352
203.863
326.79
290.062
204.58
311.878
303.833
287.254
6.5188
6.17902
6.1991
6.69212
6.21239
7.13544
265.361
301.763
295.745
7.07992
6.28775
232.3
305.286
291.617
288.407
201.786
296.548
280.522
6.04248
6.23312
6.58238
7.25309
7.06412
6.99791
273.083
299.401
279.624
198.971
199.047
200.018
311.961
278.697
308.426
306.929
288.508
244.763
6.93748
6.92903
296.663
289.33
