50.148
278.211
50.0547
50.2508
49.9296
49.9488
48.6363
437.742
428.495
381.542
48.6737
48.6285
48.3397
48.3123
48.3744
311.905
48.378
48.271
48.2325
48.2833
48.4937
49.3966
48.611
348.749
48.6981
48.6658
48.6604
307.573
48.7091
49.3983
329.528
48.619
48.7848
48.7018
226.45
48.7331
272.303
335.678
522.125
48.4678
48.3742
114.968
48.2917
48.2895
48.3631
48.2777
48.3083
48.262
48.3335
48.4598
48.28
48.2868
51.5481
48.728
48.3962
48.3739
48.7542
48.5534
48.8189
48.2888
48.857
48.6901
48.6192
48.2939
48.8662
48.4714
48.8451
48.4673
48.4794
48.7889
48.8541
48.4023
48.3918
48.4266
48.8041
48.7126
48.6556
48.8022
48.8341
48.3815
49.232
48.7931
48.7456
48.6897
48.8349
48.7143
48.7583
48.7224
48.7716
48.8478
48.8261
48.785
48.6011
48.7415
48.7145
56.4579
48.856
48.7337
48.7679
48.7957
