33.5844
31.8951
36.9055
32.2452
32.2189
41.9724
32.3972
32.534
32.1953
32.8376
31.9734
31.5758
31.2469
31.6903
36.9232
32.2651
36.3263
36.036
36.0293
35.3382
36.5464
36.3834
32.26
37.6873
35.6031
35.9888
35.5078
32.336
32.1535
32.3863
31.6107
31.757
35.6351
38.2702
37.7195
32.4552
37.7014
36.4779
36.941
32.4409
32.0687
32.3634
36.3792
31.9533
31.7562
31.8475
31.5619
31.8712
32.1529
32.0672
31.8319
32.1165
31.8182
31.6047
31.3286
31.5863
32.159
36.3152
34.9575
36.1602
32.1458
32.0582
31.8511
31.8942
32.2809
32.2538
31.8714
31.9548
33.4058
32.5279
34.8669
32.2219
31.8352
32.3053
38.011
32.376
31.8246
32.0129
32.5222
31.8923
32.2346
38.0829
37.0977
32.8753
31.9338
32.1866
32.0455
32.3097
32.2663
37.3871
36.8357
31.8731
32.141
31.7716
32.284
31.8637
32.1638
32.3779
31.8627
32.2896
