610.724
208.493
378.908
283.827
46.7801
51.0019
111.549
348.55
100.01
116.956
96.6582
93.789
88.1214
101.885
333.069
69.0962
128.993
351.622
116.297
94.2709
112.355
112.462
109.284
93.8204
73.4029
92.2127
94.2144
76.2092
63.8865
110.022
308.747
104.794
83.0831
52.1211
281.477
70.5736
105.725
65.5734
64.5586
51.3695
244.048
102.91
100.746
111.595
103.517
114.086
109.381
82.2566
112.908
98.7853
108.397
113.176
357.182
80.9737
104.446
53.978
98.863
102.713
98.8372
97.9666
103.472
76.503
73.7302
349.521
97.5623
61.26
53.8197
104.789
317.627
106.949
353.527
108.322
115.745
92.823
98.55
152.307
113.112
109.04
103.297
60.434
54.2653
345.87
107.453
344.856
99.191
61.7557
117.876
350.058
303.822
331.164
73.8846
282.09
63.3276
53.6665
104.096
112.18
76.8434
116.666
355.668
67.7963
