12.3687
7.57996
7.68792
7.6673
16.9287
9.82701
8.96662
21.96
23.0229
17.8904
18.5454
12.2601
8.34022
7.56272
7.54184
7.60143
7.56958
7.70969
7.54827
7.48807
7.64196
7.4219
7.41108
14.3538
7.25468
7.44749
22.8691
20.4962
21.2481
20.2066
7.67961
7.39693
7.39331
7.25349
7.33849
7.93334
19.9378
7.62031
7.3986
19.9087
7.70989
21.1645
18.4407
19.8866
7.48188
7.54596
7.54164
24.0985
8.13223
20.5183
8.1021
21.1804
44.9671
18.8108
8.63849
14.0221
20.545
20.3675
20.1879
18.6552
19.6855
20.5538
17.9695
8.12911
7.71361
19.3066
13.704
20.6873
18.1687
16.5275
21.4617
21.8992
19.5642
16.4553
17.4342
23.0307
20.3693
9.87266
17.4155
17.7563
8.35421
20.648
20.2937
19.1468
17.5502
20.9319
16.666
20.7913
20.8868
16.058
21.0087
17.8815
20.0317
16.4058
17.9926
18.9687
20.5475
17.2773
8.93806
7.95875
