257.749
192.218
152.43
150.427
5.73322
6.59059
5.62106
5.59121
6.22975
232.163
185.672
159.942
5.73201
240.819
254.525
254.511
245.482
254.331
258.725
247.257
6.60909
262.472
264.364
248.947
258.586
6.49831
6.64942
268.243
249.419
6.31806
262.304
262.858
249.04
260.147
6.4211
7.21554
6.24418
6.39238
256.608
6.68483
264.527
6.67994
261.686
6.72405
251.715
249.275
247.631
248.122
245.779
6.46953
253.839
6.47607
264.193
251.3
257.669
251.884
248.804
248.097
8.27126
251.932
249.491
249.282
247.905
248.086
248.458
6.58268
6.96849
253.967
6.43517
255.005
260.541
246.731
6.39155
249.801
250.442
252.637
6.44518
257.162
6.52252
6.4713
254.247
253.64
250.285
245.878
247.184
6.54863
255.092
6.75257
6.62674
7.05643
285.379
249.103
6.6528
6.54065
6.63723
254.32
6.40367
6.65019
6.49561
6.61385
