422.782
156.925
215.547
219.971
14.7071
300.916
20.6773
22.6692
327.085
22.7649
311.357
15.5779
23.055
20.9566
14.6576
13.6628
24.9063
15.7875
311.222
22.9594
22.4067
312.653
25.8396
23.6158
25.192
280.161
226.987
309.117
296.409
276.627
24.8666
309.678
24.5973
313.509
22.6816
287.809
16.9886
312.493
19.5223
12.1503
26.5282
24.5762
10.1289
340.097
18.403
13.7684
26.5004
13.4885
26.3153
23.6732
12.0699
10.5907
9.83974
9.26171
27.7072
9.17042
9.14835
8.71046
9.40272
8.49251
8.57479
24.5518
26.8152
9.44718
26.7967
29.0449
24.412
29.2991
29.0182
9.97462
17.3843
28.5825
9.59857
10.0263
15.2113
10.3597
9.7985
8.94738
18.8827
29.6318
26.7996
9.5191
9.14274
29.1965
9.97534
9.36913
9.83099
10.7778
8.78187
24.3509
10.2175
8.99985
9.2831
28.2625
332.2
15.2013
306.835
24.4584
24.305
22.505
