13.7181
7.13248
5.65672
5.65587
5.69256
7.52799
5.51554
5.43972
7.41903
7.23214
6.84895
6.94327
6.54766
6.61165
21.5865
6.87467
7.06577
6.85592
6.93924
5.71264
7.54784
6.91253
7.17102
6.97339
6.8943
6.75877
6.97776
6.69907
7.21142
6.36939
6.83351
6.81669
7.21748
7.05166
6.67929
6.63193
6.6088
22.2242
5.72355
6.73562
5.63831
5.44919
5.44298
5.4546
5.42984
7.2106
5.79783
5.47359
7.21015
5.44425
5.54838
7.28018
7.08297
6.89301
6.84905
7.18126
5.69516
5.47133
5.43893
5.48049
6.83988
5.49692
7.23726
5.52226
5.43838
7.01554
6.79887
6.90421
6.62485
8.13143
6.78249
7.08332
6.87114
6.88346
6.73923
6.54719
6.45118
6.627
6.84255
6.84895
6.82385
6.77294
5.58545
5.46461
5.48892
5.79566
5.54241
5.43831
5.43374
5.49037
5.47461
5.48451
5.52672
5.45781
5.38439
5.39527
5.44582
5.43372
5.41158
5.41862
