7.32595
7.12014
6.63257
6.27713
6.1848
6.12542
6.17168
6.05211
7.13094
6.48866
6.41007
7.03174
6.11175
6.42086
6.30435
6.24006
6.18302
6.5578
6.15645
6.41889
6.29387
6.07588
6.4953
6.49975
6.52688
6.13726
6.04961
6.59386
6.34888
6.21306
6.10427
6.1078
6.43093
6.80683
6.07434
6.31545
6.12967
6.09204
6.16105
6.08988
6.07187
5.99598
6.12499
6.1557
6.14396
6.40805
6.12149
6.23797
6.48479
6.55619
6.33296
6.33445
6.56788
6.1781
6.14342
6.25815
6.11521
6.14491
6.21691
6.09868
6.14541
6.48959
6.34149
6.17509
6.24754
6.2512
6.18757
6.72424
6.15344
6.0096
6.12987
6.65405
6.16844
6.43207
6.41247
6.1944
6.65089
6.16943
6.08828
6.02067
6.00985
6.63779
6.44424
6.03729
6.42917
6.06573
6.11982
6.08167
6.06098
6.08277
6.23848
6.44045
6.05107
6.12395
6.02988
6.48736
6.10825
6.41329
6.34712
7.40421
