8.06589
6.35218
6.80802
7.12797
6.62172
6.68214
7.24839
6.53122
6.7691
6.7853
6.45305
6.6961
6.34635
6.32432
6.19564
7.00737
6.37907
6.50951
6.41161
6.2632
6.2543
6.12652
6.49995
6.23854
6.37076
6.66956
6.54894
6.4154
6.53315
6.1842
6.65171
6.58469
6.27885
6.37593
6.6299
6.23665
6.1689
6.46128
6.20131
6.67315
6.53505
6.65155
6.4023
6.39548
6.30099
6.24357
6.23714
6.29325
6.24564
6.33111
6.57592
6.83799
6.42229
6.93171
6.42158
6.14495
6.58967
6.45221
6.11263
6.14515
6.46089
6.09889
6.12258
6.12658
6.10634
6.08986
6.11606
6.76731
6.52559
6.64328
6.33174
6.37138
6.40797
6.36691
6.62334
6.35349
6.40198
6.43287
6.37472
6.23168
6.21765
6.14016
6.12517
6.19846
6.16151
6.09456
6.16517
6.14697
6.11588
6.11097
6.17423
6.10908
6.08401
6.08645
6.0839
6.66769
6.0848
6.16345
7.91861
6.23392
