268.187
92.4401
23.0147
23.7953
185.012
23.0885
86.4281
9.95089
155.206
239.199
129.029
25.7888
132.574
129.907
129.333
130.055
27.3225
25.469
29.6004
87.6883
130.524
130.831
36.1783
135.276
373.463
333.805
22.1197
22.3107
22.0632
24.2913
132.492
24.7476
134.049
136.289
10132.7
195.092
210.978
21.8127
22.0312
22.2782
22.5915
89.2976
22.1976
22.5517
86.61
22.6329
22.6204
91.0209
253.207
22.5453
22.7203
302.751
328.746
21.9636
273.595
20.8868
269.749
233.75
22.3239
21.4353
22.2835
22.2393
280.095
23.0414
908.974
73.3583
21.7305
263.65
131.571
35.664
33.4256
28.7995
27.7918
26.8253
26.8583
89.0726
128.349
130.928
132.083
29.2282
30.5634
28.1642
26.6164
24.6981
23.0827
21.7568
135.142
22.707
22.5674
22.0511
134.032
26.7678
26.6678
22.4189
22.0986
22.2341
21.6808
21.5516
21.6826
21.2647
