496.754
215.902
181.359
216.078
186.05
206.92
205.461
166.004
223.613
241.381
159.881
156.313
158.236
171.596
157.612
159.404
161.159
159.175
217.523
161.935
173.778
181.154
168.622
170.908
161.674
165.96
158.433
211.351
205.744
157.754
167.345
158.874
160.036
166.428
159.057
165.884
207.836
164.993
175.81
158.17
158.006
163.372
158.468
159.423
177.43
206.711
226.911
244.477
230.162
190.171
208.02
161.577
215.078
212.724
158.061
164.378
168.364
158.19
161.702
158.366
159.468
217.778
158.778
164.251
158.792
164.681
164.124
199.463
162.911
195.277
199.519
157.877
167.426
160.782
157.735
161.197
158.991
157.719
160.779
201.675
163.226
157.76
157.448
158.508
158.915
179.735
158.13
157.467
209.589
169.12
158.269
202.018
158.214
161.291
162.427
158.64
163.296
185.795
161.7
157.8
