21.3208
10.6594
5.30528
4.38387
4.22097
14.0555
4.31771
4.14115
10.0674
9.07513
4.24394
4.14433
10.9863
7.28797
4.14794
4.22495
4.06675
4.14994
4.46625
4.10799
4.12036
4.13193
4.12527
3.97758
4.18267
4.25807
12.806
11.2577
9.00645
10.8508
5.21315
4.22484
4.15944
6.62681
3.84464
12.526
4.63845
4.25887
4.231
4.34004
9.95114
8.48597
8.66306
8.58322
10.5585
10.26
4.61741
4.30323
10.8426
11.2155
5.16088
10.2251
13.9033
10.5556
13.5887
10.5281
5.06946
4.393
4.54143
8.86839
9.29723
4.27846
4.56932
4.67564
12.4043
8.87985
4.68034
10.7584
4.52737
4.21708
4.25523
4.13762
10.3833
8.94068
9.78333
11.4508
10.7248
9.42042
9.17455
11.2672
9.34366
10.9971
5.18057
4.78622
4.50908
4.20067
4.14101
4.37489
9.85847
4.61829
4.47893
4.24993
4.17887
10.7745
4.14148
4.18558
4.23306
10.9467
4.61705
4.52137
