23.652
20.8993
20.6172
20.4891
15.7342
24.2799
18.992
20.4961
15.3814
20.7701
19.9612
20.5279
20.6033
15.5612
10.4492
19.2713
20.7999
17.3069
14.1562
14.3611
12.5297
20.7091
15.7625
13.348
20.4462
13.8662
13.0821
20.6448
20.9669
24.204
18.4652
9.2835
7.49655
20.4496
7.15753
6.46226
21.4725
7.34514
10.6394
12.1686
6.91513
8.64956
10.5431
21.3961
20.9471
12.1651
9.53318
12.1278
8.46831
8.13954
7.67197
6.77771
20.0913
8.50754
9.23669
7.33871
8.86321
8.28073
6.18726
6.36463
6.06454
7.3279
5.77921
6.55287
6.15339
6.73125
6.07665
5.74291
6.19936
19.309
14.9875
6.63272
7.03683
7.21377
13.2795
6.84609
6.0568
11.8431
9.46611
6.35159
6.94738
5.95689
20.5269
7.64081
7.64114
10.3661
8.01395
8.85404
9.67314
20.7255
18.9283
20.8132
15.5374
21.0028
21.6893
10.1227
7.98299
8.33094
6.95965
18.0652
