35.6931
35.2698
34.6639
34.9569
34.9989
35.9197
399.877
34.382
34.1277
34.0853
34.0876
34.2107
34.1615
35.2079
34.529
33.9957
33.7894
33.7878
33.9227
34.0272
34.182
34.033
34.0822
34.2864
34.1886
358.627
34.2096
34.041
34.3769
34.3206
34.3476
34.0298
34.1686
34.0365
34.0902
34.0909
35.4811
34.0851
34.1215
34.141
34.1036
34.028
364.479
339.71
291.086
34.2915
34.3348
34.1866
34.1069
34.0888
34.1759
34.1536
34.2564
34.0791
34.0943
34.0725
34.8265
34.2818
34.21
34.1084
34.1432
34.0461
34.0006
34.0229
34.1445
34.0677
34.1566
34.0258
34.1725
390.938
34.3112
34.1828
34.2124
34.189
34.2144
34.1592
496.578
775.568
34.2003
34.1029
34.2117
34.4106
34.0329
34.1052
34.1856
34.1885
34.3931
34.191
34.0248
34.3481
34.4139
34.1499
34.2252
283.652
268.524
34.2863
34.2705
34.1598
34.2134
34.29
