52.8469
38.3692
75.6251
83.1523
110.954
75.4813
48.2366
68.2375
37.9403
28.0863
43.9874
36.414
61.969
41.2481
47.3065
58.9999
87.4233
78.2047
51.7127
45.5191
78.4562
36.3487
79.2281
77.6516
42.6319
100.359
101.66
99.8046
54.5569
36.896
46.7844
39.6714
66.7982
79.96
36.9058
39.5371
65.1184
77.1034
86.4233
41.6077
38.4446
33.4817
36.6586
77.7499
116.587
100.007
103.731
37.0071
113.264
118.083
109.862
102.357
109.198
104.725
67.4342
111.142
41.7392
60.5176
35.3334
77.171
38.8863
78.4727
110.017
83.3335
42.2983
43.2852
41.0602
36.9086
32.2643
82.3415
32.2392
78.3145
98.8035
81.0694
83.8525
56.4062
47.0745
79.9327
83.2577
42.9512
34.7645
39.9804
100.983
86.5228
48.3333
126.409
40.5277
51.78
47.1268
46.7569
60.7015
44.4788
72.2826
81.532
42.4633
39.1022
35.3602
29.7229
41.3712
51.9416
