870.032
483.863
419.92
434.113
422.383
422.555
439.347
810.243
1408.38
416.428
453.333
417.666
481.046
436.212
408.008
401.62
422.656
402.949
418.683
424.933
423.9
400.901
394.283
421.44
401.452
417.658
409.552
434.947
391.62
397.017
411.394
408.011
419.266
412.679
403.954
410.823
401.432
399.499
415.576
417.953
431.733
423.425
476.897
502.169
26955
401.62
418.193
420.196
437.181
406.368
427.566
423.254
403.473
401.663
393.556
408.269
397.196
402.7
430.175
402.048
396.055
398.764
426.27
424.008
414.408
407.892
416.872
408.87
403.386
406.341
433.053
401.304
405.016
431.606
407.806
408.522
401.386
429.259
400.29
406.955
418.404
432.669
416.862
412.581
436.099
400.496
398.77
432.222
395.832
405.641
395.546
398.439
421.485
410.123
405.28
399.77
395.181
411.448
408.169
440.483
