490.586
91.6325
341.862
89.1592
227.694
23.1823
36.2278
36.9012
36.3537
36.2373
36.3362
38.2336
37.796
35.8488
35.7936
219.382
22.9119
37.7002
37.0156
36.4984
36.2737
35.8991
40.1116
39.0904
37.4799
39.1312
37.6781
38.5159
37.8308
227.073
23.2306
37.0298
40.6539
40.7193
235.474
25.31
36.3633
36.8726
37.8449
37.4494
39.2246
38.3372
37.541
37.8179
37.381
37.1261
39.7596
39.0452
37.3588
37.3719
37.7509
38.6233
107.58
33.3447
36.4754
38.1426
37.0531
38.1772
37.7701
38.3436
37.7008
37.6898
37.7347
37.9226
37.6054
36.8329
37.3863
38.5521
37.1438
37.5312
37.2525
38.0176
40.3388
242.898
25.353
40.2783
41.2062
40.0832
40.5051
40.6208
39.3431
38.6039
40.2323
38.1084
39.2842
37.3355
37.6883
37.4886
38.5097
162.653
36.4247
248.227
23.3777
35.7011
37.7781
40.6214
38.747
39.1097
114.11
105.21
