20.1989
17.9904
17.9306
18.1315
18.0607
18.476
18.27
17.8416
19.1258
18.3573
18.2143
19.0439
18.2122
18.0364
17.5811
18.2631
17.5464
18.3975
24.4734
17.9742
17.59
17.595
17.6787
17.5812
17.6314
17.8956
17.4994
17.6189
17.5478
17.6081
17.5364
17.6026
17.5244
17.6209
18.036
18.2952
18.0132
17.8289
17.6311
17.8513
17.7152
17.9584
17.595
18.305
17.9203
17.5883
18.233
17.8962
17.8652
17.7155
17.6311
17.7174
17.6411
17.8626
17.6002
18.1749
17.9991
17.5722
17.6638
18.308
17.9781
18.274
17.5388
17.5692
19.9169
17.5787
17.6087
18.0611
17.6346
17.6503
17.6661
17.6456
17.562
17.616
17.5097
17.5447
17.5117
17.5087
17.5126
17.5191
17.6
17.8335
17.5204
17.5308
17.5972
17.56
17.5099
18.3179
17.6978
17.6399
17.4913
17.6858
17.5321
17.5167
17.7068
17.5398
17.5068
18.4263
18.0486
18.0217
