41.2551
40.9835
40.0354
40.3018
40.1887
40.1467
40.1498
40.1943
40.516
40.6052
40.2113
40.5411
40.3206
40.1288
40.1994
40.2776
40.5353
40.4469
40.039
40.2158
40.2887
40.3416
40.2847
40.2234
40.1704
40.5571
40.4263
40.1824
40.119
40.031
40.5883
40.267
40.2494
40.5193
40.2042
40.6661
40.4388
40.3426
40.4304
40.1728
40.4862
40.5894
40.167
40.1915
40.1775
40.6656
40.1097
40.0605
40.1492
40.2124
40.3882
40.4813
40.2335
40.2955
40.1869
40.2537
40.1725
40.1712
40.6913
40.3996
40.6437
40.4607
40.2154
40.2161
40.214
40.6617
40.1857
40.0314
40.1654
40.3604
40.1616
40.3911
45.9292
40.1757
40.6756
40.1686
40.027
40.1502
40.1977
40.2338
40.1179
40.3323
40.1454
40.1685
40.95
40.2604
40.3937
40.214
40.4371
40.118
40.2319
40.1029
40.2649
40.4952
40.1081
40.2282
40.18
40.1379
40.1609
40.1274
