417.533
359.157
284.616
16.2573
23.5712
24.3151
296.879
17.9732
31.1634
281.144
313.259
22.9663
24.6339
24.3111
26.8186
33.4757
286.583
34.1679
32.0788
33.5258
299.429
100.372
236.455
229.919
43.6151
260.189
116.619
30.4011
31.9451
32.3119
331.777
13.0993
23.8617
30.539
31.8887
17.8116
15.2439
13.2037
330.928
28.4549
91.0981
29.5053
33.2804
36.0639
15.0557
34.5065
15.6746
29.8113
29.0937
25.1007
312.742
26.9941
273.492
29.9847
320.909
29.491
24.8898
33.1863
314.315
21.8324
29.3159
31.4721
23.2183
16.025
18.1527
18.8469
46.6996
36.0728
35.3149
58.8098
34.9848
63.3357
33.6204
17.7173
14.8327
12.5958
29.0796
13.9668
290.886
12.2349
259.635
28.5123
11.9782
12.4903
12.6083
12.3788
12.5495
12.9105
13.0848
12.7733
14.0774
11.9725
21.9368
12.5864
14.3529
12.4815
32.9474
47.4499
35.4967
21.2015
