5.38388
3.05389
3.05512
2.99224
4.22705
4.90211
3.02658
2.9819
3.3728
3.9681
3.26078
2.97266
3.10762
2.98447
2.96624
2.95295
2.9882
2.97312
2.96074
4.10767
3.04807
2.96704
3.00025
2.95596
3.09963
2.99819
3.12549
2.95883
3.00941
2.9253
4.64972
3.91503
3.99959
3.14378
2.97101
2.95513
3.01753
3.99753
5.25227
3.83492
3.6974
3.68131
3.21748
3.04174
2.95548
2.95575
3.00629
2.98233
2.96084
3.06181
2.98889
2.98653
3.00378
3.00306
2.97263
2.94727
3.39648
2.94769
3.14699
3.13822
3.03886
3.02377
4.01207
3.06775
2.97685
2.94942
2.96329
3.05193
2.9462
2.95543
3.13114
3.02644
2.98441
3.11537
2.94907
2.9788
3.10051
2.93899
2.92844
2.95318
2.96507
3.08411
3.05349
3.91138
3.0123
3.01905
2.94832
3.05343
2.93085
2.98808
3.80619
3.00502
2.96526
2.94776
2.9507
3.00819
2.98788
2.93051
3.1072
2.94019
