7.69344
3.30223
3.14306
3.45965
3.67278
3.22697
3.24876
3.23264
3.13695
3.07616
3.3402
3.14498
11.2525
3.25592
3.81566
3.49825
6.3846
3.27611
3.14703
3.42672
3.39324
3.38391
3.9178
3.58262
3.58336
3.66917
3.70862
3.55941
3.26412
3.49331
3.58468
3.64929
3.50272
3.52044
3.45674
3.20155
3.81355
3.39681
3.44065
3.23383
4.0048
3.44461
3.5712
3.12408
3.36932
3.33804
3.77805
3.75068
3.67664
3.57593
3.69484
3.6893
3.48695
3.42627
3.44348
3.29473
3.11473
3.43966
4.92169
3.67755
3.43628
3.50825
3.68703
3.80125
3.70095
3.44413
3.78155
3.36808
3.39699
3.41049
3.62911
3.68222
3.47978
3.55503
3.5027
3.49305
3.33475
3.54389
3.2873
3.4183
6.44503
3.37335
3.53443
3.56498
3.16871
3.55835
3.39008
3.17923
3.55431
3.30137
3.45411
3.16701
3.62535
3.46796
3.41301
3.48023
3.44105
3.19749
3.46044
3.50229
