312.664
221.356
3.56758
3.63945
3.78893
5.35954
236.903
204.865
2.79956
94.4444
2.85832
3.4242
3.33043
3.18246
3.08998
285.201
2.97624
171.14
3.23298
3.11714
2.65738
3.35958
3.12086
3.39116
2.79464
54.217
225.633
313.597
363.187
326.989
4.24575
3.6316
3.1328
3.23428
165.623
3.57281
3.57286
381.27
97.85
2.60255
2.90133
3.13287
2.98736
295.314
3.71194
2.5219
307.676
465.739
2.75699
2.77202
2.5845
2.87464
383.518
2.52744
3.55728
3.48253
3.32693
253.248
4.10013
3.24565
3.09884
2.92577
2.95971
3.79434
328.186
3.10617
2.69817
4.00404
3.28944
2.63951
2.52544
3.61939
3.35006
3.14355
3.50343
2.90462
2.75456
2.74745
2.72367
2.7459
2.75104
2.32884
3.4284
2.30965
2.748
2.25346
2.22652
2.25139
2.3103
2.28491
2.26903
2.29786
3.16691
2.34688
3.06233
2.92696
2.41855
262.351
2.96727
2.75107
