481.225
397.17
205.746
213.014
113.995
93.1916
275.878
42.5418
284.729
71.895
55.6206
92.4495
106.181
87.9676
105.275
44.7666
104.056
67.3951
111.723
324.064
209.909
105.674
61.0042
103.235
335.98
68.5768
57.5299
48.1379
46.3659
79.97
73.8395
109.365
98.1358
52.5728
147.765
271.24
151.122
55.2885
53.1902
101.149
109.166
108.798
72.3686
279.236
332.657
109.142
105.903
95.7311
109.673
114.351
391.803
115.32
97.1704
288.437
106.447
90.0168
112.542
270.845
349.969
40.6807
112.457
73.167
293.159
51.1191
55.2059
93.1459
113.879
105.601
103.154
354.882
185.941
94.8486
55.5941
55.8218
353.162
389.752
89.8154
109.196
110.841
96.4501
50.7637
48.7583
107.332
153.894
330.155
105.363
317.542
144.179
104.118
110.059
113.696
90.2886
95.7028
53.1537
77.2054
104.284
51.7896
356.67
99.2317
113.91
