317.492
136.272
10.9528
10.6663
9.98296
13.2007
12.1224
10.8384
76.0664
11.8129
10.8609
193.531
10.8598
9.74851
9.79746
10.3216
9.87168
9.84911
82.2673
10.2458
10.0954
10.2239
9.9147
11.017
10.6023
10.2422
10.1893
10.9559
12.3472
10.7852
10.5083
10.0355
10.1779
10.5924
10.2755
158.428
10.0739
11.1988
10.7608
10.4571
9.91046
9.82421
13.1005
10.9687
10.9372
10.3801
10.2988
10.2859
10.9445
10.7918
10.4927
10.2514
10.2866
11.3187
10.2353
10.2761
10.6963
9.87646
9.75024
9.81205
9.764
9.76125
11.063
11.5849
11.6069
10.2598
10.4088
9.77094
10.287
9.75091
11.6459
9.72936
10.5089
9.98802
9.87352
9.9822
12.2117
9.99567
11.3047
11.7455
10.9442
10.9492
9.93412
10.3721
11.0455
10.0307
9.83932
11.1066
9.8482
9.80733
10.795
9.89113
9.89513
9.8291
12.5134
10.5609
10.2243
9.95648
9.79636
9.81022
