11.8597
9.75422
10.8927
10.1961
10.3154
9.86107
10.1124
9.92948
10.1462
10.1404
9.96346
10.0667
9.99147
10.09
10.054
10.1484
10.229
10.126
10.4313
10.4005
10.2691
9.91183
10.1528
10.1665
10.132
10.1273
10.7396
10.3037
10.3201
10.0661
10.8568
10.4194
10.3745
10.1903
10.4194
10.8774
10.2614
10.4166
10.3754
10.232
10.5902
10.2447
10.1093
10.5413
10.3696
10.4498
10.152
10.308
10.6316
10.7024
10.742
10.2782
10.9036
10.2889
10.2476
10.8046
10.7706
10.618
10.742
10.4722
10.5918
10.5214
10.6408
10.5013
10.8493
10.426
10.4355
10.5194
10.2795
10.7361
10.2563
10.3949
10.4556
10.3072
10.9715
10.8199
10.6952
9.94277
10.3914
10.9321
10.3632
9.82189
9.73764
10.4971
10.2897
9.83501
11.1443
9.75342
9.77093
10.4884
10.811
10.9179
10.3442
11.4384
10.3026
10.5608
10.4159
10.4799
10.5259
10.3124
