227.528
194.578
2.98114
2.55248
2.94171
2.62584
2.53167
2.77341
2.54275
2.46576
2.83265
2.41471
2.51111
2.37698
2.46474
335.883
2.85238
2.59176
72.8692
2.38359
131.935
2.65663
2.49903
2.31687
2.91227
14.9001
3.16508
3.09898
2.9136
2.31683
3.06585
2.50853
3.59472
2.35878
2.33987
2.32822
2.43619
2.31173
2.32466
2.36541
2.63496
2.2874
2.30128
2.3419
2.34535
2.30975
2.34111
2.45614
2.40561
2.44695
2.33114
2.30873
2.36163
2.32655
2.46584
2.34099
2.3722
2.39873
187.482
2.34489
2.31073
2.35276
2.30717
2.27691
2.29045
3.18066
2.38054
2.32862
2.34804
2.33327
2.32078
2.3638
2.40903
2.44166
2.3522
2.29305
2.9261
2.66691
2.31034
2.92218
2.46026
2.91222
2.82809
2.32849
3.04094
2.36471
3.01929
2.6946
2.61197
2.58391
2.60124
2.53969
2.56508
2.57323
2.58201
2.954
2.86256
2.83823
2.7377
2.57408
