10.3871
8.90107
8.60584
8.76425
9.18208
8.75604
7.1666
7.07065
7.18854
7.09708
7.04142
7.10137
7.33618
7.0492
7.11084
7.11325
7.04915
7.01404
6.97049
7.04768
7.11004
7.04576
7.07693
7.23022
6.97669
7.02327
6.86158
6.94811
6.89961
6.90728
6.81811
6.88588
7.00293
6.86898
6.92782
6.88515
6.82043
6.78579
6.82898
6.92209
6.99929
6.91349
6.9252
6.88671
6.95
6.89745
7.0273
6.96739
6.97413
6.9412
6.80709
6.84305
367.551
8.55289
8.52054
8.43838
8.44546
8.44671
8.47982
8.53477
9.06263
8.10183
8.38523
8.63071
8.62641
8.70977
8.62418
8.62962
8.54989
8.42806
8.4303
8.51193
8.43609
8.43964
8.51025
8.527
8.38629
8.57083
8.86483
8.46698
8.79692
8.6003
8.58578
8.56142
9.0284
8.56252
8.53656
8.57409
8.48047
8.61091
8.64518
8.5934
8.57958
8.10388
8.48773
8.54435
8.47086
8.62772
8.61693
8.55184
