295.803
212.897
202.549
193.717
152.33
6.28293
3.08985
2.73806
170.892
244.731
6.93536
177.805
4.16339
2.8591
2.58683
151.22
6.88817
181.604
6.40991
2.69847
6.9698
171.732
3.03251
123.191
3.74309
3.08894
36.3529
3.25902
7.8563
2.68075
2.60268
2.97876
2.51715
2.56491
2.51962
2.53618
144.344
175.497
4.31244
4.42819
5.16538
4.7435
3.49294
3.26416
3.15513
2.48909
2.92485
2.70647
2.49318
2.50643
2.67335
2.49093
2.54727
2.67061
2.5812
2.48626
2.55114
2.82042
2.69028
5.32951
2.58811
4.02403
2.67859
2.8325
2.53882
5.52225
130.014
2.68168
2.53348
2.82609
6.13603
2.53552
3.03746
2.61083
2.52994
2.53566
2.49063
8.5449
2.85172
8.58518
7.80369
112.277
4.95364
2.64057
2.53646
2.61378
178.592
5.20335
3.8503
4.0471
2.95973
2.61307
2.6247
3.35775
100.274
2.53905
2.45674
2.63757
123.403
3.11901
