229.285
242.651
120.552
352.032
9.88131
151.646
285.124
10.3731
310.402
289
243.025
174.847
10.7639
170.447
12.8639
12.9097
11.1761
311.574
230.886
220.073
220.904
11.7706
363.607
12.3364
10.2559
10.0585
320.246
92.2792
9.83096
183.357
10.1583
109.656
236.052
12.9071
241.194
13.9166
190.447
14.4373
275.629
10.9543
11.3235
10.2622
10.0484
9.89395
90.8144
9.98386
13.1571
14.2651
27.0332
12.6352
12.4224
10.0495
100.034
14.5952
14.4794
12.5011
10.3991
300.478
13.5244
14.007
12.5135
10.2756
11.8192
299.285
200.051
14.8664
14.615
10.0625
9.99727
325.734
181.138
10.712
10.1061
10.1064
9.99994
9.83508
11.0563
9.92956
9.86569
9.82132
13.0708
12.1703
12.3007
11.8859
10.5526
10.0031
9.86426
9.82784
9.79261
9.91506
10.0976
9.86502
10.3578
9.95317
10.0241
11.7729
10.142
12.5939
10.2243
293.119
