530.421
344.133
306.985
135.397
138.524
398.5
69.6963
87.4842
155.668
129.516
140.693
129.923
177.748
130.793
128.804
129.354
66.3397
179.927
132.298
137.57
146.759
154.436
181.03
152.088
143.121
141.228
151.037
139.192
150.972
177.142
175.598
140.77
181.444
157.34
139.581
137.865
150.705
181.771
137.705
140.083
150.52
143.728
149.177
154.921
142.058
141.91
157.568
169.404
155.554
155.037
144.648
146.129
141.479
155.087
175.465
149.41
149.837
139.989
140.671
137.722
137.63
180.281
170.8
181.612
143.237
181.595
172.242
181.729
181.796
142.333
71.7586
181.7
180.788
181.797
281.836
181.457
157.989
157.731
138.597
158.602
160.227
57.1173
153.219
143.788
141.1
157.75
145.626
146.595
157.756
181.786
181.494
148.714
181.657
151.56
133.015
130.291
70.5062
69.6737
71.0469
67.0259
