5.8258
3.38593
3.36472
3.4654
3.16637
3.15545
3.39767
3.6219
3.26979
3.15997
3.12902
3.17576
3.16455
3.12496
3.12956
3.71677
3.14264
3.14125
3.17592
3.15035
3.17959
3.24976
3.11591
3.12647
3.54947
3.14628
3.17954
3.14689
3.14435
3.20487
3.15652
3.14598
3.13013
3.11275
3.15897
3.16062
3.11606
3.11655
3.11617
5.56123
3.13767
3.19261
3.22036
3.19152
3.12578
3.14059
3.41054
3.25269
3.23289
3.2042
3.20172
3.20363
3.17114
3.3381
3.31802
3.19185
3.31096
3.2383
3.21591
3.44819
3.19062
3.19578
3.21094
3.31045
3.13528
3.4488
3.16259
3.21063
3.37132
3.11973
3.1171
3.11913
3.37422
3.30574
3.44409
3.23214
3.20177
3.2535
3.17481
3.403
3.18077
3.14922
3.13559
3.18165
3.13044
3.17182
3.1304
3.16591
3.14158
3.34842
3.53623
3.32623
3.18104
4.33779
3.20339
3.54423
3.34881
3.29574
3.19646
3.17233
