45.8767
37.3445
33.1316
31.347
27.7155
34.225
30.3554
30.4332
23.8405
33.184
33.2354
24.8067
34.4075
30.0157
29.9452
25.5156
27.7116
31.5551
30.7686
30.4755
28.0578
16.9412
36.231
16.3572
24.4754
24.7708
36.5627
28.6207
29.3604
30.5384
65.4693
36.5483
34.5295
30.2918
30.2463
31.191
27.4014
31.9799
34.9217
39.1321
31.5519
33.7421
33.1035
30.8671
30.2237
32.3331
32.8272
34.5691
31.9453
34.1543
32.1713
30.9148
41.9761
33.4827
34.2021
31.4539
31.9193
32.0416
32.8624
32.9355
17.0046
16.5071
20.6017
25.455
26.3646
20.5595
21.3881
17.2467
16.709
24.7745
30.6785
16.4773
37.2736
32.234
32.4291
33.7191
32.7716
32.8905
17.5632
17.4691
35.1984
37.0909
33.1731
36.472
30.5207
36.0331
24.5428
32.4379
31.2487
55.154
44.8898
37.2085
39.7952
36.9923
18.2069
39.9782
37.011
29.9829
37.5091
16.3843
