268.28
150.5
128.404
19.6365
18.1215
17.4206
15.8859
15.8565
85.7227
154.764
82.7607
129.17
129.982
83.7709
82.2032
84.6413
15.8417
15.87
159.375
15.7956
85.9801
84.6186
84.9432
15.6953
131.388
16.0659
15.7577
129.536
16.627
135.363
20.6198
20.7462
159.745
16.4888
134.392
16.5083
15.7375
15.7711
135.03
17.5258
271.416
16.7388
15.894
89.4622
16.0154
15.8566
228.727
244.324
133.278
15.7978
15.9242
15.7868
15.7901
135.759
17.1711
16.5989
15.7416
15.8212
15.8896
258.563
15.6926
15.7775
231.769
133.264
18.9508
18.6983
19.0226
19.5831
20.46
15.0626
16.0179
15.6562
88.3281
17.0976
363.575
111.083
289.305
15.7999
15.6533
15.8332
15.8702
15.783
86.9583
16.3004
6.85617
16.2264
16.9581
16.3469
16.6317
313.793
22.477
21.1934
20.9679
346.885
15.0253
16.1269
15.7998
15.6473
15.9695
309.39
