6.16517
3.16473
3.15112
3.15581
3.93534
4.93815
2.85878
2.85683
2.87632
3.19189
3.10808
2.91103
3.31182
3.01513
2.88077
2.83536
2.89843
2.84107
2.93225
3.13094
2.84936
2.82982
2.81836
3.90022
2.95601
2.95931
3.60162
2.9295
2.86506
2.94538
3.0671
3.64522
3.60536
3.44195
3.53191
3.62013
4.06298
3.74547
3.58409
3.51607
3.53107
3.78029
3.61337
4.94922
3.1623
3.05165
2.88326
3.8935
2.84101
2.86007
2.84706
2.83938
2.85843
2.90329
2.85211
2.90297
2.84818
2.85268
3.08798
2.83935
2.88626
2.9375
2.8566
2.92784
2.90987
2.8744
2.87501
2.84573
2.83099
2.83895
2.87053
2.90031
2.8965
2.9159
2.9043
2.86572
2.88769
2.91327
2.8556
2.91533
2.90118
2.834
2.86669
2.85836
2.83352
2.83306
2.8357
2.86379
2.88618
2.88928
2.89352
2.87435
2.85966
2.83865
2.86474
2.84538
2.82608
2.86647
2.94069
3.69996
