271.213
173.626
4.70605
4.83774
4.14976
7.26124
5.80086
4.13009
4.25459
4.53422
7.03699
414.191
3.92911
4.68168
149.311
3.33034
4.06927
4.46681
4.74217
4.52984
6.15314
3.23656
5.67362
104.347
4.46866
4.34848
5.64287
5.88621
5.99876
4.03464
4.67549
4.90648
5.92421
117.054
4.93605
4.4942
4.62023
415.944
3.91941
4.65772
5.28625
4.54954
3.31226
8.42326
3.26742
3.54145
6.22032
3.19791
5.65819
5.45786
6.00791
4.42955
3.9947
6.11976
3.1835
7.51895
3.26387
3.10572
9.7326
6.28498
6.11599
4.68026
5.81617
144.358
5.55595
3.44451
4.57026
3.25635
3.22017
3.52733
3.17829
3.79056
3.19337
3.40289
5.75242
5.89218
5.59298
3.87688
4.13338
5.90483
5.47745
4.39081
6.13606
5.97706
5.534
5.51636
4.24476
4.33911
4.84902
3.19701
3.11814
4.09177
3.61781
5.92084
3.22646
6.59096
5.03948
3.68741
6.20607
4.39012
