431.22
112.857
117.303
108.198
121.343
129.561
114.386
117.596
129.896
112.618
111.874
122.809
110.689
113.166
114.513
115.624
122.256
122.292
112.549
136.237
115.109
116.323
120.772
122.212
122.339
114.872
118.893
118.382
114.93
117.033
116.737
132.316
127.242
119.437
120.245
128.998
110.888
116.678
116.913
122.74
139.726
131.781
110.716
131.985
119.325
121.3
135.939
116.986
143.692
128.692
130.161
125.973
124.096
115.808
119.988
121.589
120.814
119.191
126.438
118.18
128.42
111.535
114.908
123.31
126.827
134.069
113.308
126.359
122.171
116.437
121.663
126.11
127.849
111.684
130.651
118.794
116.057
126.811
118.735
117.616
125.426
125.888
125.687
125.103
116.737
113.357
131.698
127.886
127.128
126.503
129.048
125.974
130.648
121.963
125.433
126.324
129.738
112.857
126.727
127.033
