227.039
121.139
160.857
3.09777
180.356
210.169
162.194
81.5702
3.22496
305.014
80.7503
4.06224
291.389
304.103
176.962
300.694
187.578
207.889
5.1509
6.19869
3.67657
3.54076
3.76815
3.68531
4.0795
290.964
299.436
167.161
4.23359
3.34137
3.12551
3.16547
3.13476
3.84494
3.66567
114.496
88.9123
2.411
4.62459
97.5136
2.58721
3.69396
4.36775
2.60766
99.5441
147.486
4.29294
156.16
4.4534
3.27816
6.18191
3.66738
2.73946
4.51087
3.08969
2.47984
2.5269
103.526
4.60934
5.01852
270.377
3.37068
411.27
174.319
3.98783
4.15691
3.139
4.46634
3.05313
3.49597
3.82047
101.58
91.9333
3.92464
6.79667
3.07612
3.78945
3.08602
3.8003
2.72304
2.57387
2.57523
2.37031
2.45487
8.07959
4.04902
2.56626
2.45222
2.55641
156.272
3.80906
100.66
4.28413
4.96887
4.56331
2.58693
2.55381
3.59887
4.91454
2.62713
