9.05683
5.9543
5.07824
3.65306
3.48796
6.18251
3.39776
6.34781
3.94749
5.92693
3.41153
3.57903
3.45824
3.41527
3.38185
3.36295
3.36628
3.3436
3.28071
3.33298
8.37592
3.38504
6.31914
3.94413
3.28407
3.39713
3.32895
3.41927
3.33668
3.37395
3.33244
3.39716
3.33814
3.55397
3.39826
3.38907
3.29191
3.26814
5.86069
3.39961
3.44935
3.42566
3.62946
3.8754
5.35296
5.07962
5.2037
4.93393
5.08054
4.85432
5.42424
3.71593
3.44588
3.44131
3.36456
3.42814
3.38613
3.38426
3.35935
3.42905
3.35994
3.34613
3.22676
3.40175
3.34922
3.36824
3.40251
3.32581
3.32638
3.39038
3.33867
3.35045
3.4175
3.25354
3.33189
3.3202
3.38143
3.32178
3.29671
5.54162
6.42696
6.19014
5.27284
5.59356
3.44191
3.43592
7.09637
4.0081
3.45303
3.37132
3.41802
3.33715
3.33264
3.44125
5.73291
3.94106
3.56237
3.36341
3.32524
3.14159
