24.9868
18.0118
19.3677
19.2879
18.8173
21.5863
19.1145
17.9269
17.7603
18.8381
17.7559
18.6007
17.8033
18.5119
18.6346
18.0598
18.2218
18.2831
18.2118
18.7699
18.5928
18.1165
18.1094
18.0229
18.5038
18.2788
17.9996
19.1027
19.2066
18.5665
21.568
19.0907
19.1595
17.8314
17.9132
17.8048
17.8027
18.6901
19.3317
19.2686
19.2793
19.0134
18.1452
18.7337
18.5662
18.8543
18.7834
18.4904
18.8047
18.1507
18.2693
19.2196
17.7828
17.8735
17.923
18.712
18.9803
18.8029
18.2536
18.0906
17.9396
17.7999
17.7248
17.7822
18.8947
18.538
18.1322
18.2345
18.0683
17.8041
19.0814
18.2796
19.0622
18.2837
19.2687
18.7946
19.1382
18.1089
18.6931
17.7599
19.7755
19.129
18.1471
18.3473
19.3358
19.1483
19.1008
18.2548
18.5825
18.3065
18.8635
17.9814
18.7844
19.112
22.335
20.2714
18.3512
18.6778
18.9769
17.7437
