4.55159
4.19078
3.37048
3.36098
3.27135
3.62064
3.59865
3.29375
3.39152
3.22408
3.58496
3.3957
3.20753
3.20343
3.72892
3.187
3.23237
3.19662
3.2088
3.18611
3.21003
3.24025
3.23697
3.96584
3.22666
3.21831
3.23317
3.20929
3.19371
3.23312
3.20156
3.22906
3.22109
3.3632
3.40399
3.3012
3.2215
3.18597
3.21089
3.28756
3.33826
3.25095
3.46212
3.32765
3.32464
3.37295
3.39175
3.34199
3.29609
3.36489
3.32233
3.22396
3.19495
3.18439
3.18838
3.21204
3.27805
3.32647
3.27069
3.20522
3.30124
3.48493
3.44591
3.22899
3.27138
3.22418
3.25358
3.25365
3.38731
3.26502
3.20723
3.38097
3.28074
3.30987
3.24061
3.27089
3.20175
3.21448
3.22077
3.30263
3.21003
3.27901
3.24998
3.23395
3.2248
3.22676
3.24642
3.22622
3.20272
3.24998
3.22319
3.20631
3.24699
3.23263
3.23992
3.21014
3.33225
3.35752
3.2966
3.21602
