226.81
130.14
320.119
212.152
5.01297
6.52888
11.2004
217.218
169.684
4.95844
5.0828
101.108
12.8148
282.568
206.139
203.592
316.56
208.004
176.015
303.13
211.947
5.49856
4.76608
7.9326
279.955
4.99902
11.337
11.5216
8.82936
7.65051
6.35239
14.2224
4.96282
4.86426
4.84748
5.21021
5.73392
4.97643
4.71876
4.69359
5.16653
4.61814
7.59535
12.0441
5.62192
4.67152
4.39314
4.64482
4.44179
4.92143
14.3243
10.4037
4.78026
4.63512
4.52696
5.17622
14.0879
4.57113
4.16986
4.35514
5.88549
15.225
12.733
5.54419
231.152
13.2256
316.43
14.7958
10.1419
11.8285
12.815
9.52293
7.31911
14.6473
14.8083
4.67163
4.62323
220.035
4.02833
3.75021
5.29266
3.53232
4.62731
5.58971
4.47573
16.4451
11.7891
4.86083
12.9625
4.6492
4.89138
5.14497
5.36826
4.69234
4.31619
12.9835
15.3597
5.07246
5.11011
4.9868
