18.4883
20.5384
15.9805
15.6453
20.3276
17.603
15.6918
15.3589
16.1341
15.7197
22.4045
15.8123
15.5702
15.375
15.6417
42.2342
15.6401
15.4544
16.0119
15.4303
15.5128
15.8953
15.417
15.3239
15.4268
15.2885
15.461
22.4843
15.4541
15.3727
15.6386
15.5107
22.6332
16.3668
15.6312
21.1553
15.6559
16.0884
15.3475
17.7226
15.4812
16.2938
15.5243
15.6699
15.6081
15.4112
21.4867
18.5305
20.871
20.4413
20.7018
21.72
21.7746
19.2974
21.1397
21.1358
19.2541
22.3752
15.7691
15.5942
16.068
16.1236
15.899
15.6991
21.7798
15.4921
15.4588
15.8565
15.4128
15.5723
21.7629
21.6454
19.8953
21.4091
17.9623
20.5529
15.6686
16.123
16.0898
22.7426
15.5723
15.4982
15.4957
15.4457
15.5135
16.0812
15.3498
15.8761
22.1566
15.7159
15.924
15.3631
19.8011
19.8032
21.9475
15.7753
19.741
20.0056
16.1579
15.4613
