163.559
96.3392
150.273
2.79993
189.021
245.848
241.305
3.25229
159.69
97.8542
97.3589
140.765
149.403
97.9436
97.2115
2.87516
100.681
63.8568
98.8034
3.03253
3.28561
3.05162
3.00561
2.99921
2.95584
3.2814
243.976
66.6106
3.47392
3.00307
2.90691
3.08227
2.86515
2.98498
2.93177
151.673
2.95665
3.34076
63.8693
2.74193
3.31375
2.8221
2.70441
2.8625
2.77473
2.79216
2.77572
100.409
97.7102
2.81651
2.86642
2.78131
2.75495
2.60331
2.83682
2.80691
2.74056
2.84668
2.94492
2.80174
2.76259
2.84211
3.06526
2.76622
2.81934
2.7741
2.79975
2.83151
2.75878
2.77272
2.7277
2.73342
2.68045
2.68036
3.20903
2.7576
2.63818
2.86302
2.81807
2.81134
2.78306
2.65062
3.66708
2.82459
2.74302
2.96552
2.81346
2.72034
2.78808
2.78402
2.76816
97.9805
2.74893
2.77433
2.89086
2.81683
2.79921
3.29162
2.84356
3.26056
