629.98
171.03
163.495
161.824
163.191
169.408
165.608
181.366
167.369
159.512
147.872
141.693
140.978
141.131
146.067
138.233
168.169
167.473
146.658
144.198
141.497
141.878
154.009
148.199
140.543
141.896
162.002
142.629
171.335
141.444
146.134
177.088
169.267
173.883
161.235
148.42
162.9
168.412
144.994
141.415
159.505
143.81
146.292
141.475
140.683
143.614
167.962
145.991
149.044
140.767
142.565
141.011
145.267
150.976
149.01
157.566
179.917
156.086
148.502
150.513
180.398
180.273
160.487
164.093
141.227
176.527
161.793
144.948
145.269
142.458
143.453
142.869
142.411
141.916
150.535
163.588
141.893
151.963
141.176
144.581
146.495
161.524
142.616
141.422
171.292
183.368
141.739
147.503
149.842
155.885
152.924
161.564
144.495
151.782
158.533
170.803
149.773
144.832
146.135
143.288
