234.328
336.172
134.151
11.5155
91.4546
163.587
13.6794
15.5183
155.52
172.487
13.7142
14.9909
14.8796
325.206
248.744
13.4126
262.504
10.5261
293.701
11.0154
10.4714
321.085
14.6587
10.8163
14.2341
12.1632
264.897
14.8005
370.686
302.476
13.9829
233.581
223.29
303.675
16.4706
11.8814
282.901
10.7375
312.777
290.044
312.857
12.578
293.444
317.71
11.6223
282.741
11.3607
10.2713
10.0042
10.1492
9.94119
9.93028
312.077
10.6879
302.025
13.5053
13.863
315.456
294.335
225.232
11.573
235.06
221.775
223.385
222.452
294.765
132.859
344.245
10.8562
275.162
313.918
12.3726
12.6732
13.2596
239.627
10.4334
10.5621
250.536
14.9895
10.248
10.0763
10.0035
28.0154
10.5573
16.0656
261.855
12.3333
12.9754
14.9397
15.6808
15.4284
14.3568
12.2041
15.7553
13.5172
11.0145
16.7227
241.51
37.636
17.009
