223.994
113.115
312.727
10.6112
343.464
9.69467
234.54
8.07632
8.08068
11.3789
172.264
24.2779
13.0012
304.251
293.906
22.9757
14.6721
11.9189
180.233
345.651
8.34789
139.452
316.834
309.837
22.7221
19.4798
23.2281
31.3681
27.9331
18.119
24.642
27.9001
10.2709
15.1391
10.9871
101.913
18.0088
7.70835
27.652
29.073
12.9598
10.4145
24.5798
10.5517
261.688
6.81947
277.412
16.7437
24.6436
13.4254
9.88337
20.9506
11.0108
19.2446
26.8845
25.0047
12.8141
8.93071
10.458
22.8307
9.67414
12.0988
9.08864
8.56359
9.7656
8.38129
12.5456
9.72846
8.88667
9.35276
8.64125
9.90509
8.39715
9.53492
9.37625
9.17757
28.5661
10.6393
10.1495
30.5925
27.4318
9.25019
13.4492
28.9887
30.0045
28.8602
28.4823
23.5137
28.9426
62.4576
17.2963
12.4537
23.1739
9.24165
8.48104
29.7924
28.0223
13.3263
27.5913
12.6123
