197.661
187.904
359.893
16.1292
14.9838
16.4688
15.5959
14.9695
15.7296
14.9339
15.2225
15.256
19.2543
14.8447
14.7999
14.7704
14.8191
14.7878
14.8226
14.7907
14.8368
14.7811
14.7704
14.8091
14.7701
14.8304
435.172
365.385
15.0924
14.8898
16.3728
15.1001
14.8156
15.098
14.8876
14.807
14.818
14.9433
14.7754
63.4994
14.9513
14.7651
14.7897
89.9162
14.8352
14.831
14.771
14.7768
15.427
14.8428
14.7714
15.3035
213.28
15.0399
14.8026
14.8292
16.9271
14.8517
14.8089
32.6076
14.8941
14.8465
14.9768
15.1834
14.9329
14.9657
14.8002
14.8469
14.7341
14.7379
14.7482
14.849
14.8498
14.8635
14.926
14.8408
14.9198
14.7495
14.787
15.0743
14.8038
14.7875
30.1802
14.8346
14.8
14.768
14.78
14.8191
14.7688
15.3058
14.9155
15.2649
14.8458
14.8478
14.7956
15.7493
14.8172
14.7755
14.8144
14.8033
