226.143
183.765
2.91766
3.32905
2.76852
2.73724
3.09882
2.72011
2.70432
2.69341
169.517
3.72821
3.27147
2.81422
2.67902
2.73912
2.6598
2.56519
2.55467
264.682
3.02234
51.8998
3.24509
3.73069
66.6148
2.6212
2.62283
2.55942
2.56322
2.54903
3.48913
2.76478
95.5425
3.02713
2.6156
2.67277
2.58831
2.57285
2.7112
2.58078
2.55418
2.55133
2.56271
2.64003
2.59988
2.55828
2.56288
3.40474
3.09555
2.91537
2.69801
2.67651
2.57195
2.5918
3.16406
3.05455
2.78778
2.75607
2.80635
2.69979
3.38844
2.74936
2.66262
3.0818
2.66221
2.6469
2.69734
2.64979
3.21229
3.02887
2.77347
3.03677
2.84669
2.96431
2.66101
2.64057
2.62922
2.60282
3.25634
2.65064
2.69302
2.61925
2.65852
2.75581
2.60106
2.77456
2.6676
2.61201
2.69627
2.74716
3.36053
2.60877
3.38221
2.79251
2.61997
2.61822
2.6673
2.64589
2.61545
3.44088
