10.9002
4.10356
3.43027
3.42551
3.37145
5.68502
8.25415
3.38465
3.63956
3.17681
3.29375
3.68286
5.79414
3.17769
3.309
5.23354
3.1997
3.1812
3.16692
3.19019
9.63947
3.52674
3.28687
3.25009
3.20641
3.13038
11.5965
3.59882
3.42184
3.15862
3.65248
3.1235
10.6045
3.31909
3.42886
3.69532
9.5174
3.47951
9.32588
3.32986
9.95044
8.99951
3.8067
3.78109
3.15108
11.1166
8.60281
10.9964
3.50311
3.38318
3.42403
3.23796
3.22796
3.36513
8.65139
3.19331
10.5076
5.35341
3.44876
3.69551
3.27831
3.14369
4.3326
10.7541
3.58791
3.86237
3.30042
4.51691
3.11488
3.11542
3.41498
3.27616
3.67297
3.24513
3.14942
3.27388
3.30355
3.39086
8.09541
3.52146
7.80989
3.55993
3.49701
3.29552
3.15862
3.48821
3.55339
3.3446
3.09149
3.17493
3.35269
3.24648
3.14847
3.25968
3.13767
3.17882
3.72434
5.06794
7.47968
3.44347
