225.932
201.842
79.6878
2.11494
174.821
233.79
175.992
4.81246
142.906
158.47
81.7778
6.48457
2.88533
5.21754
6.42678
159.839
2.97184
5.129
149.389
2.76944
3.05633
4.68311
2.5618
2.10553
2.21399
90.5537
4.41064
5.38187
4.47295
4.70951
154.444
5.28759
308.761
2.00975
186.274
4.34718
3.43724
3.39317
2.48855
3.17665
3.18027
93.9254
4.46246
4.02365
3.41201
108.614
4.9064
2.72583
2.78282
2.8551
2.97328
2.80198
2.80334
140.798
177.877
4.92783
5.11246
2.27028
2.33493
2.80482
114.023
2.75902
4.82904
2.95018
4.51091
3.43594
4.83457
4.18385
4.68626
2.33856
4.2472
1.91958
98.7257
1.76776
5.15335
1.9283
1.86345
137.71
4.48689
4.79952
5.59968
3.77708
4.54429
2.75907
2.28887
3.71354
2.17629
3.1834
3.6201
4.83604
5.12444
2.41032
4.80396
4.44259
2.60051
5.0399
4.16923
2.09527
2.06745
4.81673
