56.8018
47.8754
43.983
61.3163
67.7408
77.3829
34.4862
65.6612
84.8288
40.1598
70.8736
44.5129
40.9434
30.4322
32.2565
63.6052
35.3755
73.4108
85.1428
86.3522
90.165
46.0969
84.5547
78.5121
79.8379
85.1623
38.1501
29.9468
30.6046
65.6759
81.0067
84.1386
34.6918
72.9084
80.5373
33.6837
80.688
34.1556
76.2736
35.3442
86.6291
68.1351
71.7983
35.7065
59.8983
32.0451
81.4238
81.3282
78.5699
48.0303
34.7486
73.711
31.7525
32.3117
30.2941
68.8582
88.8529
77.849
36.5863
60.0003
75.1038
32.8965
80.9777
75.9924
39.8104
32.9329
51.8942
81.2868
43.2451
67.6515
81.4564
33.2844
30.4685
85.1473
35.0665
91.5265
88.5528
86.6669
49.9272
77.4537
57.1736
60.5288
73.3455
64.9521
34.0343
34.5225
67.2431
36.0393
74.5627
35.6322
33.8711
36.6281
43.5809
34.2917
30.4985
70.645
86.299
84.3494
82.7807
52.3418
