267.736
158.155
86.6055
5.38965
7.84903
5.18596
4.06655
4.02862
133.88
235.945
128.931
85.9488
128.012
3.97415
87.019
88.1015
3.94876
84.8776
4.62759
88.0074
3.84264
3.96889
84.9667
129.4
3.79649
3.99611
133.48
4.12682
4.20351
4.20189
4.23
4.66916
4.4437
141.204
139.076
240.321
6.59048
13483.7
4.06282
4.64197
3.95376
3.96054
4.12261
4.07458
3.96441
3.97778
4.03395
133.387
4.01807
4.03156
4.03813
4.09105
138.584
130.609
131.328
4.31084
4.39381
347.817
4.06922
333.178
4.08403
3.8357
4.00833
310.207
4.05396
4.37514
86.3367
3.84854
4.00691
3.7667
3.80357
3.77921
125.256
5.39471
4.99934
504.111
6.18492
5.93068
5.85098
7.12204
5.48147
5.80379
462.567
6.33642
5.89692
442.092
494.74
5.98049
5.51246
5.77646
6.0902
5.71618
450.332
5.76485
6.14552
5.83605
145.143
5.60631
5.73099
5.20701
