4.61233
5.00427
2.7413
5.6727
6.15641
9.37256
3.62128
3.03547
2.77154
2.76535
5.84333
2.66305
6.0017
2.66445
5.34404
2.68642
2.62498
2.68725
2.64924
2.64054
2.67053
2.62645
2.59197
5.16208
4.89977
3.68502
2.66603
4.06813
2.58208
3.5894
2.70801
2.62102
2.5985
2.97294
5.27796
2.7401
4.9458
4.52883
4.76079
2.73747
4.76649
2.7192
2.66673
2.66607
5.405
2.75038
2.63062
2.64975
2.70879
2.61275
2.61585
2.59165
2.74361
2.89917
2.62163
2.60331
2.64007
4.74911
2.70913
3.51531
2.67577
2.72045
2.66071
2.65898
5.78187
2.8073
3.19199
2.66349
2.61967
4.08186
2.62954
2.61283
2.7063
2.60032
5.54165
2.63235
2.60654
2.64683
2.61343
2.62715
2.61941
2.67136
3.28294
4.90232
4.52142
7.01879
2.6829
5.72888
2.79063
2.69534
3.37136
2.98503
2.85668
2.65074
2.60125
2.65253
2.71552
2.84606
2.75231
2.59725
