273.715
147.648
35.3209
277.576
8.10745
28.1746
168.569
303.117
28.1171
18.9481
292.679
15.4459
29.3827
23.6663
33.6573
18.627
36.2473
15.1363
341.946
32.8156
30.9818
156.114
138.04
38.9387
115.65
34.8269
177.818
12.3176
35.0621
35.751
14.8155
52.4761
33.0443
24.8483
24.4998
43.0703
15.2322
32.088
26.3877
32.7311
35.5762
35.0285
335.896
23.4012
242.133
26.2408
242.395
29.7489
31.8541
35.9011
36.193
302.072
25.2277
243.034
100.956
21.5488
33.7791
35.6601
20.98
21.3571
11.7019
20.8775
36.815
35.8557
36.1904
32.3087
19.4893
37.0054
37.8324
37.1792
29.4557
61.677
35.218
34.9026
26.059
22.6689
23.462
33.28
17.8487
13.7039
11.5543
13.6027
28.6622
21.8413
32.6822
38.0328
28.5862
36.5769
14.6212
24.3713
12.9355
29.6438
19.9574
37.9083
18.8189
11.8107
12.4866
12.1706
23.2768
243.436
