227.658
175.595
8.52169
18.0513
7.46407
16.6211
11.9002
16.3564
14.6933
7.37695
11.5425
7.87831
10.0165
8.64377
18.2765
8.42134
8.28788
10.0042
7.42605
7.29797
19.4067
141.493
15.1927
13.5889
7.30948
7.78341
8.64935
7.22221
7.85415
7.17808
7.4178
7.23165
7.22447
10.9814
7.29324
7.28972
11.2797
10.7187
12.9188
10.5144
8.20448
15.1124
11.4863
8.6596
8.81373
10.1116
7.43914
7.33697
7.17776
7.17572
7.24916
15.3048
8.56373
7.29259
7.2389
7.28958
7.24158
7.23996
7.21739
8.13641
12.0431
18.714
7.46818
12.6285
9.4404
7.34174
9.34823
13.9073
12.9157
8.76206
7.3296
7.28528
7.30921
7.28753
7.32804
16.4427
7.43574
7.34754
11.2426
8.13513
13.8305
8.40219
11.33
8.83873
7.37825
19.9776
13.8388
11.5374
9.67273
9.0336
11.5321
8.39299
17.0159
15.6206
15.0703
11.1959
8.67272
17.7541
9.08305
7.41649
