10.8205
9.16281
8.84936
9.4841
9.04994
9.05111
8.94636
8.93222
8.77143
8.8809
9.2135
9.15777
8.46908
9.31391
9.1786
9.2734
9.59666
10.4456
9.16954
9.56407
9.15069
9.53368
9.50442
8.65542
9.27603
9.79685
9.55184
9.241
9.63839
9.61471
9.5672
9.70075
9.68243
9.29908
9.2151
9.26732
10.5529
9.67524
9.87548
9.67475
9.76606
9.66385
9.58384
9.98167
9.95426
9.90529
9.554
9.6053
9.92902
9.73158
9.67955
9.63972
9.54124
9.84342
9.09228
9.54032
9.67872
9.7745
9.36952
9.71525
9.55571
9.58625
9.80034
9.70291
8.76626
9.52356
9.54907
9.49828
9.69022
9.93433
9.76762
9.8292
9.82936
10.0103
9.32578
10.0221
9.82191
9.23078
9.87746
9.83527
9.55277
9.66555
9.5374
9.83711
9.56177
9.53325
9.6983
9.3953
9.33796
8.83466
9.29525
9.58426
9.75908
9.59619
9.94925
9.45942
9.85672
10.061
9.50981
9.74567
