652.392
147.082
121.54
150.109
126.067
142.799
127.264
142.707
133.837
127.807
132.613
122.694
123.044
114.472
126.004
115.228
110.45
115.352
115.435
138.721
117.039
119.218
134.617
116.176
115.153
120.191
125.764
131.044
123.662
124.438
125.968
141.228
115.603
122.098
153.699
116.192
125.241
138.656
132.982
128.366
123.233
120.071
143.875
115.27
120.207
116.015
116.149
120.819
115.702
131.51
115.069
118.368
114.909
116.006
140.547
117.404
119.524
138.116
116.274
116.514
134.17
115.986
121.588
115.388
111.944
125.656
133.382
134.029
140.863
120.511
124.479
142.256
114.835
128.965
132.874
117.873
120.875
148.411
125.204
114.891
148.143
120.835
115.983
128.819
117.481
115.879
115.245
116.306
131.085
133.849
119.446
117.836
118.67
115.723
118.739
118.55
131.868
117.052
122.201
136.027
