33.0461
31.4176
31.3458
32.0736
30.949
31.423
30.6119
30.4251
30.6812
30.7832
30.5499
30.7101
30.6257
30.586
30.4432
30.4503
30.5393
30.6866
30.5493
30.7907
30.7395
30.4196
30.5414
30.8881
30.6791
30.6725
30.97
30.7857
30.6011
30.7405
30.8268
31.0332
30.7079
30.7125
30.6967
486.425
328.385
31.1565
30.7173
30.7558
31.342
30.77
30.6565
30.5252
30.6347
30.6695
30.7071
30.5997
30.8108
30.786
30.6577
30.6833
30.641
31.5812
30.2737
30.2688
30.0529
510.021
30.1908
30.069
30.0479
29.9398
29.8522
30.2085
30.832
30.8569
334.73
30.7627
30.0615
30.1055
30.2426
30.1612
30.3342
30.8767
30.8056
30.6558
29.8921
30.4118
29.983
31.0214
788.657
306.446
30.8117
296.133
30.1565
29.9962
314.401
429.981
30.0177
30.4498
391.506
440.234
398.969
30.7511
30.0244
29.9473
30.0308
30.1114
30.4812
450.274
