5.0147
2.40867
2.31594
2.49221
2.30461
4.01701
2.26402
2.29821
2.29841
2.32151
2.2802
2.36626
2.58962
2.30902
2.31571
2.26824
2.29217
2.2878
2.2935
2.29293
3.1041
2.39078
2.28801
2.33472
2.27936
2.34184
2.28131
2.43975
2.27601
2.34921
2.34523
2.30252
2.32258
2.93092
2.2716
2.91023
2.31363
3.13583
2.92781
2.36263
2.41649
2.43534
2.27845
3.00524
2.31168
2.27283
2.2784
2.3125
2.4883
2.28004
2.28829
2.29307
2.27179
2.28897
2.27491
2.32832
2.28083
2.2771
2.28024
2.34777
2.47326
2.329
2.32527
2.34247
2.42882
3.55168
2.2602
2.31226
2.37724
2.32459
2.30755
2.39383
2.29272
2.25664
2.39264
2.30862
2.31419
3.0123
2.36259
2.29286
2.54012
2.28029
2.33952
2.27493
2.31995
2.43848
2.2745
2.42491
2.30801
2.33322
2.29776
2.27486
2.28269
2.25892
2.27379
2.29962
3.02804
2.36475
2.3217
3.02873
