254.671
202.863
218.779
6.74738
150.235
4.05561
7.82902
163.95
103.612
86.1239
134.555
2.97164
3.00201
2.60605
95.7105
88.2977
2.94988
115.592
181.58
4.27486
3.68864
168.202
110.83
3.10537
4.4422
2.65065
2.64504
8.3456
2.75144
2.43918
2.9329
2.56214
2.63327
6.52053
2.57174
4.55923
2.65772
2.35958
117.674
99.1155
3.35958
5.6507
3.0564
2.32943
2.58306
174.563
101.037
2.60514
174.115
3.96717
3.33391
3.00842
2.92809
2.42672
2.94695
106.063
2.11682
2.19819
8.67574
7.81736
90.3652
7.39299
4.11904
3.43656
6.33766
2.97306
3.29345
162.157
2.23702
2.57284
2.9879
2.5758
2.49973
2.80553
2.40719
3.93723
7.79248
8.54524
3.43514
7.89242
6.1858
3.39084
3.34631
7.65868
3.0503
3.1656
9.66734
3.66008
3.52216
2.49241
8.12225
7.17591
2.95603
2.59678
2.51106
3.14613
2.58103
2.43432
2.69875
2.45805
