41.1021
40.8058
40.1305
40.1665
40.0824
40.2473
40.1438
40.0852
40.4596
40.1338
40.0673
41.2797
40.0862
40.1796
40.0586
40.0476
40.5688
40.2209
40.1984
40.0929
40.5173
40.6311
40.1545
40.1372
40.4035
40.3557
40.0974
40.1984
40.217
40.1136
40.2854
40.1174
40.0821
41.1572
40.1503
40.2435
40.8282
40.2482
40.0925
40.4359
40.1364
40.0941
40.149
40.2366
40.155
40.5586
40.3783
40.188
40.109
40.1638
40.8459
40.1388
40.6003
40.2869
40.3406
40.1489
40.1838
40.6476
40.2228
40.4447
40.296
40.7202
40.3014
40.6382
40.6778
40.5885
40.7351
40.6796
40.8872
40.7885
40.8287
40.1578
40.1129
40.4314
40.3244
40.2581
40.1466
40.1902
40.6685
40.6706
40.2824
40.2705
40.6548
40.6663
40.692
40.2207
40.1904
40.6164
40.2625
40.7519
40.5723
40.123
48.4628
40.554
40.2408
40.2438
40.1272
40.0778
40.5427
40.1519
