284.923
367.679
20.7817
20.9389
20.8383
20.5247
19.5229
19.4158
309.26
129.29
199.21
133.142
131.221
19.659
133.905
19.6127
19.6284
19.5205
19.562
19.6286
19.7431
707.432
20.1631
146.552
435.227
20.5282
405.97
136.264
559.918
20.075
20.6349
149.264
465.4
19.9848
20.8828
19.9491
20.8603
21.0954
569.575
516.494
21.1189
20.7402
20.6217
523.744
20.3876
20.3514
20.618
20.6676
21.0902
20.492
374.124
20.3968
20.6199
20.2593
20.409
20.2986
21.1352
20.0828
20.5501
20.8612
20.4816
20.683
20.3938
21.0423
21.0016
145.219
141.942
139.372
20.2887
20.2062
20.4653
20.2936
686.103
277.831
140.133
20.2679
20.1722
19.9501
20.2514
20.3232
20.457
20.948
20.2465
20.9058
20.2628
19.9623
20.395
20.7944
20.3431
20.2162
20.3604
20.3953
20.2341
20.2492
20.1888
20.0311
20.0591
20.9322
20.9242
20.074
