17.1608
15.3396
15.9077
15.7263
14.5792
18.8505
14.365
14.4006
14.315
14.5115
15.1859
14.2265
14.6446
14.4972
14.3627
14.3226
14.4708
14.2922
15.807
14.3956
15.2431
15.4779
14.8801
15.6973
15.9141
14.8571
14.6985
16.0261
14.9488
15.1446
14.859
15.0551
14.5176
15.1326
14.3364
15.4061
14.3617
14.3515
15.0576
15.1457
15.0202
16.2531
15.1336
15.9801
16.0655
21.0741
15.1579
15.1764
15.0889
15.6852
15.5564
14.3315
16.1267
14.4289
15.3997
14.8303
14.6664
14.9512
15.1739
15.1621
14.8234
14.7681
14.8626
15.3998
14.4913
14.511
14.4745
14.5258
14.3657
15.7764
14.418
16.1836
16.1236
14.6542
14.9072
14.8817
14.5853
14.3551
14.4005
14.206
14.2871
14.2179
14.1881
14.2918
14.2541
14.3233
14.2124
14.3836
14.2738
14.4247
14.2662
14.3642
14.2732
14.3717
14.4175
14.3191
14.3604
14.364
16.8906
15.3767
