283.768
190.97
19.3386
21.81
17.8897
14.7857
14.6878
15.4013
22.9185
14.3228
14.9635
15.0406
15.7823
15.0722
14.1756
14.3084
14.2344
14.3176
14.4878
14.2018
14.6039
14.2458
14.9072
14.3104
17.8338
14.2582
14.4138
14.1764
15.0696
14.2238
14.3132
14.1963
14.4798
15.5161
14.4042
14.2354
14.2175
25.8004
14.314
14.2351
14.4608
14.3722
14.233
14.1571
14.503
14.2772
14.2869
14.5997
14.37
15.0018
14.913
14.2249
14.3448
14.2178
14.8945
15.0172
14.2902
14.1639
14.3351
14.2134
14.371
14.3774
14.1468
15.1744
14.2228
15.105
14.2231
15.6637
21.2273
14.4276
14.3904
14.3346
16.6777
14.3468
14.2414
14.3027
15.0857
14.3647
14.914
15.0533
14.3301
14.2694
14.3216
21.8876
14.3426
14.2089
14.2251
14.9757
14.2969
14.8664
14.3177
14.1791
14.1916
15.6507
14.2254
14.2248
14.1625
14.2292
15.3468
20.1868
