617.232
155.37
167.572
130.154
122.633
167.218
160.593
150.098
119.361
121.17
119.776
132.733
136.192
144.026
127.634
160.006
121.805
117.289
120.141
121.83
117.722
117.496
124.042
144.894
152.152
123.628
126.404
122.739
122.381
122.017
169.527
124.759
171.867
133.395
137.722
194.829
178.16
144.949
130.427
131.384
129.174
179.803
163.527
125.331
165.872
121.706
123.129
120.7
124.689
125.352
157.951
122.599
120.029
120.154
139.973
171.666
126.7
151.37
120.469
119.594
120.251
118.828
118.336
139.406
124.869
120.063
146.592
164.322
120.478
121.46
120.758
120.305
164.671
120.008
119.085
118.745
120.521
129.625
144.762
153.444
122.867
119.352
118.657
120.906
161.366
118.428
131.961
122.036
118.488
126.105
132.766
120.666
123.25
120.564
130.831
117.761
120.611
119.401
126.411
117.565
