164.035
149.159
96.9023
2.55569
98.6359
5.34805
102.845
373.863
3.54547
2.17472
100.066
101.329
2.09382
99.026
2.14678
2.18541
2.36946
66.1567
62.5601
2.46978
237.85
2.48096
100.995
3.23366
2.75325
3.39849
2.26007
2.28287
2.67989
2.29846
2.90467
2.53871
2.51919
99.6275
151.893
2.09885
241.572
238.471
100.728
3.70844
102.129
2.77867
2.94473
2.89468
2.96234
3.5879
115.805
3.20083
3.04801
2.875
3.14284
3.08233
3.20472
3.13062
3.07671
106.692
2.64883
2.98771
250.493
103.228
2.72743
3.00336
3.04319
3.00612
3.11171
3.14616
3.25715
3.18737
3.57673
3.01126
3.02197
2.96161
3.46523
3.06726
3.28953
3.2418
3.06582
3.34349
3.20992
266.811
4.91229
2.98983
3.1096
3.08083
3.01044
2.99699
3.37771
3.52628
4.75444
3.80918
108.946
101.641
2.7692
4.35473
4.74371
4.22124
3.814
249.094
2.39098
3.11318
