796.067
387.076
410.94
1485.82
1141.52
424.595
411.754
391.89
399.848
426.077
380.759
371.096
371.712
361.988
383.907
367.476
365.118
371.64
367.338
363.014
361.167
365.266
400.311
392.603
382.339
400.498
406.838
404.988
370.415
371.298
419.734
374.233
368.879
406.04
393.098
399.718
367.879
376.439
416.424
397.661
393.468
385.386
426.743
403.071
421.868
395.336
371.714
371.088
368.687
373.678
374.978
26689.6
365.694
370.728
426.745
362.534
402.147
369.295
375.073
362.451
369.584
381.858
401.736
393.847
414.303
391.107
373.621
369.767
387.406
381.355
364.092
372.079
389.522
368.805
363.867
369.635
368.002
359.61
359.511
365.775
372.82
380.955
378.815
366.257
365.385
385.382
377.726
382.476
364.084
365.111
374.28
370.674
366.077
413.361
364.682
377.261
394.233
414.205
405.194
403.181
