325.183
151.852
159.344
164.906
161.024
100.916
6.9074
7.97752
7.83697
161.502
172.531
13.1039
7.18644
150.032
90.9007
12.8023
7.74442
7.66802
7.17409
25.9469
28.1315
7.75893
7.02432
7.13485
9.32409
7.47219
21.5496
26.8214
10.6078
19.1479
23.1221
21.5993
7.31331
6.98258
9.92676
25.9774
26.8368
27.8009
25.9203
21.2963
25.5039
24.3531
29.2128
23.9013
7.63361
7.34976
7.62588
28.8632
10.6878
22.4992
7.4126
7.57354
24.6213
7.39418
7.78482
7.07527
8.84256
7.04055
10.3813
7.11332
166.119
6.82572
6.92724
7.19579
7.34116
7.9992
8.30998
7.29559
7.15051
7.93579
8.03064
8.43834
7.08071
303.627
21.268
7.33542
29.1167
7.17685
8.06008
19.258
7.01167
7.158
7.12602
7.09043
9.86065
6.9771
18.6807
7.58884
19.7288
20.8942
18.6864
8.19979
7.9093
7.10197
8.6502
6.94988
270.326
6.94906
27.9463
7.43296
