12.5545
9.40272
8.15312
6.92464
6.21138
16.1886
20.3069
6.78601
6.03983
21.8077
19.9126
9.3101
7.41514
6.39607
6.72626
6.07047
6.89183
6.02498
14.2216
7.62633
6.24781
7.02884
6.03627
6.09253
11.8341
15.5353
20.7089
8.61792
13.0057
6.41721
6.84022
14.756
6.28615
5.87314
9.08027
6.93499
21.1345
20.5014
6.3955
6.77067
20.5137
7.01002
6.47632
17.7245
6.3134
17.1865
7.87369
19.9131
6.17828
6.56099
6.09012
16.5228
5.7691
6.38735
7.3687
21.0133
20.4892
20.1686
6.64354
7.37122
21.4891
8.10194
6.44234
16.5248
6.55835
6.06887
6.31941
15.8484
10.3936
6.78644
19.8126
15.3651
6.9532
6.73227
6.64257
7.49247
6.09786
6.58995
6.71485
6.80505
14.3541
6.29233
6.74431
6.21239
7.09388
6.3622
17.6381
6.80989
5.96299
6.6774
6.61045
6.13542
20.5157
7.24916
10.033
12.5356
21.3351
6.57687
6.58289
8.35
