6.34826
3.45594
4.40069
3.01396
3.10477
3.4125
2.97641
2.88946
3.50641
2.90954
3.04218
3.46918
3.08792
2.88352
3.47378
3.04464
2.89839
2.87357
3.05278
2.87733
2.89333
2.9826
3.28737
3.72156
2.94749
2.96028
2.87551
3.12487
3.06489
2.90622
2.87061
3.36155
2.91249
3.17597
2.88313
3.37068
3.35824
2.92832
2.92605
2.87953
2.93743
2.88251
2.93265
2.86911
2.91137
2.87355
2.89537
2.87661
2.92012
3.21115
3.13394
2.97385
2.91261
2.90742
2.91255
2.90399
3.44042
2.97823
2.90098
2.8782
2.90514
3.1547
3.05813
3.27312
3.02466
2.97527
2.95296
3.05836
3.85065
2.92845
2.99436
2.90849
3.05772
2.93216
2.98496
2.86252
2.90661
2.91198
3.30422
2.85689
3.22138
2.91972
2.98038
2.92815
2.87881
2.88393
2.8719
2.94258
3.12985
3.00767
3.28938
2.90752
2.97034
3.40132
2.96513
2.95478
2.96727
2.87988
2.86929
3.08648
