16.0627
2.98005
2.76216
2.51882
2.47587
3.23683
2.89578
2.55076
2.49571
2.87007
3.83169
2.82977
2.62129
2.66827
2.67325
2.62116
2.94718
2.545
2.60071
2.5198
2.45743
2.44748
2.46182
2.5369
2.59993
2.43701
2.55012
3.18273
2.76122
2.73597
2.50921
2.48044
2.43805
2.71849
2.49363
2.42817
2.49388
2.41935
2.49428
2.42659
2.4153
2.46812
2.71001
2.47463
2.65716
2.59417
2.96976
3.16264
2.63672
2.72465
2.66073
2.55215
2.53589
2.75223
2.74058
2.69659
2.63705
2.63486
2.54509
2.54567
2.58789
2.5283
2.58871
2.56837
2.55824
2.62174
2.64894
2.57407
2.64095
2.63708
2.52503
2.54155
2.61466
2.60616
2.57061
2.51142
2.59775
2.59199
2.824
2.99425
2.69971
2.6353
2.54914
2.43657
3.00116
2.55938
2.61645
2.48842
2.47246
2.46409
3.61557
2.6999
2.47932
2.57434
2.47148
2.39365
2.41423
2.43009
2.4086
2.44592
