16.2046
14.8318
14.4238
14.8953
14.4259
21.6769
14.3575
14.4293
14.7656
14.7533
14.4738
15.073
14.3312
14.5828
14.2764
14.7859
14.2388
14.829
14.7674
14.8428
14.3924
14.3171
17.9001
14.3517
14.8814
14.5179
14.327
15.2016
14.5829
14.3576
14.266
20.5695
14.7037
14.5592
14.6454
14.7315
14.5722
16.963
14.6709
15.3181
14.623
14.4601
14.4406
14.7495
14.8785
14.3492
14.3725
16.426
14.3668
14.4587
14.6807
14.3744
14.5643
14.5351
15.0681
14.511
14.3842
14.3666
14.5519
14.371
14.576
14.3741
14.5015
14.2782
14.2862
14.3398
14.4217
14.2326
14.749
14.5141
14.491
14.312
14.6477
14.3845
16.9489
14.4415
14.4553
14.3301
16.4444
14.3864
14.7643
14.3219
14.9361
14.314
14.433
14.3659
14.9
14.3435
14.3319
14.8548
14.6593
14.5163
14.9293
14.5195
14.4067
14.3921
14.4006
14.2775
14.2965
14.9405
