401.638
156.865
157.024
105.64
104.615
40.4974
41.5664
42.246
42.4394
237.175
26.4714
252.558
25.6136
39.6654
39.057
40.3962
39.066
39.5218
39.182
38.9673
39.4566
38.8559
38.7174
41.953
39.5681
43.7542
39.3626
39.4882
228.303
25.7657
39.2912
39.8891
39.9667
229.139
25.6032
229.006
24.4775
40.3248
40.5401
42.4319
39.574
39.2247
40.4984
39.9229
39.4113
231.047
25.3351
40.1956
39.9809
40.2468
40.0815
40.4043
40.5863
112.101
225.954
24.7284
38.0113
39.0945
39.4096
240.08
27.3926
42.2792
42.5801
242.295
26.9305
42.2057
40.1969
43.2186
39.4927
39.805
39.4465
40.4113
41.1828
39.7787
39.1964
39.722
40.9248
39.9434
39.5772
39.9978
41.8088
240.018
24.6596
39.2231
38.8696
39.3896
41.9213
39.1129
40.2286
40.8399
40.2937
39.4304
39.2979
40.4431
39.1899
40.3916
40.2999
40.1116
39.7858
40.2721
