6.31241
2.64861
2.59544
2.44918
4.30567
6.65111
3.55251
2.70881
2.41775
2.55398
2.43714
2.5703
3.78348
3.5141
2.50976
3.76524
2.50196
3.20862
3.14019
3.7624
2.40019
2.44833
3.16488
2.57411
2.48692
3.13992
3.02863
3.04192
3.01825
3.08288
3.06014
3.05837
3.47031
3.12996
3.03206
2.99374
2.98467
2.76945
3.15039
3.1422
3.03562
3.0423
2.88333
2.98856
2.98112
3.21135
3.15806
3.04279
3.05147
3.23656
3.07916
3.10154
3.03926
2.97831
3.00562
3.0506
3.01664
3.05702
3.05513
3.02465
2.99957
2.95451
2.99699
2.98491
3.02051
3.00839
3.04975
3.00224
2.99812
3.09129
2.99611
2.99565
3.03124
3.90678
3.06849
3.05581
3.05839
3.03869
3.04524
3.04732
3.06732
3.00734
3.0075
3.02886
3.02366
3.07134
2.57679
2.54522
2.39213
2.50216
2.46472
2.43055
2.4128
2.37596
2.3924
2.40123
2.46549
3.22657
3.09672
3.0797
