229.638
88.0091
61.8672
180.906
11.49
112.311
179.669
214.054
170.466
222.199
8.20599
22.8198
8.29852
10.6932
9.80112
237.768
301.463
23.2838
10.1279
169.365
11.0199
14.4644
10.4159
8.99881
10.4707
109.502
9.21953
8.67859
9.88435
23.8259
12.7563
28.5005
18.8735
9.97253
30.3697
9.62126
11.0347
23.7223
12.5349
8.63659
9.9662
10.4261
9.71066
33.6103
25.9203
8.38521
27.6908
9.69586
25.5887
26.02
12.7198
9.3809
10.617
9.86399
9.05072
25.8047
30.07
328.755
20.5265
14.7052
11.6286
23.0931
27.6663
12.9827
10.4787
18.8767
9.10071
8.98056
10.158
9.41236
26.8007
27.0659
30.092
11.362
9.13759
8.66186
9.90001
9.68846
28.5423
28.5689
9.79377
29.6716
28.7835
10.5003
9.72069
28.3774
19.5415
28.498
14.5437
24.599
12.8748
26.137
10.4614
10.3506
8.49524
27.7029
8.71526
9.37396
8.70613
8.9144
