267.234
148.728
4.1507
3.85802
3.92289
4.19221
3.46242
3.30249
3.54834
3.16582
3.07832
144.718
3.91637
3.05838
3.36337
4.06125
3.34024
3.31225
3.11616
4.09444
2.99038
3.25289
3.08385
3.32881
3.16512
3.13268
3.69339
2.97954
2.98055
3.78937
3.1667
2.97492
2.99422
3.38557
3.00282
3.04236
2.99412
2.96487
3.25117
3.03156
3.24298
3.21801
4.34254
3.50858
3.74732
3.38494
4.60746
3.102
3.07044
3.62712
3.30478
3.2409
3.17376
3.17636
3.03141
3.00573
3.00049
4.08467
3.07157
3.01571
3.48375
3.02758
3.48897
3.24637
3.11505
3.12445
3.13681
4.18291
4.0727
4.17953
4.03278
3.26722
3.33966
4.10388
3.92076
4.06025
5.97597
3.12975
3.07996
3.02716
3.02104
3.04616
3.55955
3.69606
3.84577
3.15548
3.05298
3.08999
3.1117
3.04139
2.99939
3.02554
3.01742
3.69825
3.07154
3.37081
3.78369
3.519
3.64696
3.19822
