421.481
242.471
230.386
50.6176
351.189
56.5723
213.911
96.1818
108.466
110.806
69.2323
101.186
54.9856
47.6322
177.407
112.231
281.105
97.667
280.689
45.0617
326.016
98.9626
105.808
53.4068
50.5964
51.1733
353.46
53.6748
94.6906
46.7667
104.708
111.88
109.117
356.323
90.8087
99.334
157.598
77.3258
101.069
114.559
93.3339
97.2907
113.238
109.628
91.9929
68.1384
98.1074
58.3387
52.8199
335.55
110.725
92.6239
98.0417
59.072
110.175
55.3744
95.1374
54.5448
52.0791
104.463
367.261
95.2346
54.9738
116.037
111.709
56.2708
338.938
84.7315
106.117
104.324
105.17
104.502
97.8765
354.798
147.915
55.6537
115.09
57.0992
98.6502
55.5282
332.301
53.6288
66.5406
103.892
110.182
98.9439
222.433
52.6474
56.5301
106.812
99.7314
58.9747
114.755
114.186
119.643
362.967
353.19
72.0883
118.088
103.267
