223.572
237.709
179.826
180.478
305.078
12.4884
194.788
13.7339
12.2812
290.08
207.428
12.0277
13.8605
9.18173
7.16095
14.3057
174.944
179.556
13.0446
14.1876
7.95255
15.8426
10.3497
4.50217
4.44631
4.07687
4.50438
13.6359
4.64111
4.31855
4.46108
4.45184
4.72977
4.65191
5.07904
14.3205
14.4258
10.9171
15.2771
10.2674
6.42001
14.609
8.92682
7.73988
10.4506
14.2338
4.99737
6.01822
11.9164
4.42211
292.858
12.6842
8.07266
5.6981
4.6378
5.3069
13.0142
4.70341
5.17201
4.22639
4.32032
5.17062
4.34534
4.27302
4.62263
4.49135
5.10052
230.238
221.19
3.81527
3.92207
3.51727
3.92442
4.42731
4.22351
4.94887
4.6624
14.7643
4.46014
4.92095
5.17093
12.7733
4.54926
4.86895
9.06547
14.3009
5.28125
4.43321
6.04227
4.75721
4.67397
5.12957
5.04944
4.30926
5.01505
7.92383
4.42723
4.58646
4.28528
4.44635
