5.08128
2.8229
2.7573
3.00811
2.81241
2.67664
3.17783
2.59502
2.63141
2.58103
3.25455
2.61692
2.60384
3.27947
2.81245
2.77334
2.6515
2.61397
3.04294
2.60939
2.72353
2.57193
2.79962
2.96185
3.00611
2.6995
2.75274
2.62998
2.65654
2.63026
2.57108
2.57959
2.59702
2.61614
2.58908
2.71001
2.60801
2.57264
2.57592
2.56809
2.61056
2.59176
2.63426
2.61987
2.58513
2.57452
2.64456
2.60059
2.65471
2.9586
2.84573
2.73732
2.771
2.69535
2.96393
2.74685
2.58547
2.58222
2.56778
2.57685
2.65825
2.57622
2.9403
2.95755
2.80285
2.61664
2.59828
2.58611
2.58375
2.61573
2.66666
2.728
2.60276
2.57866
2.62107
2.61151
2.65102
2.83437
2.60895
2.57888
2.62088
2.64265
2.60926
2.79991
2.59635
2.58539
2.6831
2.59836
3.07718
2.64269
2.85925
2.8381
2.8131
2.59831
2.59094
2.58601
2.5694
2.58595
2.74758
2.68816
