412.55
102.678
107.443
106.017
105.097
103.118
116.072
122.178
115.143
116.229
103.469
120.383
111.48
112.822
103.303
102.285
106.118
105.044
111.095
106.7
111.344
117.699
107.863
109.439
123.691
111.722
121.256
104.696
111.049
109.867
111.715
111.816
110.966
120.434
108.409
108.416
110.337
103.284
109.858
125.639
110.98
122.304
106.744
101.012
118.482
107.863
106.284
113.176
106.73
99.5667
108.632
109.571
111.57
127.689
100.855
102.391
115.106
111.647
103.344
104.166
113.006
130.475
104.854
115.728
117.235
111.509
101.882
108.611
117.74
115.249
116.599
102.057
111.679
104.557
119.245
120.711
116.059
115.769
111.599
104.885
107.311
119.079
107.734
114.612
115.673
109.551
104.896
108.406
116.867
105.706
116.453
110.299
124.584
103.765
106.142
118.177
116.743
98.6727
102.866
106.671
