18.9425
29.3627
26.3539
24.3733
25.6493
36.2858
24.9793
25.2218
28.1738
27.5984
26.5891
25.9684
25.7286
24.1604
17.4154
13.1214
14.5534
26.033
13.3521
27.6523
30.4852
25.4004
25.2078
27.2598
14.6163
25.1738
13.7486
23.9345
24.1422
24.472
26.0363
13.8314
28.473
31.7206
32.1921
14.1437
26.1424
25.4635
23.1059
14.0458
27.7647
31.0736
26.1252
13.3575
14.193
13.0608
23.7309
33.6566
24.2772
25.8835
13.6572
25.2128
13.7431
28.8464
14.9045
29.6162
13.7883
13.6364
13.1787
22.2257
13.0137
13.0609
22.9985
25.6807
25.1725
13.7751
13.3845
32.182
35.0231
26.1656
33.1811
26.338
32.3775
30.3584
34.475
36.8148
33.7123
33.9113
29.8757
63.1107
24.3895
29.3814
34.3153
31.6204
25.5839
25.4548
29.749
24.9418
27.8892
27.047
27.3451
26.8142
33.1665
32.3826
25.1044
25.861
27.1511
28.0057
24.9698
33.894
