258.921
155.267
162.421
139.615
8.22584
150.336
130.243
150.167
23.9903
100.609
101.013
94.2926
232.786
170.648
92.8004
349.674
23.7213
7.893
105.977
7.67825
155.793
12.3794
18.0681
15.6562
12.1905
8.28014
7.54525
156.426
15.3067
23.6485
14.2903
14.4091
14.728
23.8255
9.31251
7.45314
120.31
10.4745
13.8975
14.9718
13.5194
14.1361
144.533
7.66772
8.37255
7.52707
7.47864
7.88776
7.26367
7.29651
7.37375
7.55517
7.45951
14.0728
290.639
24.1633
267.358
84.7941
7.29228
27.3283
23.8956
17.6574
11.1734
7.42567
7.7312
7.27723
7.62619
7.29432
24.3556
17.1114
7.39748
7.31926
40.0861
7.34645
7.26226
7.40501
7.30316
7.26244
335.95
23.5287
259.297
221.012
219.103
159.644
13.7335
7.6691
230.332
298.085
220.125
306.857
23.7089
19.736
315.394
17.5351
13.9954
7.78901
18.6569
7.60262
7.38607
20.0762
