8.09847
8.08809
7.04461
7.57608
6.97226
7.0365
5.88415
5.83602
5.83606
5.74808
5.75732
5.77761
5.76568
6.44533
5.81795
5.8122
5.79679
5.79439
5.96919
5.82253
5.90355
5.84499
5.81005
5.87462
5.77842
5.80068
5.82146
5.75685
5.94863
5.71582
5.80233
5.71018
138.539
6.14571
5.82381
5.91582
5.77329
5.71702
5.84535
5.75038
5.77553
5.85054
5.73777
6.17266
6.04607
6.20935
5.83245
5.92681
5.81059
5.78854
260.454
5.87736
5.71084
5.77918
5.75169
5.85478
5.88193
5.82088
5.82835
5.84833
5.82765
5.79323
5.78338
5.73709
5.80577
5.82477
5.88645
5.85528
5.78078
5.74811
5.81674
5.84293
5.86183
5.85551
5.81059
5.94353
5.85773
5.76329
5.8753
5.85214
5.81981
5.81002
5.74882
5.81369
5.77002
5.84409
5.86473
5.83006
5.82505
5.83569
5.88488
5.83564
5.8489
5.80788
5.71768
5.77829
5.78338
5.80553
5.82756
5.83326
