262.102
84.9917
3.11971
4.68977
3.59304
3.4098
3.03257
2.30271
3.91372
3.71556
3.29228
3.85147
3.30593
2.76116
2.29523
2.4142
2.29885
2.3668
2.35367
2.27884
2.28057
3.63485
2.98585
2.41002
2.64536
2.38867
4.16929
3.40923
3.50947
3.43072
3.55807
2.44142
2.35664
2.65924
2.32946
2.77816
2.25509
2.31319
2.35011
2.33256
2.34971
2.29061
2.2893
2.28214
2.35271
2.47365
2.36488
2.26202
2.28044
2.49477
2.43056
2.39439
2.32202
2.25241
2.28791
2.55178
2.36397
2.3482
3.46829
2.50211
2.3888
3.25322
2.71671
3.16564
3.22199
2.40002
2.46889
2.29448
2.47027
3.2757
2.339
235.587
3.71561
3.1314
2.49012
2.35849
2.27257
2.44617
2.31061
2.23372
2.24741
3.37078
2.35374
2.27634
2.25882
2.23035
2.26943
2.23351
2.29228
4.47769
2.32389
2.33465
2.32391
3.26461
2.27273
2.46205
2.79305
3.83098
3.38173
2.3654
