225.242
217.622
4.0651
222.321
161.537
237.082
3.7712
4.3325
2.17685
2.8559
2.05606
3.98057
4.20531
3.44048
3.10733
180.865
3.00683
1.87615
1.78235
311.23
2.01956
166.444
1.78171
1.71802
1.84009
1.89916
117.208
2.13344
2.73439
1.75905
150.617
4.47161
2.82564
1.8733
100.83
1.72013
1.70693
121.884
2.13488
1.92425
1.78418
1.75208
1.88008
1.7472
2.06927
2.86886
1.74694
1.84794
1.88148
2.00012
1.87214
1.75739
2.00875
2.64009
4.03602
243.119
4.03345
2.23173
1.88249
2.17968
1.90814
3.93679
3.28554
3.27603
97.8681
3.89046
3.88089
3.59383
3.09105
3.51052
3.07677
2.91329
2.91671
1.74395
2.09793
3.63932
1.76149
2.09092
1.96901
1.75418
1.76302
2.13496
2.01083
2.38655
1.87671
2.06368
1.95016
1.72027
105.7
3.809
2.11151
1.77252
1.85096
1.78086
1.73577
2.0621
1.7383
3.05228
312.705
2.93214
