13.5825
11.2852
11.5371
16.6972
16.8938
14.3008
17.3355
11.6543
15.9265
11.5282
11.5235
11.4135
11.3892
11.3843
15.5822
11.5516
11.9614
17.8116
12.0886
15.9181
14.4269
38.0569
11.4315
11.2982
11.5155
11.3758
11.5382
12.3564
11.4004
11.5208
11.4314
11.4126
11.2898
11.2308
11.3339
11.5589
11.3829
14.6667
11.7542
11.3327
11.4653
11.7881
11.3026
15.9084
11.5242
11.4522
16.6652
11.4893
11.2763
12.6489
11.428
11.4253
11.6171
11.5905
13.104
11.4506
11.8037
11.4327
11.326
11.5927
12.1937
15.2456
11.5781
16.592
11.4226
17.8573
17.4744
11.5853
12.3233
15.6939
11.6482
11.5705
11.6276
17.7004
11.8591
12.0635
11.8619
12.0635
11.5968
14.9482
13.2036
11.3849
12.6998
11.808
11.3229
11.3118
11.4169
11.7475
11.5674
14.4071
12.5023
12.2522
11.4916
11.3273
17.3927
11.966
14.8653
11.4591
14.8327
11.6398
