255.618
84.0435
1.97302
4.64912
2.12845
2.03568
22.6181
5.64633
4.46292
3.15689
2.91769
2.06237
2.50637
2.04026
1.96596
1.96226
2.0666
1.91026
236.52
217.156
2.22184
2.13216
2.04053
2.71003
14.7636
2.04285
2.077
2.58245
131.002
2.23133
1.91901
1.85526
1.83431
1.91462
1.87494
1.85093
2.78227
2.15149
2.64093
2.22404
1.90445
1.871
4.01452
1.91508
1.89732
1.86768
2.02623
1.8531
1.84546
1.83663
1.93277
3.29813
2.06284
3.74472
2.14123
2.40398
1.94129
4.95357
2.43022
2.27502
1.95415
1.95889
1.9096
1.90995
1.91563
4.62695
1.9556
2.08378
1.94625
1.98893
1.87595
1.91062
1.91458
1.97862
1.911
1.92468
2.00733
2.23954
2.2075
1.89591
1.9187
1.88133
1.91877
2.34896
1.9015
1.96325
1.91063
1.92466
1.90126
1.92526
1.94026
1.89595
2.00458
1.90343
1.94163
1.88149
1.88389
1.90609
1.8849
2.56044
