8.15633
7.21062
7.07897
7.44774
6.97807
7.12014
5.94984
5.81946
5.87292
5.83062
5.82841
5.85811
5.82136
5.76306
5.78753
5.79375
5.78557
5.67921
5.67842
5.76769
5.75919
5.77625
5.73067
5.82015
5.64163
5.76941
5.86524
5.83998
5.94637
5.85286
5.89513
6.04948
5.85786
5.8964
5.90861
5.88388
6.28698
6.12417
5.82867
5.87543
5.87706
5.94594
5.85343
5.93354
5.99968
5.58472
5.64479
25.0946
6.13246
5.69794
6.03896
6.01382
6.0179
6.02764
6.01808
6.02634
5.95665
6.01969
6.13665
6.00656
6.05302
6.00472
6.06672
6.06146
6.04005
6.01397
6.0274
6.00237
5.98573
5.96597
5.95671
7.04962
6.11721
6.04474
6.07932
6.11469
6.0105
11.0299
6.07599
6.04356
6.11297
6.07492
6.02079
5.97266
6.04087
6.07592
6.18005
6.32294
6.50593
6.5596
6.90799
6.87613
6.86284
6.9652
6.80105
6.88872
7.02764
6.93285
6.96828
6.91302
