224.138
251.194
82.1055
114.355
165.35
254.385
1.83808
167.195
156.175
162.21
177.448
151.381
1.78704
1.81856
5.06892
89.5286
96.5774
4.29757
207.529
155.302
4.53053
4.72695
345.1
289.461
299.058
178.228
4.13475
174.879
4.10422
193.893
4.76768
4.40508
3.96621
2.66584
1.75732
125.647
4.16415
1.71318
1.70818
173.143
4.21078
103.727
4.51892
2.12697
9.71951
3.64115
107.315
155.773
82.5897
1.84624
2.32255
89.5681
4.25305
4.8629
4.71274
4.62968
154.975
4.7876
4.09296
3.93984
2.17541
280.642
83.6488
1.8043
1.72019
4.62026
1.7328
1.66212
87.3588
1.68064
290.993
150.181
3.60977
146.952
4.84366
1.91498
1.7803
1.88162
1.70194
99.0488
1.70658
1.85794
1.68514
1.79987
2.04372
4.02824
5.12202
4.90755
165.26
4.73968
2.34935
1.83883
1.79306
2.98215
1.76802
1.96553
1.85614
1.7647
2.3688
1.81391
