426.531
123.039
120.465
128.045
130.876
120.579
113.499
105.232
106.187
97.9648
102.256
128.635
99.1509
97.9771
135.567
96.5187
101.668
102.314
96.0196
95.9406
123.389
95.4417
96.9912
97.3943
101.817
94.6054
95.5895
120.646
127.544
129.191
103.214
102.457
102.723
102.702
131.198
116.883
116.015
109.156
108.062
96.8895
130.592
109.941
95.6717
95.8482
103.177
118.873
102.38
100.755
97.4583
119.47
102.712
95.1026
95.9322
116.708
122.046
120.034
103.207
98.8433
98.4377
101.495
95.4282
96.7834
100.514
96.2888
96.0041
102.131
102.604
130.162
112.09
95.7639
95.1343
96.2253
95.1625
107.219
96.9136
99.0172
96.2677
103.125
96.0788
95.6223
95.1691
132.365
110.546
104.902
95.6769
113.293
125.557
96.985
96.3257
97.5871
97.9959
100.067
114.477
95.9223
98.8663
128.008
95.8532
95.661
94.493
95.3082
