385.903
226.793
212.155
93.6263
157.256
108.648
97.5008
52.3022
107
109.472
113.848
91.3407
99.172
65.9062
109.25
100.096
244.478
198.309
165.283
134.785
211.733
49.0449
51.7547
52.3984
50.5794
280.74
41.6197
74.1564
114.124
109.392
63.1075
106.351
113.812
112.982
111.411
233.218
332.674
99.7013
103.53
83.3644
110.806
57.1754
333.887
104.798
109.001
102.809
53.533
52.8452
52.1245
86.6703
225.856
343.242
197.663
224.675
341.711
121.194
114.181
104.995
223.776
85.5175
104.348
55.3151
43.343
78.9774
51.5681
286.06
216.201
68.0368
46.4901
112.765
115.673
48.5826
82.7794
56.2245
160.808
96.2016
98.7986
119.529
110.677
104.893
204.87
214.582
56.8626
106.967
54.3023
347.113
106.764
112.185
98.8134
89.631
103.325
102.432
61.6567
101.066
113.913
91.2296
109.339
114.163
223.507
362.702
