15.5405
14.7617
14.612
14.4859
14.5841
16.3345
14.2204
14.1907
17.1337
14.4939
14.1789
14.1658
14.1702
14.3334
14.1935
14.4246
14.1259
14.5715
14.594
14.8034
14.2797
14.4935
14.2279
14.2158
14.1599
14.6796
14.2691
14.8003
14.4328
14.3012
14.543
14.2016
14.1657
14.1658
14.2123
14.9097
14.4272
14.2157
14.4815
14.3285
14.2119
14.2459
14.3052
14.182
21.2507
14.3042
14.1574
14.8136
14.1647
14.4338
14.1302
14.2839
14.2723
14.1737
14.2579
14.3463
14.6034
14.5851
14.2044
14.1993
14.1921
14.1373
14.222
14.2946
14.3292
14.3911
14.2779
14.6222
14.3501
14.2119
14.2448
14.1801
14.2294
14.1374
14.5462
14.1544
14.1411
14.5836
14.5449
14.2554
14.2363
14.1553
19.7972
14.6342
14.169
14.1976
14.1733
14.336
14.1504
14.1471
14.2722
14.852
14.2736
14.1537
14.337
14.1889
14.2922
14.229
14.9421
14.2378
