443.864
116.053
115.801
120.774
113.993
129.864
113.477
127.566
132.056
114.286
130.385
134.844
111.968
116.883
111.663
110.713
110.411
111.105
111.334
120.305
124.086
126.448
122.239
112.738
112.082
111.709
110.759
113.007
119.881
113.278
129.591
110.611
114.097
129.379
111.246
111.632
110.46
118.101
110.74
111.73
112.441
118.708
118.952
111.359
119.428
118.943
116.897
111.895
112.194
111.452
111.966
116.99
117.36
116.808
112.423
111.25
111.513
111.793
126.13
113.316
112.791
113.867
116.346
111.361
111.144
110.817
112.034
114.821
111.268
113.11
114.983
124.356
112.624
112.547
128.446
121.04
112.961
112.022
123.316
126.967
119.667
112.206
111.154
119.967
112.896
113.905
112.91
116.061
111.653
111.632
110.874
112.068
111.605
111.419
112.238
120.151
127.396
112.737
112.329
111.371
