366.847
193.558
193.879
102.357
106.404
37.4444
38.3938
41.2184
39.6189
39.7442
39.5801
38.1768
39.0174
39.0674
38.8775
40.0385
39.3574
41.6117
43.6491
40.6718
40.5622
40.1529
225.858
24.7761
39.4965
41.1844
223.988
30.1762
43.2902
42.4215
39.8801
39.5095
41.436
106.002
35.1399
103.724
38.0376
40.8752
41.8097
39.5036
42.2188
38.1002
226.95
211.104
23.5275
38.8932
42.1147
42.7952
43.5545
245.475
27.7714
42.3847
42.1947
111.288
38.8263
41.6611
43.2527
43.6281
44.1587
43.8192
44.6863
43.6298
42.2605
42.4282
42.5476
43.1871
39.7066
39.2653
38.709
40.865
38.2143
38.5192
38.2111
38.8716
39.1065
39.7554
39.3927
39.5934
40.6947
241.084
23.8706
40.2014
38.5299
39.9635
38.6574
38.7294
41.2614
42.2112
38.5477
110.651
33.8853
37.7289
41.7465
39.154
37.9461
38.6561
37.9619
45.8572
40.6392
43.0901
