233.952
200.176
2.20853
266.144
196.503
176.383
4.47218
4.47139
3.19167
160.224
170.332
7.53511
4.17975
166.732
7.06363
108.116
3.11848
2.51487
2.9162
2.31919
2.2601
2.23526
7.4607
7.84793
2.50248
2.88628
139.226
178.547
3.92226
190.558
4.34144
3.55836
4.46873
3.98189
2.83204
2.44355
2.5014
6.65067
2.82298
2.60359
3.44461
2.93748
2.55263
2.72944
180.909
4.16846
7.08537
3.14166
3.56352
2.4453
101.532
7.00832
7.75575
2.64665
8.1234
2.33427
2.20565
2.29697
3.61129
2.34382
2.33243
105.311
2.7846
2.24086
2.25134
6.75387
2.50496
2.33758
2.61677
2.88631
152.208
3.12339
4.27688
2.65442
2.5499
4.06845
2.44318
2.53446
2.99207
6.42389
4.573
5.41271
2.39604
2.68709
2.45974
95.6961
2.10921
163.034
3.34617
7.544
3.85833
2.4402
2.56067
160.651
7.32685
3.34137
6.72465
3.11237
5.5573
2.52063
