200.265
15.5851
15.0357
14.2906
14.2319
14.472
15.2899
14.2586
14.5522
14.1658
14.2999
14.7075
14.2387
14.2106
15.5479
14.1974
14.2695
14.2457
14.8273
14.5133
15.0305
14.2491
14.2049
14.1945
14.309
14.611
14.4154
15.1077
14.9405
14.1936
14.2548
14.3039
14.7228
16.0291
15.537
15.0187
14.7052
14.2402
16.9986
14.1316
14.4317
14.1513
14.1743
14.1921
14.349
14.2389
15.2274
14.2253
14.4412
14.3083
14.297
14.1376
15.4453
14.1799
14.331
14.2037
14.2151
14.2829
14.1268
14.1903
14.1436
15.0763
14.324
14.8932
14.1225
14.3992
14.3235
14.834
14.2078
14.2562
14.1496
14.2125
14.2537
14.1597
14.1549
14.3674
14.1023
14.2522
14.3754
14.1425
14.1079
14.6413
14.1469
14.1465
14.26
14.14
14.385
14.1953
14.147
14.2488
15.2756
14.2618
14.1636
14.1957
14.0856
14.1125
14.995
17.7279
14.9084
14.3691
