450.945
129.332
112.267
159.684
158.901
118.699
111.134
116.208
114.215
125.199
115.25
117.518
116.133
148.475
118.167
127.718
123.038
160.084
116.848
124.951
117.164
119.138
115.637
117.336
145.262
120.452
358.246
739.134
383.68
338.573
136.563
146.301
122.443
118.687
127.456
119.198
123.36
118.835
120.281
119.29
128.398
144.247
129.494
135.989
124.297
121.495
123.264
119.387
118.69
126.197
116.209
129.666
157.416
120.471
160.714
120.103
128.399
148.431
124.843
118.867
123.222
134.199
162.083
117.201
120.004
122.544
117.289
117.215
121.01
128.532
109.013
132.246
134.458
121.074
111.749
128.576
105.927
120.445
117.762
108.887
115.641
108.401
117.474
131.481
115.297
107.563
138.34
106.739
111.627
112.866
121.505
107.423
106.7
111.959
115.341
136.1
127.72
120.5
110.005
109.593
