14.4428
11.8555
11.8772
11.6417
11.9736
14.6682
45.1975
11.8268
25.2608
11.7872
11.9823
11.8646
11.7664
11.824
11.7481
24.1443
11.8597
26.0077
11.8148
26.1378
11.8761
11.7331
16.3386
12.2063
11.8605
11.9501
11.8804
11.8042
11.6388
26.3708
11.9615
12.4867
11.9155
12.0637
11.7283
11.6909
11.6478
12.2103
12.5339
12.257
25.239
22.6522
14.4199
25.3683
25.5782
25.1322
25.4388
11.976
11.7956
11.7822
19.2869
21.8097
14.7514
12.0161
12.1684
12.0028
11.6803
11.7868
11.653
11.8907
11.9684
11.7112
11.847
11.7439
11.6964
11.8422
11.6965
11.9437
23.992
12.0068
11.8838
12.0814
11.8021
13.7249
11.8518
11.7443
11.6711
11.9213
11.6891
12.1017
11.926
26.2936
11.9039
11.8636
12.1844
11.9745
11.634
17.8851
11.7134
11.65
17.5834
14.0559
26.264
12.0695
12.1486
12.1049
11.759
13.1392
12.2902
12.564
