503.041
138.372
84.8441
129.306
131.753
128.628
551.566
204.283
127.742
19.1521
19.2992
19.2834
139.125
19.2157
135.271
19.2967
19.2809
19.2471
19.3088
19.3415
19.3602
19.2821
19.5258
19.3692
19.341
132.884
19.3079
19.2415
138.487
129.748
19.4067
19.2015
19.2474
19.3401
19.3897
19.2544
95.1234
19.1978
19.3064
19.2512
19.3403
19.3987
132.674
19.2585
19.1221
19.0731
19.1503
19.2448
19.2611
19.2588
19.3839
19.3237
19.3357
19.3528
19.4142
138.946
19.6533
131.369
19.2987
19.3524
19.3167
19.1508
19.2401
19.3279
19.331
19.2807
19.2842
19.3455
19.247
19.2178
19.2179
19.2803
19.3608
19.276
20.2697
19.1051
19.2391
19.9038
19.2863
19.2229
19.2731
514.355
91.6376
18.9932
19.2172
19.1143
19.199
19.2129
19.2525
19.2602
117.328
19.2469
19.2933
363.419
19.4374
19.3379
19.3885
19.3759
19.4361
19.4137
