42.5319
40.8932
40.1044
40.6387
40.5538
40.5979
40.4817
40.5653
40.5579
40.5332
40.3976
41.0954
40.4891
40.1009
40.2654
40.1024
40.596
40.0971
40.0309
40.6111
40.6163
40.291
40.5035
40.5198
40.1428
40.6243
40.5529
40.5195
40.2128
40.0277
40.563
40.1558
40.1794
40.5711
40.459
40.2016
40.1879
40.4461
40.5021
40.4183
40.1527
40.3608
40.0806
40.0731
40.1102
40.3587
40.5367
40.3106
40.1425
40.7689
40.2307
41.2841
40.1432
40.056
40.5295
40.1835
40.5149
40.4411
40.16
40.7481
40.7555
40.5837
40.1779
40.0952
40.0525
40.6212
40.668
40.6574
40.5254
40.215
40.4795
40.5142
40.1925
40.4784
40.5404
40.5229
40.5598
40.6093
40.5783
40.1655
40.4696
40.4084
40.1366
40.6311
40.5898
40.666
40.3578
40.3851
40.4679
40.4998
40.1489
40.4375
40.1244
40.4553
40.5918
40.0676
40.0109
40.1009
40.6164
40.145
