4.92528
2.36081
2.28621
2.28834
2.26033
3.62613
2.2269
2.78267
2.76878
2.61416
2.2327
2.23027
2.25997
2.56252
2.61512
2.29845
2.26363
2.23506
2.23632
2.23635
2.39055
2.48606
2.40742
2.31109
2.32198
2.55538
2.48616
2.26062
2.45593
2.34303
2.3887
2.32607
2.34227
2.29448
2.4252
2.25228
2.30318
2.27027
2.2315
2.29151
2.33285
2.29811
2.23192
2.27872
2.39033
2.31361
2.44544
2.26985
2.26949
2.24288
2.33576
2.32479
2.27564
2.24544
2.36177
2.24289
2.22281
2.21957
2.23973
2.21505
2.43443
2.29514
2.24263
2.23446
2.31171
2.22771
2.35258
2.34253
2.31318
2.2284
2.24849
2.24111
2.43234
2.33267
2.35534
2.355
2.27075
2.26032
2.41887
2.26022
2.26522
2.30309
2.50679
2.36584
2.27978
2.37099
2.32731
2.4234
2.25061
2.22955
2.25095
2.23719
2.23081
2.40285
2.23814
2.26482
2.28599
2.25363
2.35143
2.28892
