222.701
118.773
214.276
106.608
147.754
163.268
90.212
7.18856
112.544
110.156
9.85022
7.53074
7.49318
7.07694
7.19746
7.35581
124.425
237.149
7.53164
326.147
311.474
104.246
278.091
292.85
334.7
8.90388
167.047
306.98
7.37434
161.057
387.321
7.08097
7.35008
8.0676
7.45163
7.80919
164.481
9.42308
160.35
6.91662
6.89876
10.1831
8.04144
7.93879
7.12457
7.27048
7.04525
8.32007
8.1122
7.94625
7.1808
11.2564
7.2966
10.5229
7.56487
7.89826
7.39589
10.5939
7.80131
7.92795
8.02968
7.28538
6.88666
9.02119
7.0134
7.12403
13.2384
7.45936
7.17209
7.01856
10.8258
11.0713
7.83582
12.0109
9.90671
9.80042
6.95536
7.06447
6.92823
7.38016
6.99145
9.82106
7.08005
7.1208
32.3972
7.00274
7.06586
11.0798
9.38692
10.9666
311.666
7.18816
7.11611
7.26389
38.4805
8.16796
7.38288
9.08363
7.60792
7.55271
