218.111
171.107
3.8398
2.11767
3.12113
2.16929
2.03476
1.98294
1.96195
2.73493
2.304
1.85508
1.9818
1.86661
2.40098
2.42988
2.14039
1.97734
1.93255
2.08392
305.218
3.12632
2.14127
2.70888
2.04711
1.95123
1.87517
1.83115
1.83597
2.26699
1.81071
1.79852
1.79864
1.82137
1.77409
1.78623
2.14274
2.61745
2.62695
1.96309
1.85103
1.84591
2.8831
1.99386
1.98484
1.93105
2.45913
1.84809
2.54681
2.12323
2.03327
2.02352
1.92343
159.538
1.8279
2.60305
2.42383
1.78013
1.78184
2.32183
2.14999
2.26727
2.13171
2.59417
3.86677
2.73049
2.64999
2.25024
2.34208
2.60244
2.08445
2.48934
2.41291
2.11946
2.0538
2.0622
2.08057
2.08443
2.62177
160.346
2.6429
2.29012
2.11323
1.9608
1.86681
1.81375
1.81815
1.79107
1.78691
1.84493
2.27988
1.85007
1.85602
1.83309
1.77555
1.79835
1.8201
1.7839
1.78731
1.93964
