11.4488
8.72047
8.74038
8.83784
9.1262
8.78065
8.66354
8.83579
8.65287
8.75433
8.7605
8.80242
8.78258
8.96566
8.71709
8.93234
8.75603
8.96623
8.97692
9.09184
8.83105
9.42783
8.98607
8.90517
8.99363
9.10216
9.0226
9.73953
9.01878
8.83851
9.53116
9.06454
9.047
9.18534
9.21927
9.05472
9.21387
9.19879
9.09729
9.08538
9.2555
9.20099
9.64982
9.09298
9.74059
9.96688
8.65577
9.5658
9.11148
9.19882
9.10625
9.64405
9.19944
9.21852
9.18093
9.21083
9.24907
9.3129
9.65212
8.60703
9.48037
9.3476
9.59912
9.36732
9.18669
9.13688
9.43135
9.37812
9.18041
9.51203
9.22872
9.59889
9.21626
9.20612
9.63428
9.68791
9.30732
9.30596
9.353
9.10379
9.28003
9.41994
9.27697
9.17673
9.30498
9.63334
9.24045
8.82983
8.61004
9.27077
9.97632
9.27708
9.74957
9.32292
9.34535
9.16234
9.88607
9.13523
9.39643
9.03539
