479.646
110.73
113.467
103.77
114.774
105.519
123.596
127.709
106.591
122.472
124.854
125.41
101.737
104.237
115.939
109.707
102.216
121.736
112.186
123.361
105.034
116.282
114.704
117.332
109.188
109.347
108.924
106.562
110.61
108.212
105.045
123.572
111.426
116.514
106.727
109.984
120.534
113.225
106.94
124.731
108.741
115.006
115.144
106.715
114.919
113.703
108.023
108.747
107.397
120.772
108.861
113.833
118.777
114.067
122.809
101.541
105.102
114.347
118.241
106.301
105.673
104.996
112.791
102.56
114.66
101.309
131.002
100.582
105.923
117.058
114.211
106.888
102.506
115.303
108.913
106.907
116.041
115.059
116.106
117.341
117.646
101.464
114.331
109.907
101.08
116.445
108.179
101.841
101.337
122.097
119.863
113.055
101.234
116.195
105.796
123.296
115.28
103.002
103.729
108.124
