216.119
257.289
185.564
7.12474
290.795
194.967
156.242
83.9568
83.6279
9.88374
11.9839
7.76554
6.01264
5.77121
174.737
94.1983
4.03428
100.981
3.93126
5.36222
6.23183
4.60196
4.44845
4.05399
4.8891
5.21825
11.0988
5.06119
4.37984
13.2611
4.9117
5.01014
237.547
4.23059
3.92245
4.92281
3.43069
4.27951
4.3812
273.765
13.8078
10.5933
10.6945
12.2739
14.3348
9.54825
14.5817
9.39879
7.07376
11.0524
5.38501
4.6034
5.67939
15.4144
11.6581
8.67955
15.1854
13.4999
10.232
14.4468
5.57913
4.77516
14.6981
4.47398
9.8135
14.7356
13.3191
16.897
10.6807
8.51145
6.86514
5.34745
4.62882
4.31814
14.4297
4.31844
12.8779
9.37239
7.17752
5.9881
333.585
12.1431
12.4312
5.1221
331.168
20.9911
307.81
13.2506
8.95835
12.404
6.74346
14.9917
8.53481
12.3532
13.8333
9.46095
7.2333
5.5485
4.68368
4.34274
