20.6347
20.3223
20.7115
6.85805
7.87108
8.53635
6.02202
6.71311
6.63483
6.56434
6.73225
7.00116
18.3647
7.33544
6.78272
8.11944
6.81983
20.1625
19.9686
6.50999
6.19545
5.90282
21.5772
13.5855
8.72959
9.60833
6.73286
5.92969
6.09203
19.8907
6.50901
6.12457
5.84359
20.9686
7.57057
6.10449
6.21504
20.237
6.54703
6.6604
20.7941
21.082
13.6905
10.3994
20.478
5.90014
18.6855
6.21712
13.3209
6.02342
6.359
6.25504
6.35232
6.09337
20.6931
16.2943
11.3236
17.5153
10.1306
7.79622
25.897
21.111
27.85
7.3599
6.03529
9.6395
35.4572
7.8463
15.2268
8.05409
6.14055
6.58371
19.9361
7.11424
12.5795
16.2546
9.50672
7.46487
6.44962
5.76623
6.01743
19.4565
16.7641
5.87123
19.5553
20.9505
7.04033
5.96797
34.9536
20.3884
7.03105
5.88628
22.1188
6.47983
6.28965
20.8481
21.1835
15.288
8.56739
23.0584
