268.288
171.149
7.89763
7.30763
7.17969
8.6045
7.27198
14.0435
7.7322
7.4585
7.17645
7.93522
7.28789
8.15153
8.4268
7.96077
8.10522
7.74665
7.28935
8.0886
8.00637
168.95
14.865
7.10875
7.37926
7.15943
7.36023
7.27398
226.367
7.15777
7.42711
7.43944
7.21412
7.20365
7.38714
7.1162
7.36663
162.322
7.24845
7.09371
8.28398
7.76889
7.19278
7.28906
7.7844
8.0937
13.1302
7.18522
7.75387
7.3089
7.19088
7.57255
7.26872
7.69161
8.04618
7.84439
7.81857
7.62392
7.3724
7.50192
7.16995
7.81467
7.71103
8.01492
7.50233
7.35149
7.17219
7.09129
7.20381
7.07131
7.21843
7.21053
7.97903
7.14518
8.14278
7.66504
7.35145
7.74022
7.24493
7.46716
7.22722
7.4063
8.02952
8.20688
7.25499
91.2316
7.36606
7.13321
7.7697
7.6552
7.83908
7.57353
7.56688
7.19048
7.15727
7.19782
7.12245
7.28516
7.14884
7.11548
