5.28839
3.22148
2.61492
33.0765
2.67908
4.43437
2.54433
2.51812
2.50879
5.90766
5.21812
3.79059
5.8915
5.3358
2.79575
3.94387
2.71185
2.69806
2.52186
2.51342
2.50718
2.56455
2.50416
2.53875
2.53821
2.53276
2.50729
2.57523
2.55045
4.91782
2.68213
2.53302
2.51184
2.50184
2.48787
2.55526
2.54876
2.51532
2.50739
3.37925
2.55755
2.50846
2.81145
3.01842
3.37441
2.51389
2.56993
2.52539
3.94936
2.85442
3.96543
2.55598
2.5433
2.53448
3.39479
3.02979
2.66947
2.72098
2.52954
2.53862
3.34166
2.54793
2.5432
2.61769
2.51933
2.55353
2.62066
2.73325
3.88055
3.33685
2.83261
2.65162
5.02059
3.59015
2.98602
2.71703
2.54047
2.55287
2.50033
4.02851
6.74842
3.09376
2.79628
6.15527
4.5322
5.74439
3.75655
2.95543
6.11634
2.90417
2.6181
2.56199
3.45968
6.63339
2.67867
2.55034
2.68921
3.08387
6.25723
4.3937
