221.215
2.97756
2.76971
2.54513
2.29944
3.1692
3.45218
2.7211
2.60396
3.31707
2.49965
2.5526
3.84191
2.28702
2.38314
2.74187
2.33101
2.71322
2.33769
3.01312
2.41325
2.50236
2.43455
2.33919
2.58405
2.27866
2.61142
2.26337
2.42676
2.50939
2.28553
2.36285
2.29123
2.41843
2.48801
2.42057
2.38955
2.38548
2.29673
2.68828
2.79958
2.76296
2.222
2.25836
2.23881
3.65389
2.33335
2.30159
2.52195
2.2131
2.98066
2.25479
3.05953
2.86992
2.60111
2.22003
2.23461
2.35593
2.56958
2.39366
2.43075
2.4954
2.25733
2.33958
2.2756
2.23211
2.30614
2.23266
2.22979
2.25192
2.6834
2.51051
2.47263
2.38855
2.34404
2.4797
2.32945
2.43255
2.25999
2.45457
2.37643
2.46542
2.42734
2.26656
2.28467
2.29287
2.19535
2.23389
3.1447
2.42378
2.28377
2.3084
2.34701
2.367
2.26994
2.24204
2.25527
2.25722
2.29151
2.70424
