231.456
196.985
85.1201
90.6726
7.13141
102.747
7.9355
91.1521
158.537
158.033
7.4338
7.46407
100.727
91.2671
8.18177
7.4009
8.06887
142.497
7.26862
7.24857
7.9907
8.07721
7.65545
7.92529
7.4463
103.128
7.54009
8.0336
7.56888
7.96257
139.062
8.17248
8.17158
230.202
99.9961
7.20728
8.36277
117.045
12.7099
13.0673
7.96574
268.719
110.349
8.37675
142.207
7.43516
8.00984
7.71503
8.11774
7.43548
8.17584
7.65938
8.03188
7.66541
8.01099
245.06
7.23598
7.44109
382.243
128.795
93.5978
7.17043
7.25657
7.70197
7.59919
7.38283
8.24144
7.88193
8.00212
7.27119
7.33297
7.24821
7.58263
7.49012
148.368
7.77972
7.40795
8.80421
8.38221
7.71404
157.851
96.53
8.22584
7.78522
7.91889
8.15458
7.99283
7.50178
7.35482
7.68577
7.55909
8.13867
7.37573
7.91109
7.92322
7.34533
7.61528
7.93988
8.13544
7.87434
