6.42402
3.45743
2.40891
2.70855
2.47562
5.59186
2.7019
2.61797
3.41031
3.62063
2.5099
2.45358
2.41713
2.35662
3.19214
2.52203
2.34694
2.34677
2.42388
2.85142
2.40777
2.37253
2.43685
2.56996
2.52142
2.43063
2.52792
2.47299
2.44419
2.58865
2.52147
2.4107
2.36713
2.35602
2.34959
2.47999
2.42056
2.62948
2.59821
2.39867
2.40487
2.37263
2.3558
2.68512
2.75434
2.53877
2.40443
2.36887
2.34212
2.37089
2.35805
2.33457
2.44378
2.46138
2.46224
2.35539
2.34246
2.36287
2.5727
2.33969
2.32854
2.32972
2.3453
2.34082
2.3597
2.36304
2.33763
2.32519
2.37676
2.55541
2.47048
2.37106
2.48637
2.44825
2.4058
2.37198
2.36185
2.33641
2.34801
2.79649
2.42277
2.34674
2.44327
2.41256
2.36054
2.33125
2.32355
2.37064
2.36257
2.41694
2.35243
2.34524
2.35072
2.33614
2.34862
2.33826
2.3502
2.329
2.43289
2.45486
