90.3679
78.3653
42.8932
34.74
80.5038
77.9274
54.607
38.342
78.7137
32.6869
30.0055
32.5641
84.1506
49.7359
36.5012
39.0657
30.6199
33.7771
79.3325
33.8862
64.6586
89.353
86.2097
33.1488
50.5864
60.9634
75.9591
40.3766
79.2125
85.3873
43.6875
39.4921
29.4631
30.4016
50.784
35.1337
71.2691
32.5582
31.104
30.3863
31.371
77.8253
32.5934
31.5027
82.9707
33.5065
31.2555
31.0219
30.2245
73.6725
81.55
35.3935
30.0208
32.232
34.367
64.7805
78.0316
82.3326
76.3938
35.323
54.181
43.3468
70.0168
35.2437
32.9442
33.4114
39.1605
33.7438
29.1238
45.174
32.8271
47.1724
69.8611
79.0729
76.6555
74.5036
82.353
50.2074
35.0922
32.8223
58.5012
78.455
30.6717
35.5095
62.515
39.0138
31.4583
32.3226
52.1065
32.3998
41.4133
34.8481
34.3695
31.1202
34.2508
99.9466
32.9833
46.2732
40.5331
93.9448
