316.409
277.493
171.415
3.07291
1.95708
11.3837
3.01872
158.856
2.97347
89.7556
215.494
1.71154
1.79952
2.73076
1.59774
2.81938
3.48353
1.66434
1.62667
2.57075
1.83185
90.0163
2.07224
1.89912
3.03346
164.298
3.32957
3.38092
1.90951
1.80257
288.73
2.62587
2.50646
126.758
1.68589
1.65108
1.6891
159.468
1.8186
2.63872
2.05803
2.33534
2.79398
2.28791
1.94971
3.0738
2.07109
2.18714
1.76145
3.00261
1.87373
1.81624
1.91275
1.75259
2.27637
1.81834
1.70767
1.76108
1.73316
1.75152
297.032
299.178
1.72785
2.22167
1.86146
2.82118
1.8375
1.83308
1.66627
1.63872
1.69949
1.8076
1.67277
1.76219
1.64658
1.69001
267.462
2.63882
2.12307
241.237
1.64377
1.60797
1.63916
1.87662
1.60338
1.63447
205.615
289.498
2.70976
2.84784
2.62766
1.90586
330.764
1.78696
3.37187
2.62353
1.92709
2.7306
137.058
1.87274
