8.19205
2.81383
2.45133
2.38011
2.36722
2.38302
2.4236
2.3583
2.72925
2.36871
2.67859
2.88331
2.58075
2.37757
2.80841
2.3667
2.42041
2.41876
2.43772
2.43233
2.47737
2.36389
2.65537
2.39606
2.72453
2.41632
2.41427
2.3664
2.52687
2.41763
2.38919
2.60235
2.36331
2.36051
3.06534
2.55812
2.49578
2.46393
2.60189
2.50717
2.6017
2.38957
2.43666
2.38776
2.37221
2.36249
2.34622
2.36115
2.37874
2.60453
2.40308
2.38841
2.52995
2.37057
2.51609
2.37501
2.40308
2.38209
2.37795
2.41365
2.37297
2.37666
2.38964
2.4482
2.37606
2.37945
2.43351
2.52154
2.97066
2.38817
2.39951
2.38644
2.37079
2.37216
2.37232
2.54908
2.39403
2.41169
2.39673
2.38117
2.39024
2.39225
2.34733
2.36165
2.37228
2.48518
2.37477
2.46578
2.44004
2.41791
2.51032
2.41703
2.55843
2.45404
2.41687
2.39459
2.55203
2.66968
2.48871
2.52623
