4.54707
2.90217
3.00924
2.80839
2.5759
2.56065
2.99926
3.13489
2.60076
2.58638
2.58073
2.91503
3.07911
2.66355
2.76387
2.57445
2.60171
2.58274
2.59776
2.57235
2.55868
2.55031
2.5657
2.64549
2.79933
2.59262
2.54255
2.58033
2.54376
2.92959
2.79236
2.59421
2.54881
2.58084
2.54608
2.57481
2.53928
2.92867
2.64105
2.57986
2.61891
2.55984
2.57431
2.54585
2.74568
2.64597
2.68935
2.66335
2.6789
2.62492
2.57434
2.65687
2.58367
2.89078
2.60194
2.56135
2.55875
2.61815
2.5605
2.75516
2.62088
2.58832
2.55411
2.74291
2.57215
2.5818
2.60333
2.63244
2.54467
2.56067
2.54896
2.6839
2.57916
2.56616
2.67
2.54676
2.70434
2.5727
2.55372
2.55307
2.58738
2.64536
2.6393
2.61146
2.58652
2.65981
2.55286
2.67563
2.69911
2.7443
2.62223
2.60365
2.65344
2.56228
2.57745
3.04473
2.65252
2.59979
2.66518
2.57066
