265.196
394.425
229.485
309.511
30.8863
31.7227
29.886
29.5914
29.5419
29.7517
29.772
29.4006
29.4121
29.4077
29.427
29.4559
29.4364
29.553
29.6095
29.5941
29.6801
29.6029
455.334
29.9042
29.9268
29.9952
30.1135
29.8992
29.9158
29.8311
289.422
29.8999
29.9985
287.753
29.8882
29.7322
29.9341
29.7964
29.9407
30.7948
30.0806
30.0763
388.24
29.8344
311.25
30.0334
29.9629
29.9525
502.181
430.046
29.8719
29.8685
30.7735
30.6368
30.6614
30.563
30.5631
30.5782
30.6314
468.201
30.6256
30.6409
30.5791
30.6395
30.0949
30.4622
30.0511
29.936
29.878
29.8434
333.007
547.854
354.633
29.9353
345.1
29.84
29.8383
29.8816
387.273
30.0241
319.655
726.817
412.825
413.766
30.8178
30.4794
30.805
30.7167
30.5372
30.6698
30.6313
30.5632
30.5539
30.1266
29.9539
29.9319
30.0004
29.9592
405.881
29.9382
