249.752
535.69
5.12428
5.09695
4.98467
4.80608
3.73383
91.1327
85.7225
202.391
129.58
128.796
3.83408
132.999
4.09037
3.89794
134.803
132.773
131.345
129.01
3.91792
3.82777
133.834
4.18307
3.88753
5.22013
142.379
4.30429
4.26484
144.907
138.879
143.864
4.50558
4.48076
4.30448
4.67665
144.147
4.25338
4.33836
4.55472
5.62747
4.58817
4.66397
4.70983
4.40347
4.61295
146.837
4.44431
4.30777
4.29399
4.58079
15.4092
4.67011
148.93
4.35019
4.30804
4.67818
4.4162
4.53356
4.4084
4.39804
4.04454
3.821
3.85453
3.86739
136.808
3.82268
3.7288
3.76911
3.85825
3.94447
3.88952
4.47791
3.80542
3.80742
3.79452
3.82859
134.889
3.79479
4.04174
3.53502
4.96049
3.6337
3.85084
3.78656
3.77278
3.77083
3.87249
3.76164
3.73456
3.81733
3.8286
3.77577
3.67628
3.78922
3.80696
3.80455
3.65243
3.87188
5.94285
