256.081
399.039
21.2717
14.2298
105.729
13.042
9.33898
149.542
25.6812
116.408
7.68719
306.666
7.09709
8.82186
8.34898
193.746
9.36875
28.0533
179.84
180.868
246.551
25.0239
6.33813
26.3476
8.53282
8.74131
93.0157
8.26796
8.05572
28.4862
25.6007
124.448
7.44218
27.8004
10.0349
10.3278
17.4144
14.3009
10.9659
9.17842
7.99179
7.99029
9.58236
9.03475
31.1361
8.51624
176.809
25.8117
16.9632
14.8926
28.787
9.82499
23.2445
26.9704
8.73577
14.4591
28.835
14.2242
9.50553
12.8089
10.6326
9.51957
16.777
310.784
23.052
275.93
23.9132
327.633
23.6968
17.1335
14.2125
298.677
23.462
16.455
14.334
11.5205
21.0325
11.1951
10.9085
9.30879
8.76895
9.87028
8.93808
8.88945
9.8077
8.61085
10.2486
354.052
22.7472
19.7655
27.7742
29.7399
11.0659
9.75268
9.27959
9.30019
9.5303
9.16245
17.443
13.1867
