17.3822
11.6667
11.7566
12.1166
11.3172
13.2181
12.0097
11.3565
11.4314
11.2563
11.554
11.1708
11.9737
11.1824
11.3326
11.5581
11.7751
11.5154
11.3318
16.3078
11.1946
11.6933
11.1051
11.2026
11.2256
11.3939
11.2442
11.1626
11.2365
11.1817
11.214
12.2509
11.3773
11.5206
11.4124
11.4647
12.5072
11.562
11.1868
11.1008
11.2987
11.741
11.4929
11.353
11.4775
11.86
11.8354
11.4114
11.5782
11.3509
11.2616
12.0287
11.2577
11.4209
11.1257
11.8165
11.196
11.4499
11.2665
11.1791
11.1187
11.2238
12.0118
11.5509
11.2982
11.6974
12.3841
11.8063
11.2897
11.1849
11.2001
11.2357
12.0259
11.2621
11.1943
11.6963
11.7778
11.2913
11.2691
11.9294
11.9617
12.4717
11.3203
11.9974
11.3485
11.2195
11.9465
12.3941
11.2171
11.9459
11.3158
11.7429
12.254
11.9794
11.5121
11.5773
12.0054
11.7605
11.2806
12.0084
