16.4584
14.1716
14.841
14.1675
14.3037
14.5952
14.1353
14.1478
14.6463
14.2649
14.1486
14.8796
14.1328
14.2676
14.1271
14.7057
14.1259
14.5751
14.1538
14.3546
14.1943
14.1375
14.2822
14.2605
14.5716
14.1424
14.1868
14.124
14.3932
14.2026
14.162
14.1998
14.304
14.1482
14.2026
14.178
14.1382
14.1914
14.6175
14.1675
14.4268
14.7331
14.1944
14.2881
14.1734
14.4186
14.1361
14.1247
14.1033
14.1389
14.1575
14.15
14.4523
14.1896
14.5055
14.1765
14.5336
14.2448
14.1279
14.3563
14.8707
14.1789
14.2147
14.1577
14.4896
14.2428
14.2256
14.5454
14.7717
14.7203
14.1905
14.2106
14.3779
14.2809
14.3347
14.1862
14.3192
14.2593
14.1928
14.1971
14.3585
14.2018
14.2367
14.2309
14.203
14.577
14.1489
14.4862
14.3839
14.2414
14.1314
18.648
14.1886
15.743
14.1576
14.2583
14.1404
14.1607
14.1421
14.2575
