153.424
121.097
62.2361
61.4667
2.0362
2.83206
2.12076
109.592
104.9
99.9465
102.688
194.148
103.623
2.90642
104.131
103.978
3.17987
3.1061
106.417
2.8432
114.429
4.70757
111.687
112.015
3.11534
261.876
106.142
103.111
3.09745
3.1408
3.45999
3.36328
3.40902
3.60671
3.09837
3.15928
3.12032
108.403
2.95313
251.606
108.003
3.30794
107.751
262.228
104.214
3.20459
2.8822
2.92517
105.988
3.1385
119.87
3.06565
2.97454
3.15027
3.15336
2.9781
3.14288
3.20513
3.78983
4.74452
3.01775
3.1129
106.278
2.67248
3.01956
3.30977
3.17815
117.135
2.57689
2.92758
3.06193
2.96548
3.18957
3.00246
3.15288
3.28279
3.04427
3.44069
3.13184
3.16879
3.11339
5.59632
3.87875
3.33638
3.20122
3.79632
3.13765
2.97976
4.16849
3.14999
2.97636
3.07818
3.05287
3.12667
3.36197
3.14342
3.1088
3.15565
3.13465
3.45238
