3.57991
3.97906
2.84219
3.02121
3.04379
2.95142
2.88149
2.8306
3.00597
3.38159
3.05398
3.34852
2.96718
2.91767
2.87333
2.8507
2.99064
2.8468
2.89571
2.86834
3.15459
3.00831
3.17612
2.90391
2.87175
2.84672
2.92998
2.83521
3.10783
3.00117
2.95074
2.91845
4.61266
3.687
2.95582
2.8619
2.85493
2.96527
3.30326
3.27417
2.98884
3.09593
2.87642
2.90841
2.83618
2.83683
2.87807
2.83774
2.98492
2.82645
2.87663
2.87136
2.87035
2.99241
2.82468
2.8295
2.86292
2.85384
3.24635
2.84167
2.82763
2.83796
2.81711
2.82879
2.84533
2.83269
2.84252
2.85963
2.86728
2.83832
2.86822
3.00181
2.93771
3.02129
2.92048
3.30573
2.8577
2.89944
2.83143
3.09321
2.93754
2.9297
2.88275
2.83485
2.83321
2.85526
3.00983
2.86359
2.94534
3.01089
2.87465
2.85395
2.8664
2.85181
2.85791
2.84466
2.8475
2.83463
2.84725
2.86766
