8.15541
10.6254
3.60891
3.46313
10.7391
10.6659
3.20373
3.57241
10.8291
10.7431
3.79821
3.67785
3.39536
10.6808
3.8156
3.75275
3.10761
3.16192
3.241
3.1014
5.80159
8.6759
3.58587
10.6834
9.53859
7.3966
10.8468
5.76733
10.5685
3.8572
3.37919
3.33555
3.53509
3.94868
10.1643
10.147
3.46535
3.23675
4.20443
10.717
9.1639
3.79271
3.67381
3.6109
3.17855
3.32243
3.6485
3.1114
3.52133
7.00377
6.12445
3.57176
7.26034
3.52058
3.17137
3.87216
3.5855
3.25905
3.29455
3.56245
4.46912
3.03224
6.8829
3.09615
3.59713
3.18866
3.47819
3.42375
3.0879
3.16758
3.09163
3.08675
4.28306
3.12825
4.35115
3.35124
3.43767
4.25578
3.11031
3.13121
3.41625
3.59859
3.34285
3.11282
3.47606
3.28844
3.51882
3.19904
3.03649
5.20146
10.675
3.722
3.2993
9.96245
10.3671
7.49913
11.3372
3.76883
3.34517
3.41773
