237.504
263.805
171.413
178.208
172.814
247.867
171.563
181.585
32.9196
126.024
18.9519
198.71
402.155
10.3577
22.5811
251.312
125.543
12.7574
159.084
11.0536
104.448
31.1493
163.188
30.3828
30.4783
14.461
24.1778
12.3592
11.6743
33.304
190.197
15.1418
12.2939
11.7999
44.0323
38.9401
13.2441
12.8938
12.0438
12.1098
12.2926
11.4556
35.3222
12.8039
12.0045
13.591
29.4543
37.0134
101.526
10.2341
13.5448
11.8918
13.755
32.4205
33.5191
14.1252
36.4532
36.6703
20.2131
23.6944
35.2305
12.2628
15.3053
37.6931
34.965
280.007
10.7397
244.322
28.5262
271.879
31.1899
313.076
28.4741
18.2206
37.0361
17.6045
38.771
37.0823
31.1554
19.0145
13.2184
36.3809
34.1874
38.1308
23.1265
35.7657
390.509
31.6109
17.9648
31.5198
35.9615
36.4947
37.7909
31.5505
35.6027
12.3872
11.5561
12.396
16.4907
12.3867
