201.786
4.61031
3.74669
3.84991
3.36619
3.71335
3.66571
3.26679
3.48192
3.84673
3.02489
3.19837
2.97365
3.55823
3.6929
3.35669
3.57959
3.79813
3.32999
3.22967
3.14401
3.22346
3.10402
3.37125
3.35975
4.21173
3.12365
3.038
3.61218
3.06116
3.62287
5.97612
3.24948
3.46109
3.78594
3.07575
3.03691
2.97842
3.56904
2.9622
3.21273
3.47929
3.29961
3.03507
3.2057
3.27901
3.66715
3.23062
3.10872
3.20807
3.4514
3.34338
3.20719
3.69171
3.14943
3.84362
3.11383
3.00304
3.10906
3.03195
2.9849
3.15366
3.71029
5.11283
3.19181
3.00206
3.09918
3.07152
3.25829
3.13896
3.06182
3.74454
3.13105
3.10854
2.99873
3.0423
3.09073
2.99651
3.33698
3.1803
3.02913
3.00063
3.4642
3.00775
2.99728
3.00944
3.03499
3.02645
3.1106
3.03359
3.00776
3.4467
3.28921
3.05333
3.10622
3.01936
3.10383
3.07185
3.05373
3.0128
