19.2461
22.6276
17.425
12.4476
27.8311
13.1273
13.7323
10.7778
29.5553
26.5711
15.938
13.317
11.256
29.1562
11.5914
12.9081
29.315
17.0769
23.4889
12.9177
12.1512
11.857
10.6253
9.44523
9.40497
24.1675
29.7254
26.3513
26.186
29.2617
18.6131
29.3449
16.5014
12.5627
13.3665
12.5502
13.2331
12.543
29.4406
30.1939
12.3596
12.2372
29.7328
23.9717
12.8025
12.3939
12.1943
19.4774
10.0683
11.2405
11.5651
27.403
16.7297
12.4709
12.0592
13.2024
12.0725
29.213
12.2246
29.5924
12.7125
30.4558
13.5588
30.866
29.2505
14.4167
20.8532
30.6385
11.8588
19.1043
13.6762
12.3929
25.5174
11.456
30.8288
18.5063
45.2752
17.4246
13.3935
10.1669
28.7166
10.938
27.0055
9.71795
8.99421
10.0587
26.7548
29.8894
18.0149
14.6297
9.88635
31.5012
12.3784
24.5009
11.4437
26.1661
10.6579
9.34308
29.772
8.92987
