485.382
321.536
329.694
242.729
343.797
319.256
7.50698
7.26305
332.623
6.37546
7.5922
334.597
353.305
7.51552
7.3117
7.42719
7.41345
6.50735
7.17979
416.281
325.831
7.03929
371.352
251.446
340.494
7.14701
6.48872
6.35396
6.33548
7.41612
6.86001
7.35512
7.37314
6.67703
6.55084
6.46394
257.544
6.43467
7.25013
6.89741
6.42779
6.29676
6.19886
6.23025
7.02864
6.39891
7.04613
7.7154
337.661
310.733
238.314
308.717
320.34
6.40426
7.29005
6.70811
7.5422
7.42356
6.691
312.474
311.543
7.59327
7.21392
6.71991
6.63551
7.58962
7.31803
6.64111
7.20592
6.47349
6.60251
255.718
238.902
331.216
6.55722
7.00589
6.6946
7.19915
6.50184
6.95606
6.57558
7.13754
6.53282
6.55042
6.45154
7.17243
6.36523
6.54602
7.27249
7.20454
6.44172
6.442
7.5104
6.73205
6.79954
6.4884
7.62115
7.38577
7.15466
6.44764
