282.198
104.336
106.293
106.136
31.0063
108.014
29.5351
139.233
140.59
102.373
29.4782
163.84
30.751
164.088
168.558
52.3609
40.5168
109.831
29.3253
29.6589
29.472
29.6616
29.2372
29.9311
31.7417
29.7033
30.8196
29.6771
29.7437
29.7672
29.4665
29.8177
168.319
30.8541
30.3438
30.7731
32.0943
29.8196
30.4558
32.5574
33.4333
38.0758
40.948
437.848
66.8853
67.4871
67.2077
66.5951
181.72
67.8042
66.7169
66.3956
64.3979
67.0487
67.1891
182.607
176.083
76.2144
182.418
66.6143
61.4598
66.5411
187.623
65.3375
65.9497
66.9771
75.2897
72.8753
75.8118
76.2263
75.5656
76.7237
75.4682
76.3756
74.7359
75.3893
75.0592
77.7328
75.3562
76.3499
68.5858
76.9619
75.3069
183.247
76.7908
64.8504
77.4469
75.3173
75.263
75.4527
60.3466
186.107
75.8899
76.2234
20972.5
23.0058
23.4867
24.5732
23.5644
22.7506
