789.118
255.087
257.899
251.402
251.646
246.878
286.573
247.953
273.948
249.519
255.215
246.491
250.032
245.514
255.7
247.996
245.568
246.299
248.937
246.449
277.163
251.862
245.91
245.292
271.997
244.366
254.283
245.786
248.226
243.601
248.305
247.384
242.568
252.312
251.207
254.381
244.192
245.078
243.797
251.979
255.44
258.978
246.185
247.209
250.42
247.68
245.038
244.515
249.586
242.515
244.686
245.925
244.634
252.045
263.491
246.717
260.155
258.189
259.243
258.68
249.668
265.938
249.03
246.37
248.993
245.059
243.137
254.822
257.375
249.411
249.271
243.908
251.592
282.808
252.968
251.595
243.335
246.552
244.391
298.927
254.948
244.698
244.633
244.543
245.941
272.732
248.801
251.538
247.231
245.757
250.769
257.83
253.385
280.692
246.59
245.581
253.973
249.075
245.638
246.156
