285.016
301.013
299.899
364.199
297.722
7.26533
7.21744
302.304
297.752
296.676
7.17097
7.53389
7.27923
304.319
7.18185
7.13463
7.47451
8.68361
7.74896
7.40806
304.461
7.19113
7.61877
309.797
7.13168
311.446
7.25442
7.25214
315.292
7.17718
7.1716
7.14056
7.54961
314.785
7.12606
7.07291
7.14766
7.29045
7.13969
7.27954
7.23728
7.32384
7.21188
7.45662
315.997
7.20566
311.904
7.23895
18.8775
7.27169
304.284
7.60804
7.16067
7.3229
7.37631
7.4293
302.955
7.59666
7.10768
7.3146
7.72101
7.26801
7.49836
7.23232
7.63002
21.5642
303.678
7.16657
7.12945
7.56344
7.19401
7.45971
7.33095
7.29466
7.24895
7.62896
301.385
7.301
7.12278
7.1411
313.807
7.19639
7.14356
7.35761
7.65788
7.33747
7.43278
7.29728
7.15656
7.17918
7.33394
7.27719
7.4546
7.29744
314.119
7.426
7.15921
7.13947
7.76945
7.26959
