9.14099
7.97266
10.327
8.25293
7.84823
8.24253
8.06753
8.35754
8.10635
7.82889
7.98825
8.72946
8.2029
8.04435
7.94636
7.91168
7.96568
8.27374
8.25466
7.84537
7.87447
8.00793
7.99113
7.86617
7.86253
7.96906
7.9235
7.88982
7.90183
7.87485
7.8737
7.89364
7.86553
8.64529
7.9306
8.26601
7.88126
8.37066
7.94621
7.91955
7.96552
7.82165
8.19451
8.0533
7.95263
7.87357
7.87816
8.44417
8.22052
7.87068
7.85317
7.82522
7.9006
7.81821
8.1738
8.25445
8.0482
8.20385
8.04944
8.01654
7.99276
8.05217
8.34469
8.03623
7.8473
7.84908
8.47275
7.85798
8.1352
7.90149
7.8971
7.79972
7.8073
7.84824
8.18002
8.03477
8.34791
7.94912
7.91245
8.312
7.86262
7.81078
7.77675
7.80199
7.88665
7.87387
8.4673
7.8679
8.69323
7.81154
7.79381
7.85677
7.92322
7.86186
7.84295
7.86299
8.38137
7.88765
7.85525
7.83319
