678.895
294.276
296.964
287.953
274.961
273.501
275.443
324.793
342.351
281.911
280.417
272.544
284.142
290.867
276.906
270.272
270.235
277.522
304.705
304.458
276.387
316.792
273.024
271.683
323.488
272.469
288.891
276.529
274.936
273.532
295.612
276.567
273.568
291.764
302.128
293.654
277.282
290.158
286.883
276.099
277.957
309.358
272.596
273.124
275.164
270.766
282.091
275.576
278.618
281.406
275.055
276.145
306.375
287.079
283.506
292.674
318.297
283.638
302.342
275.86
284.084
281.936
274.456
280.268
280.15
279.772
284.222
289.897
275.623
308.136
274.635
280.284
280.101
275.569
279.591
303.831
276.325
280.127
276.595
276.904
282.467
292.447
277.957
280.583
285.467
280.001
299.116
298.787
286.898
274.858
273.16
278.328
303.081
279.587
279.186
281.921
277.398
294.388
280.924
282.767
