504.24
326.456
210.576
36.8209
35.3235
34.4597
58.184
49.3444
42.8138
39.9968
35.8892
40.7026
41.7279
49.3126
44.7366
34.6206
64.1289
33.6743
33.7171
34.4564
63.6168
33.7508
33.5967
46.1087
33.8651
376.929
44.2799
34.1515
360.486
34.2165
343.375
34.3413
34.0209
33.8195
34.4564
33.9652
33.5685
33.7215
43.5639
50.5837
33.8617
34.1077
33.736
33.6804
34.2709
33.8214
33.6629
33.7333
33.6337
33.7807
33.6683
46.7074
48.054
34.1414
64.6154
37.6479
44.0236
34.1976
33.9667
66.2276
33.8709
44.7089
36.991
45.2421
61.249
42.6302
41.6901
34.8518
44.8946
45.8368
51.6921
39.1153
43.9852
63.5985
39.4383
34.2526
33.9647
45.4492
37.7542
45.1608
43.3789
50.398
33.8611
49.3105
39.4976
62.9259
59.3693
34.1202
59.2086
55.7939
59.3741
34.1739
46.012
37.8835
46.1448
41.8069
41.8958
61.9456
43.2861
48.7015
