315.655
104.034
127.284
98.5004
191.523
339.325
189.188
219.202
8.99837
8.18537
8.44874
8.07232
187.797
9.79171
7.45909
6.98118
10.0386
7.19962
7.19473
331.705
6.96709
8.09676
7.32632
6.69458
353.292
6.99412
6.66499
351.961
7.02505
7.17022
6.46438
8.19421
6.27967
6.31741
6.51076
9.30049
408.592
8.23769
382.908
8.27421
7.15634
6.50725
6.32378
6.46967
6.33604
302.74
9.78021
7.58451
6.97487
259.139
7.63556
7.2757
8.77932
8.20137
8.76918
7.85419
114.439
7.77164
7.85618
8.14401
7.8719
173.758
9.5087
8.61266
335.067
9.37526
9.26782
7.85463
8.61222
8.101
8.85028
9.75132
7.17469
8.65859
8.92952
13.9731
7.49684
7.8589
7.66814
10.8532
7.94944
10.0261
7.03384
9.16492
10.8274
8.317
8.16395
6.63762
7.81601
8.0183
322.916
8.97665
309.653
9.27744
7.00928
8.89761
6.56454
9.9955
7.92243
10.2962
