24.6446
22.7674
22.7736
22.6377
22.8124
25.1039
23.1123
22.9483
23.3507
23.4879
23.1767
23.158
23.3254
22.8977
23.278
22.9798
23.2367
22.9819
23.1615
23.0038
22.3933
22.6759
22.3126
22.4339
22.973
23.4029
23.1687
22.465
23.0129
23.8393
23.1871
23.0242
23.2732
23.0556
23.084
23.8204
23.1577
22.9597
23.2347
23.0172
24.3218
23.3599
22.9164
23.3118
23.1409
23.1615
23.7427
23.2989
23.1205
23.3662
23.4029
23.4863
23.2349
23.0897
23.3297
23.2266
23.0859
23.1766
23.6566
23.1146
23.5528
23.7979
23.4693
23.6532
23.6443
23.1715
23.1248
23.1558
23.2494
23.5748
23.4881
23.5812
23.2092
23.6573
23.3021
23.4953
23.3218
23.2489
23.262
23.7698
23.3731
23.6596
24.3189
23.1594
23.2229
23.4813
22.9379
23.3532
23.505
23.556
23.3007
23.2929
23.7084
24.3349
23.4065
23.8879
23.649
24.0484
24.3644
23.1529
