10.0534
7.3189
7.90269
7.80109
11.4603
7.3248
8.62105
8.05826
8.19201
7.92139
7.74194
8.09371
8.33423
8.25066
8.26186
7.78683
7.44153
7.36304
8.14029
8.32358
8.75506
7.83461
7.84073
8.26286
7.79556
7.79835
7.82352
7.5578
7.74055
8.33874
7.9118
7.734
9.6945
7.84361
7.73983
7.8156
7.80932
7.69367
17.5752
7.471
7.30246
8.22493
7.44946
7.24185
7.20306
8.39446
7.55447
8.18704
8.01734
7.8079
7.83659
7.44317
7.31577
7.69797
7.47734
8.25307
8.38386
7.97106
7.8516
7.6268
7.78968
7.4926
8.14647
7.98397
7.88223
8.56009
7.5328
8.56701
8.03551
7.87488
7.72888
8.01335
7.88937
7.75359
7.54308
7.75206
8.31309
8.13706
7.99632
7.94241
7.89291
7.97443
8.13709
8.26083
7.78008
7.88002
8.05687
7.91027
7.79752
7.61066
7.5616
7.89474
7.82514
7.83632
7.64893
7.59331
7.43138
7.44343
7.39613
8.29533
