44.0586
42.5999
42.6216
42.5989
44.5178
42.7118
42.6124
42.5292
42.89
42.4905
42.6744
42.5145
42.5691
43.1963
43.6453
42.811
43.5663
43.0573
43.6209
42.6578
43.274
42.6501
42.9808
43.6956
42.6305
42.676
42.6897
42.5372
43.4516
43.0532
43.0687
43.0231
43.1687
43.4451
42.9041
42.6625
43.5617
43.7536
42.885
43.2733
43.1096
43.1103
42.9499
43.2623
43.9567
43.2552
43.5301
43.0859
42.8146
43.1114
43.3015
43.0703
42.8937
43.8898
43.7282
42.7795
42.5963
42.5848
42.6225
42.6428
42.9318
45.5368
42.9548
42.6973
43.4925
42.7714
42.6533
43.578
43.1985
43.3223
43.2744
42.9193
43.3951
43.0864
43.0067
43.0982
43.1573
43.7896
42.9785
42.6755
43.1035
43.3362
43.1032
43.0408
43.1084
43.5566
42.8212
43.4666
43.0528
43.2644
43.7232
43.7028
44.0812
43.4209
43.2742
43.2184
42.9686
43.1169
42.6843
43.4343
