9.51653
8.41812
8.14235
8.72994
8.41187
8.0852
8.20554
7.91685
7.89628
8.03446
7.8691
7.9539
7.85192
7.8927
8.60039
8.6448
8.45452
8.14079
8.26237
8.77882
8.5722
8.11962
8.14076
8.69113
8.56925
8.32819
8.24308
8.12116
8.15931
8.42722
8.65764
8.68242
8.13525
8.56368
8.53759
12.4564
8.66163
8.67309
8.32638
8.23631
8.08721
8.44479
8.57817
8.39331
8.62579
8.66551
8.65436
8.6329
8.432
8.7454
8.5062
8.63859
8.49653
8.60857
8.31296
8.35296
8.06482
8.30708
8.14343
8.14014
8.57507
8.09476
8.12324
7.99333
7.99894
8.63575
8.01196
8.70338
8.28794
8.67224
8.20555
8.16957
8.64511
8.18719
8.14438
8.10229
8.60964
8.13946
8.56291
8.17838
7.93792
8.65836
8.80085
8.37033
8.27492
8.16215
8.12975
8.12671
8.08039
8.68016
8.462
8.3497
8.04811
8.2897
8.19718
8.62013
8.54538
8.61485
8.39829
8.68619
