414.652
253.597
34.1705
216.314
317.626
259.5
51.9094
354.125
318.391
267.731
409.121
64.3735
52.9943
60.6633
281.69
333.797
265.997
315.391
265.272
54.9343
53.2783
61.4642
280.731
367.432
34.4111
34.4257
55.057
62.0199
45.5981
344.89
266.169
338.438
324.681
34.264
368.795
284.063
258.475
266.146
54.7987
51.6023
274.749
259.304
54.8434
34.3703
61.7283
51.2665
279.191
46.517
52.6931
328.16
309.56
34.5388
58.5014
51.0671
342.919
34.8861
64.9022
34.4106
380.677
34.7806
34.0261
269.816
58.8616
34.2323
33.9253
57.0311
34.0571
49.5799
34.6773
62.728
34.7365
33.9543
33.7253
59.2145
283.963
271.457
323.968
44.0993
57.3383
56.613
50.9326
61.2375
33.7981
33.7062
274.695
61.1934
51.0241
52.8931
33.9774
34.7643
34.595
61.452
33.8039
33.8731
34.4553
321.955
315.97
34.3157
34.6567
33.7656
