59.8627
52.7914
53.586
76.2012
52.9731
52.6819
105.238
95.0863
88.3123
55.6328
55.6115
57.0111
56.4624
120.072
87.7192
121.564
86.8844
103.017
59.5629
56.6159
109.009
117.193
96.4374
55.755
55.0981
54.8793
102.923
61.4087
57.9591
119.602
59.2164
115.101
57.9059
53.9801
54.2865
109.577
59.787
57.8589
94.2553
56.493
54.3729
53.2051
109.235
118.663
122.697
99.5449
61.8177
55.2062
88.203
55.2107
55.32
94.3473
109.066
102.884
61.6814
59.8462
81.7713
85.7406
96.1962
113.207
118.524
98.1951
95.2389
119.525
66.8681
118.187
94.0932
92.7165
89.754
101.473
95.3462
92.0777
99.8794
113.171
68.9128
110.924
96.2941
100.957
98.0932
114.588
111.648
131.542
66.2254
55.5772
58.1524
60.1483
94.4995
55.9472
109.326
114.514
97.795
95.725
91.3792
105.012
120.182
101.678
134.784
96.7364
118.913
121.554
