10.1306
7.52761
7.52724
7.60302
9.1538
7.47241
7.90432
7.4449
7.70948
7.45014
8.04234
7.56094
7.43408
8.22499
7.94422
7.75917
7.90568
7.56562
7.47618
7.45849
7.97573
7.44398
7.56461
7.58271
7.44894
7.50157
7.5609
8.06421
8.26248
7.93752
7.83073
7.54537
7.63727
7.55647
7.54732
7.43393
8.18896
7.63057
7.66314
7.46791
7.66333
7.51874
7.47231
7.45331
7.43151
7.88538
7.44773
7.40479
7.54931
7.4317
7.56618
7.45249
7.43391
7.93927
7.44644
8.23878
7.94475
7.82107
8.19033
7.69879
8.14784
7.67973
8.18558
7.78026
7.61897
7.78604
7.6359
8.01826
7.76142
7.67235
7.6738
7.6775
7.67657
7.70401
7.86249
8.02681
7.86804
8.09473
7.68855
7.75044
8.14289
8.16737
7.91466
7.76785
7.71973
7.67445
8.07035
7.89436
7.8153
7.72711
8.08703
7.97526
7.62376
7.8875
7.69897
7.80031
7.73678
7.62218
7.67379
7.58822
