463.494
173.852
168.777
168.296
154.088
444.858
438.519
162.171
582.281
214.886
838.17
1119.61
852.847
2264.14
163.434
174.138
1090.78
158.149
631.103
2497.49
407.557
219.532
819.769
1946.98
329.729
697.059
704.624
706.262
669.581
779.975
331.351
374.784
609.354
372.772
337.539
336.314
334.265
332.259
331.94
331.886
328.565
337.792
321.898
335.187
329.533
214.114
330.254
339.149
330.49
332.199
377.179
331.828
331.285
335.608
122.251
330.054
323.92
329.322
329.418
334.206
113.585
336.329
337.197
350.831
332.3
333.636
333.504
364.085
123.016
355.968
334.205
331.687
330.762
331.654
334.342
333.054
372.755
122.87
377.91
328.93
332.488
330.568
330.773
332.486
330.185
332.61
132.786
330.901
330.368
123.413
329.323
338.942
336.608
334.85
527.802
540.948
477.29
768.179
822.433
717.778
