41.649
43.7488
40.6999
40.4661
47.9362
40.7267
40.536
41.1042
41.2132
40.7323
40.7249
43.6052
43.1763
43.2088
43.128
43.1886
43.0193
40.6604
43.379
43.3373
43.5762
40.5475
43.0848
43.1265
40.5338
40.5807
43.6721
40.2419
43.1538
43.5256
42.5117
41.5307
43.6268
43.4873
43.2425
41.2823
42.4818
41.1815
43.4722
43.4808
43.0597
40.7748
42.9335
43.3608
43.7525
42.9133
43.1093
42.7558
40.8825
41.0195
43.2033
43.3903
43.5647
42.8383
42.7628
43.1593
43.0956
42.9584
42.5822
42.8723
41.3769
42.4544
47.1339
44.8512
41.0631
47.1565
41.0378
40.5559
40.587
40.5201
43.2814
43.6294
40.5627
40.6835
43.337
42.9525
40.8355
42.7751
42.5516
43.9297
43.4508
42.5781
42.3833
42.9292
42.6361
42.5623
43.0616
41.5532
40.6654
40.7013
44.0992
40.7124
43.9736
40.8846
40.9771
44.0588
43.2429
42.6355
40.7796
40.4874
