670.092
103.656
349.182
137.118
467.679
350.688
432.969
364.631
343.003
381.459
86.651
406.115
148.197
91.8545
390.326
389.171
357.282
128.679
128.855
379.589
130.533
381.537
407.931
422.854
413.541
454.963
463.675
136.662
99.1112
115.2
385.305
442.203
114.651
402.085
389.355
117.598
143.34
124.225
82.7983
130.225
140.409
458.934
108.245
97.32
77.8522
135.383
87.5533
145.618
104.657
94.0705
199.064
144.387
118.538
68.9302
132.715
417.666
128.49
122.714
85.8172
102.897
142.337
74.1513
78.1173
69.6772
148.03
468.006
127.516
475.364
118.872
455.444
413.598
148.828
132.979
137.822
143.875
450.462
435.677
78.3132
396.391
138.682
133.66
437.182
115.857
129.717
450.109
113.312
473.419
148.799
78.072
126.237
435.415
392.693
465.356
90.3246
445.974
144.73
87.2095
149.107
133.062
124.679
