403.87
8.16573
6.71232
6.60023
7.34179
8.3629
10.2384
7.35547
6.74546
6.49027
6.4064
6.32827
6.40355
7.44624
6.44719
6.32275
6.41481
7.14292
6.33675
6.58733
6.31677
7.05953
6.33869
6.37679
6.60114
7.03056
6.34071
6.34924
7.03634
6.39817
6.91432
6.44661
6.29944
6.31613
7.48539
7.10624
7.09962
6.47214
6.28317
6.34285
6.3448
6.29575
6.29092
6.39247
6.44422
6.32596
6.38809
6.27385
6.42209
6.56453
25.7559
7.86539
8.89468
6.59807
6.53688
6.37948
6.43313
6.51372
6.46879
7.25736
7.72041
6.53555
6.58761
6.48147
7.52157
6.80495
6.37285
6.44105
6.44437
6.37186
7.48991
6.84617
6.56534
6.50843
6.69718
7.44802
7.42969
7.11744
6.90977
6.68158
7.22527
6.51785
156.23
6.54873
6.41073
7.23003
7.17552
6.41332
7.32726
7.17487
6.37978
6.6106
6.33885
7.27821
6.81744
6.59457
6.51392
6.98828
6.76649
6.73014
