785.33
254.582
257.729
338.618
255.735
45.7562
268.57
44.861
58.9279
264.441
44.0224
63.0382
59.6022
58.8296
58.6416
61.1143
59.1792
60.7242
59.2529
66.1984
58.0009
61.9537
269.737
46.4157
59.7777
60.0146
287.846
48.5709
61.3378
278.562
45.2306
59.4704
60.1332
272.061
45.2653
59.743
59.1545
60.2009
61.0719
274.73
44.8915
58.6646
60.4481
62.0239
66.1652
66.9724
64.8248
65.3044
64.4419
65.0922
65.5929
64.0918
66.0769
285.396
46.4014
59.0972
278.349
45.0688
275.822
45.1587
366.797
265.439
47.7948
300.109
57.2712
296.435
46.088
282.43
46.3019
60.3775
63.1679
61.5799
69.1619
324.138
52.8192
325.328
52.1184
63.4372
60.0497
299.301
272.737
45.3635
290.594
274.291
52.8307
288.336
44.0658
290.139
269.667
45.4711
69.7229
58.7612
58.0796
287.546
275.606
44.7396
60.8814
62.6719
62.1765
290.734
