64.4409
63.9366
64.4016
63.9609
63.7321
62.7296
62.2942
62.3996
62.2582
62.2445
62.2875
62.4111
62.2143
62.2588
62.2878
62.2188
62.2922
62.3068
62.9306
62.5793
62.1949
62.3233
62.2412
62.254
62.8661
63.6851
62.9512
64.0335
62.845
63.7928
63.7248
62.9949
62.993
64.1028
63.0948
63.9367
63.6207
63.0608
404.006
364.649
63.1791
62.975
430.555
519.268
62.8326
558.064
757.847
63.6381
63.0661
63.023
480.583
482.882
442.431
424.021
1047.36
62.9032
62.9225
403.51
62.9212
1035.36
489.508
446.052
588.969
594.545
753.596
813.856
794.06
349.805
62.7107
64.0797
62.8413
62.8199
63.9216
63.1378
63.0504
63.8559
63.6203
62.9698
62.9613
62.7868
63.0942
63.7876
62.9156
62.6911
62.3922
63.6105
62.8875
62.9987
62.8489
62.8468
62.6675
62.929
62.8619
62.8867
62.7408
835.04
918.102
662.028
63.7031
63.0544
