63.879
63.1474
65.7978
63.5918
63.08
63.0505
63.1305
63.4588
64.0348
63.5409
63.2014
63.1417
63.1664
63.0999
63.1054
63.0639
63.446
63.4304
63.0705
63.5079
63.5242
63.5457
63.3294
63.1642
63.3012
63.4159
63.3178
63.189
63.2261
63.2514
63.6782
63.1188
63.1603
63.7691
63.1811
63.1762
63.1476
63.1667
63.1386
63.1114
63.0945
63.2303
63.1118
63.1966
63.1745
63.0936
63.2468
63.1534
63.162
63.418
63.4755
63.1836
63.229
63.0503
63.1276
63.19
63.1257
63.5095
63.46
63.1844
63.1901
63.8043
63.2686
63.1914
63.4977
63.2768
64.6833
63.5422
63.2278
63.3734
63.3477
63.2984
63.9455
63.0627
63.7448
63.3311
63.2567
63.5399
63.0451
63.1878
63.1708
63.4187
63.1618
67.9202
63.1481
63.1241
63.141
71.2503
63.1913
63.2409
63.5301
63.4827
63.2526
63.4967
63.4517
63.6053
63.1763
63.1268
63.1165
63.0141
