531.781
61.1028
37.5084
36.5111
35.4183
35.0736
35.0943
35.7242
36.6896
35.596
36.1767
35.125
56.3252
34.9759
34.9301
35.555
125.793
37.9388
35.5318
34.825
34.8952
183.815
36.8768
179.683
83.2392
36.3512
36.7344
37.3203
37.0208
37.7555
189.714
137.838
37.2703
36.4043
35.1186
35.176
34.8317
184.312
34.9893
36.6221
37.0787
36.7301
185.872
127.395
35.7788
153.862
35.3686
180.858
35.4136
35.78
178.124
175.836
36.1332
181.891
35.6714
131.082
35.6878
37.6246
103.472
35.806
35.6967
183.903
186.653
35.975
35.7478
35.9235
35.2553
187.27
130.33
35.2029
184.9
36.391
42.7571
179.662
35.5888
40.1346
36.8782
36.9438
37.0236
172.772
36.5489
37.2713
182.57
175.011
36.192
36.146
36.1105
35.9991
36.3833
36.9021
36.8437
36.9495
126.392
36.0829
34.9995
34.9464
34.9588
37.1916
36.6192
36.5584
