479.3
354.236
314.641
345.017
354.461
495.658
13.1675
366.078
278.174
387.834
296.45
7.26846
269.98
272.205
299.366
12.4794
10.5187
10.1419
8.66401
8.90507
9.0342
18.0442
11.0418
9.19528
11.4661
11.3174
268.754
7.00202
8.35092
7.38349
18.395
7.40514
333.662
248.543
9.0361
13.8084
9.1375
18.7902
7.84918
9.22739
8.47823
8.97298
19.1453
11.8791
19.0214
19.6276
21.6394
10.6984
12.0598
8.14938
340.493
15.7332
9.81185
9.0364
10.3967
19.2677
9.38383
9.58273
12.8563
10.0362
8.60242
8.62508
8.7125
13.7779
7.53761
8.20755
18.5375
18.1202
19.6293
15.781
18.9334
19.1916
8.87574
21.9866
10.3069
9.02576
8.8114
8.29292
18.5936
8.16714
8.4747
6.87
7.13661
14.6974
7.08664
6.90407
6.96599
21.25
7.18337
6.94264
6.83581
18.9098
7.22121
6.86341
9.79311
20.9179
21.1882
7.44729
7.25088
7.05592
