17.325
16.5438
16.1771
15.7805
15.76
13.6342
13.5914
13.5303
13.4406
13.382
13.3527
13.2326
13.2175
13.3056
13.2219
13.1569
84.4967
13.3171
13.2402
13.2021
13.1484
13.2816
13.2993
13.2957
13.2978
13.3443
13.3968
13.5789
13.2894
13.4673
13.4667
13.5283
13.5676
13.7595
13.9129
13.9835
14.3282
14.6897
14.8741
15.0814
15.0653
14.7064
15.2393
15.2929
15.1585
15.3541
15.3583
15.1782
15.2773
15.4615
15.4198
15.3062
15.102
15.3125
15.2778
33.7531
15.3557
15.4269
15.4226
15.4505
15.3617
15.5336
15.3678
15.3491
15.3638
20.4178
15.5051
15.3768
15.4828
15.0874
15.3954
15.3912
15.529
15.4112
15.3652
15.4034
15.4318
15.4356
16.8334
15.4425
15.6092
15.5966
15.4197
15.7682
15.5157
15.6186
15.5277
13.3921
13.2992
13.2486
13.2046
13.1625
13.2328
13.2165
13.1462
13.1858
13.0988
13.3048
13.3489
13.3762
