603.65
300.6
317.041
349.38
278.068
373.078
346.907
336.866
351.734
329.199
84.022
443.531
359.141
77.5325
80.3865
74.8376
38.4883
86.1153
82.1512
38.0623
326.189
69.6689
76.6871
38.1654
37.6228
338.805
87.1852
62.4182
295.932
79.8648
81.9912
39.4846
79.7657
39.1938
36.7378
73.9657
71.4837
36.5349
42.9015
373.708
84.9137
50.8626
50.876
37.4389
341.141
70.0348
64.3871
363.773
348.126
75.6275
308.898
353.093
82.0026
347.617
71.8944
347.231
345.843
339.765
363.513
74.8371
374.069
70.9479
65.169
53.1566
59.4904
47.4472
324.48
343.925
86.8332
41.6498
62.0023
36.6662
36.0262
54.9711
82.8664
77.0099
51.6853
39.7568
50.5731
338.126
57.4459
37.8465
81.8676
37.6701
78.0957
50.4168
69.028
59.3169
77.5755
68.3473
63.3579
39.0283
37.0851
36.8725
38.3078
36.9749
78.4684
89.9794
78.4129
38.9128
