55.4107
52.0015
48.9313
47.6287
56.4392
51.6978
50.7578
51.1038
50.2379
51.8903
51.6737
52.965
51.6537
52.272
51.6362
54.1919
51.4685
51.8199
48.753
51.2169
54.58
53.181
53.1695
53.8375
53.7849
53.3222
52.5333
45.8865
45.4738
45.1005
52.1665
53.7558
51.1505
52.8864
53.0977
64.593
51.7626
53.7313
46.6007
53.8381
50.5871
52.988
45.7653
45.5422
45.2754
53.0123
53.0138
51.1
55.251
52.9945
52.8885
51.4858
52.5539
54.2544
46.5304
50.0613
53.5944
53.0924
52.7719
70.5708
53.1388
52.3548
53.1474
53.1409
52.4531
45.5467
55.6653
53.137
53.7603
53.9692
51.6304
52.4239
51.8398
53.602
45.7259
52.3539
53.8274
45.0487
45.7697
44.5063
44.2917
46.0368
53.3395
52.9027
53.2936
53.5294
55.8321
44.8204
54.1034
46.1213
66.2097
52.3983
45.2008
45.4883
43.9892
44.1245
44.0903
54.3317
44.8427
45.4208
