429.654
318.345
265.512
373.04
418.341
392.285
334.405
262.412
306.667
34.2799
60.6921
56.2876
65.62
333.45
36.0392
323.334
52.8316
36.8566
68.358
34.3673
33.9676
54.8814
43.5416
60.876
64.9306
34.9019
63.885
34.3207
34.4634
66.1127
53.2302
34.076
35.2638
66.3059
57.9478
351.952
58.6789
57.5036
49.2392
55.3084
59.116
66.3335
42.6848
51.4618
66.7299
57.5773
34.6747
68.2267
57.6005
36.4093
62.2537
66.2367
56.1815
34.9862
34.092
34.4502
52.0244
34.349
35.4204
34.9553
34.2509
34.1598
35.5923
63.4848
63.99
58.9628
59.8586
65.3101
34.7026
34.1439
34.1536
35.0088
35.2461
348.655
35.2745
34.4371
34.327
33.9281
333.422
62.7843
68.3686
329.406
58.475
349.684
35.668
34.461
62.8944
360.562
58.4191
35.3043
65.578
35.077
37.7333
65.6942
61.829
35.2979
34.0123
33.9983
34.3873
33.9914
