544.947
281.206
297.321
360.482
19.1684
273.597
330.711
317.491
365.971
267.704
10.7161
363.07
30.4654
306.16
339.556
307.59
307.148
256.266
261.734
10.1733
30.3292
37.7788
13.4773
13.9552
12.5939
15.1565
14.8074
12.5949
12.29
16.4356
352.718
367.162
337.778
24.8839
34.6657
14.9516
38.9439
38.3791
12.5209
12.4152
13.1705
23.2925
15.4323
12.833
24.7681
14.3854
11.8131
12.0968
12.4041
21.4348
40.1569
290.121
355.939
21.9524
471.509
30.197
459.116
31.3638
20.5427
16.1378
294.447
10.3342
25.3602
11.5168
11.8816
13.4039
35.1531
14.0363
12.1813
381.76
29.3969
16.6571
12.3671
36.6228
26.2993
15.0926
55.1287
15.6629
13.2638
34.6021
24.8412
38.5604
33.7724
39.4901
20.4349
18.8544
37.2363
15.9134
26.5213
12.3818
31.1242
37.3614
12.7844
13.7906
14.1186
35.6018
14.6165
14.2657
32.6996
18.8912
