10.4894
8.49093
7.94254
8.62475
7.91646
8.93777
9.32463
7.91529
7.8828
8.32044
7.86273
7.84358
8.04993
8.00743
7.8786
7.83395
7.81752
8.51999
8.31778
8.09243
8.06555
8.01299
7.8677
7.8276
8.04925
7.85816
8.26251
7.82708
8.21382
7.8585
7.85584
7.82798
7.84154
7.83658
7.81568
7.92144
7.83723
8.77672
7.92632
8.38829
7.9239
7.89712
7.85848
7.89837
7.8747
7.86369
8.39069
7.90576
7.98734
7.87525
7.87967
7.84776
7.82566
8.03576
7.91174
8.36473
8.34374
8.18041
7.91047
8.06019
7.84235
7.99315
7.88187
7.91291
8.1945
8.32655
8.14691
8.05337
8.45578
8.07836
7.8634
8.03661
8.31499
7.86001
7.89624
8.0164
7.88827
9.44037
8.12274
7.86787
7.82457
8.41168
8.30061
8.24889
8.26178
7.88439
7.86395
7.84175
7.871
8.2297
8.39217
8.31726
7.96448
8.17211
7.92266
7.84228
8.46134
7.8823
7.91606
7.81421
