1161.26
894.701
709.391
694.184
1590.61
1523.14
714.3
711.606
772.023
703.807
699.123
690.427
701.936
702.54
711.159
701.32
709.351
710.52
693.018
686.227
696.507
702.528
708.924
710.758
708.067
699.292
782.072
711.46
730.555
727.472
736.047
696.799
708.792
709.233
707.463
692.047
705.036
708.969
711.729
711.336
706.065
703.553
46056.4
692.729
714.604
681.633
720.345
695.588
697.3
2504.35
691.457
693.26
684.682
700.871
688.716
698.957
697.222
703.466
695.522
694.019
693.276
707.293
713.7
685.207
709.911
696.253
680.527
680.316
687.746
691.211
687.926
694.301
695.125
701.84
690.992
687.797
693.142
695.82
693.194
692.671
700.096
694.449
711.196
700.615
699.676
712.511
717.613
694.247
697.78
694.697
703.019
728.934
680.283
700.987
700.783
690.513
691.918
701.743
701.419
691.518
