42.9307
42.1851
42.2498
43.0788
42.2563
42.0915
42.7838
42.1186
43.4742
42.3445
42.0046
42.1005
42.1364
42.1971
42.3875
42.5617
42.2064
42.1657
42.3396
42.2454
42.3426
42.4029
42.7276
42.5886
42.5693
42.28
42.2702
42.2292
42.1392
42.1342
42.6309
42.2965
42.0336
42.2452
42.2411
42.1865
42.945
42.2459
42.4706
42.7202
43.4096
43.2387
42.1397
42.0932
44.1229
42.8756
42.1691
42.2311
42.005
42.2102
42.1528
42.7064
42.2804
42.1613
42.0847
42.0848
42.1062
42.2328
42.1375
41.8465
42.2126
42.4986
42.5588
42.8625
42.0801
42.2595
42.1004
42.1946
42.1851
42.7731
42.2653
42.1004
42.3937
42.3081
42.4403
42.156
42.9513
42.2541
42.0742
42.1544
42.3025
42.3029
42.7811
42.6334
42.7732
45.4303
41.9122
42.3178
42.1828
41.9897
42.6787
42.2195
42.139
42.2327
42.1788
41.9996
42.2504
42.4552
42.2706
42.8034
