782.513
452.239
450.751
452.014
438.504
464.302
463.293
462.301
447.674
459.818
469.224
465.102
441.895
473.757
463.73
464.62
496.739
452.418
427.494
417.909
406.253
408.017
417.615
405.455
417.483
444.948
412.72
415.328
412.253
425.525
413.553
409.33
422.055
412.522
409.617
409.456
424.367
421.957
414.252
410.211
426.204
433.465
406.843
403.454
455.781
414.321
402.256
421.777
412.793
410.162
406.128
414.343
414.26
407.635
445.107
424.343
420.989
405.304
405.841
446.334
421.16
408.114
408.698
434.322
411.043
406.406
405.658
407.868
402.129
417.848
411.162
406.91
408.91
404.288
411.34
409.952
405.625
414.526
426.062
411.736
415.419
411.456
429.101
407.323
410.64
406.26
453.912
413.733
413.706
413.082
402.366
410.069
407.398
410.964
409.146
412.257
406.163
419.945
411.884
404.533
