500.029
330.081
362.742
256.469
8.77446
6.50943
311.56
6.36051
268.063
243.6
6.90875
6.425
257.337
6.46425
6.24699
6.33646
264.331
6.29759
8.91386
10.1622
275.529
8.35392
7.09529
10.7523
7.30737
7.53954
6.95513
7.04074
6.87951
6.85651
6.78331
6.92483
9.77766
6.91845
7.25973
264.992
6.87434
7.80471
8.33579
269.485
10.6876
7.84376
270.525
6.81989
6.81749
6.79757
6.81419
6.93959
7.07749
6.71519
6.73714
8.75743
6.50437
8.62541
6.82688
6.67853
7.07047
7.47332
7.3283
6.84822
8.04354
6.83398
331.997
8.3675
7.53691
7.85529
7.57812
8.30843
7.46326
7.00765
288.496
34.2371
24.4238
7.69153
6.56077
345.745
6.70993
6.49012
6.40691
7.05056
6.30983
360.203
10.8817
8.74902
7.55365
6.67522
6.40207
10.387
7.39061
9.30627
7.06002
6.92012
7.92093
6.65755
8.16776
6.35408
272.554
7.42456
6.66249
6.31243
