274.502
7.03813
9.75318
7.51866
6.6824
7.27599
6.6294
6.80376
7.9111
6.7214
8.04585
6.69401
6.65603
6.75802
6.94537
7.60222
6.66249
6.64466
6.56109
6.55196
7.74393
6.96426
6.83731
6.66953
6.6186
6.62493
6.58437
7.34304
6.68378
6.57989
7.7223
6.75476
6.64194
7.28988
6.64052
6.74438
6.54348
6.57787
7.27251
6.58005
6.54358
6.7801
6.59753
6.6313
7.87426
7.26881
7.18829
6.82273
7.29459
6.87368
7.55631
6.72397
6.86447
7.89532
6.7721
7.44315
7.0845
6.68518
6.61221
6.49838
6.55596
6.59921
6.57433
6.61216
6.58769
6.54599
7.19471
7.29516
6.69484
6.68188
6.60252
6.63531
6.71648
6.97621
6.61738
6.60168
6.62284
7.55133
6.56276
6.57038
6.60911
6.77166
7.32536
6.70771
7.61084
6.71006
6.68293
6.64399
7.05461
6.55709
8.09671
6.59945
6.60954
7.65039
6.74152
6.67237
8.0421
6.61995
6.68127
6.5922
