467.825
183.257
11.0497
273.24
262.532
9.1998
10.8075
13.932
8.98726
9.82169
8.90665
8.60669
6.63488
9.06428
10.077
8.43837
7.55267
11.0683
12.3137
9.59369
10.9357
17.1048
6.75182
11.6848
11.9919
6.51348
6.98284
11.0672
9.8658
11.2997
7.19189
10.9939
6.49962
11.1197
10.3269
9.29064
7.37139
10.8707
10.4323
15.1624
9.43169
10.663
7.33196
7.28052
6.48066
10.5953
11.4837
7.48214
9.31818
9.01916
12.1012
9.91852
11.3703
14.1467
11.5291
9.66215
9.42872
9.3477
8.44548
10.8101
10.9731
10.9444
8.92971
11.3082
9.65537
13.8427
12.5939
9.23084
8.97402
8.8952
6.60508
7.03826
8.1369
11.2294
8.98983
339.746
10.77
10.1326
9.63879
8.95697
8.95702
9.57508
10.809
8.76646
10.4641
10.2226
8.77946
9.66598
10.3466
9.81463
10.4865
9.85887
10.9444
8.98194
10.2143
10.8791
10.6256
9.90379
6.51258
13.8777
