13.7075
15.7007
7.7704
15.6305
16.9039
9.02895
16.0982
8.15281
8.45601
7.86785
8.23746
7.91518
16.5185
12.5152
16.3933
7.91888
8.05132
16.0814
8.13305
7.71659
7.79598
15.3301
7.7987
7.6973
16.1544
8.52444
14.145
8.34657
7.94793
8.13837
7.86798
10.9848
12.1638
8.03263
7.9285
7.99532
7.90803
16.8538
7.59124
7.68868
7.73077
7.71839
13.4781
7.88706
7.89666
7.84807
9.01284
8.08316
7.99427
7.9497
7.85527
16.3814
9.24053
8.39536
8.72391
8.44719
8.28932
8.39162
8.04188
7.95833
8.31241
8.02256
8.12442
7.99064
8.74925
14.3574
7.99585
17.9433
15.767
15.7078
14.8955
8.1029
8.12297
16.0026
12.8408
14.9552
9.92302
16.3295
8.84347
10.2904
15.678
16.277
15.7696
11.0104
9.16311
8.47379
8.17493
8.26622
10.9996
12.0369
12.916
7.91253
7.76731
7.75796
7.63431
7.63293
19.1661
15.5643
16.191
9.47235
