17.2071
9.56038
8.62822
7.95026
9.47092
7.69664
8.41472
7.59879
7.83521
7.56615
8.47204
7.69588
8.28517
7.58641
7.56348
7.52265
7.53873
7.59046
7.54716
7.54937
9.41252
9.2325
8.24455
7.67507
7.58274
8.20564
8.30804
9.69899
8.89857
7.85149
8.36084
7.59993
7.54922
7.49374
7.62896
7.58769
7.68644
7.52977
8.0958
7.56504
8.19318
7.59852
7.5422
7.60176
7.596
7.57962
7.56001
7.52161
16.1705
7.68034
7.60632
7.58707
7.94632
7.62171
8.00739
7.59591
7.72718
8.43552
7.66801
7.79582
7.64675
7.5983
7.57377
7.54787
7.55795
8.08658
8.20135
7.60927
7.574
7.56125
7.60198
7.57238
7.55458
7.55863
7.59537
7.56351
7.64186
7.58049
7.57371
7.56313
7.61168
8.15644
7.70775
7.53416
7.53578
7.6207
7.54078
7.52781
7.60983
7.55032
7.5738
7.96449
8.20331
7.56027
7.77424
7.66175
8.22274
9.85481
7.82876
7.71594
