267.516
220.308
98.2835
226.245
154.798
326.176
192.707
187.64
200.269
331.816
7.76754
7.83098
101.876
189.4
9.28688
343.259
8.7266
8.25169
9.08442
8.90131
7.85858
335.844
220.011
9.01516
140.341
8.51017
7.50423
10.2225
6.4264
254.814
7.64305
249.06
8.79328
338.201
337.182
244.642
8.76581
8.88851
284.401
10.8964
180.614
8.894
8.52905
6.79226
9.72294
161.057
7.95707
7.34485
331.359
8.74138
9.07501
8.30695
7.78987
8.28394
7.5866
103.426
7.56364
8.02767
7.50252
14.4887
28.8009
14.6263
10.0373
6.74891
6.33536
6.12958
6.02252
283.831
9.36731
9.00796
9.26347
6.73162
8.90141
6.52821
11.0693
8.69538
7.99501
265.692
9.34398
7.63549
7.59969
256.784
9.02546
7.93298
7.80252
8.78867
383.316
12.9961
8.07355
10.4441
9.09559
7.64785
7.80904
66.2173
11.1487
7.92714
7.81139
6.86154
8.08997
7.56569
