756.916
276.58
56.9044
196.414
77.4569
76.1468
568.313
583.779
196.54
624.627
1693.96
479.916
172.95
1865.87
180.256
501.008
1756.55
503.758
223.037
896.359
1755.62
836.81
938.058
221.148
207.493
945.771
932.736
1978.86
181.051
596.134
2150.99
429.689
1245.73
738.751
987.983
199.065
182.75
162.633
206.243
193.053
173.744
196.171
85.1764
76.7146
188.384
706.246
76.3866
84.9804
85.0992
85.3102
84.8884
102.733
109.86
109.673
195.692
192.249
90.8271
65.6026
45.9955
472.088
96.9054
172.048
45.8803
559.337
109.919
115.382
139.724
52.6188
51.1888
82.2757
91.9651
46.0255
49.4726
49.6107
49.4637
97.678
95.8071
46.9725
49.256
110.939
45.6478
45.6275
45.6725
175.073
45.4133
49.2325
45.4386
45.5331
49.2013
45.6653
49.0663
49.2595
49.2428
98.3271
175.397
45.7
45.5422
45.711
49.2128
46.187
