15.0959
14.0857
13.7346
13.4187
13.4845
11.8997
11.9612
12.0401
11.8879
11.7862
12.3238
11.9416
11.9501
12.0579
11.8818
11.7885
11.8021
12.1658
11.888
11.8349
11.6853
11.8891
11.8466
11.8415
11.7444
11.9929
11.945
12.0349
12.0758
12.2151
12.2391
12.2768
166.526
14.3811
14.2995
14.0501
14.2601
14.1485
14.161
14.323
14.1606
14.2354
13.5077
14.1984
14.3169
14.3463
281.855
14.817
14.2501
14.376
14.4225
14.4768
14.1677
14.3586
14.2499
14.334
14.191
18.8551
14.7822
13.9255
14.1787
14.2402
14.1745
21.7266
14.0785
14.0522
13.8885
13.6242
13.5504
13.4413
14.9418
13.7878
14.3812
14.3734
13.9442
14.0429
14.1893
14.0461
14.1026
12.8636
12.708
13.1089
13.3395
13.8422
14.03
14.1065
14.0654
13311.6
12.1023
12.0733
11.8282
11.8346
11.798
11.8602
11.8293
11.8365
11.9281
11.9798
12.0085
11.9579
