712.983
308.417
321.926
313.472
319.746
305.868
292.796
302.752
309.251
309.571
293.741
303.316
308.43
299.463
308.874
305.803
328.191
305.693
343.645
306.805
313.394
304.705
298.342
299.028
303.082
306.667
306.164
296.804
299.664
306.037
315.942
302.961
308.611
292.403
300.539
310.693
311.306
297.339
302.986
314.617
307.106
306.751
297.084
297.31
298.337
308.4
295.733
318.592
324.002
317.235
317.16
302.654
315.855
301.329
307.08
322.917
297.899
305.976
302.13
303.845
320.759
309.402
335.699
304.866
296.248
312.725
292.712
303.301
293.036
303.894
304.056
316.715
316.484
303.048
304.989
311.523
300.599
299.759
301.893
306.176
299.512
306.076
305.629
295.117
293.382
299.599
313.567
301.91
296.489
309.052
296.893
319.26
302.154
318.02
298.203
299.793
313.258
305.423
299.154
298.931
