11.0494
7.05129
6.81011
6.84949
8.55282
6.75052
6.6298
6.64764
6.89237
6.56457
6.63475
6.57827
7.06737
6.57633
8.53139
6.60873
6.51354
6.55741
6.60361
6.88002
6.56541
7.34969
6.62805
6.76526
9.38259
9.04593
9.42425
6.9923
9.83953
8.90091
7.50421
6.59123
9.65038
6.67826
6.73778
6.79289
9.28047
6.87732
6.93118
8.37994
6.48022
6.45639
6.40982
6.48812
6.54467
24.4243
6.73726
6.60656
6.55513
6.77668
6.73192
6.58634
6.53265
6.4455
6.77716
9.91985
8.97765
9.18963
8.61594
7.93965
7.0442
6.61059
7.79601
6.55224
6.54718
6.5143
6.43887
9.25511
6.73432
9.9201
6.82857
6.71673
8.56908
11.2026
7.10457
9.00099
9.54888
6.76828
6.91367
7.26415
6.66445
6.57806
6.66639
6.70997
11.3513
6.799
6.68648
6.55896
6.67585
6.62328
6.66865
7.36303
6.64084
6.58841
6.88541
6.5405
6.59297
6.5713
13.3371
8.92115
