778.706
356.862
377.433
251.408
45.2376
59.8096
59.1597
59.5014
65.131
64.3378
59.5169
62.2611
60.4317
61.2151
280
46.9608
267.039
47.4225
276.797
46.2647
59.6028
59.2137
58.9636
59.451
58.9916
60.9558
58.6243
270.361
45.1828
67.8883
63.3956
60.3906
62.4697
63.5279
285.923
46.9613
62.9489
61.056
61.1466
66.2555
58.6709
271.38
53.1844
58.4996
59.1244
60.1335
62.0647
71.2936
62.8655
60.3545
59.9572
59.5693
59.8598
60.2706
65.7219
67.7222
60.2151
60.6812
287.4
46.2801
65.8147
58.2814
59.8289
63.4808
59.5673
59.2265
72.5386
295.961
271.796
391.217
45.2687
290.929
45.6753
59.7112
288.569
273.078
46.1317
289.771
53.6611
58.8788
61.4242
65.6003
291.268
54.5815
293.31
271.235
288.655
46.3058
297.38
281.917
280.076
281.273
284.042
280.203
46.5936
61.5198
67.6874
433.394
272.205
272.701
