8.004
7.09191
11.3924
7.34644
7.72424
7.0898
7.61547
7.07058
7.16349
6.96015
7.43573
6.94727
6.96743
7.05057
7.32509
6.94642
7.48227
7.06521
7.00627
6.98449
6.98562
6.95376
6.96479
6.98521
7.046
6.99132
7.10185
7.00988
6.97695
6.99469
6.95258
7.13103
7.02103
7.9915
7.01114
7.01882
7.03799
7.05145
6.91909
6.98576
6.91968
7.29045
7.4019
7.49071
7.29759
7.1379
6.98604
7.96512
7.3706
7.07
7.09214
6.95379
7.00126
7.1387
6.95888
6.93348
6.95847
6.98751
7.03598
7.0105
6.94982
6.94831
7.42458
7.38881
6.99811
6.95969
6.93306
6.97466
6.97467
6.96581
7.09516
7.40597
7.27703
7.65987
7.50141
7.6104
7.23953
7.18759
7.59931
7.11623
7.17131
7.58167
7.62726
7.09929
7.00883
7.02273
7.0565
7.12559
11.9692
7.0818
7.59987
7.5969
7.57141
7.06238
7.67323
7.33048
7.08894
7.09074
7.06657
7.56892
