797.545
354.609
359.221
368.138
357.861
355.939
350.602
360.584
348.679
357.376
366.849
361.803
365.549
366.124
353.461
353.675
392.936
361.551
362.174
358.065
359.32
393.408
341.129
384.732
341.305
373.283
343.966
368.176
336.101
353.143
351.39
341.676
343.386
362.467
359.62
343.6
349.178
370.163
358.562
370.439
347.471
359.959
353.915
365.739
351.378
344.858
346.227
339.96
358.174
338.943
357.174
337.586
368.059
356.258
355.973
365.439
341.025
356.525
362.226
388.277
365.597
399.689
368.225
357.777
349.23
366.687
351.8
367.159
353.474
352.861
364.124
344.921
341.231
345.169
359.632
356.968
351.603
343.95
351.503
354.789
345.807
346.267
343.457
359.017
345.899
353.53
353.423
347.073
358.377
359.436
341.353
353.204
354.568
347.151
353.269
348.809
347.645
343.315
346.725
354.255
