400.523
96.339
169.61
27.7286
107.945
23.9467
170.704
258.995
169.025
176.485
42.5122
13540.5
106.425
22.0687
24.3769
22.8189
106.411
22.3462
23.9722
185.013
274.757
20.6419
270.329
27.279
304.499
375.078
22.3918
307.97
21.667
21.239
21.1867
493.48
242.486
21.8194
21.3419
22.7936
23.9866
23.9238
319.318
21.064
376.824
21.6124
21.3492
21.2232
276.115
21.9895
21.9794
21.5248
22.4229
24.5007
26.3028
26.6391
24.7286
26.8156
796.221
42.9731
50.6035
50.7831
504.233
50.9038
179.99
51.0312
47.871
50.8307
50.6789
51.0265
51.0785
51.0984
182.324
174.084
51.0619
51.0233
50.7683
50.862
53.7529
50.816
50.8114
52.9057
182.372
51.1211
50.6664
50.8447
50.5987
45.1245
50.8268
50.7509
50.7737
51.144
49.2165
50.9187
51.0253
49.4138
51.0534
46.9165
46.6213
184.364
51.1855
50.9925
50.8811
51.071
