20.2403
19.1201
19.0718
18.969
18.9857
19.0262
18.9899
19.1921
19.1227
19.3741
19.269
19.2878
20.209
19.4834
19.5089
19.6432
19.4411
19.2747
19.4202
19.2682
19.678
19.5366
19.2243
19.3232
19.2907
19.5226
19.9166
19.495
19.4417
19.7501
19.3181
19.5652
19.6915
19.8279
19.4454
19.6573
19.5543
19.5883
19.4348
19.473
19.926
19.7957
19.5531
19.6066
19.8178
19.6155
19.3878
19.8727
19.4498
19.9825
19.9443
19.7029
19.7134
19.5089
19.487
19.6317
19.5465
19.774
19.4234
19.9247
19.602
19.7493
19.5097
19.8926
19.7126
19.5835
20.0595
19.925
19.9166
19.5087
19.5725
19.7664
19.444
19.9715
19.872
19.6033
19.9101
19.8687
20.0329
19.7275
19.6639
19.7821
19.5931
19.5886
19.9924
19.5076
19.7431
20.3672
19.5752
19.6105
21.2564
20.0535
19.7672
19.4044
19.9205
19.4371
19.9483
19.9311
19.6219
19.6355
