476.046
324.458
245.669
354.56
7.24977
6.75957
6.92455
6.20419
6.02285
6.0136
5.96336
5.94899
5.91161
5.88579
6.93621
5.95618
6.88616
308.655
7.09455
7.26177
6.66815
6.2886
6.0157
6.6984
5.88959
5.84712
5.91556
7.27912
6.79677
6.84538
6.09488
6.07812
6.27384
6.58286
5.7757
7.39905
6.8773
6.16949
6.45377
5.95126
6.30121
5.96307
6.74698
5.92242
5.8851
6.87012
6.91666
6.9514
6.14347
5.96857
5.99435
5.95743
5.95202
6.59359
6.22091
6.03934
6.1463
8.25226
6.25279
6.12366
6.00108
5.82242
5.88938
7.49271
6.81027
6.70667
5.97968
6.03054
7.14721
336.323
7.06925
6.4056
6.32997
6.10207
6.8784
6.59315
5.99752
6.96896
6.95965
6.40805
6.61685
6.2203
6.04441
5.89652
5.97573
7.0314
6.39953
6.15795
7.62082
6.03434
6.80163
5.86148
5.94431
6.76375
5.83533
5.88102
5.86662
5.99056
6.22329
5.83824
