439.38
389.992
381.962
342.448
420.023
335.194
265.603
32.9047
319.565
265.365
33.0903
29.5755
265.974
342.924
33.8186
29.3999
28.1857
33.4156
316.639
34.4624
33.7052
32.7902
28.7267
31.4095
31.9854
32.194
33.8237
31.4437
31.42
32.5501
31.2237
31.5045
32.2878
31.7915
32.8384
31.3212
31.0945
310.12
28.1582
33.0144
32.358
33.3648
34.0021
32.0886
32.8636
28.8062
281.888
33.6702
32.4516
28.7189
34.1284
32.5375
28.6928
33.8497
33.3867
28.7465
31.6093
32.9171
33.7958
33.9389
29.7903
32.556
29.0198
33.2594
33.8588
298.398
268.57
272.355
34.2481
329.084
32.4042
292.422
32.4442
33.1167
29.0798
28.4902
28.3994
29.194
32.3097
32.4093
34.3663
28.7698
28.2598
34.3137
33.0776
33.5235
31.8531
29.7233
28.4981
28.7191
28.352
28.025
37.8312
33.6074
30.388
29.8717
34.7708
34.5344
30.4761
33.8149
