11.8616
9.00366
8.25438
7.9125
7.93685
7.27572
8.7951
7.35657
7.62559
7.38693
7.15913
7.32408
7.23145
7.16525
6.99293
6.99862
7.2138
6.91765
6.91848
6.88932
6.93134
7.94727
7.61572
7.41928
7.2668
7.28904
8.44655
7.75228
7.59032
7.36351
7.33926
7.16262
7.22094
8.08324
7.80218
7.32044
8.01189
7.63973
7.52342
7.27194
7.43966
7.20933
7.21873
7.10852
7.28951
7.35184
7.06908
7.07484
7.0559
7.03769
7.03669
7.13042
8.86047
7.70669
7.17829
8.06891
7.79307
7.89896
7.09156
7.19366
8.04482
7.6027
7.44986
7.55701
7.64039
7.6002
7.29498
8.02241
7.86893
7.60818
7.50015
7.29921
7.04401
7.27248
7.21444
7.2688
7.256
8.03023
7.27924
7.06233
7.00424
6.92006
7.42484
7.35841
7.23953
6.93948
7.04748
6.94152
6.90144
6.90661
7.54992
7.28607
7.04443
8.01993
7.29543
7.18861
7.87054
7.23946
7.99543
7.29123
