37.3
35.9363
56.9647
36.3495
37.4095
34.6042
35.073
35.4805
36.0345
34.7588
35.426
35.3276
34.5406
33.5408
33.3663
34.266
55.9944
36.7469
36.0106
35.927
35.5744
35.1246
35.2152
36.1208
36.1561
33.9619
34.6703
34.2424
34.12
34.5855
33.9792
33.1018
52.8771
36.9841
34.918
33.6609
33.5033
34.6633
35.6313
34.3948
34.5875
38.3203
34.7976
33.2338
34.1812
36.4175
51.1295
35.7908
33.6159
32.7191
58.4113
35.3244
39.9976
52.7095
54.7301
37.3293
36.1511
37.4394
33.9163
34.1286
36.1309
34.6935
33.2768
34.4032
35.1233
35.9302
33.8929
33.8662
56.8631
56.6044
55.9602
52.502
57.0902
53.4028
35.8892
35.0217
35.5755
35.6609
35.4121
51.9247
34.8195
36.2778
33.6046
34.297
35.6759
36.5705
33.4888
34.1886
34.2967
36.3648
38.3049
35.7021
55.8008
34.9372
58.1272
35.2171
33.693
51.4951
42.4331
56.8796
