49.671
49.884
49.4494
49.4827
49.0987
47.7018
47.6625
47.8438
47.65
47.6178
47.569
47.6636
47.6956
47.5599
47.6017
47.6989
47.6477
47.7799
47.6438
47.6867
47.6864
47.7987
47.6475
47.6453
375.18
47.6911
47.6644
47.7197
48.0735
47.761
47.6177
47.6906
47.6732
47.7522
417.475
311.851
47.678
47.7022
47.6336
47.6621
48.0717
48.2183
47.6922
47.8328
47.6761
47.7451
47.7344
47.7551
47.7247
47.8459
47.6868
48.059
47.9258
47.7512
47.6282
47.6853
47.6773
47.6885
47.6474
47.7126
47.7523
47.6924
47.6025
47.6482
47.6612
47.8103
48.3105
47.7784
47.6667
47.7562
47.6603
47.7611
47.7352
47.7184
47.6545
47.8235
47.8707
47.8392
47.6786
47.7372
47.7071
47.8134
47.637
310.631
47.7449
47.7874
48.0782
47.7887
47.6994
47.7705
47.6201
47.7502
47.7818
47.7363
47.703
47.6513
47.6857
47.7578
47.7338
47.8142
