77.9415
107.8
57.7389
55.4607
109.53
53.1899
138.759
131.346
149.45
162.102
126.728
115.658
136.483
129.191
110.4
123.784
150.852
117.22
108.796
49.7862
59.071
53.6086
121.343
145.077
143.632
126.76
121.392
141.142
120.73
123.276
104.677
62.3673
57.0572
110.479
141.528
145.032
138.04
53.7348
128.167
113.735
149.805
81.8515
47.7469
54.3423
89.4377
77.6511
62.1915
108.477
66.3503
97.9996
52.1432
109.616
92.5347
111.838
60.6646
56.2297
64.7759
52.5065
107.559
120.3
118.282
76.8646
47.4085
54.9507
54.7718
51.3425
53.7551
53.5008
57.1133
54.7158
112.116
55.5522
58.2441
51.6181
136.839
79.9166
50.0627
75.7524
58.2988
53.3041
118.822
58.2206
52.4301
129.642
110.424
98.6676
80.3144
51.9244
54.9382
51.6107
117.481
56.9841
54.6256
53.2398
53.4671
105.025
112.586
122.383
148.685
126.481
