557.447
347.366
321.671
27.8065
303.711
374.381
402.034
399.277
25.3062
15.572
500.324
356.287
28.9337
20.2992
38.06
378.217
338.405
330.602
34.7069
11.8189
37.611
31.295
19.8301
278.326
376.951
302.719
373.276
288.539
268.296
16.0466
11.3083
12.3252
11.6989
352.697
18.091
14.4168
372.325
17.9787
24.639
18.5348
36.9568
17.5712
28.5384
12.652
11.2325
28.3669
11.3734
37.6219
13.9145
12.3447
37.5457
12.8104
12.1833
11.6876
12.8488
33.8265
12.8223
36.9449
40.5118
60.3437
16.8286
352.575
31.9176
310.531
31.8789
35.5297
26.7938
32.1621
18.7161
36.614
37.2808
14.1208
12.7143
33.5202
36.2929
40.4073
329.176
13.8209
32.3714
39.0622
34.5855
37.5127
29.5052
37.7563
19.5332
39.4525
38.9279
12.8755
11.7395
37.4315
12.2654
359.457
26.4968
20.2399
19.4378
14.449
12.351
12.2144
299.168
30.0428
