472.053
324.399
40.2619
397.051
44.8182
30.4265
45.0684
40.0919
30.0317
30.0234
29.7297
81.6413
30.5954
52.8792
57.5917
30.2422
30.175
52.8614
50.2278
29.0272
29.4325
33.2355
29.5672
28.8112
75.7492
30.5998
41.2961
30.6756
85.7705
31.7544
30.294
30.318
50.7882
30.4966
54.6144
29.6711
29.0313
28.8162
29.7583
35.6813
63.6525
29.9957
85.1989
29.9486
30.62
49.454
30.0264
30.6176
53.1004
31.5268
29.5816
29.6345
44.6008
45.3902
51.2409
80.0079
72.6216
28.9295
68.636
29.9944
28.9254
29.0764
28.7528
30.7991
30.0495
28.9257
28.955
43.3527
52.245
30.3935
29.2609
28.7621
28.6511
49.6671
29.9385
29.7769
28.8102
37.9138
45.5274
83.9098
30.3121
30.5165
28.7445
28.7532
28.7563
28.882
45.8092
66.7466
30.5562
29.7427
28.9084
30.2016
30.9412
30.6493
29.2294
28.8333
28.95
28.8144
28.8
28.7936
