446.426
360.72
6.49741
6.28607
5.99819
6.31414
7.71939
7.10649
6.89651
6.16961
6.18135
5.90655
6.04197
5.9127
5.88244
5.79856
5.87002
5.88024
6.00204
5.80753
5.89035
5.92644
6.16173
5.85686
6.07238
5.86174
5.80622
5.79245
5.81121
5.96138
5.78777
5.78118
6.62057
5.8208
5.72923
5.79005
5.84278
6.49442
6.60353
5.79332
5.90026
5.77199
5.76412
5.91085
6.7447
6.20166
5.9719
6.24567
6.03846
5.85682
5.86539
7.27399
6.7125
6.05571
6.05295
7.0128
6.96988
5.84167
5.96316
6.08324
5.87902
6.00818
6.02538
5.88804
5.98471
5.83544
5.85959
6.72649
6.33953
5.90026
5.82418
5.81245
5.83815
5.85053
5.86556
5.90332
5.82954
5.82669
5.80666
5.80175
5.83654
5.81019
6.37737
5.92783
350.499
5.93824
6.62858
6.86696
5.98626
5.93922
5.88631
6.66487
7.80942
5.92487
6.02786
5.77155
5.76828
5.78617
5.8347
5.75738
