339.341
200.878
8.7736
6.56931
6.02589
6.05028
6.00093
5.92967
10.2242
7.09844
6.61923
6.93762
5.93382
7.0731
6.24993
6.97576
6.04119
6.03656
5.98518
5.91562
5.98612
6.97701
6.02922
5.94947
5.9395
5.99852
5.95109
5.97417
5.87835
7.72599
5.90793
6.03426
8.25273
6.32825
6.02777
10.8948
6.44608
5.90044
5.88665
6.9023
6.12058
5.91458
5.93407
5.89826
6.33862
7.9155
6.79019
7.16089
6.01608
5.93985
5.88798
6.22924
5.90827
6.17448
6.2117
5.91536
7.26039
6.80815
5.94977
6.26363
6.08957
6.16901
5.916
5.96252
5.9112
5.97607
5.88995
6.7222
5.95329
5.91589
5.87383
5.91055
5.90395
5.94608
8.21508
6.03815
6.83364
6.93207
8.56757
12.3993
6.73138
8.48816
6.64759
6.28939
6.39131
9.09358
6.91013
6.96434
357.86
6.34665
6.23247
5.95135
5.94426
5.87715
5.94993
5.88117
5.86934
5.84321
6.67283
5.88448
