37.5858
36.9379
36.7418
37.1102
37.4545
36.7856
37.3232
36.8293
37.1066
47.9626
36.8557
36.6277
37.5986
37.2934
37.1147
37.9
36.8302
37.3011
37.3105
37.2005
37.0649
37.0026
37.6409
36.7867
37.7387
37.6001
37.3037
37.3314
37.1852
37.3071
36.7081
36.7668
37.417
37.1133
36.9656
37.0688
36.7917
36.7995
36.9183
36.8534
36.8708
36.8025
37.4663
36.7364
36.8329
37.1847
37.0869
37.0412
37.007
36.8996
36.5968
36.9203
36.438
36.8715
37.3937
37.316
37.0119
37.193
37.3612
37.2792
37.4007
37.1905
37.1282
36.8203
36.5898
36.5655
37.4853
37.067
36.645
36.9712
36.7458
37.4179
37.3339
37.3273
37.6276
37.5045
37.2159
37.0237
37.3702
37.1808
36.8968
37.3133
37.0487
36.95
36.8264
37.1003
37.0753
37.286
37.1006
36.9894
36.7237
36.8984
37.0089
36.8811
37.6383
36.8375
36.8739
37.0217
36.8189
36.8805
