195.915
262.53
263.884
183.564
184.609
188.446
183.046
184.071
6.52669
192.072
6.17647
294.522
191.318
185.352
186.533
5.96536
183.293
5.97365
184.808
5.99794
296.934
6.56772
6.82345
6.85283
6.82067
6.94123
315.468
7.81923
6.87455
6.79026
307.852
6.83746
313.838
6.6094
6.4554
6.71254
6.77185
319.3
6.84799
6.59383
306.778
312.721
6.96176
6.95231
6.86438
6.97828
6.84683
6.84548
16.7686
6.96697
6.83057
307.95
6.88143
6.75047
318.453
8.86223
6.93293
7.24821
322.292
7.03372
318.774
6.8556
7.18241
6.94916
310.045
19.4672
6.87176
307.237
6.83634
318.119
6.85224
6.81213
7.1413
323.854
7.08115
7.04347
7.07167
7.1899
6.8967
7.10359
6.93813
6.94169
6.91748
6.94619
7.32686
323.878
7.03114
7.15213
7.27601
6.90812
7.17362
6.99094
7.05775
7.32733
7.56035
6.97623
7.58549
7.01321
7.16207
7.14655
