35.8925
33.8514
36.324
33.6029
34.9408
34.4775
33.2663
33.2238
34.2398
33.4883
33.6873
38.3676
33.9565
33.9131
56.425
39.31
38.6178
40.1497
39.1074
37.8314
38.2156
39.4737
39.0713
36.9444
38.2658
39.0236
37.7806
38.5788
38.1104
39.7467
39.0536
39.1781
39.6535
38.8882
39.2737
38.5557
38.9821
37.6796
36.4472
39.8817
39.2515
37.9146
37.8322
39.4948
37.9062
37.9592
38.054
37.4546
38.8138
38.3624
39.2678
37.3962
39.627
34.6537
33.9898
39.5552
38.4627
38.874
34.0484
34.2439
33.5347
33.6381
39.2641
34.3269
33.2882
39.5979
34.0136
34.0736
33.8653
33.944
39.2554
33.8282
38.4684
34.2773
33.7324
34.0332
34.6046
33.4962
33.9084
33.544
33.3406
40.0025
33.8488
33.6189
39.8507
38.5765
38.643
38.4279
39.4967
38.0596
38.5208
38.4875
39.3243
38.492
37.3326
38.4383
39.0304
34.7132
38.9483
39.8681
