791.71
502.113
125.341
326.19
544.413
124.82
406.588
127.286
408.467
119.757
139.789
74.3372
105.917
508.401
75.5631
97.8222
409.804
146.685
502.101
98.4445
452.097
125.778
362.207
128.436
442.083
426.885
435.653
415.671
428.576
472.123
120.202
78.5355
402.925
137.621
158.927
146.44
85.7764
439.476
99.2323
449.472
126.877
126.177
377.416
141.237
89.0821
146.464
144.204
140.816
148.583
125.399
189.24
121.838
77.8474
352.314
128.245
67.1042
491.477
88.9232
86.707
151.728
92.0717
147.043
116.791
154.862
98.4738
71.467
133.347
450.136
474.769
133.017
80.3812
138.939
466.731
128.376
455.996
430.479
145.047
454.183
136.557
441.025
416.701
124.507
148.051
105.502
357.321
134.755
412.993
90.8767
85.8778
461.775
392.52
85.6812
177.849
135.387
87.4091
409.584
115.064
133.813
150.854
149.793
