432.142
446.072
441.557
251.091
270.724
7.22696
300.501
326.01
242.536
6.80407
103.099
6.18782
6.54157
6.2107
5.88826
289.374
5.83619
358.182
6.36987
5.97344
357.959
7.2495
341.988
6.40851
7.0388
6.39844
6.00763
5.8473
5.78067
5.82038
5.75385
5.69634
5.76241
5.75161
320.175
242.098
6.70178
378.859
6.78896
6.74972
6.0365
7.96397
5.90514
5.75421
6.58334
5.75461
5.79413
435.311
6.60783
6.11895
6.05598
5.83801
5.83633
261.331
5.76531
5.71432
5.74365
7.23849
6.68843
6.38754
6.39198
7.16011
369.554
7.68441
6.06694
6.09469
5.9357
5.89923
7.88425
6.261
7.14621
6.88136
6.49767
6.06136
268.774
6.3071
12.6087
6.86491
5.90733
6.68873
5.73937
5.77611
261.556
6.72456
7.79821
5.96596
6.24702
5.74357
6.09003
6.80199
285.088
5.84333
5.77614
5.74319
5.87719
5.74316
5.70884
7.34492
7.53445
330.639
