1059.79
3333.8
623.437
607.473
602.528
591.708
614.239
596.604
581.05
676.207
601.054
566.304
836.648
1223.63
652.482
566.8
591.96
559.16
585.72
545.748
557.046
574.513
555.808
550.334
576.815
575.658
598.693
567.224
550.132
29530.8
646.515
599.267
610.533
628.551
679.842
550.679
560.788
571.908
571.37
557.268
573.111
539.786
552.311
572.84
556.233
560.89
545.51
582.945
584.762
571.448
560.581
559.587
555.428
542.421
573.862
556.557
600.618
568.825
559.584
586.888
583.803
584.951
586.259
579.792
588.877
573.526
554.008
581.265
545.817
561.103
588.711
558.97
576.423
576.827
565.054
543.754
601.793
573.065
614.585
570.397
569.694
615.621
564.499
565.19
580.785
586.215
555.894
565.343
588.426
601.751
557.826
554.052
581.682
558.382
564.778
579.68
556.491
569.538
558.136
595
