11.1355
15.4771
15.3744
7.19225
8.84967
7.26836
7.17883
7.62442
7.34776
15.7675
7.17195
7.12674
9.34624
7.09855
7.12394
7.03882
7.15861
7.14677
7.17548
7.16518
9.09663
7.07034
7.39848
13.0529
7.06406
7.07399
16.2286
7.27813
7.165
7.36271
7.00981
36.1891
7.37821
7.2268
7.86868
15.2812
7.17112
7.18708
7.39758
7.13579
7.07558
7.25239
7.09232
15.5669
7.19777
7.14472
6.90764
7.05685
7.09775
7.09711
6.91268
7.15065
14.6041
11.7076
7.4849
7.1966
7.30223
16.4136
7.22883
7.15033
7.11735
7.13765
17.862
7.58856
7.08725
7.11374
18.4014
7.37066
7.16459
7.1331
7.325
7.01899
14.5577
17.2598
15.9392
12.0147
7.82431
7.1097
7.16073
15.1942
7.60104
7.34275
8.14241
7.4328
7.13338
7.13411
7.20782
7.3711
7.11801
7.08377
7.32304
6.90172
7.19286
16.0653
14.6201
13.5443
13.3227
7.46562
7.76524
7.56363
