13.457
9.15742
9.16979
8.95456
10.8543
9.03617
13.9276
10.3161
11.9065
10.1159
8.88068
9.51343
10.4148
27.5204
9.09455
9.68343
10.1499
9.00526
8.73292
9.02735
8.77887
15.3605
21.6323
17.5311
28.4122
20.426
19.295
14.9658
11.0953
18.7024
10.9291
10.9302
10.6395
9.93118
9.86627
9.51187
9.57298
29.4681
19.3724
14.3461
10.8015
8.83016
9.00699
9.00934
27.0213
30.8619
14.0586
30.0694
22.2728
28.7525
13.7587
12.48
9.76489
9.26227
24.8574
30.2657
20.0399
24.9783
20.1764
16.4624
12.5159
20.0731
12.9059
29.3516
11.4895
10.0625
9.96612
9.18099
9.29333
9.27502
9.09069
10.6381
10.0392
8.97674
8.83875
9.0975
9.37201
8.94433
26.3629
9.22043
9.13282
8.95439
9.0177
8.96371
9.2122
8.91155
23.8065
10.3855
27.3235
9.81523
8.59987
26.7197
19.0402
18.3841
11.1892
19.5275
9.50205
10.7299
10.2154
29.6547
