488.439
362.919
371.216
322.975
300.183
272.342
361.338
341.046
332.557
250.763
7.01592
7.42211
267.011
251.179
250.83
321.777
6.46627
6.87431
7.65869
6.42266
6.02269
5.90921
6.06341
7.056
6.68895
6.32513
5.87644
8.29434
6.29819
6.21682
7.40145
6.89211
6.35162
7.93921
7.3034
6.44646
341.407
7.69004
6.64215
7.2612
7.15806
6.01642
311.383
7.76322
7.728
6.94468
268.896
7.58577
8.14727
7.4257
7.4438
7.42321
6.87677
7.21463
6.15847
7.85117
6.24952
6.31844
7.78634
8.11218
391.957
7.34282
6.81266
6.13382
6.26467
7.37482
5.84983
332.431
7.96623
6.72524
6.06774
5.93517
6.93214
5.90352
6.46431
6.89378
367.196
6.39274
6.05356
263.207
8.37143
6.84523
6.84475
5.89759
5.90259
5.91114
5.89034
6.02438
6.54651
8.22013
5.99373
281.325
6.01007
5.90887
5.90739
257.585
7.88674
7.74533
6.0571
5.9571
