9.1086
7.40509
6.95636
6.97114
6.95868
8.33847
8.50206
6.9274
6.90696
14.7667
7.0655
6.99717
6.98641
6.91802
7.00586
7.48916
6.97329
7.58835
6.98613
6.84778
6.91075
6.86414
7.66942
7.11042
7.20969
7.19939
7.66771
7.6163
6.97022
6.99359
6.98724
6.91077
6.9551
7.76614
7.20395
7.37367
6.91853
6.88949
7.4019
6.85546
6.89466
6.91162
6.93358
6.8971
6.8854
6.87663
7.18059
6.89499
6.85806
7.33908
6.9115
6.87293
7.21032
6.9209
6.99216
6.8884
6.89596
6.9443
6.86652
6.88088
6.86127
6.92647
7.23296
7.45089
6.95951
6.97941
6.88631
6.97743
6.85889
6.94229
6.93795
7.30478
7.10819
7.02749
6.91401
7.76499
7.05421
6.98378
7.41906
7.36177
7.19025
7.13175
7.1007
7.19569
7.04995
7.09485
7.13307
7.46687
6.8874
6.91596
7.65644
7.26769
7.28273
7.64467
7.56063
6.99377
6.96755
7.56568
7.45549
6.9968
