410.511
387.891
473.782
12.1566
271.509
323.508
322.137
345.467
321.554
290.946
7.17065
15.7081
10.9844
11.4619
12.9374
8.61788
10.4677
8.24967
17.2621
10.0636
17.6852
11.4107
337.355
15.7348
10.9312
8.96537
17.329
13.8576
23.3833
19.0766
17.8124
10.3186
6.19914
6.40815
6.44153
6.18714
6.36019
6.149
6.20999
6.14753
21.1607
8.41
6.67636
7.37885
7.62264
7.07534
7.86463
16.1261
18.4645
10.4778
364.036
14.352
16.6722
11.0793
8.18203
7.17698
360.158
355.54
16.4028
15.6264
11.2107
9.22449
12.8368
19.5254
6.89139
6.60028
6.52038
6.52597
19.7935
7.4539
6.38537
6.43968
6.46974
7.99939
6.92642
7.38334
7.57621
20.5607
8.20462
21.8717
8.04928
6.50551
7.31917
7.0178
7.11287
374.466
14.0599
16.4837
17.4046
15.8209
359.414
21.7375
306.566
9.4151
366.991
10.6334
16.0004
16.8103
19.6242
343.7
