9.34063
7.5453
7.03083
6.60156
8.28526
6.56921
6.67183
7.81745
7.83756
7.65128
7.89836
7.56113
7.66456
7.14528
7.86752
7.30747
7.1448
7.07841
7.29114
7.58587
7.38685
7.38391
7.59557
7.36375
7.61892
7.75291
7.43009
7.2679
7.42697
7.2131
7.10273
7.06624
7.17641
7.7972
7.44273
7.39715
7.38594
7.23115
7.80702
6.73941
7.12
7.19882
6.79761
6.68162
6.66433
7.26868
7.15237
7.33509
8.04384
6.92259
7.19243
7.01124
6.73316
8.05386
7.24864
7.13108
7.18208
7.25724
7.22542
7.19491
7.74631
7.13685
6.8738
7.19863
7.21025
7.34234
7.26106
8.12613
7.5901
6.88105
6.76886
7.6234
7.55709
7.47757
7.22426
7.2688
7.61276
7.59969
9.92076
10.6563
7.33923
7.76331
7.77832
6.78062
7.78517
6.75005
7.74683
7.63544
7.76434
7.47648
8.07591
7.40678
7.07262
7.25376
6.90661
7.19032
7.08482
7.64187
6.75167
7.20905
