15.4019
7.43013
7.55089
7.3617
8.86931
6.96801
6.38142
8.56084
8.87475
6.35821
8.07649
7.52658
6.75364
7.72208
7.0579
7.13459
7.0906
6.86947
6.3494
7.6785
7.3325
6.32533
6.23419
6.20909
6.12168
6.49945
6.52913
7.65661
7.33022
6.66723
6.21633
6.16256
7.70618
9.67994
7.66005
7.452
7.20148
6.9813
7.52398
6.7704
6.83591
6.74327
7.61663
6.86918
6.46779
7.51574
6.90703
7.22917
7.33962
7.54145
7.30537
6.24787
7.0717
6.93602
6.85158
6.85534
7.20964
7.48754
6.79094
6.75507
7.62444
7.25209
6.91468
6.91741
6.8045
6.79235
7.43489
7.37168
6.86857
6.23102
6.25854
6.10834
6.09706
6.09535
6.13937
6.85863
6.17353
7.8706
6.67896
6.0961
6.68652
6.74266
7.51513
6.69259
6.20019
6.18981
6.44293
6.19101
6.12031
6.11426
6.19412
6.1604
6.196
6.13781
6.1787
7.58889
6.14411
6.13301
7.90474
6.84043
