710.788
488.246
175.606
355.588
46.96
362.535
318.416
281.302
288.438
302.298
358.49
40.7357
340.408
355.641
43.7858
43.8025
331.958
286.211
43.172
43.8323
49.6694
32.1081
31.601
30.3561
354.302
41.8546
343.255
36.74
33.8307
401.054
33.5654
30.138
31.4779
30.8462
47.2835
316.327
44.5638
352.341
46.8573
47.4717
32.3287
46.5231
42.9988
31.9834
30.4038
30.3116
385.999
355.739
31.8922
31.3088
29.8312
30.0507
48.3925
32.7082
49.883
36.6236
36.7906
35.3074
33.7581
48.5735
43.0332
50.1236
51.3372
46.43
39.4621
50.3977
34.0267
47.2209
42.3652
36.3389
48.8152
49.4734
35.7351
44.836
49.4538
41.7616
32.3458
45.9502
50.2963
43.8538
50.6783
32.8556
351.471
40.506
39.8571
47.057
41.3012
32.6692
53.7003
38.0049
43.5851
42.6494
40.8608
49.7708
33.4722
46.7272
33.2989
87.9544
37.7171
31.5148
