507.16
266.652
264.538
30.4765
28.3797
28.6047
30.9147
30.9708
31.3668
31.5363
28.4006
28.3785
29.336
29.3901
30.1424
30.3168
28.1541
28.4136
29.5357
31.6319
29.8458
29.2379
30.7707
31.8212
27.6964
30.3426
30.4202
30.7616
30.3692
30.5705
31.0503
30.2019
30.484
30.3749
27.8358
27.6675
30.579
31.2468
30.3925
31.4386
28.7721
27.9818
31.6839
30.6655
30.7685
30.8971
31.6284
31.4399
27.8446
30.5112
30.9553
31.8488
31.1407
27.8865
32.6844
36.3742
34.5389
27.7956
37.6083
33.9736
34.8533
29.9861
27.7167
27.6123
27.6485
27.6161
28.8611
28.5065
27.7681
28.8415
27.7777
31.6128
31.1759
27.6806
30.9132
28.4661
31.1734
31.4257
32.4714
31.268
30.9537
27.8171
27.776
31.7993
27.7747
27.7312
27.7424
27.6529
28.0353
28.7764
27.7266
27.706
28.4378
28.8004
27.6425
31.4336
31.8896
31.6707
27.6395
27.7229
