40.2018
37.9047
37.3163
38.0228
40.0731
38.0184
37.6479
37.3221
37.6973
37.4917
38.2294
37.8115
38.0042
38.0107
37.3416
37.1101
38.3393
37.7172
38.2665
37.1185
37.3002
37.5599
37.2327
37.9218
38.3092
38.0342
37.8636
38.3455
37.7599
37.5052
44.1775
38.0717
37.7124
37.2845
40.3119
37.5305
36.8994
37.4933
37.5004
37.1261
36.9168
37.6539
37.0002
37.2296
36.865
37.1094
37.353
38.4196
37.7033
37.7863
38.0626
37.751
37.5607
38.3021
37.9009
37.4916
37.7786
38.3241
37.2402
37.627
37.6422
37.606
37.4979
37.157
36.7936
36.938
36.9871
38.6087
38.3704
37.7277
37.6618
38.0024
37.1076
36.9657
37.4116
37.2946
37.223
37.0984
37.6175
36.8418
37.7137
37.4847
38.0281
37.5496
38.7293
37.0789
38.3385
37.7118
37.6781
37.7413
37.9545
37.7188
38.2723
37.4958
38.1513
37.5982
37.3011
37.9161
36.874
37.1368
