982.764
534.441
521.024
523.422
529.953
536.396
510.089
520.191
527.688
524.156
513.357
522.44
524.314
525.939
505.921
492.051
519.456
509.372
531.788
527.176
522.949
517.268
519.358
519.742
490.256
509.464
506.186
527.662
527.572
514.475
515.166
518.772
513.335
557.519
565.909
573.242
526.61
542.976
610.61
650.719
626.859
539.478
447.19
488.95
476.852
504.707
474.35
505.039
572.347
670.313
567.666
523.059
596.633
583.518
560.881
505.829
480.891
483.368
496.261
504.531
475.875
479.256
506.022
453.438
473.259
497.746
450.007
455.435
452.299
472.379
476.038
464.341
481.888
469.521
461.463
486.008
467.029
454.019
456.586
474.364
465.207
451.864
481.177
461.241
461.085
448.589
466.551
455.081
466.609
485.472
449.361
470.706
485.209
467.283
460.014
458.354
476.011
470.083
463.377
484.048
