429.377
436.491
395.737
541.985
364.383
346.704
265.295
265.407
348.537
390.664
370.602
357.707
391.145
327.98
289.953
367.75
276.49
357.422
355.353
411.575
323.672
33.5852
351.024
33.5887
33.9293
355.73
331.175
35.1958
28.7211
29.4278
33.4402
352.812
351.666
33.4513
28.4905
35.2565
359.237
29.0575
348.582
327.468
33.5737
34.643
321.828
33.8121
33.656
33.9004
33.6918
34.7924
314.001
32.4796
28.5769
28.7171
28.5455
33.9972
28.0146
348.487
28.9393
28.3349
28.9341
34.039
28.0422
34.8476
290.248
33.6825
278.772
266.558
30.4829
319.572
363.247
386.259
339.389
335.057
27.9487
27.7163
28.4664
28.7887
28.3213
27.7087
27.8671
27.72
27.8302
27.7778
344.647
27.969
32.2116
35.4972
276.889
286.957
27.7966
27.8779
360.019
34.6377
33.7884
33.342
28.5746
34.2291
28.338
33.2209
33.6599
28.3433
