62.6716
59.966
61.9935
60.3049
67.5534
60.6643
60.202
60.148
61.2993
60.8126
60.3467
60.0135
59.9108
60.3845
59.9896
60.1934
60.107
60.4517
60.0502
60.2411
60.0095
60.4831
60.0292
59.9897
60.0863
60.0309
60.1134
59.9844
60.0124
60.7047
59.9977
60.3266
59.9547
60.9236
59.9542
59.9503
60.014
59.9745
60.8482
60.0633
60.0795
60.0404
59.973
60.6906
60.3099
60.6227
60.0572
60.1828
60.0571
60.0356
60.4717
60.0388
60.0445
59.9928
59.9074
59.9786
60.3884
60.8194
60.7497
60.0877
59.9812
60.7099
60.1162
60.3965
59.9929
60.0613
60.7042
60.9567
60.3999
60.2315
61.0014
60.3636
59.9504
60.0661
60.0692
60.4469
60.8465
60.3223
60.4598
60.6742
60.5288
60.252
60.0896
59.9588
59.9706
60.0382
60.6942
60.6522
60.6519
60.409
60.1936
60.3123
60.6382
60.6351
60.1671
59.9832
60.8058
60.6654
60.1635
61.4562
