532.613
360.415
320.704
315.768
18.3529
487.503
319.294
363.498
18.0993
6.92329
5.77396
372.281
16.0915
12.2841
16.3223
365.157
15.727
13.4216
15.2625
14.006
16.5737
18.015
12.9796
11.4348
19.659
14.8355
17.4686
11.4265
10.9163
7.27173
259.359
13.9307
11.4902
8.43039
8.84549
7.14874
318.045
12.5182
4.72223
5.95629
5.59943
5.76933
257.994
4.46355
252.381
4.73044
122.246
4.27509
18.3898
18.8291
8.79512
8.32142
6.94326
12.239
8.94821
18.1578
7.15116
346.114
8.92077
327.775
14.4741
346.299
17.8069
345.975
16.1102
17.0047
19.2935
15.0448
11.6503
9.00999
380.725
4.89893
15.8213
17.0085
8.96528
240.024
6.18036
18.23
5.83756
20.4812
9.56396
271.474
4.97405
4.68129
4.6207
5.47401
19.2533
6.08624
6.54608
6.43135
289.607
4.82163
5.16299
4.83535
5.86763
19.4039
18.6453
297.61
16.1635
11.0191
