427.029
256.811
9.62987
4.25829
5.21534
12.0124
4.44225
3.60972
4.18663
348.172
4.13166
3.77976
3.65063
3.57534
3.48458
3.49865
3.50578
3.49262
177.769
3.75509
3.99729
3.45597
3.54468
3.40912
3.59984
3.7832
3.66538
3.41293
3.49497
5.12563
3.98307
145.611
6.85863
3.60028
353.73
3.50091
4.538
3.89083
126.141
3.54006
6.65968
7.94758
5.62846
3.61577
3.48679
3.51201
3.43646
3.44869
3.40295
3.48018
3.4395
3.40758
3.42631
3.41041
3.45811
3.40799
3.50711
3.53866
3.37793
4.11111
3.85964
3.4026
4.11451
3.38114
3.47737
3.56094
3.4478
3.43288
3.44292
3.86841
3.61003
3.75353
3.50239
3.59584
3.48786
9.22712
9.60723
4.54624
4.42718
4.19363
10.2885
3.69844
3.50247
3.63233
3.49291
3.63923
6.57979
7.70618
7.41107
3.84824
3.4767
3.49384
3.45817
4.51335
4.14895
3.44492
3.5657
4.09817
3.46376
3.66349
