13.4541
4.49751
4.41259
6.15574
9.56522
5.61325
5.38355
5.75757
6.41378
5.18811
4.42316
4.35787
6.20073
4.56393
4.29999
4.33088
4.28697
4.36065
4.23566
4.32256
4.23063
4.24512
5.35352
5.43821
5.71452
5.72108
5.65473
5.36237
5.58938
5.78673
5.44214
4.39227
4.85411
5.82548
4.31705
4.31164
4.75585
4.27668
4.78878
4.65455
4.76138
4.82134
4.37593
4.22124
4.24188
4.20395
6.38649
4.34775
4.27272
4.25517
6.26552
4.33648
4.74098
4.33607
4.79767
4.28428
4.26754
4.22052
4.24727
4.23529
4.2627
4.26178
4.26583
4.31772
4.22707
4.23847
4.20674
4.51816
4.22396
4.7867
4.82158
4.32247
4.27804
6.18229
4.2653
4.37318
4.25116
4.25816
4.24199
4.22105
4.45502
5.93812
5.4766
4.8541
5.07584
4.30144
4.23984
4.36455
4.3588
4.27977
4.31539
4.22261
4.76413
4.26225
4.23171
4.26868
4.26022
5.8147
5.7555
4.5241
