14.3452
12.1633
12.8582
12.6346
12.0094
10.7806
10.8568
10.826
10.8711
10.8735
10.9534
11.0269
11.0167
16.4536
11.1433
11.1483
11.3041
11.0887
11.0632
10.8169
10.7674
11.2124
10.6609
10.6377
10.6074
10.6135
10.6298
10.6093
16.555
10.7945
10.9375
10.5335
10.6961
10.7401
10.7181
15.1315
10.5934
11.2178
10.6326
10.6544
11.2349
10.631
10.7477
10.6262
10.6052
10.6223
10.6067
10.738
10.7172
10.8177
10.7861
10.7298
10.6911
10.8296
10.7277
10.8813
10.8352
10.8938
10.8373
10.8684
10.8507
10.9578
10.8836
10.9433
113.597
13.8568
13.0584
13.2256
13.1437
13.1623
13.2864
13.1954
13.4511
10.7464
11.1151
10.8615
10.7964
10.8023
10.9315
10.914
10.8707
736.582
13.3674
13.0643
13.0446
13.1585
335.372
433.094
13.034
330.554
13.3575
13.1678
13.0844
636.307
13.066
12.819
12.8587
520.321
13.4034
13.3114
