48.6624
25.0452
44.7052
26.1303
48.3219
34.5622
32.6328
39.4107
27.1195
24.7881
23.133
23.9292
28.7844
24.4862
26.2891
44.3034
33.6706
22.5382
22.7008
22.0592
22.2898
22.1132
22.1887
48.6521
24.6543
23.6742
36.5697
23.5093
22.4056
23.925
23.8047
34.2782
24.9495
23.9403
22.5979
23.9118
24.0669
24.9883
24.1954
23.8592
36.3996
24.6248
22.1915
22.9631
44.05
40.2278
36.4354
36.5583
40.6148
43.0625
55.0125
24.5102
23.8317
31.4599
24.3438
24.1207
23.1806
22.4795
43.3734
28.6907
24.2088
23.11
45.3026
24.9064
78.8033
24.5554
23.6502
23.9798
23.4718
22.405
22.3835
24.7073
22.6497
30.1247
25.3948
24.5976
23.092
24.2031
24.5695
36.1287
69.4061
37.6284
41.2839
40.3704
46.7526
39.3784
36.8686
45.5624
43.5891
23.1947
26.5871
24.59
40.1734
46.3493
23.5292
34.9718
23.9111
22.8904
48.9445
23.0431
