492.13
173.586
272.979
334.188
371.669
267.886
344.795
45.7888
273.448
265.46
16.7354
60.303
16.5613
292.158
18.2391
42.4376
60.2961
47.5642
53.1385
15.8783
61.0775
60.7603
52.1132
53.8852
58.41
16.1108
15.163
15.0285
15.2349
15.1127
15.5192
23.0814
37.1118
16.8101
291.931
22.0891
16.5383
55.4346
16.1366
294.433
341.848
346.058
20.7657
59.2385
43.4758
34.4462
55.6548
52.4202
61.9756
17.716
15.3811
16.4725
17.3328
255.547
60.4283
57.4037
16.603
15.1948
16.2484
15.4882
15.4247
15.5754
40.8582
62.694
16.1276
15.8191
16.8537
15.0667
15.0792
14.9861
18.4008
64.1248
36.8333
43.5103
50.3449
40.1963
45.6145
15.9637
16.4542
44.5883
43.2334
50.6889
48.7655
46.3304
77.4165
62.8408
15.8675
43.9222
15.2488
15.5179
15.395
15.0341
278.619
15.2387
14.89
60.6448
43.2759
57.0565
39.3775
57.2791
