461.57
386.499
138.051
316.335
249.493
8.90672
339.27
314.699
250.873
312.136
4.73754
3.87506
3.57767
285.804
3.5146
271.923
3.59617
274.094
252.768
337.272
308.904
351.749
330.051
346.67
308.322
256.988
300.234
264.204
328.723
315.329
245.461
311.41
155.899
4.61146
10.6612
256.941
7.95016
8.64538
28.634
353.106
8.5124
8.86131
282.984
250.18
256.065
302.926
304.686
6.43034
7.73323
7.89083
9.2228
4.22793
4.61912
3.68963
365.901
5.48591
4.22778
3.68282
3.61973
3.4813
3.79292
3.54257
3.45563
333.454
5.22878
8.72425
9.45228
4.59232
4.89189
3.70605
290.353
347.641
5.86152
8.59021
278.188
386.98
3.6062
359.26
4.58914
471.414
338.746
358.015
346.173
7.79096
5.25488
6.67107
7.73972
8.46002
7.52357
342.334
9.31796
8.18515
8.79016
7.84922
9.02839
7.00891
4.22811
3.57438
40.7594
14.9666
