784.375
431.809
396.279
417.787
379.477
331.678
318.268
305.894
337.345
315.919
321.252
303.051
304.356
342.576
314.012
321.494
355.48
384.943
354.815
310.141
324.083
307.209
341.847
323.223
296.88
310.307
303.721
340.44
313.295
303.298
303.605
301.469
343.242
314.655
327.833
302.982
325.151
310.578
303.141
294.404
296.496
306.781
335.039
309.411
325.44
312.026
316.895
319.795
299.61
326.199
299.637
314.302
342.807
295.197
300.761
301.254
301.419
325.174
299.749
328.72
304.982
316.688
345.901
297.533
303.508
297.781
295.171
317.813
303.955
302.302
301.533
298.878
340.538
299.926
337.743
300.064
310.828
346.107
306.497
312.945
306.757
310.323
329.612
301.866
302.995
320.207
302.949
337.141
310.688
368.323
325.948
302.768
331.509
305.521
311.895
301.21
293.889
306.259
321.749
296.027
