823.931
432.566
410.851
449.307
384.534
461.998
506.99
543.735
483.631
401.377
392.638
385.155
377.378
436.713
1405.27
520.211
387.523
406.52
392.534
402.816
420.133
510.956
381.898
384.675
386.319
382.995
363.261
377.31
401.722
363.94
396.343
373.745
385.448
376.322
368.895
369.582
401.245
377.195
372.988
364.604
393.288
372.514
392.228
403.612
391.435
374.272
26652.3
377.134
414.071
473.81
489.031
395.681
425.416
419.674
418.093
486.691
399.101
387.643
403.641
407.661
406.154
14563.5
379.887
402.664
423.173
438.794
424.549
434.7
395.933
389.607
373.233
371.325
397.98
374.225
390.745
382.308
394.433
375.629
366.67
371.43
391.13
363.716
393.075
363.68
397.518
365.908
362.491
380.243
399.713
374.306
373.595
356.32
390.026
380.883
401.831
376.72
390.699
381.695
384.726
362.068
