27.6827
26.3061
26.282
26.3482
28.2256
26.3978
26.3516
26.7775
27.5659
26.3045
26.7611
26.35
26.855
27.1415
26.3706
26.3047
26.7648
26.4843
26.3141
27.6258
26.336
26.2938
26.5558
26.6292
28.0716
28.2276
26.8482
26.5561
26.4777
26.3285
26.9741
26.3498
26.425
26.3786
26.4173
27.4348
28.4203
27.3892
27.2828
27.2998
26.947
26.5133
27.2649
27.5093
27.7927
26.9114
26.5263
26.3879
28.3187
26.5846
26.4399
26.2659
26.3267
28.0194
26.3614
26.3495
26.3195
26.2462
26.7345
27.9151
27.2121
26.8034
26.4619
26.4971
26.2956
26.741
26.2755
26.3718
26.3973
26.268
26.2658
27.8472
26.431
26.4656
28.0958
27.3621
27.4167
28.169
26.4259
27.3866
27.4283
35.9085
26.6919
28.3457
28.2758
28.1461
27.8353
28.3353
28.1543
27.742
26.5031
26.4401
26.3898
26.4382
26.3371
27.7411
26.3757
27.7973
26.4608
27.9954
