432.961
330.685
309.254
16.9572
14.9539
25.8905
15.3514
17.1211
24.8285
31.658
16.3209
24.5968
24.0025
18.5859
173.08
17.712
26.7544
15.0206
15.0003
14.911
26.0064
15.2113
20.7234
15.5119
14.9389
14.9271
14.9383
14.8843
14.8664
14.9537
51.5737
370.08
20.674
24.4923
27.571
15.6666
15.1038
19.8863
39.834
16.524
15.1566
15.0527
14.9334
14.9142
14.9717
14.8994
219.508
15.1037
14.9325
14.8995
14.8276
15.5562
15.2049
15.0915
15.43
19.7915
25.7646
15.8843
14.9244
14.9236
14.9848
15.7818
35.178
14.9358
15.2466
41.0601
15.0111
14.8976
20.9673
34.4188
15.7755
15.1146
14.9026
14.8916
15.0173
16.0307
15.0907
15.0756
26.4965
15.1273
15.1631
15.0364
14.95
14.9506
15.3633
14.9246
14.9529
15.4774
20.3582
14.992
15.0374
29.6305
372.902
16.2358
38.3142
15.2109
15.0033
14.8772
14.9287
14.9833
