244.212
206.018
9.14109
5.35822
331.084
4.74369
4.96766
4.82408
4.63615
4.1095
10.779
66.7621
5.63036
6.16506
4.29641
4.33427
4.15018
4.12777
4.95826
4.15728
4.08815
9.5593
4.27336
4.22417
5.82406
4.92585
4.81757
5.22951
4.18037
4.10078
4.14344
4.08898
4.11135
6.11662
9.52834
8.57387
4.34017
4.92942
5.66467
4.13063
4.10067
4.07028
4.21447
4.07998
4.11487
4.21344
4.13962
4.13686
4.05365
4.10095
8.70151
5.93993
5.53412
4.62945
5.85224
8.68484
8.63489
4.3053
4.36522
4.09436
4.17118
4.07826
4.17997
4.13444
9.25694
407.554
6.67426
5.57792
6.31318
4.91908
4.62312
4.50436
4.27265
4.13352
4.17116
5.75181
4.16591
4.16503
4.07805
4.09734
4.18609
4.48401
4.07841
4.10676
4.11008
6.29959
4.1455
4.10073
4.091
4.13989
4.06628
4.06664
4.20417
4.05424
4.08076
4.84129
4.55369
4.4393
4.15538
7.66127
