322.974
175.36
107.148
8.78029
8.29078
113.295
164.508
162.844
276.318
172.076
163.879
6.91344
167.105
7.12063
166.898
6.82413
6.72517
167.392
6.90843
6.95519
6.97583
6.93113
167.812
7.12153
486.007
337.472
6.88518
6.99929
6.88919
6.92925
169.337
7.53406
8.00526
8.42444
8.3149
180.406
9.30613
9.09509
9.15508
9.43781
8.58243
8.64622
185.869
9.1943
8.96716
8.98403
8.61766
8.36542
9.33888
9.07118
9.21856
8.93804
9.46167
9.42656
9.51211
304.099
9.42887
307.409
9.24355
8.98601
184.802
8.45196
8.39691
8.36623
8.66544
8.43318
8.28501
8.73591
8.18175
8.47642
8.23978
8.63548
8.64017
180.095
8.22095
8.37614
8.04134
9.5471
8.24879
8.42918
8.39832
8.41077
8.06994
182.572
7.94386
7.97888
8.00259
8.05623
7.98936
8.43309
182.083
8.23536
7.82959
8.12549
8.23218
181.661
7.99841
8.15585
7.88083
8.19941
