10.1351
4.57831
5.59543
4.85779
8.53898
4.99803
4.54228
4.95911
16.6743
4.88815
5.17413
10.3241
4.70586
7.95892
10.6973
7.64489
4.50534
5.16245
4.89458
4.85763
4.89662
5.14248
5.08301
5.03019
4.80216
4.97381
4.96164
4.8722
4.80856
4.82713
5.06758
5.1223
5.22059
4.99233
4.49473
4.47559
4.43274
4.39291
18.2782
4.44126
4.37471
5.19494
5.0486
5.27369
5.3236
5.11341
4.53643
5.29174
5.29626
5.04387
4.49182
4.47679
4.90155
4.7008
4.84407
4.50741
4.37293
4.54269
4.35425
4.72629
4.39845
4.32341
4.96567
4.61758
4.64752
5.29508
4.90443
5.13517
4.86746
5.36626
4.96936
5.23402
5.28259
5.22775
4.601
4.98137
4.56827
5.25075
5.24605
5.37902
4.71572
5.40057
4.62645
4.47232
4.77922
5.29222
10.466
11.8671
4.44209
5.27475
5.21016
4.88907
5.10664
4.81934
5.29655
4.594
4.49997
4.48428
4.48124
5.08267
