760.571
438.933
347.494
413.525
433.248
528.265
449.436
419.24
408.493
438.285
435.94
72.5618
371.782
120.162
121.226
142.885
139.016
126.983
79.9178
79.6061
141.039
130.332
448.067
371.246
170.18
80.2361
78.9178
412.36
138.705
430.367
140.199
391.702
77.324
441.506
154.909
464.602
412.685
100.738
442.284
390.491
81.1142
458.773
102.868
68.8589
115.579
145.754
98.5236
73.7768
135.351
131.692
204.212
403.1
127.071
125.326
86.5682
83.0785
153.723
145.269
125.523
129.2
147.166
461.939
448.215
97.2934
412.854
445.264
398.058
242.368
451.484
423.243
81.6941
122.362
132.496
159.913
463.343
455.442
454.699
96.3575
145.728
129.525
153.783
412.961
142.031
149.205
463.51
68.6716
119.123
151.105
70.4327
68.6999
79.2267
470.054
92.2508
153.693
430.796
136.966
83.6524
71.5588
383.199
129.528
