192.444
345.591
301.445
301.687
306.003
300.581
312.399
425.346
188.826
3.77475
3.88584
3.73286
293.122
294.839
438.664
4.92616
4.50318
308.966
300.754
4.91639
308.031
301.718
312.727
303.151
299.374
4.88911
5.05745
5.70858
5.05703
309.076
4.72837
4.39478
307.405
4.53448
4.90109
309.661
4.67626
4.47902
306.914
300.959
4.51642
4.46897
4.57448
5.39558
5.23755
4.91501
5.2362
4.21774
4.65161
5.00569
307.43
5.15246
4.38831
5.20953
309.213
5.60327
4.43332
311.129
4.34349
4.63236
5.1622
4.20273
4.94201
4.95335
4.99962
307.723
4.97936
5.23363
5.60984
310.89
5.15061
11.1256
5.37568
321.854
5.02705
461.598
5.37382
4.92528
4.96729
4.86541
4.84687
4.59931
5.19293
4.54814
4.33401
4.60379
4.95418
4.98621
326.388
5.39118
4.62179
5.29686
5.23513
4.99935
5.02289
5.04298
4.23665
4.41656
4.50436
5.09085
