533.252
339.438
4.92812
333.279
4.27128
4.42848
5.49449
4.63962
3.70066
3.68893
3.66045
3.73005
368.56
4.85294
4.22004
4.55997
3.88917
12.8039
8.59256
4.75486
9.39003
3.81817
5.92644
3.77705
4.05872
3.67086
3.69352
3.67395
3.64174
3.64571
3.70789
3.6346
4.41238
3.81331
3.69963
3.6413
3.65347
4.34583
3.69402
3.6473
279.938
3.89403
3.89463
3.79553
3.64296
9.14689
5.18973
9.11675
7.48154
3.90791
3.72348
3.73793
3.66336
4.40189
3.69066
3.61111
3.66289
3.63825
4.58024
3.6414
4.55876
4.12464
6.80406
5.29477
5.44081
4.78847
146.031
7.96769
5.14028
8.70589
6.28879
4.84218
5.32566
7.63435
5.65085
6.26808
264.738
9.14903
7.56933
4.49081
8.4375
5.29606
4.56697
5.11292
4.92034
3.90816
9.31711
6.70812
8.71481
3.88116
8.00963
5.50874
8.58811
7.47698
8.67933
5.48461
8.76533
5.91787
3.88815
3.78066
