740.21
102.751
314.832
365.138
47.5085
59.6169
60.3838
266.108
43.1715
63.5451
58.7299
175.283
58.989
63.357
266.233
257.592
47.9916
73.7306
277.076
52.6157
58.8539
58.7464
60.867
59.5129
269.448
46.2649
57.8312
59.644
59.713
58.2088
59.7747
275.994
43.2393
55.5919
58.5898
60.6412
59.8573
60.9539
276.118
43.9137
58.3527
57.9287
58.6467
57.4722
57.8953
57.104
58.5493
57.9041
63.0892
282.383
47.1512
59.4746
60.2297
60.4036
61.6667
60.8457
62.8306
64.5302
66.263
66.9446
66.6094
284.179
45.9184
59.1768
65.672
59.1659
58.8532
57.8904
58.3329
121.944
56.979
59.0102
58.3328
68.1746
289.934
45.6825
286.217
394.226
176.386
61.5195
62.5808
291.56
270.454
46.1995
292.034
275.535
46.3013
68.5617
294.665
278.64
275.379
267.995
276.81
276.822
53.2036
294.932
45.0357
296.401
45.6595
294.269
