118.996
119.428
100.166
74.9525
75.5468
125.278
107.542
71.0214
110.665
115.459
134.927
49.7888
96.009
99.8338
118.711
93.0349
117.713
119.538
61.308
103.441
70.1022
115.731
101.099
116.627
117.744
105.948
84.1615
97.1149
108.858
97.6774
112.92
117.741
49.5332
77.7932
65.3351
47.4158
46.8306
115.352
58.0798
49.7574
65.869
49.9292
105.269
46.746
48.4978
44.8079
99.857
49.4698
104.165
46.5169
47.0991
94.552
48.9817
46.9227
90.1643
93.4352
95.0857
56.9642
114.694
80.0064
102.347
114.076
76.3896
53.125
46.8432
44.483
45.5531
97.2138
84.3304
114.549
69.6078
65.7652
64.8883
56.8561
74.7272
61.0775
57.7304
96.9578
81.0703
100.195
64.8458
110.991
79.5641
63.9668
47.9727
51.253
104.58
72.1478
46.8538
48.4604
48.3779
96.2283
49.4044
89.023
101.005
52.8023
99.5139
49.7057
96.2744
101.087
