8.94088
14.3136
15.5751
15.5826
9.66966
5.56861
5.28029
5.28571
5.61385
5.23448
6.22652
5.2489
14.9856
5.50711
5.306
5.31941
5.37621
5.21975
5.20981
5.19213
14.2273
5.41159
13.1475
5.40187
5.29322
5.31893
5.39126
5.24662
5.26555
5.221
5.35217
5.24699
5.57211
5.59613
5.2345
5.2364
5.28219
5.41642
15.9382
14.4091
5.23532
5.24803
5.24048
15.4685
5.78879
6.156
5.25089
5.30802
5.3395
5.26458
5.32443
6.97656
5.38021
5.24253
5.15173
5.23204
5.27145
5.30606
5.27737
16.0266
5.36533
5.61277
5.27658
9.27079
16.6082
8.69583
13.2703
6.1172
6.28967
5.28775
5.27637
5.84006
5.29308
5.24583
5.48919
5.25382
12.6919
9.70181
8.97872
8.7309
10.4842
8.60957
14.981
14.2559
6.55215
5.7357
5.32479
5.52333
15.727
5.54916
5.3551
5.31194
5.96945
5.20146
5.32829
6.3922
12.0909
8.43103
15.4407
14.5261
