539.898
402.106
183.216
344.586
339.15
306.486
359.962
38.3329
330.329
337.514
361.627
32.6849
35.3603
487.111
351.384
52.6595
52.811
368.48
424.059
42.7941
53.4694
48.1891
24.173
350.684
40.1257
37.3575
31.1181
362.56
40.1843
30.7745
401.047
44.0787
58.8971
363.514
355.276
343.962
48.8351
375.025
353.325
49.6985
48.8774
43.8007
49.1789
315.955
17.0653
47.2866
25.8587
18.2879
282.734
53.4609
27.0631
344.558
29.4806
33.0091
289.625
28.8177
32.989
17.0686
39.2456
46.9698
19.0539
17.5074
17.4498
16.8826
17.7271
41.8556
24.5267
17.8957
38.2444
44.6513
28.6248
245.227
48.9262
25.0458
398.095
300.234
53.3136
31.2269
319.342
57.8517
50.2401
49.0118
36.2776
43.67
56.0234
28.2216
50.5201
22.8263
45.4306
46.4945
18.9543
18.5793
17.8588
17.7276
19.331
19.1138
54.1432
102.513
18.5495
47.2755
