35.3157
21.8989
21.6622
24.8004
31.0232
22.0674
26.0119
24.8867
23.2589
27.7827
28.7483
22.3632
22.2679
21.6191
26.0627
21.7714
22.088
22.153
26.473
27.0711
24.0128
21.9757
27.7156
21.5647
21.6444
21.8313
21.7961
21.5195
21.4992
22.2247
22.0926
22.0433
24.9834
22.5831
21.6544
27.3061
21.6279
21.7551
21.8019
21.6973
21.7533
21.8845
21.5911
25.7762
21.9981
27.8126
22.3743
21.8362
28.4684
21.8178
21.7428
22.7238
24.9403
23.1823
25.8648
22.0504
21.8482
21.7412
21.7302
26.7594
22.3062
24.4011
21.9351
21.7237
21.7507
21.5797
22.225
21.6881
21.6431
21.6707
21.7809
21.8328
21.7057
22.6882
21.5171
21.8897
21.6259
21.5762
22.6064
22.6971
21.8124
21.8725
22.4437
32.9824
21.8333
21.7463
21.7452
24.3558
26.5294
22.0372
28.523
28.0816
25.2611
24.9363
25.2447
23.8715
21.7336
21.6672
21.686
51.0302
