7.90698
9.79554
4.73031
4.64774
6.18886
4.56192
4.55255
4.57595
8.73725
4.49879
4.5243
10.2097
4.51925
4.54727
4.52121
4.52147
4.58054
4.55065
8.02898
4.6103
6.3635
4.57937
4.53148
4.49249
8.19523
4.50758
4.47121
4.5268
8.03073
4.52607
4.46712
4.50768
4.66526
4.54195
4.52617
9.25871
5.01471
7.01211
5.31135
8.03775
7.01891
6.73848
6.76864
6.6
9.6433
7.75299
6.59721
4.98276
4.65271
10.6811
4.80066
4.61983
4.69257
4.55291
4.51265
4.64009
8.3205
4.71188
4.72107
4.73427
7.32397
5.27599
4.78131
4.64928
4.56469
4.5339
7.46664
31.2412
5.68185
4.60518
8.95872
4.67858
4.65145
6.8917
7.3483
4.61779
4.54197
4.82263
4.52833
4.54648
4.55026
4.55479
5.07987
5.12751
6.61683
4.49962
4.51369
4.54962
7.00315
4.72899
4.54817
4.51401
4.52105
4.60284
4.52492
8.02802
4.95245
4.61425
4.60307
8.13303
