540.206
392.488
321.183
334.937
10.8119
338.132
458.959
325.558
325.787
354.627
357.699
31.782
352.744
21.8657
35.747
32.1932
354.323
28.3764
363.779
377.9
315.278
27.4572
35.9027
22.3333
16.8947
29.021
37.8881
16.6658
38.2001
25.774
12.6035
281.344
15.9497
30.8236
27.3294
52.5637
22.6752
37.1717
28.9695
24.3032
18.0564
12.339
14.6791
35.6522
360.372
26.8664
16.7719
36.6453
17.2182
12.2044
37.8171
356.722
321.308
25.1876
9.36156
10.573
11.5876
12.6093
11.2504
17.1733
32.8531
12.8416
37.3474
359.652
13.0368
366.417
9.62727
10.1378
37.7278
36.6324
37.8554
17.5858
35.9169
15.5883
12.2788
10.681
10.867
17.1911
12.3304
10.656
10.541
36.4254
11.2341
10.7731
22.8343
11.4746
33.6283
39.0796
15.2968
14.5545
14.0873
39.9925
16.2503
40.2269
23.9387
38.9634
40.3629
17.7865
15.404
13.2812
