17.2715
15.5542
15.6398
15.5614
15.6694
15.7565
15.7641
15.5818
15.3704
15.515
15.8662
15.7365
15.555
15.5277
15.597
15.8407
15.9756
15.8718
15.5211
15.8335
16.4308
15.4375
15.9032
15.8342
15.2566
15.3953
15.8075
15.9725
15.7439
16.1529
15.8507
15.8022
16.1345
15.7089
15.8812
16.1591
15.8854
16.0895
15.9268
16.2597
15.7339
15.9684
15.6888
15.8744
16.1767
16.1879
15.8116
16.0472
16.0177
15.8582
16.2119
16.0108
16.1018
16.0983
16.156
15.8977
15.6977
16.177
16.25
15.8025
15.6216
16.0798
15.7035
15.9922
15.8243
15.7071
16.3212
16.1028
15.9685
15.9229
16.3516
15.881
16.4386
16.0329
15.8657
16.6509
16.1544
16.2
16.015
16.091
16.0295
15.9273
16.1962
15.9408
16.0394
16.3021
16.6704
15.918
16.2384
16.493
16.259
16.556
15.9907
16.0578
16.3828
16.5925
16.118
16.0741
16.349
15.9729
