7.09022
5.29703
5.07601
4.9275
5.04863
6.00694
7.27729
4.83864
4.94537
4.88584
5.46959
4.99991
4.88309
4.84828
4.9626
5.47683
4.8988
4.84429
4.8817
5.575
4.87406
5.12244
5.28033
5.09096
5.52662
4.93958
5.39625
5.46971
4.97287
5.0808
5.0895
4.8895
5.35224
5.45716
5.33947
5.04833
5.29661
4.91256
4.96545
5.39752
4.93372
5.25635
4.98165
5.01969
6.3859
4.91155
4.80451
4.79307
4.80633
4.7793
4.78443
4.80625
4.87585
4.83151
4.83265
4.84137
4.85691
4.98818
4.8467
5.12532
4.89871
4.95398
4.81274
4.82311
4.79418
4.85753
4.84833
4.82771
4.8334
4.90703
4.83585
4.81809
4.83356
5.00228
4.84328
4.85604
5.01975
4.82536
5.78153
4.86096
4.89
5.19587
4.8318
5.54214
7.12373
5.34841
4.91818
6.55154
5.18907
6.59527
6.72762
5.06096
5.35188
5.41811
5.25482
5.06286
4.98825
4.89148
5.02567
4.88956
