14.4971
30.667
25.8073
10.9992
24.4551
10.7803
9.08596
9.24118
8.96756
10.9947
9.11975
9.50679
10.3462
24.3525
15.7752
29.6114
9.48557
9.40109
8.61404
29.8556
9.20249
8.89659
9.28047
9.11294
8.36155
21.3839
21.7613
27.2261
8.6839
8.82225
9.93379
29.6157
10.5388
17.0927
29.2243
11.4454
9.93201
27.2616
8.98222
27.5544
31.7887
20.1263
9.8605
9.94198
10.2123
9.65209
9.55675
20.0087
13.7265
9.86576
22.5253
9.54972
29.709
23.3722
9.022
26.4605
8.8233
22.2866
29.6866
10.8862
16.3996
10.6392
17.0745
9.54091
10.521
9.9553
8.7994
9.40152
8.87381
11.338
9.85132
9.06731
9.16587
28.4668
14.4843
10.7381
9.39742
9.35394
9.23469
29.7574
9.48228
8.74709
9.34298
10.9431
9.51446
8.95199
33.9945
8.42754
8.50152
9.25946
9.17374
9.36788
13.8155
8.94154
8.90735
8.79191
8.77507
9.77608
9.63256
9.3095
