431.906
394.281
374.362
4.27623
287.422
356.926
344.731
321.631
4.13331
360.964
100.295
4.48152
4.24833
3.58449
4.18054
333.003
317.895
11.4609
4.34549
185.801
315.738
316.678
3.42655
4.26797
3.97752
316.082
8.61996
5.26378
7.28252
7.88898
8.86082
8.12804
9.11946
261.582
6.92769
10.5364
396.364
4.19
356.429
11.5574
4.53918
3.64597
273.828
4.4726
4.03723
458.981
373.555
4.21921
3.80991
3.63231
4.23946
3.46496
4.4252
3.44908
202.854
4.16454
4.19576
3.96265
8.97756
4.22525
3.43032
332.565
3.42531
3.54779
9.18989
3.70146
261.903
3.66033
3.49581
3.46289
3.41797
3.36408
4.23953
3.68506
3.36073
3.56266
3.54278
3.3635
11.2446
3.56569
3.38183
271.63
4.29951
4.16912
3.33986
330.566
3.80663
13.8134
3.85229
3.6728
3.59023
3.41854
3.38675
378.721
3.95999
3.35406
3.33301
3.32798
3.36837
3.38586
