1509.35
389.849
529.486
374.495
28.8233
165.343
383.49
221.091
106.979
783.251
26.9553
27.0126
26.9229
169.15
26.9618
166.083
27.2418
27.2109
112.243
26.9838
27.0899
484.361
308.928
27.2983
26.9996
168.238
26.8717
344.695
27.2927
27.0274
27.2015
27.1721
27.2292
27.2507
168.481
27.2353
27.1628
27.1712
27.3079
27.4126
27.3202
27.3445
27.241
170.235
179.993
33.5137
30.6258
33.0057
29.7727
30.0134
29.0734
30.0324
184.563
29.9187
178.758
30.0243
28.6092
614.316
30.5721
29.2519
32.519
479.294
550.511
29.3984
27.8476
27.7875
27.6288
467.818
32.5577
28.0442
184.705
28.523
33.3084
27.6379
29.5461
28.0172
27.5319
27.6447
27.6794
27.7969
27.6832
27.7368
27.6079
33.2473
27.8212
27.9446
27.9788
32.7919
27.6987
27.7343
32.7093
566.442
27.6791
27.6538
29.1363
27.7969
27.9938
33.7923
596.97
566.873
