6.20287
5.01472
9.01114
5.31368
4.99428
4.93268
4.9565
4.92412
5.1657
4.94154
5.13174
4.94164
4.91207
4.88695
5.36729
5.39301
5.39148
5.19097
5.07502
5.3865
4.97361
4.97247
5.16853
5.06741
5.31459
5.32141
5.1529
5.42584
5.36491
5.14834
4.99934
5.39719
5.0183
5.135
4.97297
5.0877
4.99159
4.99001
5.03468
5.01255
4.97944
5.3863
4.98262
4.99183
5.09056
5.30575
5.44657
5.06726
5.05021
5.46853
4.95913
4.98193
5.34084
5.43373
4.97945
4.99872
5.4243
5.27748
5.41603
5.37061
5.02581
5.01172
4.98555
5.41221
5.39848
7.03727
5.02817
5.02362
4.9813
4.98673
4.99775
4.95722
4.95497
4.98318
4.95063
5.03613
4.93897
4.91614
5.00527
5.12957
5.44147
5.30593
5.03039
5.06763
5.37728
4.96318
5.41096
5.36076
5.41346
5.09902
5.05824
5.0254
4.98323
5.09406
5.3463
5.69578
5.31797
5.24658
5.17061
5.0472
