421.433
369.146
329.752
347.317
53.9452
274.277
338.397
135.449
336.038
16.573
43.5192
309.492
16.0551
15.3773
15.4656
274.213
27.2877
361.89
15.1025
15.2013
264.515
259.201
15.2394
15.2098
362.121
285.002
15.1402
343.957
309.95
15.1348
278.811
15.2503
15.0992
260.02
15.1761
15.043
266.257
258.23
55.1317
261.575
466.729
15.6777
15.4156
15.2051
15.2924
15.3306
42.0951
311.394
353.019
44.8919
43.138
15.372
15.2575
15.2167
69.558
37.8733
54.3711
44.2335
45.7843
50.3544
290.596
15.3108
15.4263
15.1089
15.7643
15.2542
15.0611
16.577
15.114
15.1209
15.1215
15.2159
15.1612
402.771
15.7045
15.3124
48.2932
15.0989
15.0964
15.0663
15.0634
14.9765
14.9845
15.0955
15.1548
15.0863
15.1652
15.1407
15.1083
15.2822
16.6176
15.2259
15.3346
386.726
15.0356
16.0058
18.5705
15.104
15.028
30.7634
