45.5045
45.3423
45.2654
45.3269
46.034
43.3981
43.3192
43.3573
44.9907
43.4554
43.3133
43.4321
43.3704
43.3765
43.3221
43.4498
43.395
43.4135
43.3623
43.3441
43.2821
43.3774
43.3524
43.3828
43.3727
43.8144
43.767
43.4362
43.3434
43.4304
43.299
968.12
44.0043
43.9738
43.8833
43.918
43.7291
43.9816
43.8824
43.9979
442.177
43.9449
43.9043
43.9595
43.8885
43.9822
44.0338
401.613
44.1312
798.707
44.1546
44.2414
44.0422
44.0243
44.0273
438.22
43.9431
877.865
43.3015
43.4076
43.3196
43.4089
43.3106
43.3184
43.3529
687.412
739.642
43.387
389.142
266.611
43.7278
43.4626
43.8818
43.4278
44.2256
44.0139
43.9946
431.128
43.8297
488.641
44.132
44.0757
43.9376
44.0057
44.0194
44.2278
44.1348
44.013
43.7625
43.953
44.0015
43.9192
43.8099
43.9182
43.8516
43.8445
44.1245
44.0329
44.1146
43.8759
