6.92925
6.13634
5.42745
5.0337
4.98937
5.44625
5.12663
5.48198
5.17649
5.04457
4.97966
5.03699
5.588
5.01023
4.93828
4.94757
4.88702
4.8849
4.81099
4.96612
4.80638
4.89141
5.38414
4.85525
5.2535
5.08323
4.95042
5.4385
4.84131
4.97275
4.87747
5.66679
5.38927
4.89925
4.90077
4.98362
4.88577
4.84998
4.83502
4.89045
4.82421
4.85493
4.85079
4.81643
5.18731
5.26976
5.10848
5.19357
5.37805
5.22822
5.424
5.32111
5.20024
5.07735
4.94031
5.01143
4.80799
4.78978
4.83849
4.78638
4.78848
4.91421
4.75966
5.04537
4.80109
4.81974
4.75253
4.79097
4.77466
5.87638
4.77537
4.78871
4.76075
4.73102
4.77101
4.7612
4.74813
4.77474
4.87968
5.61327
4.84312
4.77487
4.77025
4.75697
4.81632
4.81292
4.74
4.80452
4.74134
5.57714
4.83885
4.77446
4.79863
4.82444
4.7413
5.20423
4.91662
4.81197
5.57387
4.82855
