585.054
200.48
207.11
212.985
196.772
222.25
195.046
193.648
196.928
226.114
228.332
208.991
191.235
193.898
194.55
192.322
194.05
190.216
228.302
195.219
189.575
190.706
192.208
189.119
193.518
219.552
197.831
198.134
188.904
192.688
188.543
191.643
189.355
220.275
187.797
187.889
186.771
200.878
196.69
193.232
185.947
249.464
211.167
187.547
194.992
188.596
187.405
197.587
195.159
235.617
226.827
227.396
224.578
235.28
227.158
195.569
212.639
188.645
187.289
206.116
189.411
187.955
226.816
218.788
199.086
186.251
198.513
187.624
186.422
194.668
190.124
222.2
187.461
188.586
205.755
187.224
195.729
187.072
187.202
229.838
187.452
190.527
193.121
188.052
186.128
200.696
206.089
227.669
192.383
193.559
210.25
210.941
186.222
212.453
223.32
191.844
219.101
187.953
188.244
188.587
