517.842
297.715
29.648
21.5849
22.1768
21.9738
29.7916
26.056
39.8706
38.8475
36.3454
21.105
21.72
42.2894
24.1897
21.1076
359.163
24.3035
21.2156
40.4213
39.5714
26.8376
20.9076
20.8868
41.3072
35.2172
21.7124
29.173
36.4348
46.315
26.4575
45.3877
39.0042
32.3415
21.4653
35.0978
47.0144
45.7302
42.4374
44.8034
21.169
21.186
20.8207
20.9502
22.641
20.7936
20.7111
20.5825
20.5512
20.6548
20.8461
393.752
22.0794
43.487
20.7914
22.3222
46.1128
21.3621
35.4963
31.7208
46.3357
43.3769
45.2354
22.9965
44.744
20.8778
21.7618
20.8043
24.5293
21.3167
20.6101
21.446
22.6691
31.3432
21.5814
20.852
37.9155
20.9359
21.8418
45.6842
29.5345
21.526
21.5848
21.5654
21.4763
21.5461
39.6933
20.6759
22.1992
20.5789
22.1108
20.6265
47.6488
49.9724
20.6515
21.3893
46.2062
43.497
21.2143
21.9821
