28.7653
26.5166
26.4296
26.6719
25.9948
26.121
26.8878
26.4494
26.7207
27.6619
26.3075
26.2336
26.3608
26.3774
26.2751
26.7977
26.5786
27.0467
26.7719
26.7536
26.5468
34.5246
26.7037
26.3967
26.5698
26.4599
26.4096
26.7091
26.4186
26.2839
26.2835
26.4718
26.9021
26.8291
26.4398
26.1939
26.7527
26.1119
26.7413
27.1074
26.5337
27.009
26.6027
26.8939
27.0341
26.5697
26.9091
26.8254
27.1184
26.9324
26.7735
26.9583
26.8474
26.5196
26.5901
26.9156
26.6497
26.1619
26.4905
26.2846
26.2585
26.3991
26.3149
26.5275
26.5017
26.569
27.0751
30.1848
26.1801
26.0776
26.1129
26.3546
26.5671
26.5094
26.3193
26.2375
26.6422
26.1869
26.0928
26.5534
26.1033
26.033
26.5891
26.0524
26.1595
26.3607
26.436
27.1531
26.244
26.2394
26.2966
26.6029
27.1438
26.4961
26.4225
26.7114
26.2422
26.4971
26.1922
26.7634
