363.624
228.736
217.41
130.88
193.293
5.37384
177.737
6.13141
6.78745
5.77533
7.87554
204.421
9.92782
353.186
188.986
167.694
113.889
8.69637
147.808
9.51
323.149
10.5958
8.4316
13.6748
18.881
273.611
29.476
41.882
36.9915
264.406
258.5
9.19606
8.50621
7.38748
277.071
7.94877
106.289
8.77891
8.01167
4.0005
363.899
12.3867
9.69955
142.057
7.58879
7.91617
8.19596
4.18742
7.97242
7.74123
7.38934
340.662
8.87071
10.1607
7.83773
10.824
8.95595
455.235
10.967
8.7487
9.4514
7.9191
7.48198
9.06114
8.32072
8.24755
4.66282
10.4335
8.0131
8.14046
7.35447
8.59014
8.59555
9.96449
9.1257
343.922
9.10823
8.93115
9.25174
9.04925
8.11446
6.36571
8.62594
318.744
8.51282
8.96816
9.34149
8.48709
4.16938
8.80593
8.16314
10.0379
7.14344
4.80543
10.352
8.0218
10.3207
10.1925
4.52935
362.497
