61.4912
60.17
61.9671
61.2606
60.274
60.5663
60.2542
60.7073
60.9874
60.6087
60.6515
60.2892
60.5784
60.3141
60.5478
60.6879
60.341
60.2276
60.2531
60.6798
60.2771
60.6102
60.7908
60.6702
60.2469
60.5043
60.4481
60.6544
60.2793
60.4824
60.2703
60.5488
60.37
61.0088
60.4357
60.3206
60.1653
60.2429
60.2272
60.1923
60.1983
60.2711
61.0622
60.6393
66.603
60.7453
60.5688
60.3917
60.8277
60.3303
60.2867
60.6944
60.4025
60.5268
60.6441
60.2233
60.1583
60.6396
60.6571
60.6436
60.2176
60.2383
60.7029
60.7556
60.6407
60.6128
60.5907
60.4582
60.2063
60.167
60.1306
60.1448
60.6574
60.2551
60.2303
60.155
60.5402
60.5716
60.1541
60.5021
60.1939
60.2751
60.6049
60.6441
60.2926
60.2192
60.147
60.1975
60.2082
60.1955
60.1718
60.2112
60.2202
60.4577
60.144
60.1521
60.6317
60.521
60.2964
60.6745
