643.792
320.02
281.164
266.034
254.994
224.913
221.412
214.449
214.038
242.076
217.825
215.555
209.83
211.001
234.358
227.863
242.666
204.026
221.15
209.556
221.111
205.756
206.504
265.114
263.815
207.941
215.847
219.467
210.351
239.37
230.754
206.564
229.213
210.624
208.184
205.41
210.494
243.674
245.417
214.768
213.218
219.112
232.131
216.896
273.591
217.681
207.156
223.168
211.693
213.065
206.477
229.046
211.818
220.385
223.319
215.68
216.047
206.841
263.585
209.27
210.211
215.676
205.745
223.239
207.49
286.929
260.078
234.915
217.278
224.929
229.202
217.451
274.934
208.014
235.543
208.943
218.604
209.482
207.183
233.056
206.026
215.22
206.926
229.301
207.804
205.645
243.772
212.65
216.877
206.774
233.491
209.288
208.26
273.061
208.628
207.536
207.104
209.245
208.718
212.619
