DISK_LOAD_lo_orderdate: 1110.39 ms
DISK_LOAD_lo_discount: 1053.36 ms
DISK_LOAD_lo_quantity: 1053.71 ms
DISK_LOAD_lo_extendedprice: 1054.08 ms
DISK_LOAD_d_datekey: 0.030113 ms
DISK_LOAD_d_year: 0.008813 ms
** LOADED DATA **
GPU_LOAD: 353.156 ms
GPU_LOAD: 242.239 ms
GPU_LOAD: 241.214 ms
GPU_LOAD: 241.664 ms
GPU_LOAD: 0.136676 ms
GPU_LOAD: 0.008292 ms
** LOADED DATA TO GPU **
Revenue: 9643134347139
Time Taken Total: 12.9798
{"query":12,"time_query":12.9495}
Revenue: 9643134347139
Time Taken Total: 12.7453
{"query":12,"time_query":12.7318}
Revenue: 9643134347139
Time Taken Total: 12.747
{"query":12,"time_query":12.7338}
