Result:
1992 260 66578228710
1993 260 66645966456
1994 260 66758164038
1995 260 66912322920
1996 260 67241183414
1997 260 66119767409
1998 260 39020620688
1992 261 66773529772
1993 261 65995521070
1994 261 66243844473
1995 261 66363416205
1996 261 66404490783
1997 261 66581640583
1998 261 38959028167
1992 262 66401769135
1993 262 65550479248
1994 262 66932556681
1995 262 66365786075
1996 262 66653995537
1997 262 67213385009
1998 262 38506099333
1992 263 64509229295
1993 263 63647417380
1994 263 63384207184
1995 263 63753319952
1996 263 63502185362
1997 263 64161482056
1998 263 37642829564
1992 264 66455630009
1993 264 66326149435
1994 264 65795836912
1995 264 65268851873
1996 264 65427674215
1997 264 66423429836
1998 264 38588212824
1992 265 67563198362
1993 265 67282047325
1994 265 67965707654
1995 265 67517788754
1996 265 68251839635
1997 265 67115945488
1998 265 39360879411
1992 266 67255497037
1993 266 67865568183
1994 266 67925717603
1995 266 67686801034
1996 266 67779752323
1997 266 68080655579
1998 266 40657595007
1992 267 69174346322
1993 267 69813519428
1994 267 70910604880
1995 267 70585163494
1996 267 69319206621
1997 267 69060752228
1998 267 40643865971
Res Count: 56
Time Taken Total: 13.9352
{"query":22,"time_query":13.8041}
Result:
1992 260 66578228710
1993 260 66645966456
1994 260 66758164038
1995 260 66912322920
1996 260 67241183414
1997 260 66119767409
1998 260 39020620688
1992 261 66773529772
1993 261 65995521070
1994 261 66243844473
1995 261 66363416205
1996 261 66404490783
1997 261 66581640583
1998 261 38959028167
1992 262 66401769135
1993 262 65550479248
1994 262 66932556681
1995 262 66365786075
1996 262 66653995537
1997 262 67213385009
1998 262 38506099333
1992 263 64509229295
1993 263 63647417380
1994 263 63384207184
1995 263 63753319952
1996 263 63502185362
1997 263 64161482056
1998 263 37642829564
1992 264 66455630009
1993 264 66326149435
1994 264 65795836912
1995 264 65268851873
1996 264 65427674215
1997 264 66423429836
1998 264 38588212824
1992 265 67563198362
1993 265 67282047325
1994 265 67965707654
1995 265 67517788754
1996 265 68251839635
1997 265 67115945488
1998 265 39360879411
1992 266 67255497037
1993 266 67865568183
1994 266 67925717603
1995 266 67686801034
1996 266 67779752323
1997 266 68080655579
1998 266 40657595007
1992 267 69174346322
1993 267 69813519428
1994 267 70910604880
1995 267 70585163494
1996 267 69319206621
1997 267 69060752228
1998 267 40643865971
Res Count: 56
Time Taken Total: 13.3695
{"query":22,"time_query":13.2662}
Result:
1992 260 66578228710
1993 260 66645966456
1994 260 66758164038
1995 260 66912322920
1996 260 67241183414
1997 260 66119767409
1998 260 39020620688
1992 261 66773529772
1993 261 65995521070
1994 261 66243844473
1995 261 66363416205
1996 261 66404490783
1997 261 66581640583
1998 261 38959028167
1992 262 66401769135
1993 262 65550479248
1994 262 66932556681
1995 262 66365786075
1996 262 66653995537
1997 262 67213385009
1998 262 38506099333
1992 263 64509229295
1993 263 63647417380
1994 263 63384207184
1995 263 63753319952
1996 263 63502185362
1997 263 64161482056
1998 263 37642829564
1992 264 66455630009
1993 264 66326149435
1994 264 65795836912
1995 264 65268851873
1996 264 65427674215
1997 264 66423429836
1998 264 38588212824
1992 265 67563198362
1993 265 67282047325
1994 265 67965707654
1995 265 67517788754
1996 265 68251839635
1997 265 67115945488
1998 265 39360879411
1992 266 67255497037
1993 266 67865568183
1994 266 67925717603
1995 266 67686801034
1996 266 67779752323
1997 266 68080655579
1998 266 40657595007
1992 267 69174346322
1993 267 69813519428
1994 267 70910604880
1995 267 70585163494
1996 267 69319206621
1997 267 69060752228
1998 267 40643865971
Res Count: 56
Time Taken Total: 13.3065
{"query":22,"time_query":13.2596}
