DISK_LOAD_lo_orderdate: 1088.14 ms
DISK_LOAD_lo_partkey: 1067.31 ms
DISK_LOAD_lo_suppkey: 1057.32 ms
DISK_LOAD_lo_revenue: 1049.5 ms
DISK_LOAD_p_partkey: 2.52722 ms
DISK_LOAD_p_brand1: 2.69833 ms
DISK_LOAD_d_datekey: 0.017482 ms
DISK_LOAD_d_year: 0.008532 ms
DISK_LOAD_s_suppkey: 0.376065 ms
DISK_LOAD_s_region: 0.349995 ms
GPU_LOAD: 353.879 ms
GPU_LOAD: 241.902 ms
GPU_LOAD: 241.491 ms
GPU_LOAD: 241.086 ms
GPU_LOAD: 0.137705 ms
GPU_LOAD: 0.009602 ms
GPU_LOAD: 0.621755 ms
GPU_LOAD: 0.655888 ms
GPU_LOAD: 0.17367 ms
GPU_LOAD: 0.155324 ms
Result:
1992 260 66636175097
1993 260 65688032658
1994 260 65834579041
1995 260 66349759114
1996 260 66686658864
1997 260 66256681900
1998 260 38887620900
Res Count: 7
Time Taken Total: 13.5282
{"query":23,"time_query":13.4177}
Result:
1992 260 66636175097
1993 260 65688032658
1994 260 65834579041
1995 260 66349759114
1996 260 66686658864
1997 260 66256681900
1998 260 38887620900
Res Count: 7
Time Taken Total: 13.1954
{"query":23,"time_query":13.1576}
Result:
1992 260 66636175097
1993 260 65688032658
1994 260 65834579041
1995 260 66349759114
1996 260 66686658864
1997 260 66256681900
1998 260 38887620900
Res Count: 7
Time Taken Total: 13.2154
{"query":23,"time_query":13.1761}
