** LOADED DATA **
Result:
1992 260 66636175097
1993 260 65688032658
1994 260 65834579041
1995 260 66349759114
1996 260 66686658864
1997 260 66256681900
1998 260 38887620900
Res Count: 7
{"query":23,"time_query":100.135}
Result:
1992 260 66636175097
1993 260 65688032658
1994 260 65834579041
1995 260 66349759114
1996 260 66686658864
1997 260 66256681900
1998 260 38887620900
Res Count: 7
{"query":23,"time_query":56.7199}
Result:
1992 260 66636175097
1993 260 65688032658
1994 260 65834579041
1995 260 66349759114
1996 260 66686658864
1997 260 66256681900
1998 260 38887620900
Res Count: 7
{"query":23,"time_query":59.2952}
