Result:
1992 260 66636175097
1993 260 65688032658
1994 260 65834579041
1995 260 66349759114
1996 260 66686658864
1997 260 66256681900
1998 260 38887620900
Res Count: 7
Time Taken Total: 13.55
{"query":23,"time_query":13.4401}
Result:
1992 260 66636175097
1993 260 65688032658
1994 260 65834579041
1995 260 66349759114
1996 260 66686658864
1997 260 66256681900
1998 260 38887620900
Res Count: 7
Time Taken Total: 13.2356
{"query":23,"time_query":13.1485}
Result:
1992 260 66636175097
1993 260 65688032658
1994 260 65834579041
1995 260 66349759114
1996 260 66686658864
1997 260 66256681900
1998 260 38887620900
Res Count: 7
Time Taken Total: 13.197
{"query":23,"time_query":13.1655}
