Using device 0: NVIDIA L40S (PTX version 890, SM890, 142 SMs, 32231 free / 45468 total MB physmem, 864.096 GB/s @ 9001000 kHz mem clock, ECC on)
DISK_LOAD_lo_orderdate: 1095.43 ms
DISK_LOAD_lo_custkey: 1164.86 ms
DISK_LOAD_lo_suppkey: 1042.31 ms
DISK_LOAD_lo_revenue: 1043.5 ms
DISK_LOAD_d_datekey: 0.02316 ms
DISK_LOAD_d_year: 0.008398 ms
DISK_LOAD_s_suppkey: 0.407869 ms
DISK_LOAD_s_nation: 0.395137 ms
DISK_LOAD_s_region: 0.381066 ms
DISK_LOAD_c_custkey: 6.07566 ms
DISK_LOAD_c_nation: 5.58416 ms
DISK_LOAD_c_region: 8.89972 ms
** LOADED DATA **
GPU_LOAD: 704.443 ms
GPU_LOAD: 238.995 ms
GPU_LOAD: 237.186 ms
GPU_LOAD: 286.265 ms
GPU_LOAD: 0.170947 ms
GPU_LOAD: 0.075191 ms
GPU_LOAD: 0.302696 ms
GPU_LOAD: 0.297863 ms
GPU_LOAD: 0.306014 ms
GPU_LOAD: 3.76724 ms
GPU_LOAD: 3.80474 ms
GPU_LOAD: 5.16443 ms
** LOADED DATA TO GPU **
Result:
1992 8 8 539291435681
1993 8 8 537248358148
1994 8 8 535152350568
1995 8 8 535589290383
1996 8 8 539859788276
1997 8 8 537884156002
1992 9 8 537375959703
1993 9 8 537878420445
1994 9 8 538759783450
1995 9 8 534537854967
1996 9 8 539088498041
1997 9 8 540458267281
1992 12 8 532954662684
1993 12 8 533272901454
1994 12 8 532733130904
1995 12 8 533112695801
1996 12 8 535292768553
1997 12 8 531362307337
1992 18 8 533976435283
1993 18 8 536207497945
1994 18 8 534484398353
1995 18 8 532501918161
1996 18 8 536349891166
1997 18 8 534429563921
1992 21 8 535403452080
1993 21 8 532590329572
1994 21 8 535523929535
1995 21 8 535925127285
1996 21 8 533904515392
1997 21 8 536751908862
1992 8 9 536172109299
1993 8 9 532220155673
1994 8 9 532614988499
1995 8 9 533329594815
1996 8 9 534094292007
1997 8 9 533805299000
1992 9 9 537315053620
1993 9 9 535087499059
1994 9 9 535038074719
1995 9 9 534715781238
1996 9 9 534082699305
1997 9 9 534350621492
1992 12 9 527296409495
1993 12 9 528577932654
1994 12 9 530438374218
1995 12 9 529398915911
1996 12 9 532231926044
1997 12 9 530308695905
1992 18 9 530412702104
1993 18 9 529128608481
1994 18 9 528159443202
1995 18 9 530262238471
1996 18 9 527124705806
1997 18 9 528005637884
1992 21 9 528594489833
1993 21 9 531910784404
1994 21 9 527636358930
1995 21 9 529863530991
1996 21 9 531492813692
1997 21 9 531671070469
1992 8 12 536832199771
1993 8 12 534297971882
1994 8 12 532045248963
1995 8 12 534734577695
1996 8 12 536859795327
1997 8 12 534988371624
1992 9 12 532877033851
1993 9 12 538079822652
1994 9 12 533909752208
1995 9 12 537142759240
1996 9 12 536973544894
1997 9 12 532775883250
1992 12 12 533525626309
1993 12 12 528339625311
1994 12 12 529378222404
1995 12 12 530323359278
1996 12 12 532018806112
1997 12 12 530770031615
1992 18 12 529305966112
1993 18 12 528566970816
1994 18 12 529971585944
1995 18 12 529895687354
1996 18 12 532106608290
1997 18 12 529719478050
1992 21 12 531470079465
1993 21 12 535298846516
1994 21 12 531024696423
1995 21 12 532264501818
1996 21 12 532045419829
1997 21 12 534747566982
1992 8 18 533854091057
1993 8 18 532800034766
1994 8 18 531130748807
1995 8 18 531021190077
1996 8 18 531575708212
1997 8 18 530659596934
1992 9 18 532879397616
1993 9 18 529029647242
1994 9 18 531661537240
1995 9 18 530185023955
1996 9 18 535169370650
1997 9 18 530172753707
1992 12 18 529539320481
1993 12 18 528764965528
1994 12 18 527970441521
1995 12 18 529519774614
1996 12 18 528436501627
1997 12 18 527301366424
1992 18 18 528533659620
1993 18 18 524062962902
1994 18 18 524455182777
1995 18 18 527275217062
1996 18 18 528959580387
1997 18 18 527064809853
1992 21 18 528190860104
1993 21 18 528104743282
1994 21 18 529276288715
1995 21 18 528708322459
1996 21 18 530239651490
1997 21 18 530165879989
1992 8 21 530699259054
1993 8 21 527692183850
1994 8 21 530009404096
1995 8 21 535142410282
1996 8 21 532170090464
1997 8 21 529839572662
1992 9 21 532069655849
1993 9 21 528563795569
1994 9 21 531914700501
1995 9 21 529765387061
1996 9 21 531550683391
1997 9 21 528722446106
1992 12 21 529037316935
1993 12 21 526118763671
1994 12 21 526027941468
1995 12 21 524783702489
1996 12 21 528205153192
1997 12 21 525091541931
1992 18 21 526929574591
1993 18 21 525938684753
1994 18 21 527118758026
1995 18 21 524599268662
1996 18 21 529124696983
1997 18 21 528656547688
1992 21 21 527074947908
1993 21 21 528614510264
1994 21 21 527300527472
1995 21 21 527417735899
1996 21 21 529036690295
1997 21 21 525668944137
Res Count: 150
Time Taken Total: 14.3255
{"query":31,"time_query":14.0423}
