** LOADED DATA **
** LOADED DATA TO GPU **
Result:
1992 240 240 907456098
1993 240 240 1394460244
1994 240 240 1021619112
1995 240 240 938645449
1996 240 240 849084399
1997 240 240 1059252753
1992 241 240 463872818
1993 241 240 698817835
1994 241 240 933330267
1995 241 240 1131325684
1996 241 240 920921956
1997 241 240 927917311
1992 242 240 974999893
1993 242 240 1056460387
1994 242 240 996779841
1995 242 240 1045757240
1996 242 240 973010074
1997 242 240 980783222
1992 243 240 838122133
1993 243 240 842654448
1994 243 240 1340099471
1995 243 240 1271625457
1996 243 240 1196910329
1997 243 240 940922913
1992 244 240 1194801139
1993 244 240 963719914
1994 244 240 834983847
1995 244 240 994217588
1996 244 240 855672888
1997 244 240 856831076
1992 245 240 1017134551
1993 245 240 921860884
1994 245 240 1047366185
1995 245 240 667268521
1996 245 240 1162295150
1997 245 240 1108264092
1992 246 240 1188460193
1993 246 240 1073178185
1994 246 240 959661357
1995 246 240 795967001
1996 246 240 1103844455
1997 246 240 934480350
1992 247 240 973511725
1993 247 240 1283629727
1994 247 240 992632673
1995 247 240 1006609101
1996 247 240 1099481493
1997 247 240 1089032371
1992 248 240 1001309307
1993 248 240 1024507050
1994 248 240 697067166
1995 248 240 846939908
1996 248 240 1036925541
1997 248 240 1179077874
1992 249 240 902773295
1993 249 240 1183334061
1994 249 240 966977899
1995 249 240 978878498
1996 249 240 1132473376
1997 249 240 1074951105
1992 240 241 325372937
1993 240 241 949737851
1994 240 241 1039799178
1995 240 241 829874422
1996 240 241 965032029
1997 240 241 797591398
1992 241 241 663006507
1993 241 241 668009841
1994 241 241 1037411886
1995 241 241 799711000
1996 241 241 811748436
1997 241 241 414617456
1992 242 241 800022587
1993 242 241 761530825
1994 242 241 772879309
1995 242 241 1036864768
1996 242 241 1028620588
1997 242 241 813104273
1992 243 241 1075133710
1993 243 241 918296732
1994 243 241 911713664
1995 243 241 1052683361
1996 243 241 1251333111
1997 243 241 897717742
1992 244 241 838531067
1993 244 241 892765966
1994 244 241 1152130365
1995 244 241 825158707
1996 244 241 779807135
1997 244 241 689354843
1992 245 241 567179874
1993 245 241 803838009
1994 245 241 785945250
1995 245 241 802575949
1996 245 241 932632712
1997 245 241 758755861
1992 246 241 670068367
1993 246 241 971896529
1994 246 241 976417955
1995 246 241 877646211
1996 246 241 722363658
1997 246 241 580657393
1992 247 241 756943318
1993 247 241 922751664
1994 247 241 712572235
1995 247 241 785492512
1996 247 241 1140270597
1997 247 241 950158041
1992 248 241 919535490
1993 248 241 839052922
1994 248 241 576676174
1995 248 241 532895939
1996 248 241 928481020
1997 248 241 848760053
1992 249 241 620648681
1993 249 241 1050194968
1994 249 241 630672929
1995 249 241 930908226
1996 249 241 823846783
1997 249 241 858830971
1992 240 242 816569958
1993 240 242 919139386
1994 240 242 1160077832
1995 240 242 737421792
1996 240 242 835582306
1997 240 242 1092855548
1992 241 242 919427489
1993 241 242 1043934935
1994 241 242 844982706
1995 241 242 897475286
1996 241 242 1043999248
1997 241 242 1048580690
1992 242 242 1073949951
1993 242 242 1326546834
1994 242 242 971712365
1995 242 242 755966332
1996 242 242 1043414914
1997 242 242 1071389914
1992 243 242 1409983712
1993 243 242 1075377337
1994 243 242 1205477370
1995 243 242 1137878520
1996 243 242 1199869023
1997 243 242 1246185218
1992 244 242 1150657123
1993 244 242 1000025926
1994 244 242 1124597112
1995 244 242 920253360
1996 244 242 1206649069
1997 244 242 1262970724
1992 245 242 1132058792
1993 245 242 1183237487
1994 245 242 967709252
1995 245 242 931355619
1996 245 242 984997865
1997 245 242 1109593633
1992 246 242 937818153
1993 246 242 1005960435
1994 246 242 747150085
1995 246 242 1248755600
1996 246 242 984491901
1997 246 242 1107244407
1992 247 242 1090200835
1993 247 242 792356061
1994 247 242 1130014785
1995 247 242 1022485368
1996 247 242 1191685721
1997 247 242 1051719137
1992 248 242 1293449190
1993 248 242 863758627
1994 248 242 818457335
1995 248 242 1154926183
1996 248 242 1001820340
1997 248 242 970266296
1992 249 242 1052966717
1993 249 242 1095109020
1994 249 242 1179803366
1995 249 242 808618694
1996 249 242 1032402415
1997 249 242 1232467249
1992 240 243 1252904728
1993 240 243 1570126495
1994 240 243 1245180135
1995 240 243 1406720419
1996 240 243 1460092081
1997 240 243 1294608986
1992 241 243 999282232
1993 241 243 1381513961
1994 241 243 1203784898
1995 241 243 1513000774
1996 241 243 1141384572
1997 241 243 1159726172
1992 242 243 1084954298
1993 242 243 1423089850
1994 242 243 1034125464
1995 242 243 1469280926
1996 242 243 953571406
1997 242 243 1350907935
1992 243 243 1355895413
1993 243 243 1489446440
1994 243 243 1375365862
1995 243 243 1309318937
1996 243 243 1441584718
1997 243 243 834922958
1992 244 243 1151897483
1993 244 243 1201243966
1994 244 243 1207596576
1995 244 243 1653581380
1996 244 243 1419877905
1997 244 243 1412680277
1992 245 243 1196696874
1993 245 243 1400079545
1994 245 243 1428408799
1995 245 243 1198482517
1996 245 243 1234626367
1997 245 243 954145270
1992 246 243 1258740451
1993 246 243 1244978960
1994 246 243 1442461106
1995 246 243 1061622562
1996 246 243 1439613908
1997 246 243 1096090715
1992 247 243 1005726313
1993 247 243 1280245929
1994 247 243 1054063330
1995 247 243 1400637623
1996 247 243 1339643055
1997 247 243 1105056472
1992 248 243 1215995318
1993 248 243 1140082733
1994 248 243 1335361118
1995 248 243 1343154707
1996 248 243 1311963458
1997 248 243 1249932772
1992 249 243 1059798077
1993 249 243 1417277573
1994 249 243 1283426224
1995 249 243 1264358284
1996 249 243 1624432115
1997 249 243 1489710884
1992 240 244 1154172390
1993 240 244 1311232414
1994 240 244 1238472054
1995 240 244 1260818974
1996 240 244 1164102984
1997 240 244 920779001
1992 241 244 1221160630
1993 241 244 964408034
1994 241 244 1071395711
1995 241 244 1336647510
1996 241 244 1054150991
1997 241 244 1209602423
1992 242 244 1360579430
1993 242 244 1309226993
1994 242 244 1140542800
1995 242 244 1147894281
1996 242 244 1199855649
1997 242 244 1068573050
1992 243 244 1282063903
1993 243 244 1386299473
1994 243 244 1218394216
1995 243 244 1403645669
1996 243 244 1243058076
1997 243 244 1396612862
1992 244 244 1293989803
1993 244 244 921954436
1994 244 244 1331669860
1995 244 244 924514234
1996 244 244 1279461933
1997 244 244 1084018190
1992 245 244 1417312202
1993 245 244 1137005278
1994 245 244 1150081154
1995 245 244 1288340406
1996 245 244 827279388
1997 245 244 1016025517
1992 246 244 1002214388
1993 246 244 1026318864
1994 246 244 1223836211
1995 246 244 1062827909
1996 246 244 996331996
1997 246 244 816815267
1992 247 244 1052703486
1993 247 244 929307420
1994 247 244 955804267
1995 247 244 979666895
1996 247 244 1076196471
1997 247 244 1250411554
1992 248 244 1453586988
1993 248 244 1215523631
1994 248 244 1013105823
1995 248 244 1330217091
1996 248 244 1117452155
1997 248 244 987548298
1992 249 244 1169158023
1993 249 244 1112447523
1994 249 244 1000596687
1995 249 244 1062026507
1996 249 244 916048001
1997 249 244 1392540232
1992 240 245 1111072182
1993 240 245 872733042
1994 240 245 1056399456
1995 240 245 1141535975
1996 240 245 1032021808
1997 240 245 995401286
1992 241 245 1050710708
1993 241 245 1025463352
1994 241 245 819773560
1995 241 245 1046762159
1996 241 245 1076848610
1997 241 245 815233254
1992 242 245 1068259726
1993 242 245 785928920
1994 242 245 1464482774
1995 242 245 1253456072
1996 242 245 894111975
1997 242 245 1095049031
1992 243 245 1056275389
1993 243 245 1071154528
1994 243 245 1357759927
1995 243 245 1179920233
1996 243 245 1158520115
1997 243 245 1135681603
1992 244 245 988521088
1993 244 245 860892743
1994 244 245 1029866032
1995 244 245 1064215139
1996 244 245 1022419669
1997 244 245 1095342054
1992 245 245 1039669374
1993 245 245 842411414
1994 245 245 1154010102
1995 245 245 638322824
1996 245 245 576728488
1997 245 245 843253340
1992 246 245 1312778053
1993 246 245 1103370498
1994 246 245 885381989
1995 246 245 505974862
1996 246 245 630275164
1997 246 245 1105644538
1992 247 245 1110691823
1993 247 245 1066769528
1994 247 245 1026563435
1995 247 245 1224790142
1996 247 245 934007861
1997 247 245 1338666977
1992 248 245 933111155
1993 248 245 1346079783
1994 248 245 742450124
1995 248 245 1102318043
1996 248 245 602045284
1997 248 245 1268301011
1992 249 245 835570383
1993 249 245 1031185450
1994 249 245 925420585
1995 249 245 1113331672
1996 249 245 892907605
1997 249 245 1173766668
1992 240 246 791557413
1993 240 246 706342950
1994 240 246 737178727
1995 240 246 1042899936
1996 240 246 1025790337
1997 240 246 582137171
1992 241 246 644426148
1993 241 246 942007080
1994 241 246 748179841
1995 241 246 717222723
1996 241 246 731425787
1997 241 246 702300303
1992 242 246 938458250
1993 242 246 704850348
1994 242 246 621691388
1995 242 246 854823472
1996 242 246 995612075
1997 242 246 732981838
1992 243 246 1021075160
1993 243 246 681711598
1994 243 246 750366058
1995 243 246 1071614570
1996 243 246 918001866
1997 243 246 745802147
1992 244 246 774307633
1993 244 246 929605960
1994 244 246 975150892
1995 244 246 799465779
1996 244 246 778727086
1997 244 246 986232080
1992 245 246 962714486
1993 245 246 781489923
1994 245 246 526678210
1995 245 246 506449891
1996 245 246 728035726
1997 245 246 909000161
1992 246 246 1038221206
1993 246 246 826054765
1994 246 246 821487327
1995 246 246 733054646
1996 246 246 781404477
1997 246 246 1187705382
1992 247 246 849192259
1993 247 246 925709515
1994 247 246 919974828
1995 247 246 1069729160
1996 247 246 755251683
1997 247 246 963197311
1992 248 246 869331040
1993 248 246 872569013
1994 248 246 540629673
1995 248 246 711693601
1996 248 246 778593013
1997 248 246 844892175
1992 249 246 848938056
1993 249 246 763543874
1994 249 246 985010103
1995 249 246 1096987937
1996 249 246 863340781
1997 249 246 1001708250
1992 240 247 1097813125
1993 240 247 1028048866
1994 240 247 920825195
1995 240 247 1314596163
1996 240 247 798697732
1997 240 247 922884472
1992 241 247 943657555
1993 241 247 863290281
1994 241 247 1147491356
1995 241 247 877761556
1996 241 247 961512180
1997 241 247 1007766523
1992 242 247 832432281
1993 242 247 1137620681
1994 242 247 999182644
1995 242 247 726252218
1996 242 247 861632837
1997 242 247 1151192402
1992 243 247 1116984300
1993 243 247 770264806
1994 243 247 1093259479
1995 243 247 723630938
1996 243 247 944901333
1997 243 247 1091438883
1992 244 247 826730283
1993 244 247 925228169
1994 244 247 1070789263
1995 244 247 842000428
1996 244 247 1168711858
1997 244 247 1058285356
1992 245 247 1025087813
1993 245 247 765279029
1994 245 247 1348821203
1995 245 247 1290750421
1996 245 247 799991842
1997 245 247 1039815018
1992 246 247 1145419753
1993 246 247 1131901346
1994 246 247 1165475718
1995 246 247 1395879071
1996 246 247 919918861
1997 246 247 802328101
1992 247 247 1188923724
1993 247 247 990944080
1994 247 247 1075653296
1995 247 247 757502562
1996 247 247 1035932038
1997 247 247 1184445243
1992 248 247 869807220
1993 248 247 1272636069
1994 248 247 1001066374
1995 248 247 987103103
1996 248 247 1008613764
1997 248 247 798168359
1992 249 247 807806791
1993 249 247 948043920
1994 249 247 1285246151
1995 249 247 902802957
1996 249 247 1297443871
1997 249 247 1142512030
1992 240 248 669054867
1993 240 248 796350342
1994 240 248 972767614
1995 240 248 829109093
1996 240 248 1089483709
1997 240 248 717558186
1992 241 248 797561757
1993 241 248 848979679
1994 241 248 1117324252
1995 241 248 797977422
1996 241 248 584026257
1997 241 248 973642470
1992 242 248 937933051
1993 242 248 744407220
1994 242 248 1199422459
1995 242 248 909509325
1996 242 248 682083388
1997 242 248 922913680
1992 243 248 1097100482
1993 243 248 1019909503
1994 243 248 806044920
1995 243 248 999101662
1996 243 248 996876234
1997 243 248 1087984951
1992 244 248 1168556168
1993 244 248 819888044
1994 244 248 974456710
1995 244 248 1084758894
1996 244 248 1060010741
1997 244 248 940885282
1992 245 248 814612976
1993 245 248 943980447
1994 245 248 857966840
1995 245 248 817610109
1996 245 248 850797639
1997 245 248 690214246
1992 246 248 676103467
1993 246 248 1069144599
1994 246 248 827307657
1995 246 248 942171728
1996 246 248 819197148
1997 246 248 854827402
1992 247 248 1241244955
1993 247 248 1030745938
1994 247 248 1033860341
1995 247 248 823029556
1996 247 248 1107160602
1997 247 248 853960313
1992 248 248 903400445
1993 248 248 832545981
1994 248 248 515113164
1995 248 248 910157458
1996 248 248 831036398
1997 248 248 1001063782
1992 249 248 862415022
1993 249 248 821593086
1994 249 248 1365801973
1995 249 248 1109565266
1996 249 248 1093077319
1997 249 248 651733096
1992 240 249 1256934443
1993 240 249 1050793025
1994 240 249 1226693503
1995 240 249 1345279276
1996 240 249 731215840
1997 240 249 1161105103
1992 241 249 933119684
1993 241 249 1011414592
1994 241 249 1358780504
1995 241 249 1016069449
1996 241 249 873719779
1997 241 249 1092539145
1992 242 249 1276429960
1993 242 249 976585576
1994 242 249 1236951305
1995 242 249 1015440465
1996 242 249 936753944
1997 242 249 596300944
1992 243 249 1302784813
1993 243 249 1293336265
1994 243 249 1198776406
1995 243 249 1077496116
1996 243 249 1136675807
1997 243 249 966589251
1992 244 249 1079474986
1993 244 249 960121494
1994 244 249 847058086
1995 244 249 1062137032
1996 244 249 1291417207
1997 244 249 1308655081
1992 245 249 862602924
1993 245 249 968130568
1994 245 249 819695825
1995 245 249 1046280131
1996 245 249 889144005
1997 245 249 1466676271
1992 246 249 1242598212
1993 246 249 1309840243
1994 246 249 1042832043
1995 246 249 1113408651
1996 246 249 1118518544
1997 246 249 747869940
1992 247 249 1013481255
1993 247 249 1089289201
1994 247 249 941159898
1995 247 249 1028052385
1996 247 249 1064591150
1997 247 249 951551209
1992 248 249 1199406303
1993 248 249 709447628
1994 248 249 1044205657
1995 248 249 830530818
1996 248 249 884942806
1997 248 249 1473075926
1992 249 249 944710044
1993 249 249 1020498016
1994 249 249 1197715343
1995 249 249 1000464287
1996 249 249 1180021034
1997 249 249 1124191179
Res Count: 600
{"query":32,"time_query":14.8564}
Result:
1992 240 240 907456098
1993 240 240 1394460244
1994 240 240 1021619112
1995 240 240 938645449
1996 240 240 849084399
1997 240 240 1059252753
1992 241 240 463872818
1993 241 240 698817835
1994 241 240 933330267
1995 241 240 1131325684
1996 241 240 920921956
1997 241 240 927917311
1992 242 240 974999893
1993 242 240 1056460387
1994 242 240 996779841
1995 242 240 1045757240
1996 242 240 973010074
1997 242 240 980783222
1992 243 240 838122133
1993 243 240 842654448
1994 243 240 1340099471
1995 243 240 1271625457
1996 243 240 1196910329
1997 243 240 940922913
1992 244 240 1194801139
1993 244 240 963719914
1994 244 240 834983847
1995 244 240 994217588
1996 244 240 855672888
1997 244 240 856831076
1992 245 240 1017134551
1993 245 240 921860884
1994 245 240 1047366185
1995 245 240 667268521
1996 245 240 1162295150
1997 245 240 1108264092
1992 246 240 1188460193
1993 246 240 1073178185
1994 246 240 959661357
1995 246 240 795967001
1996 246 240 1103844455
1997 246 240 934480350
1992 247 240 973511725
1993 247 240 1283629727
1994 247 240 992632673
1995 247 240 1006609101
1996 247 240 1099481493
1997 247 240 1089032371
1992 248 240 1001309307
1993 248 240 1024507050
1994 248 240 697067166
1995 248 240 846939908
1996 248 240 1036925541
1997 248 240 1179077874
1992 249 240 902773295
1993 249 240 1183334061
1994 249 240 966977899
1995 249 240 978878498
1996 249 240 1132473376
1997 249 240 1074951105
1992 240 241 325372937
1993 240 241 949737851
1994 240 241 1039799178
1995 240 241 829874422
1996 240 241 965032029
1997 240 241 797591398
1992 241 241 663006507
1993 241 241 668009841
1994 241 241 1037411886
1995 241 241 799711000
1996 241 241 811748436
1997 241 241 414617456
1992 242 241 800022587
1993 242 241 761530825
1994 242 241 772879309
1995 242 241 1036864768
1996 242 241 1028620588
1997 242 241 813104273
1992 243 241 1075133710
1993 243 241 918296732
1994 243 241 911713664
1995 243 241 1052683361
1996 243 241 1251333111
1997 243 241 897717742
1992 244 241 838531067
1993 244 241 892765966
1994 244 241 1152130365
1995 244 241 825158707
1996 244 241 779807135
1997 244 241 689354843
1992 245 241 567179874
1993 245 241 803838009
1994 245 241 785945250
1995 245 241 802575949
1996 245 241 932632712
1997 245 241 758755861
1992 246 241 670068367
1993 246 241 971896529
1994 246 241 976417955
1995 246 241 877646211
1996 246 241 722363658
1997 246 241 580657393
1992 247 241 756943318
1993 247 241 922751664
1994 247 241 712572235
1995 247 241 785492512
1996 247 241 1140270597
1997 247 241 950158041
1992 248 241 919535490
1993 248 241 839052922
1994 248 241 576676174
1995 248 241 532895939
1996 248 241 928481020
1997 248 241 848760053
1992 249 241 620648681
1993 249 241 1050194968
1994 249 241 630672929
1995 249 241 930908226
1996 249 241 823846783
1997 249 241 858830971
1992 240 242 816569958
1993 240 242 919139386
1994 240 242 1160077832
1995 240 242 737421792
1996 240 242 835582306
1997 240 242 1092855548
1992 241 242 919427489
1993 241 242 1043934935
1994 241 242 844982706
1995 241 242 897475286
1996 241 242 1043999248
1997 241 242 1048580690
1992 242 242 1073949951
1993 242 242 1326546834
1994 242 242 971712365
1995 242 242 755966332
1996 242 242 1043414914
1997 242 242 1071389914
1992 243 242 1409983712
1993 243 242 1075377337
1994 243 242 1205477370
1995 243 242 1137878520
1996 243 242 1199869023
1997 243 242 1246185218
1992 244 242 1150657123
1993 244 242 1000025926
1994 244 242 1124597112
1995 244 242 920253360
1996 244 242 1206649069
1997 244 242 1262970724
1992 245 242 1132058792
1993 245 242 1183237487
1994 245 242 967709252
1995 245 242 931355619
1996 245 242 984997865
1997 245 242 1109593633
1992 246 242 937818153
1993 246 242 1005960435
1994 246 242 747150085
1995 246 242 1248755600
1996 246 242 984491901
1997 246 242 1107244407
1992 247 242 1090200835
1993 247 242 792356061
1994 247 242 1130014785
1995 247 242 1022485368
1996 247 242 1191685721
1997 247 242 1051719137
1992 248 242 1293449190
1993 248 242 863758627
1994 248 242 818457335
1995 248 242 1154926183
1996 248 242 1001820340
1997 248 242 970266296
1992 249 242 1052966717
1993 249 242 1095109020
1994 249 242 1179803366
1995 249 242 808618694
1996 249 242 1032402415
1997 249 242 1232467249
1992 240 243 1252904728
1993 240 243 1570126495
1994 240 243 1245180135
1995 240 243 1406720419
1996 240 243 1460092081
1997 240 243 1294608986
1992 241 243 999282232
1993 241 243 1381513961
1994 241 243 1203784898
1995 241 243 1513000774
1996 241 243 1141384572
1997 241 243 1159726172
1992 242 243 1084954298
1993 242 243 1423089850
1994 242 243 1034125464
1995 242 243 1469280926
1996 242 243 953571406
1997 242 243 1350907935
1992 243 243 1355895413
1993 243 243 1489446440
1994 243 243 1375365862
1995 243 243 1309318937
1996 243 243 1441584718
1997 243 243 834922958
1992 244 243 1151897483
1993 244 243 1201243966
1994 244 243 1207596576
1995 244 243 1653581380
1996 244 243 1419877905
1997 244 243 1412680277
1992 245 243 1196696874
1993 245 243 1400079545
1994 245 243 1428408799
1995 245 243 1198482517
1996 245 243 1234626367
1997 245 243 954145270
1992 246 243 1258740451
1993 246 243 1244978960
1994 246 243 1442461106
1995 246 243 1061622562
1996 246 243 1439613908
1997 246 243 1096090715
1992 247 243 1005726313
1993 247 243 1280245929
1994 247 243 1054063330
1995 247 243 1400637623
1996 247 243 1339643055
1997 247 243 1105056472
1992 248 243 1215995318
1993 248 243 1140082733
1994 248 243 1335361118
1995 248 243 1343154707
1996 248 243 1311963458
1997 248 243 1249932772
1992 249 243 1059798077
1993 249 243 1417277573
1994 249 243 1283426224
1995 249 243 1264358284
1996 249 243 1624432115
1997 249 243 1489710884
1992 240 244 1154172390
1993 240 244 1311232414
1994 240 244 1238472054
1995 240 244 1260818974
1996 240 244 1164102984
1997 240 244 920779001
1992 241 244 1221160630
1993 241 244 964408034
1994 241 244 1071395711
1995 241 244 1336647510
1996 241 244 1054150991
1997 241 244 1209602423
1992 242 244 1360579430
1993 242 244 1309226993
1994 242 244 1140542800
1995 242 244 1147894281
1996 242 244 1199855649
1997 242 244 1068573050
1992 243 244 1282063903
1993 243 244 1386299473
1994 243 244 1218394216
1995 243 244 1403645669
1996 243 244 1243058076
1997 243 244 1396612862
1992 244 244 1293989803
1993 244 244 921954436
1994 244 244 1331669860
1995 244 244 924514234
1996 244 244 1279461933
1997 244 244 1084018190
1992 245 244 1417312202
1993 245 244 1137005278
1994 245 244 1150081154
1995 245 244 1288340406
1996 245 244 827279388
1997 245 244 1016025517
1992 246 244 1002214388
1993 246 244 1026318864
1994 246 244 1223836211
1995 246 244 1062827909
1996 246 244 996331996
1997 246 244 816815267
1992 247 244 1052703486
1993 247 244 929307420
1994 247 244 955804267
1995 247 244 979666895
1996 247 244 1076196471
1997 247 244 1250411554
1992 248 244 1453586988
1993 248 244 1215523631
1994 248 244 1013105823
1995 248 244 1330217091
1996 248 244 1117452155
1997 248 244 987548298
1992 249 244 1169158023
1993 249 244 1112447523
1994 249 244 1000596687
1995 249 244 1062026507
1996 249 244 916048001
1997 249 244 1392540232
1992 240 245 1111072182
1993 240 245 872733042
1994 240 245 1056399456
1995 240 245 1141535975
1996 240 245 1032021808
1997 240 245 995401286
1992 241 245 1050710708
1993 241 245 1025463352
1994 241 245 819773560
1995 241 245 1046762159
1996 241 245 1076848610
1997 241 245 815233254
1992 242 245 1068259726
1993 242 245 785928920
1994 242 245 1464482774
1995 242 245 1253456072
1996 242 245 894111975
1997 242 245 1095049031
1992 243 245 1056275389
1993 243 245 1071154528
1994 243 245 1357759927
1995 243 245 1179920233
1996 243 245 1158520115
1997 243 245 1135681603
1992 244 245 988521088
1993 244 245 860892743
1994 244 245 1029866032
1995 244 245 1064215139
1996 244 245 1022419669
1997 244 245 1095342054
1992 245 245 1039669374
1993 245 245 842411414
1994 245 245 1154010102
1995 245 245 638322824
1996 245 245 576728488
1997 245 245 843253340
1992 246 245 1312778053
1993 246 245 1103370498
1994 246 245 885381989
1995 246 245 505974862
1996 246 245 630275164
1997 246 245 1105644538
1992 247 245 1110691823
1993 247 245 1066769528
1994 247 245 1026563435
1995 247 245 1224790142
1996 247 245 934007861
1997 247 245 1338666977
1992 248 245 933111155
1993 248 245 1346079783
1994 248 245 742450124
1995 248 245 1102318043
1996 248 245 602045284
1997 248 245 1268301011
1992 249 245 835570383
1993 249 245 1031185450
1994 249 245 925420585
1995 249 245 1113331672
1996 249 245 892907605
1997 249 245 1173766668
1992 240 246 791557413
1993 240 246 706342950
1994 240 246 737178727
1995 240 246 1042899936
1996 240 246 1025790337
1997 240 246 582137171
1992 241 246 644426148
1993 241 246 942007080
1994 241 246 748179841
1995 241 246 717222723
1996 241 246 731425787
1997 241 246 702300303
1992 242 246 938458250
1993 242 246 704850348
1994 242 246 621691388
1995 242 246 854823472
1996 242 246 995612075
1997 242 246 732981838
1992 243 246 1021075160
1993 243 246 681711598
1994 243 246 750366058
1995 243 246 1071614570
1996 243 246 918001866
1997 243 246 745802147
1992 244 246 774307633
1993 244 246 929605960
1994 244 246 975150892
1995 244 246 799465779
1996 244 246 778727086
1997 244 246 986232080
1992 245 246 962714486
1993 245 246 781489923
1994 245 246 526678210
1995 245 246 506449891
1996 245 246 728035726
1997 245 246 909000161
1992 246 246 1038221206
1993 246 246 826054765
1994 246 246 821487327
1995 246 246 733054646
1996 246 246 781404477
1997 246 246 1187705382
1992 247 246 849192259
1993 247 246 925709515
1994 247 246 919974828
1995 247 246 1069729160
1996 247 246 755251683
1997 247 246 963197311
1992 248 246 869331040
1993 248 246 872569013
1994 248 246 540629673
1995 248 246 711693601
1996 248 246 778593013
1997 248 246 844892175
1992 249 246 848938056
1993 249 246 763543874
1994 249 246 985010103
1995 249 246 1096987937
1996 249 246 863340781
1997 249 246 1001708250
1992 240 247 1097813125
1993 240 247 1028048866
1994 240 247 920825195
1995 240 247 1314596163
1996 240 247 798697732
1997 240 247 922884472
1992 241 247 943657555
1993 241 247 863290281
1994 241 247 1147491356
1995 241 247 877761556
1996 241 247 961512180
1997 241 247 1007766523
1992 242 247 832432281
1993 242 247 1137620681
1994 242 247 999182644
1995 242 247 726252218
1996 242 247 861632837
1997 242 247 1151192402
1992 243 247 1116984300
1993 243 247 770264806
1994 243 247 1093259479
1995 243 247 723630938
1996 243 247 944901333
1997 243 247 1091438883
1992 244 247 826730283
1993 244 247 925228169
1994 244 247 1070789263
1995 244 247 842000428
1996 244 247 1168711858
1997 244 247 1058285356
1992 245 247 1025087813
1993 245 247 765279029
1994 245 247 1348821203
1995 245 247 1290750421
1996 245 247 799991842
1997 245 247 1039815018
1992 246 247 1145419753
1993 246 247 1131901346
1994 246 247 1165475718
1995 246 247 1395879071
1996 246 247 919918861
1997 246 247 802328101
1992 247 247 1188923724
1993 247 247 990944080
1994 247 247 1075653296
1995 247 247 757502562
1996 247 247 1035932038
1997 247 247 1184445243
1992 248 247 869807220
1993 248 247 1272636069
1994 248 247 1001066374
1995 248 247 987103103
1996 248 247 1008613764
1997 248 247 798168359
1992 249 247 807806791
1993 249 247 948043920
1994 249 247 1285246151
1995 249 247 902802957
1996 249 247 1297443871
1997 249 247 1142512030
1992 240 248 669054867
1993 240 248 796350342
1994 240 248 972767614
1995 240 248 829109093
1996 240 248 1089483709
1997 240 248 717558186
1992 241 248 797561757
1993 241 248 848979679
1994 241 248 1117324252
1995 241 248 797977422
1996 241 248 584026257
1997 241 248 973642470
1992 242 248 937933051
1993 242 248 744407220
1994 242 248 1199422459
1995 242 248 909509325
1996 242 248 682083388
1997 242 248 922913680
1992 243 248 1097100482
1993 243 248 1019909503
1994 243 248 806044920
1995 243 248 999101662
1996 243 248 996876234
1997 243 248 1087984951
1992 244 248 1168556168
1993 244 248 819888044
1994 244 248 974456710
1995 244 248 1084758894
1996 244 248 1060010741
1997 244 248 940885282
1992 245 248 814612976
1993 245 248 943980447
1994 245 248 857966840
1995 245 248 817610109
1996 245 248 850797639
1997 245 248 690214246
1992 246 248 676103467
1993 246 248 1069144599
1994 246 248 827307657
1995 246 248 942171728
1996 246 248 819197148
1997 246 248 854827402
1992 247 248 1241244955
1993 247 248 1030745938
1994 247 248 1033860341
1995 247 248 823029556
1996 247 248 1107160602
1997 247 248 853960313
1992 248 248 903400445
1993 248 248 832545981
1994 248 248 515113164
1995 248 248 910157458
1996 248 248 831036398
1997 248 248 1001063782
1992 249 248 862415022
1993 249 248 821593086
1994 249 248 1365801973
1995 249 248 1109565266
1996 249 248 1093077319
1997 249 248 651733096
1992 240 249 1256934443
1993 240 249 1050793025
1994 240 249 1226693503
1995 240 249 1345279276
1996 240 249 731215840
1997 240 249 1161105103
1992 241 249 933119684
1993 241 249 1011414592
1994 241 249 1358780504
1995 241 249 1016069449
1996 241 249 873719779
1997 241 249 1092539145
1992 242 249 1276429960
1993 242 249 976585576
1994 242 249 1236951305
1995 242 249 1015440465
1996 242 249 936753944
1997 242 249 596300944
1992 243 249 1302784813
1993 243 249 1293336265
1994 243 249 1198776406
1995 243 249 1077496116
1996 243 249 1136675807
1997 243 249 966589251
1992 244 249 1079474986
1993 244 249 960121494
1994 244 249 847058086
1995 244 249 1062137032
1996 244 249 1291417207
1997 244 249 1308655081
1992 245 249 862602924
1993 245 249 968130568
1994 245 249 819695825
1995 245 249 1046280131
1996 245 249 889144005
1997 245 249 1466676271
1992 246 249 1242598212
1993 246 249 1309840243
1994 246 249 1042832043
1995 246 249 1113408651
1996 246 249 1118518544
1997 246 249 747869940
1992 247 249 1013481255
1993 247 249 1089289201
1994 247 249 941159898
1995 247 249 1028052385
1996 247 249 1064591150
1997 247 249 951551209
1992 248 249 1199406303
1993 248 249 709447628
1994 248 249 1044205657
1995 248 249 830530818
1996 248 249 884942806
1997 248 249 1473075926
1992 249 249 944710044
1993 249 249 1020498016
1994 249 249 1197715343
1995 249 249 1000464287
1996 249 249 1180021034
1997 249 249 1124191179
Res Count: 600
{"query":32,"time_query":14.6024}
Result:
1992 240 240 907456098
1993 240 240 1394460244
1994 240 240 1021619112
1995 240 240 938645449
1996 240 240 849084399
1997 240 240 1059252753
1992 241 240 463872818
1993 241 240 698817835
1994 241 240 933330267
1995 241 240 1131325684
1996 241 240 920921956
1997 241 240 927917311
1992 242 240 974999893
1993 242 240 1056460387
1994 242 240 996779841
1995 242 240 1045757240
1996 242 240 973010074
1997 242 240 980783222
1992 243 240 838122133
1993 243 240 842654448
1994 243 240 1340099471
1995 243 240 1271625457
1996 243 240 1196910329
1997 243 240 940922913
1992 244 240 1194801139
1993 244 240 963719914
1994 244 240 834983847
1995 244 240 994217588
1996 244 240 855672888
1997 244 240 856831076
1992 245 240 1017134551
1993 245 240 921860884
1994 245 240 1047366185
1995 245 240 667268521
1996 245 240 1162295150
1997 245 240 1108264092
1992 246 240 1188460193
1993 246 240 1073178185
1994 246 240 959661357
1995 246 240 795967001
1996 246 240 1103844455
1997 246 240 934480350
1992 247 240 973511725
1993 247 240 1283629727
1994 247 240 992632673
1995 247 240 1006609101
1996 247 240 1099481493
1997 247 240 1089032371
1992 248 240 1001309307
1993 248 240 1024507050
1994 248 240 697067166
1995 248 240 846939908
1996 248 240 1036925541
1997 248 240 1179077874
1992 249 240 902773295
1993 249 240 1183334061
1994 249 240 966977899
1995 249 240 978878498
1996 249 240 1132473376
1997 249 240 1074951105
1992 240 241 325372937
1993 240 241 949737851
1994 240 241 1039799178
1995 240 241 829874422
1996 240 241 965032029
1997 240 241 797591398
1992 241 241 663006507
1993 241 241 668009841
1994 241 241 1037411886
1995 241 241 799711000
1996 241 241 811748436
1997 241 241 414617456
1992 242 241 800022587
1993 242 241 761530825
1994 242 241 772879309
1995 242 241 1036864768
1996 242 241 1028620588
1997 242 241 813104273
1992 243 241 1075133710
1993 243 241 918296732
1994 243 241 911713664
1995 243 241 1052683361
1996 243 241 1251333111
1997 243 241 897717742
1992 244 241 838531067
1993 244 241 892765966
1994 244 241 1152130365
1995 244 241 825158707
1996 244 241 779807135
1997 244 241 689354843
1992 245 241 567179874
1993 245 241 803838009
1994 245 241 785945250
1995 245 241 802575949
1996 245 241 932632712
1997 245 241 758755861
1992 246 241 670068367
1993 246 241 971896529
1994 246 241 976417955
1995 246 241 877646211
1996 246 241 722363658
1997 246 241 580657393
1992 247 241 756943318
1993 247 241 922751664
1994 247 241 712572235
1995 247 241 785492512
1996 247 241 1140270597
1997 247 241 950158041
1992 248 241 919535490
1993 248 241 839052922
1994 248 241 576676174
1995 248 241 532895939
1996 248 241 928481020
1997 248 241 848760053
1992 249 241 620648681
1993 249 241 1050194968
1994 249 241 630672929
1995 249 241 930908226
1996 249 241 823846783
1997 249 241 858830971
1992 240 242 816569958
1993 240 242 919139386
1994 240 242 1160077832
1995 240 242 737421792
1996 240 242 835582306
1997 240 242 1092855548
1992 241 242 919427489
1993 241 242 1043934935
1994 241 242 844982706
1995 241 242 897475286
1996 241 242 1043999248
1997 241 242 1048580690
1992 242 242 1073949951
1993 242 242 1326546834
1994 242 242 971712365
1995 242 242 755966332
1996 242 242 1043414914
1997 242 242 1071389914
1992 243 242 1409983712
1993 243 242 1075377337
1994 243 242 1205477370
1995 243 242 1137878520
1996 243 242 1199869023
1997 243 242 1246185218
1992 244 242 1150657123
1993 244 242 1000025926
1994 244 242 1124597112
1995 244 242 920253360
1996 244 242 1206649069
1997 244 242 1262970724
1992 245 242 1132058792
1993 245 242 1183237487
1994 245 242 967709252
1995 245 242 931355619
1996 245 242 984997865
1997 245 242 1109593633
1992 246 242 937818153
1993 246 242 1005960435
1994 246 242 747150085
1995 246 242 1248755600
1996 246 242 984491901
1997 246 242 1107244407
1992 247 242 1090200835
1993 247 242 792356061
1994 247 242 1130014785
1995 247 242 1022485368
1996 247 242 1191685721
1997 247 242 1051719137
1992 248 242 1293449190
1993 248 242 863758627
1994 248 242 818457335
1995 248 242 1154926183
1996 248 242 1001820340
1997 248 242 970266296
1992 249 242 1052966717
1993 249 242 1095109020
1994 249 242 1179803366
1995 249 242 808618694
1996 249 242 1032402415
1997 249 242 1232467249
1992 240 243 1252904728
1993 240 243 1570126495
1994 240 243 1245180135
1995 240 243 1406720419
1996 240 243 1460092081
1997 240 243 1294608986
1992 241 243 999282232
1993 241 243 1381513961
1994 241 243 1203784898
1995 241 243 1513000774
1996 241 243 1141384572
1997 241 243 1159726172
1992 242 243 1084954298
1993 242 243 1423089850
1994 242 243 1034125464
1995 242 243 1469280926
1996 242 243 953571406
1997 242 243 1350907935
1992 243 243 1355895413
1993 243 243 1489446440
1994 243 243 1375365862
1995 243 243 1309318937
1996 243 243 1441584718
1997 243 243 834922958
1992 244 243 1151897483
1993 244 243 1201243966
1994 244 243 1207596576
1995 244 243 1653581380
1996 244 243 1419877905
1997 244 243 1412680277
1992 245 243 1196696874
1993 245 243 1400079545
1994 245 243 1428408799
1995 245 243 1198482517
1996 245 243 1234626367
1997 245 243 954145270
1992 246 243 1258740451
1993 246 243 1244978960
1994 246 243 1442461106
1995 246 243 1061622562
1996 246 243 1439613908
1997 246 243 1096090715
1992 247 243 1005726313
1993 247 243 1280245929
1994 247 243 1054063330
1995 247 243 1400637623
1996 247 243 1339643055
1997 247 243 1105056472
1992 248 243 1215995318
1993 248 243 1140082733
1994 248 243 1335361118
1995 248 243 1343154707
1996 248 243 1311963458
1997 248 243 1249932772
1992 249 243 1059798077
1993 249 243 1417277573
1994 249 243 1283426224
1995 249 243 1264358284
1996 249 243 1624432115
1997 249 243 1489710884
1992 240 244 1154172390
1993 240 244 1311232414
1994 240 244 1238472054
1995 240 244 1260818974
1996 240 244 1164102984
1997 240 244 920779001
1992 241 244 1221160630
1993 241 244 964408034
1994 241 244 1071395711
1995 241 244 1336647510
1996 241 244 1054150991
1997 241 244 1209602423
1992 242 244 1360579430
1993 242 244 1309226993
1994 242 244 1140542800
1995 242 244 1147894281
1996 242 244 1199855649
1997 242 244 1068573050
1992 243 244 1282063903
1993 243 244 1386299473
1994 243 244 1218394216
1995 243 244 1403645669
1996 243 244 1243058076
1997 243 244 1396612862
1992 244 244 1293989803
1993 244 244 921954436
1994 244 244 1331669860
1995 244 244 924514234
1996 244 244 1279461933
1997 244 244 1084018190
1992 245 244 1417312202
1993 245 244 1137005278
1994 245 244 1150081154
1995 245 244 1288340406
1996 245 244 827279388
1997 245 244 1016025517
1992 246 244 1002214388
1993 246 244 1026318864
1994 246 244 1223836211
1995 246 244 1062827909
1996 246 244 996331996
1997 246 244 816815267
1992 247 244 1052703486
1993 247 244 929307420
1994 247 244 955804267
1995 247 244 979666895
1996 247 244 1076196471
1997 247 244 1250411554
1992 248 244 1453586988
1993 248 244 1215523631
1994 248 244 1013105823
1995 248 244 1330217091
1996 248 244 1117452155
1997 248 244 987548298
1992 249 244 1169158023
1993 249 244 1112447523
1994 249 244 1000596687
1995 249 244 1062026507
1996 249 244 916048001
1997 249 244 1392540232
1992 240 245 1111072182
1993 240 245 872733042
1994 240 245 1056399456
1995 240 245 1141535975
1996 240 245 1032021808
1997 240 245 995401286
1992 241 245 1050710708
1993 241 245 1025463352
1994 241 245 819773560
1995 241 245 1046762159
1996 241 245 1076848610
1997 241 245 815233254
1992 242 245 1068259726
1993 242 245 785928920
1994 242 245 1464482774
1995 242 245 1253456072
1996 242 245 894111975
1997 242 245 1095049031
1992 243 245 1056275389
1993 243 245 1071154528
1994 243 245 1357759927
1995 243 245 1179920233
1996 243 245 1158520115
1997 243 245 1135681603
1992 244 245 988521088
1993 244 245 860892743
1994 244 245 1029866032
1995 244 245 1064215139
1996 244 245 1022419669
1997 244 245 1095342054
1992 245 245 1039669374
1993 245 245 842411414
1994 245 245 1154010102
1995 245 245 638322824
1996 245 245 576728488
1997 245 245 843253340
1992 246 245 1312778053
1993 246 245 1103370498
1994 246 245 885381989
1995 246 245 505974862
1996 246 245 630275164
1997 246 245 1105644538
1992 247 245 1110691823
1993 247 245 1066769528
1994 247 245 1026563435
1995 247 245 1224790142
1996 247 245 934007861
1997 247 245 1338666977
1992 248 245 933111155
1993 248 245 1346079783
1994 248 245 742450124
1995 248 245 1102318043
1996 248 245 602045284
1997 248 245 1268301011
1992 249 245 835570383
1993 249 245 1031185450
1994 249 245 925420585
1995 249 245 1113331672
1996 249 245 892907605
1997 249 245 1173766668
1992 240 246 791557413
1993 240 246 706342950
1994 240 246 737178727
1995 240 246 1042899936
1996 240 246 1025790337
1997 240 246 582137171
1992 241 246 644426148
1993 241 246 942007080
1994 241 246 748179841
1995 241 246 717222723
1996 241 246 731425787
1997 241 246 702300303
1992 242 246 938458250
1993 242 246 704850348
1994 242 246 621691388
1995 242 246 854823472
1996 242 246 995612075
1997 242 246 732981838
1992 243 246 1021075160
1993 243 246 681711598
1994 243 246 750366058
1995 243 246 1071614570
1996 243 246 918001866
1997 243 246 745802147
1992 244 246 774307633
1993 244 246 929605960
1994 244 246 975150892
1995 244 246 799465779
1996 244 246 778727086
1997 244 246 986232080
1992 245 246 962714486
1993 245 246 781489923
1994 245 246 526678210
1995 245 246 506449891
1996 245 246 728035726
1997 245 246 909000161
1992 246 246 1038221206
1993 246 246 826054765
1994 246 246 821487327
1995 246 246 733054646
1996 246 246 781404477
1997 246 246 1187705382
1992 247 246 849192259
1993 247 246 925709515
1994 247 246 919974828
1995 247 246 1069729160
1996 247 246 755251683
1997 247 246 963197311
1992 248 246 869331040
1993 248 246 872569013
1994 248 246 540629673
1995 248 246 711693601
1996 248 246 778593013
1997 248 246 844892175
1992 249 246 848938056
1993 249 246 763543874
1994 249 246 985010103
1995 249 246 1096987937
1996 249 246 863340781
1997 249 246 1001708250
1992 240 247 1097813125
1993 240 247 1028048866
1994 240 247 920825195
1995 240 247 1314596163
1996 240 247 798697732
1997 240 247 922884472
1992 241 247 943657555
1993 241 247 863290281
1994 241 247 1147491356
1995 241 247 877761556
1996 241 247 961512180
1997 241 247 1007766523
1992 242 247 832432281
1993 242 247 1137620681
1994 242 247 999182644
1995 242 247 726252218
1996 242 247 861632837
1997 242 247 1151192402
1992 243 247 1116984300
1993 243 247 770264806
1994 243 247 1093259479
1995 243 247 723630938
1996 243 247 944901333
1997 243 247 1091438883
1992 244 247 826730283
1993 244 247 925228169
1994 244 247 1070789263
1995 244 247 842000428
1996 244 247 1168711858
1997 244 247 1058285356
1992 245 247 1025087813
1993 245 247 765279029
1994 245 247 1348821203
1995 245 247 1290750421
1996 245 247 799991842
1997 245 247 1039815018
1992 246 247 1145419753
1993 246 247 1131901346
1994 246 247 1165475718
1995 246 247 1395879071
1996 246 247 919918861
1997 246 247 802328101
1992 247 247 1188923724
1993 247 247 990944080
1994 247 247 1075653296
1995 247 247 757502562
1996 247 247 1035932038
1997 247 247 1184445243
1992 248 247 869807220
1993 248 247 1272636069
1994 248 247 1001066374
1995 248 247 987103103
1996 248 247 1008613764
1997 248 247 798168359
1992 249 247 807806791
1993 249 247 948043920
1994 249 247 1285246151
1995 249 247 902802957
1996 249 247 1297443871
1997 249 247 1142512030
1992 240 248 669054867
1993 240 248 796350342
1994 240 248 972767614
1995 240 248 829109093
1996 240 248 1089483709
1997 240 248 717558186
1992 241 248 797561757
1993 241 248 848979679
1994 241 248 1117324252
1995 241 248 797977422
1996 241 248 584026257
1997 241 248 973642470
1992 242 248 937933051
1993 242 248 744407220
1994 242 248 1199422459
1995 242 248 909509325
1996 242 248 682083388
1997 242 248 922913680
1992 243 248 1097100482
1993 243 248 1019909503
1994 243 248 806044920
1995 243 248 999101662
1996 243 248 996876234
1997 243 248 1087984951
1992 244 248 1168556168
1993 244 248 819888044
1994 244 248 974456710
1995 244 248 1084758894
1996 244 248 1060010741
1997 244 248 940885282
1992 245 248 814612976
1993 245 248 943980447
1994 245 248 857966840
1995 245 248 817610109
1996 245 248 850797639
1997 245 248 690214246
1992 246 248 676103467
1993 246 248 1069144599
1994 246 248 827307657
1995 246 248 942171728
1996 246 248 819197148
1997 246 248 854827402
1992 247 248 1241244955
1993 247 248 1030745938
1994 247 248 1033860341
1995 247 248 823029556
1996 247 248 1107160602
1997 247 248 853960313
1992 248 248 903400445
1993 248 248 832545981
1994 248 248 515113164
1995 248 248 910157458
1996 248 248 831036398
1997 248 248 1001063782
1992 249 248 862415022
1993 249 248 821593086
1994 249 248 1365801973
1995 249 248 1109565266
1996 249 248 1093077319
1997 249 248 651733096
1992 240 249 1256934443
1993 240 249 1050793025
1994 240 249 1226693503
1995 240 249 1345279276
1996 240 249 731215840
1997 240 249 1161105103
1992 241 249 933119684
1993 241 249 1011414592
1994 241 249 1358780504
1995 241 249 1016069449
1996 241 249 873719779
1997 241 249 1092539145
1992 242 249 1276429960
1993 242 249 976585576
1994 242 249 1236951305
1995 242 249 1015440465
1996 242 249 936753944
1997 242 249 596300944
1992 243 249 1302784813
1993 243 249 1293336265
1994 243 249 1198776406
1995 243 249 1077496116
1996 243 249 1136675807
1997 243 249 966589251
1992 244 249 1079474986
1993 244 249 960121494
1994 244 249 847058086
1995 244 249 1062137032
1996 244 249 1291417207
1997 244 249 1308655081
1992 245 249 862602924
1993 245 249 968130568
1994 245 249 819695825
1995 245 249 1046280131
1996 245 249 889144005
1997 245 249 1466676271
1992 246 249 1242598212
1993 246 249 1309840243
1994 246 249 1042832043
1995 246 249 1113408651
1996 246 249 1118518544
1997 246 249 747869940
1992 247 249 1013481255
1993 247 249 1089289201
1994 247 249 941159898
1995 247 249 1028052385
1996 247 249 1064591150
1997 247 249 951551209
1992 248 249 1199406303
1993 248 249 709447628
1994 248 249 1044205657
1995 248 249 830530818
1996 248 249 884942806
1997 248 249 1473075926
1992 249 249 944710044
1993 249 249 1020498016
1994 249 249 1197715343
1995 249 249 1000464287
1996 249 249 1180021034
1997 249 249 1124191179
Res Count: 600
{"query":32,"time_query":14.5732}
