DISK_LOAD_lo_orderdate: 1148.76 ms
DISK_LOAD_lo_custkey: 1046.55 ms
DISK_LOAD_lo_suppkey: 1050.04 ms
DISK_LOAD_lo_revenue: 1040.81 ms
DISK_LOAD_d_datekey: 0.024525 ms
DISK_LOAD_d_year: 0.00897 ms
DISK_LOAD_s_suppkey: 0.397198 ms
DISK_LOAD_s_city: 0.399761 ms
DISK_LOAD_c_custkey: 5.7912 ms
DISK_LOAD_c_city: 5.89403 ms
** LOADED DATA **
GPU_LOAD: 345.386 ms
GPU_LOAD: 233.892 ms
GPU_LOAD: 234.544 ms
GPU_LOAD: 234.592 ms
GPU_LOAD: 0.124854 ms
GPU_LOAD: 0.010223 ms
GPU_LOAD: 0.13495 ms
GPU_LOAD: 0.129579 ms
GPU_LOAD: 1.22452 ms
GPU_LOAD: 1.30994 ms
** LOADED DATA TO GPU **
Result:
1992 231 231 938728756
1993 231 231 966413561
1994 231 231 670048030
1995 231 231 1035786965
1996 231 231 1054127852
1997 231 231 977563978
1992 235 231 1128593440
1993 235 231 1037584032
1994 235 231 619933401
1995 235 231 829757096
1996 235 231 893652877
1997 235 231 832778910
1992 231 235 759660534
1993 231 235 558260656
1994 231 235 600519376
1995 231 235 609242026
1996 231 235 375695621
1997 231 235 593081932
1992 235 235 490234704
1993 235 235 710641891
1994 235 235 667390128
1995 235 235 654115479
1996 235 235 672722644
1997 235 235 452301728
Res Count: 24
Time Taken Total: 17.7861
{"query":33,"time_query":14.0553}
Result:
1992 231 231 938728756
1993 231 231 966413561
1994 231 231 670048030
1995 231 231 1035786965
1996 231 231 1054127852
1997 231 231 977563978
1992 235 231 1128593440
1993 235 231 1037584032
1994 235 231 619933401
1995 235 231 829757096
1996 235 231 893652877
1997 235 231 832778910
1992 231 235 759660534
1993 231 235 558260656
1994 231 235 600519376
1995 231 235 609242026
1996 231 235 375695621
1997 231 235 593081932
1992 235 235 490234704
1993 235 235 710641891
1994 235 235 667390128
1995 235 235 654115479
1996 235 235 672722644
1997 235 235 452301728
Res Count: 24
Time Taken Total: 17.4099
{"query":33,"time_query":13.777}
Result:
1992 231 231 938728756
1993 231 231 966413561
1994 231 231 670048030
1995 231 231 1035786965
1996 231 231 1054127852
1997 231 231 977563978
1992 235 231 1128593440
1993 235 231 1037584032
1994 235 231 619933401
1995 235 231 829757096
1996 235 231 893652877
1997 235 231 832778910
1992 231 235 759660534
1993 231 235 558260656
1994 231 235 600519376
1995 231 235 609242026
1996 231 235 375695621
1997 231 235 593081932
1992 235 235 490234704
1993 235 235 710641891
1994 235 235 667390128
1995 235 235 654115479
1996 235 235 672722644
1997 235 235 452301728
Res Count: 24
Time Taken Total: 14.2306
{"query":33,"time_query":13.7463}
