** LOADED DATA **
** LOADED DATA TO GPU **
Result:
1997 231 231 451127624
1997 235 231 426168330
1997 231 235 390793767
1997 235 235 479084411
Res Count: 4
Time Taken Total: 17.8993
{"query":34,"time_query":14.0719}
Result:
1997 231 231 451127624
1997 235 231 426168330
1997 231 235 390793767
1997 235 235 479084411
Res Count: 4
Time Taken Total: 17.533
{"query":34,"time_query":13.7995}
Result:
1997 231 231 451127624
1997 235 231 426168330
1997 231 235 390793767
1997 235 235 479084411
Res Count: 4
Time Taken Total: 14.2779
{"query":34,"time_query":13.7771}
