DISK_LOAD_lo_orderdate: 1119.06 ms
DISK_LOAD_lo_custkey: 1048.18 ms
DISK_LOAD_lo_suppkey: 1048.58 ms
DISK_LOAD_lo_revenue: 1038.32 ms
DISK_LOAD_d_datekey: 0.027409 ms
DISK_LOAD_d_year: 0.008517 ms
DISK_LOAD_d_yearmonthnum: 0.010227 ms
DISK_LOAD_s_suppkey: 0.372336 ms
DISK_LOAD_s_city: 0.406757 ms
DISK_LOAD_c_custkey: 5.43573 ms
DISK_LOAD_c_city: 5.60192 ms
** LOADED DATA **
GPU_LOAD: 345.418 ms
GPU_LOAD: 233.609 ms
GPU_LOAD: 233.437 ms
GPU_LOAD: 233.458 ms
GPU_LOAD: 0.125405 ms
GPU_LOAD: 0.074747 ms
GPU_LOAD: 0.006084 ms
GPU_LOAD: 0.135338 ms
GPU_LOAD: 0.134546 ms
GPU_LOAD: 1.21483 ms
GPU_LOAD: 1.27686 ms
** LOADED DATA TO GPU **
Result:
1997 231 231 451127624
1997 235 231 426168330
1997 231 235 390793767
1997 235 235 479084411
Res Count: 4
Time Taken Total: 17.817
{"query":34,"time_query":14.0544}
Result:
1997 231 231 451127624
1997 235 231 426168330
1997 231 235 390793767
1997 235 235 479084411
Res Count: 4
Time Taken Total: 17.9124
{"query":34,"time_query":13.8006}
Result:
1997 231 231 451127624
1997 235 231 426168330
1997 231 235 390793767
1997 235 235 479084411
Res Count: 4
Time Taken Total: 14.2486
{"query":34,"time_query":13.7558}
