Using device 0: NVIDIA L40S (PTX version 890, SM890, 142 SMs, 32231 free / 45468 total MB physmem, 864.096 GB/s @ 9001000 kHz mem clock, ECC on)
DISK_LOAD_lo_orderdate: 1059.77 ms
DISK_LOAD_lo_suppkey: 1045.82 ms
DISK_LOAD_lo_custkey: 1048.14 ms
DISK_LOAD_lo_partkey: 1043.51 ms
DISK_LOAD_lo_revenue: 1046.99 ms
DISK_LOAD_lo_supplycost: 1170.4 ms
DISK_LOAD_d_datekey: 0.024615 ms
DISK_LOAD_d_year: 0.008991 ms
DISK_LOAD_d_yearmonthnum: 0.012032 ms
DISK_LOAD_s_suppkey: 0.394713 ms
DISK_LOAD_s_region: 0.392952 ms
DISK_LOAD_p_partkey: 2.53348 ms
DISK_LOAD_p_mfgr: 2.54405 ms
DISK_LOAD_c_custkey: 5.47775 ms
DISK_LOAD_c_region: 5.35618 ms
DISK_LOAD_c_nation: 5.50874 ms
** LOADED DATA **
GPU_LOAD: 769.183 ms
GPU_LOAD: 236.724 ms
GPU_LOAD: 235.394 ms
GPU_LOAD: 235.025 ms
GPU_LOAD: 234.575 ms
GPU_LOAD: 748.715 ms
GPU_LOAD: 0.168721 ms
GPU_LOAD: 0.076802 ms
GPU_LOAD: 1.80547 ms
GPU_LOAD: 1.84354 ms
GPU_LOAD: 0.361333 ms
GPU_LOAD: 0.300511 ms
GPU_LOAD: 3.82977 ms
GPU_LOAD: 3.84089 ms
GPU_LOAD: 3.8224 ms
** LOADED DATA TO GPU **
Result:
1992 1 1041980786875
1993 1 1034666536612
1994 1 1032917875644
1995 1 1034900386467
1996 1 1043669923476
1997 1 1036598365793
1998 1 607110182259
1992 2 1030864542036
1993 2 1029018543575
1994 2 1030619275490
1995 2 1031143851909
1996 2 1039324072785
1997 2 1035654606493
1998 2 603777043120
1992 3 1033582444383
1993 3 1031412477470
1994 3 1028391759439
1995 3 1027465833580
1996 3 1033951354737
1997 3 1031564622724
1998 3 602048375052
1992 17 1032629846192
1993 17 1027002327287
1994 17 1026816966255
1995 17 1030541885726
1996 17 1033816435848
1997 17 1028681202591
1998 17 606296914943
1992 24 1035163013048
1993 24 1032164879368
1994 24 1031669528189
1995 24 1030263099496
1996 24 1034916492374
1997 24 1031694390583
1998 24 604895785318
Res Count: 35
Time Taken Total: 22.3416
{"query":41,"time_query":22.0237}
