** LOADED DATA **
Result:
1997 1 0 102611852578
1997 1 1 102508183794
1997 1 2 103992038697
1997 1 3 103645140005
1997 1 4 103227909553
1997 1 5 103558067275
1997 1 6 102659829422
1997 1 7 104826237687
1997 1 8 102549433570
1997 1 9 102035738386
1997 2 0 101026615821
1997 2 1 102712333060
1997 2 2 103496691462
1997 2 3 102654077074
1997 2 4 102955974722
1997 2 5 103298808790
1997 2 6 104169061621
1997 2 7 102337965412
1997 2 8 101768184508
1997 2 9 102860622899
1997 3 0 103990875838
1997 3 1 102973729732
1997 3 2 103325260857
1997 3 3 102657626097
1997 3 4 103515367674
1997 3 5 104084682539
1997 3 6 103541140657
1997 3 7 104779013957
1997 3 8 104528772656
1997 3 9 102677052663
1997 17 0 103710001905
1997 17 1 102760489917
1997 17 2 102808609194
1997 17 3 103078620272
1997 17 4 102583949526
1997 17 5 102913267975
1997 17 6 103647605872
1997 17 7 104038643697
1997 17 8 104377041558
1997 17 9 102315530575
1997 24 0 103025151959
1997 24 1 103336752300
1997 24 2 104296226529
1997 24 3 104327604852
1997 24 4 103347542035
1997 24 5 105194963498
1997 24 6 102231571723
1997 24 7 104125977711
1997 24 8 103985450933
1997 24 9 103119897147
1998 1 0 60065566488
1998 1 1 60799779004
1998 1 2 60231008743
1998 1 3 59335896145
1998 1 4 60996036791
1998 1 5 60030929262
1998 1 6 60156819978
1998 1 7 61285619387
1998 1 8 61027566421
1998 1 9 60990331126
1998 2 0 59049272147
1998 2 1 59815195821
1998 2 2 60196838865
1998 2 3 60029698408
1998 2 4 60022640326
1998 2 5 60135084572
1998 2 6 60419545623
1998 2 7 60136832942
1998 2 8 60135133244
1998 2 9 60248610744
1998 3 0 60907733247
1998 3 1 60818471768
1998 3 2 60603642820
1998 3 3 60208105117
1998 3 4 60950502652
1998 3 5 59776160048
1998 3 6 61271770438
1998 3 7 60615572065
1998 3 8 61126992953
1998 3 9 60050205803
1998 17 0 60417520612
1998 17 1 60963677165
1998 17 2 60137667365
1998 17 3 60855501069
1998 17 4 61274510836
1998 17 5 61088310125
1998 17 6 60085456005
1998 17 7 60057881699
1998 17 8 61312161394
1998 17 9 60385099468
1998 24 0 59574907851
1998 24 1 60655559009
1998 24 2 60310333329
1998 24 3 60995732200
1998 24 4 60402950274
1998 24 5 60014849211
1998 24 6 61972963075
1998 24 7 61764307721
1998 24 8 59933885699
1998 24 9 60487463637
Res Count: 100
{"query":42,"time_query":254.098}
Result:
1997 1 0 102611852578
1997 1 1 102508183794
1997 1 2 103992038697
1997 1 3 103645140005
1997 1 4 103227909553
1997 1 5 103558067275
1997 1 6 102659829422
1997 1 7 104826237687
1997 1 8 102549433570
1997 1 9 102035738386
1997 2 0 101026615821
1997 2 1 102712333060
1997 2 2 103496691462
1997 2 3 102654077074
1997 2 4 102955974722
1997 2 5 103298808790
1997 2 6 104169061621
1997 2 7 102337965412
1997 2 8 101768184508
1997 2 9 102860622899
1997 3 0 103990875838
1997 3 1 102973729732
1997 3 2 103325260857
1997 3 3 102657626097
1997 3 4 103515367674
1997 3 5 104084682539
1997 3 6 103541140657
1997 3 7 104779013957
1997 3 8 104528772656
1997 3 9 102677052663
1997 17 0 103710001905
1997 17 1 102760489917
1997 17 2 102808609194
1997 17 3 103078620272
1997 17 4 102583949526
1997 17 5 102913267975
1997 17 6 103647605872
1997 17 7 104038643697
1997 17 8 104377041558
1997 17 9 102315530575
1997 24 0 103025151959
1997 24 1 103336752300
1997 24 2 104296226529
1997 24 3 104327604852
1997 24 4 103347542035
1997 24 5 105194963498
1997 24 6 102231571723
1997 24 7 104125977711
1997 24 8 103985450933
1997 24 9 103119897147
1998 1 0 60065566488
1998 1 1 60799779004
1998 1 2 60231008743
1998 1 3 59335896145
1998 1 4 60996036791
1998 1 5 60030929262
1998 1 6 60156819978
1998 1 7 61285619387
1998 1 8 61027566421
1998 1 9 60990331126
1998 2 0 59049272147
1998 2 1 59815195821
1998 2 2 60196838865
1998 2 3 60029698408
1998 2 4 60022640326
1998 2 5 60135084572
1998 2 6 60419545623
1998 2 7 60136832942
1998 2 8 60135133244
1998 2 9 60248610744
1998 3 0 60907733247
1998 3 1 60818471768
1998 3 2 60603642820
1998 3 3 60208105117
1998 3 4 60950502652
1998 3 5 59776160048
1998 3 6 61271770438
1998 3 7 60615572065
1998 3 8 61126992953
1998 3 9 60050205803
1998 17 0 60417520612
1998 17 1 60963677165
1998 17 2 60137667365
1998 17 3 60855501069
1998 17 4 61274510836
1998 17 5 61088310125
1998 17 6 60085456005
1998 17 7 60057881699
1998 17 8 61312161394
1998 17 9 60385099468
1998 24 0 59574907851
1998 24 1 60655559009
1998 24 2 60310333329
1998 24 3 60995732200
1998 24 4 60402950274
1998 24 5 60014849211
1998 24 6 61972963075
1998 24 7 61764307721
1998 24 8 59933885699
1998 24 9 60487463637
Res Count: 100
{"query":42,"time_query":148.289}
Result:
1997 1 0 102611852578
1997 1 1 102508183794
1997 1 2 103992038697
1997 1 3 103645140005
1997 1 4 103227909553
1997 1 5 103558067275
1997 1 6 102659829422
1997 1 7 104826237687
1997 1 8 102549433570
1997 1 9 102035738386
1997 2 0 101026615821
1997 2 1 102712333060
1997 2 2 103496691462
1997 2 3 102654077074
1997 2 4 102955974722
1997 2 5 103298808790
1997 2 6 104169061621
1997 2 7 102337965412
1997 2 8 101768184508
1997 2 9 102860622899
1997 3 0 103990875838
1997 3 1 102973729732
1997 3 2 103325260857
1997 3 3 102657626097
1997 3 4 103515367674
1997 3 5 104084682539
1997 3 6 103541140657
1997 3 7 104779013957
1997 3 8 104528772656
1997 3 9 102677052663
1997 17 0 103710001905
1997 17 1 102760489917
1997 17 2 102808609194
1997 17 3 103078620272
1997 17 4 102583949526
1997 17 5 102913267975
1997 17 6 103647605872
1997 17 7 104038643697
1997 17 8 104377041558
1997 17 9 102315530575
1997 24 0 103025151959
1997 24 1 103336752300
1997 24 2 104296226529
1997 24 3 104327604852
1997 24 4 103347542035
1997 24 5 105194963498
1997 24 6 102231571723
1997 24 7 104125977711
1997 24 8 103985450933
1997 24 9 103119897147
1998 1 0 60065566488
1998 1 1 60799779004
1998 1 2 60231008743
1998 1 3 59335896145
1998 1 4 60996036791
1998 1 5 60030929262
1998 1 6 60156819978
1998 1 7 61285619387
1998 1 8 61027566421
1998 1 9 60990331126
1998 2 0 59049272147
1998 2 1 59815195821
1998 2 2 60196838865
1998 2 3 60029698408
1998 2 4 60022640326
1998 2 5 60135084572
1998 2 6 60419545623
1998 2 7 60136832942
1998 2 8 60135133244
1998 2 9 60248610744
1998 3 0 60907733247
1998 3 1 60818471768
1998 3 2 60603642820
1998 3 3 60208105117
1998 3 4 60950502652
1998 3 5 59776160048
1998 3 6 61271770438
1998 3 7 60615572065
1998 3 8 61126992953
1998 3 9 60050205803
1998 17 0 60417520612
1998 17 1 60963677165
1998 17 2 60137667365
1998 17 3 60855501069
1998 17 4 61274510836
1998 17 5 61088310125
1998 17 6 60085456005
1998 17 7 60057881699
1998 17 8 61312161394
1998 17 9 60385099468
1998 24 0 59574907851
1998 24 1 60655559009
1998 24 2 60310333329
1998 24 3 60995732200
1998 24 4 60402950274
1998 24 5 60014849211
1998 24 6 61972963075
1998 24 7 61764307721
1998 24 8 59933885699
1998 24 9 60487463637
Res Count: 100
{"query":42,"time_query":130.595}
