DISK_LOAD_lo_orderdate: 1249.42 ms
DISK_LOAD_lo_suppkey: 1043.91 ms
DISK_LOAD_lo_custkey: 1061.18 ms
DISK_LOAD_lo_partkey: 1041.28 ms
DISK_LOAD_lo_revenue: 1050.57 ms
DISK_LOAD_lo_supplycost: 1039.8 ms
DISK_LOAD_d_datekey: 0.022678 ms
DISK_LOAD_d_year: 0.00895 ms
DISK_LOAD_s_suppkey: 0.372616 ms
DISK_LOAD_s_nation: 0.35292 ms
DISK_LOAD_s_city: 0.372127 ms
DISK_LOAD_p_partkey: 2.48866 ms
DISK_LOAD_p_category: 2.64483 ms
DISK_LOAD_p_brand1: 2.67144 ms
DISK_LOAD_c_custkey: 5.46504 ms
DISK_LOAD_c_region: 5.37796 ms
** LOADED DATA **
GPU_LOAD: 345.626 ms
GPU_LOAD: 235.064 ms
GPU_LOAD: 234.353 ms
GPU_LOAD: 234.896 ms
GPU_LOAD: 235.993 ms
GPU_LOAD: 282.632 ms
GPU_LOAD: 0.121934 ms
GPU_LOAD: 0.008607 ms
GPU_LOAD: 1.79387 ms
GPU_LOAD: 1.86663 ms
GPU_LOAD: 1.84235 ms
GPU_LOAD: 0.351778 ms
GPU_LOAD: 0.308014 ms
GPU_LOAD: 0.309921 ms
GPU_LOAD: 3.79815 ms
GPU_LOAD: 4.14581 ms
** LOADED DATA TO GPU **
Result:
1997 240 120 275902539
1997 240 121 266346300
1997 240 122 281579729
1997 240 123 283411874
1997 240 124 289857223
1997 240 125 254071282
1997 240 126 199156653
1997 240 127 250282137
1997 240 128 274163251
1997 240 129 332330141
1997 240 130 183644309
1997 240 131 193547914
1997 240 132 247674258
1997 240 133 268961511
1997 240 134 195679061
1997 240 135 218438698
1997 240 136 289093913
1997 240 137 224288530
1997 240 138 185219417
1997 240 139 231941934
1997 240 140 352076071
1997 240 141 237384170
1997 240 142 253914042
1997 240 143 283555900
1997 240 144 243349334
1997 240 145 236583116
1997 240 146 261193388
1997 240 147 294722519
1997 240 148 179714420
1997 240 149 282005356
1997 240 150 289215332
1997 240 151 319867310
1997 240 152 320465528
1997 240 153 272245836
1997 240 154 305810023
1997 240 155 237519640
1997 240 156 255143913
1997 240 157 254359876
1997 240 158 238309884
1997 240 159 276166783
1997 241 120 285342703
1997 241 121 189712216
1997 241 122 292566169
1997 241 123 217916252
1997 241 124 273854056
1997 241 125 251576891
1997 241 126 309213621
1997 241 127 285436155
1997 241 128 246952502
1997 241 129 260742411
1997 241 130 287346766
1997 241 131 279023288
1997 241 132 219226780
1997 241 133 250340513
1997 241 134 279960971
1997 241 135 218704336
1997 241 136 217531740
1997 241 137 330667648
1997 241 138 274832521
1997 241 139 311125431
1997 241 140 267657628
1997 241 141 307598704
1997 241 142 218229537
1997 241 143 252021882
1997 241 144 240034856
1997 241 145 249033973
1997 241 146 244302057
1997 241 147 300210834
1997 241 148 229457985
1997 241 149 243082105
1997 241 150 310487689
1997 241 151 177306068
1997 241 152 279729946
1997 241 153 223159927
1997 241 154 192305449
1997 241 155 233288120
1997 241 156 289995399
1997 241 157 228090824
1997 241 158 254585361
1997 241 159 240369601
1997 242 120 297256138
1997 242 121 248235226
1997 242 122 206496105
1997 242 123 241551093
1997 242 124 341199416
1997 242 125 236049705
1997 242 126 222146637
1997 242 127 267246884
1997 242 128 252069040
1997 242 129 270344572
1997 242 130 233929137
1997 242 131 170242699
1997 242 132 245172446
1997 242 133 230317466
1997 242 134 248749010
1997 242 135 285230885
1997 242 136 298035020
1997 242 137 262316370
1997 242 138 252500595
1997 242 139 222979628
1997 242 140 249054557
1997 242 141 236735622
1997 242 142 280126124
1997 242 143 246948877
1997 242 144 281139600
1997 242 145 277472391
1997 242 146 276938287
1997 242 147 208667612
1997 242 148 222642068
1997 242 149 294276030
1997 242 150 341660313
1997 242 151 217507560
1997 242 152 214351890
1997 242 153 268573509
1997 242 154 297504315
1997 242 155 267619933
1997 242 156 269014233
1997 242 157 206128760
1997 242 158 229413765
1997 242 159 319177949
1997 243 120 327694812
1997 243 121 235186565
1997 243 122 269080261
1997 243 123 310579595
1997 243 124 229593487
1997 243 125 309277878
1997 243 126 259106966
1997 243 127 265884987
1997 243 128 294463941
1997 243 129 396071894
1997 243 130 289056512
1997 243 131 344475036
1997 243 132 238271369
1997 243 133 322279462
1997 243 134 270850762
1997 243 135 344114750
1997 243 136 263654458
1997 243 137 207067945
1997 243 138 305693114
1997 243 139 256066922
1997 243 140 290312876
1997 243 141 273216112
1997 243 142 340030846
1997 243 143 173132082
1997 243 144 330815785
1997 243 145 356543062
1997 243 146 255303505
1997 243 147 306489865
1997 243 148 299797042
1997 243 149 239322261
1997 243 150 224074159
1997 243 151 287171869
1997 243 152 302804776
1997 243 153 333581140
1997 243 154 253816083
1997 243 155 228860019
1997 243 156 267273994
1997 243 157 250950640
1997 243 158 227263773
1997 243 159 265070562
1997 244 120 272654460
1997 244 121 189231577
1997 244 122 291156852
1997 244 123 303406883
1997 244 124 279894200
1997 244 125 259872336
1997 244 126 164001430
1997 244 127 257846917
1997 244 128 253978390
1997 244 129 237135797
1997 244 130 167413666
1997 244 131 243962418
1997 244 132 202893061
1997 244 133 225808399
1997 244 134 249254708
1997 244 135 202576016
1997 244 136 272776868
1997 244 137 264603095
1997 244 138 275216267
1997 244 139 222179864
1997 244 140 239707797
1997 244 141 226215907
1997 244 142 301156090
1997 244 143 318082849
1997 244 144 220867233
1997 244 145 334525647
1997 244 146 270134963
1997 244 147 240410689
1997 244 148 266139853
1997 244 149 269872063
1997 244 150 267117476
1997 244 151 280660315
1997 244 152 271193108
1997 244 153 276533451
1997 244 154 260761228
1997 244 155 249258906
1997 244 156 221810950
1997 244 157 226489880
1997 244 158 243963757
1997 244 159 220358144
1997 245 120 254623723
1997 245 121 266920696
1997 245 122 197912261
1997 245 123 239242895
1997 245 124 316285163
1997 245 125 370319327
1997 245 126 263374891
1997 245 127 293098815
1997 245 128 343906205
1997 245 129 205964506
1997 245 130 261313375
1997 245 131 290845782
1997 245 132 198301354
1997 245 133 227211596
1997 245 134 249288165
1997 245 135 286134292
1997 245 136 244834309
1997 245 137 224498389
1997 245 138 288544074
1997 245 139 210520655
1997 245 140 271936485
1997 245 141 205153365
1997 245 142 260111065
1997 245 143 178039970
1997 245 144 291060500
1997 245 145 305535712
1997 245 146 317986982
1997 245 147 283959802
1997 245 148 275766443
1997 245 149 331698585
1997 245 150 289010493
1997 245 151 286215294
1997 245 152 304259864
1997 245 153 228863724
1997 245 154 397002840
1997 245 155 238804508
1997 245 156 229564941
1997 245 157 260040020
1997 245 158 285895600
1997 245 159 223930806
1997 246 120 248760386
1997 246 121 357592827
1997 246 122 188907939
1997 246 123 335500184
1997 246 124 265659963
1997 246 125 332384042
1997 246 126 275815741
1997 246 127 251113597
1997 246 128 232691753
1997 246 129 251118136
1997 246 130 256624595
1997 246 131 286512158
1997 246 132 252517098
1997 246 133 274486982
1997 246 134 175078821
1997 246 135 284681819
1997 246 136 297952458
1997 246 137 270422503
1997 246 138 213583880
1997 246 139 265716794
1997 246 140 259561763
1997 246 141 163571380
1997 246 142 267912263
1997 246 143 267016626
1997 246 144 267520030
1997 246 145 333881181
1997 246 146 259454519
1997 246 147 245568034
1997 246 148 201098567
1997 246 149 255505872
1997 246 150 273470013
1997 246 151 226465465
1997 246 152 307216742
1997 246 153 287376033
1997 246 154 230329023
1997 246 155 223465032
1997 246 156 305715774
1997 246 157 254177590
1997 246 158 231739937
1997 246 159 201896162
1997 247 120 286802351
1997 247 121 252158929
1997 247 122 312437283
1997 247 123 268705268
1997 247 124 263219982
1997 247 125 253834942
1997 247 126 296568878
1997 247 127 252507559
1997 247 128 277338466
1997 247 129 239737756
1997 247 130 236163400
1997 247 131 188447862
1997 247 132 223150504
1997 247 133 318171372
1997 247 134 233558956
1997 247 135 230343113
1997 247 136 291335687
1997 247 137 222619294
1997 247 138 248670246
1997 247 139 285134244
1997 247 140 264558456
1997 247 141 196740189
1997 247 142 261421812
1997 247 143 239001930
1997 247 144 258037416
1997 247 145 218294614
1997 247 146 391587138
1997 247 147 252636736
1997 247 148 268065304
1997 247 149 194389124
1997 247 150 274157700
1997 247 151 287437557
1997 247 152 316291648
1997 247 153 232106014
1997 247 154 240223194
1997 247 155 231189858
1997 247 156 294089319
1997 247 157 293283401
1997 247 158 182939942
1997 247 159 229669791
1997 248 120 284443759
1997 248 121 233412069
1997 248 122 243856485
1997 248 123 308975506
1997 248 124 251371060
1997 248 125 236539409
1997 248 126 260356669
1997 248 127 235281311
1997 248 128 251399939
1997 248 129 240913859
1997 248 130 252366941
1997 248 131 293655149
1997 248 132 235525843
1997 248 133 256373646
1997 248 134 214217422
1997 248 135 298441236
1997 248 136 265227514
1997 248 137 239851492
1997 248 138 299589170
1997 248 139 309539609
1997 248 140 266106683
1997 248 141 240853239
1997 248 142 205393495
1997 248 143 227393196
1997 248 144 207497556
1997 248 145 240889854
1997 248 146 205749737
1997 248 147 199378385
1997 248 148 262395843
1997 248 149 248332171
1997 248 150 342996905
1997 248 151 251665840
1997 248 152 265123352
1997 248 153 250340356
1997 248 154 268662413
1997 248 155 253858384
1997 248 156 242856853
1997 248 157 174427675
1997 248 158 190096792
1997 248 159 297754755
1997 249 120 225892547
1997 249 121 223010514
1997 249 122 291913116
1997 249 123 201559308
1997 249 124 290703515
1997 249 125 304711285
1997 249 126 216246725
1997 249 127 240667879
1997 249 128 245118785
1997 249 129 282522624
1997 249 130 308622053
1997 249 131 250050941
1997 249 132 230450257
1997 249 133 283596278
1997 249 134 214906850
1997 249 135 263466161
1997 249 136 268004290
1997 249 137 310730508
1997 249 138 270780714
1997 249 139 280882122
1997 249 140 250423117
1997 249 141 239304601
1997 249 142 274832506
1997 249 143 309763718
1997 249 144 319280612
1997 249 145 270089703
1997 249 146 284527572
1997 249 147 192509321
1997 249 148 248496793
1997 249 149 297423773
1997 249 150 309846023
1997 249 151 334887237
1997 249 152 241367382
1997 249 153 257544262
1997 249 154 278320134
1997 249 155 250993195
1997 249 156 246777125
1997 249 157 311080684
1997 249 158 421617071
1997 249 159 221843416
1998 240 120 161219383
1998 240 121 191383959
1998 240 122 173355223
1998 240 123 176655215
1998 240 124 166955458
1998 240 125 149574622
1998 240 126 126629405
1998 240 127 186570955
1998 240 128 155907539
1998 240 129 158129320
1998 240 130 207684654
1998 240 131 148729880
1998 240 132 132601124
1998 240 133 146772812
1998 240 134 97139617
1998 240 135 123482950
1998 240 136 162363028
1998 240 137 188209022
1998 240 138 158891249
1998 240 139 189436298
1998 240 140 192676791
1998 240 141 124200254
1998 240 142 116474395
1998 240 143 156277125
1998 240 144 174918353
1998 240 145 138413814
1998 240 146 216745297
1998 240 147 167375840
1998 240 148 162862161
1998 240 149 171587650
1998 240 150 139047936
1998 240 151 157278438
1998 240 152 122159452
1998 240 153 134189907
1998 240 154 127866059
1998 240 155 157728329
1998 240 156 177265903
1998 240 157 116550784
1998 240 158 169692900
1998 240 159 119211598
1998 241 120 164497823
1998 241 121 97382361
1998 241 122 150155037
1998 241 123 176583207
1998 241 124 189809638
1998 241 125 157521837
1998 241 126 178759382
1998 241 127 166158068
1998 241 128 112093759
1998 241 129 157162441
1998 241 130 99717793
1998 241 131 155028453
1998 241 132 115771367
1998 241 133 161299102
1998 241 134 142947199
1998 241 135 149682949
1998 241 136 94599711
1998 241 137 157541972
1998 241 138 150822895
1998 241 139 185576219
1998 241 140 140442839
1998 241 141 152659725
1998 241 142 171094130
1998 241 143 123329959
1998 241 144 125567179
1998 241 145 147149347
1998 241 146 214157530
1998 241 147 131065207
1998 241 148 175519020
1998 241 149 149658370
1998 241 150 159354562
1998 241 151 187017477
1998 241 152 159871731
1998 241 153 161317993
1998 241 154 136497442
1998 241 155 125569132
1998 241 156 193534838
1998 241 157 169752150
1998 241 158 185653571
1998 241 159 180921359
1998 242 120 164441069
1998 242 121 144961118
1998 242 122 123941627
1998 242 123 159433774
1998 242 124 124011423
1998 242 125 113122433
1998 242 126 152078490
1998 242 127 142525663
1998 242 128 179000491
1998 242 129 175071949
1998 242 130 146354716
1998 242 131 164469389
1998 242 132 134445195
1998 242 133 159850065
1998 242 134 178148751
1998 242 135 128405044
1998 242 136 196323359
1998 242 137 146663049
1998 242 138 119565141
1998 242 139 122236019
1998 242 140 144321348
1998 242 141 139875258
1998 242 142 116438547
1998 242 143 168822983
1998 242 144 103740288
1998 242 145 145746858
1998 242 146 163313323
1998 242 147 173744062
1998 242 148 195070692
1998 242 149 137915151
1998 242 150 166534462
1998 242 151 186613753
1998 242 152 141533990
1998 242 153 165587737
1998 242 154 132041645
1998 242 155 189727487
1998 242 156 134337272
1998 242 157 173220668
1998 242 158 212905340
1998 242 159 154727010
1998 243 120 169762014
1998 243 121 174123877
1998 243 122 137805199
1998 243 123 178003183
1998 243 124 139355363
1998 243 125 169081685
1998 243 126 96058534
1998 243 127 148404917
1998 243 128 165131714
1998 243 129 159316960
1998 243 130 122782258
1998 243 131 117754515
1998 243 132 133094438
1998 243 133 125528559
1998 243 134 138276926
1998 243 135 136422361
1998 243 136 134787484
1998 243 137 211528963
1998 243 138 125482262
1998 243 139 185070057
1998 243 140 152704088
1998 243 141 152951221
1998 243 142 113371999
1998 243 143 145497743
1998 243 144 112362260
1998 243 145 190115948
1998 243 146 151923140
1998 243 147 143568891
1998 243 148 162454009
1998 243 149 191951037
1998 243 150 179227883
1998 243 151 150581327
1998 243 152 178187303
1998 243 153 176460511
1998 243 154 211376500
1998 243 155 126957213
1998 243 156 145422694
1998 243 157 166922177
1998 243 158 137885734
1998 243 159 161474408
1998 244 120 180522688
1998 244 121 185936385
1998 244 122 129469125
1998 244 123 211268414
1998 244 124 217429234
1998 244 125 170013470
1998 244 126 122842443
1998 244 127 151279848
1998 244 128 173930047
1998 244 129 132329682
1998 244 130 191256069
1998 244 131 105555766
1998 244 132 147112931
1998 244 133 155909529
1998 244 134 191230156
1998 244 135 132457847
1998 244 136 178848381
1998 244 137 162889841
1998 244 138 144108835
1998 244 139 112065652
1998 244 140 145184748
1998 244 141 145892667
1998 244 142 167218250
1998 244 143 148899196
1998 244 144 135392531
1998 244 145 134651021
1998 244 146 228965218
1998 244 147 154545433
1998 244 148 140279363
1998 244 149 180453793
1998 244 150 174089035
1998 244 151 151238740
1998 244 152 166818453
1998 244 153 154264376
1998 244 154 215703114
1998 244 155 181485617
1998 244 156 170817358
1998 244 157 117663559
1998 244 158 125435990
1998 244 159 129130051
1998 245 120 124916740
1998 245 121 188626906
1998 245 122 113402940
1998 245 123 150883740
1998 245 124 112761185
1998 245 125 101957631
1998 245 126 138097761
1998 245 127 162470096
1998 245 128 154417716
1998 245 129 136764650
1998 245 130 125223255
1998 245 131 135527600
1998 245 132 171371115
1998 245 133 154709070
1998 245 134 150081511
1998 245 135 149015958
1998 245 136 130818106
1998 245 137 158110768
1998 245 138 227612971
1998 245 139 130130458
1998 245 140 178998481
1998 245 141 174322399
1998 245 142 176803456
1998 245 143 190619831
1998 245 144 144678795
1998 245 145 142426353
1998 245 146 111260781
1998 245 147 108233473
1998 245 148 212543237
1998 245 149 150703047
1998 245 150 186909374
1998 245 151 142843371
1998 245 152 220138637
1998 245 153 142027673
1998 245 154 120315216
1998 245 155 129804790
1998 245 156 157277124
1998 245 157 138401227
1998 245 158 166206618
1998 245 159 152635571
1998 246 120 150847080
1998 246 121 115362726
1998 246 122 183066275
1998 246 123 159050485
1998 246 124 118896438
1998 246 125 143526283
1998 246 126 127107593
1998 246 127 184257346
1998 246 128 173458110
1998 246 129 122518779
1998 246 130 157761447
1998 246 131 86607198
1998 246 132 152732044
1998 246 133 141811742
1998 246 134 133903186
1998 246 135 71815789
1998 246 136 164269669
1998 246 137 109701475
1998 246 138 119870178
1998 246 139 91616171
1998 246 140 164855090
1998 246 141 154540844
1998 246 142 164444706
1998 246 143 184965625
1998 246 144 139879000
1998 246 145 144757386
1998 246 146 170475208
1998 246 147 182673908
1998 246 148 127480484
1998 246 149 204910210
1998 246 150 122145279
1998 246 151 151483728
1998 246 152 134735863
1998 246 153 137029548
1998 246 154 92985720
1998 246 155 185340920
1998 246 156 161215594
1998 246 157 148116086
1998 246 158 90308820
1998 246 159 125638754
1998 247 120 172669280
1998 247 121 130314708
1998 247 122 143930601
1998 247 123 167596868
1998 247 124 200900258
1998 247 125 134311356
1998 247 126 168966534
1998 247 127 122686323
1998 247 128 135969767
1998 247 129 134329632
1998 247 130 165195288
1998 247 131 147705498
1998 247 132 146246345
1998 247 133 146139130
1998 247 134 129623181
1998 247 135 147106808
1998 247 136 131193083
1998 247 137 114171409
1998 247 138 175770679
1998 247 139 173897763
1998 247 140 168186894
1998 247 141 200566702
1998 247 142 178502168
1998 247 143 130130505
1998 247 144 177612875
1998 247 145 154914360
1998 247 146 158582626
1998 247 147 111955405
1998 247 148 176948580
1998 247 149 186476631
1998 247 150 188750372
1998 247 151 156583558
1998 247 152 97733458
1998 247 153 169658640
1998 247 154 158045283
1998 247 155 202584484
1998 247 156 143245045
1998 247 157 175207512
1998 247 158 166810783
1998 247 159 119703752
1998 248 120 127890120
1998 248 121 103353295
1998 248 122 117742115
1998 248 123 175479365
1998 248 124 118148366
1998 248 125 170800783
1998 248 126 148297826
1998 248 127 115651729
1998 248 128 145210027
1998 248 129 182486604
1998 248 130 148308116
1998 248 131 107515201
1998 248 132 136708370
1998 248 133 174997213
1998 248 134 108194111
1998 248 135 121018919
1998 248 136 120321965
1998 248 137 179325361
1998 248 138 213650586
1998 248 139 140837004
1998 248 140 167987018
1998 248 141 87484257
1998 248 142 135823335
1998 248 143 116634110
1998 248 144 193179603
1998 248 145 144562391
1998 248 146 176901023
1998 248 147 129730464
1998 248 148 188287743
1998 248 149 199763872
1998 248 150 164174402
1998 248 151 136358590
1998 248 152 103739103
1998 248 153 136304269
1998 248 154 140100694
1998 248 155 104590972
1998 248 156 133296168
1998 248 157 130899849
1998 248 158 105736888
1998 248 159 189315114
1998 249 120 133264863
1998 249 121 113165135
1998 249 122 184308262
1998 249 123 222183917
1998 249 124 150383451
1998 249 125 106805025
1998 249 126 154664631
1998 249 127 144313190
1998 249 128 182462035
1998 249 129 178350593
1998 249 130 128653103
1998 249 131 157601694
1998 249 132 164771660
1998 249 133 149754191
1998 249 134 147201291
1998 249 135 153281616
1998 249 136 132354504
1998 249 137 179689000
1998 249 138 155246556
1998 249 139 127159561
1998 249 140 157911332
1998 249 141 128699711
1998 249 142 177055800
1998 249 143 165437227
1998 249 144 159203209
1998 249 145 169758162
1998 249 146 130388607
1998 249 147 162874154
1998 249 148 110545365
1998 249 149 185028500
1998 249 150 158779798
1998 249 151 151294693
1998 249 152 177540194
1998 249 153 181589825
1998 249 154 197567745
1998 249 155 168362769
1998 249 156 157365331
1998 249 157 169469026
1998 249 158 130892822
1998 249 159 175931826
Res Count: 800
Time Taken Total: 36.4614
{"query":43,"time_query":21.8181}
Result:
1997 240 120 275902539
1997 240 121 266346300
1997 240 122 281579729
1997 240 123 283411874
1997 240 124 289857223
1997 240 125 254071282
1997 240 126 199156653
1997 240 127 250282137
1997 240 128 274163251
1997 240 129 332330141
1997 240 130 183644309
1997 240 131 193547914
1997 240 132 247674258
1997 240 133 268961511
1997 240 134 195679061
1997 240 135 218438698
1997 240 136 289093913
1997 240 137 224288530
1997 240 138 185219417
1997 240 139 231941934
1997 240 140 352076071
1997 240 141 237384170
1997 240 142 253914042
1997 240 143 283555900
1997 240 144 243349334
1997 240 145 236583116
1997 240 146 261193388
1997 240 147 294722519
1997 240 148 179714420
1997 240 149 282005356
1997 240 150 289215332
1997 240 151 319867310
1997 240 152 320465528
1997 240 153 272245836
1997 240 154 305810023
1997 240 155 237519640
1997 240 156 255143913
1997 240 157 254359876
1997 240 158 238309884
1997 240 159 276166783
1997 241 120 285342703
1997 241 121 189712216
1997 241 122 292566169
1997 241 123 217916252
1997 241 124 273854056
1997 241 125 251576891
1997 241 126 309213621
1997 241 127 285436155
1997 241 128 246952502
1997 241 129 260742411
1997 241 130 287346766
1997 241 131 279023288
1997 241 132 219226780
1997 241 133 250340513
1997 241 134 279960971
1997 241 135 218704336
1997 241 136 217531740
1997 241 137 330667648
1997 241 138 274832521
1997 241 139 311125431
1997 241 140 267657628
1997 241 141 307598704
1997 241 142 218229537
1997 241 143 252021882
1997 241 144 240034856
1997 241 145 249033973
1997 241 146 244302057
1997 241 147 300210834
1997 241 148 229457985
1997 241 149 243082105
1997 241 150 310487689
1997 241 151 177306068
1997 241 152 279729946
1997 241 153 223159927
1997 241 154 192305449
1997 241 155 233288120
1997 241 156 289995399
1997 241 157 228090824
1997 241 158 254585361
1997 241 159 240369601
1997 242 120 297256138
1997 242 121 248235226
1997 242 122 206496105
1997 242 123 241551093
1997 242 124 341199416
1997 242 125 236049705
1997 242 126 222146637
1997 242 127 267246884
1997 242 128 252069040
1997 242 129 270344572
1997 242 130 233929137
1997 242 131 170242699
1997 242 132 245172446
1997 242 133 230317466
1997 242 134 248749010
1997 242 135 285230885
1997 242 136 298035020
1997 242 137 262316370
1997 242 138 252500595
1997 242 139 222979628
1997 242 140 249054557
1997 242 141 236735622
1997 242 142 280126124
1997 242 143 246948877
1997 242 144 281139600
1997 242 145 277472391
1997 242 146 276938287
1997 242 147 208667612
1997 242 148 222642068
1997 242 149 294276030
1997 242 150 341660313
1997 242 151 217507560
1997 242 152 214351890
1997 242 153 268573509
1997 242 154 297504315
1997 242 155 267619933
1997 242 156 269014233
1997 242 157 206128760
1997 242 158 229413765
1997 242 159 319177949
1997 243 120 327694812
1997 243 121 235186565
1997 243 122 269080261
1997 243 123 310579595
1997 243 124 229593487
1997 243 125 309277878
1997 243 126 259106966
1997 243 127 265884987
1997 243 128 294463941
1997 243 129 396071894
1997 243 130 289056512
1997 243 131 344475036
1997 243 132 238271369
1997 243 133 322279462
1997 243 134 270850762
1997 243 135 344114750
1997 243 136 263654458
1997 243 137 207067945
1997 243 138 305693114
1997 243 139 256066922
1997 243 140 290312876
1997 243 141 273216112
1997 243 142 340030846
1997 243 143 173132082
1997 243 144 330815785
1997 243 145 356543062
1997 243 146 255303505
1997 243 147 306489865
1997 243 148 299797042
1997 243 149 239322261
1997 243 150 224074159
1997 243 151 287171869
1997 243 152 302804776
1997 243 153 333581140
1997 243 154 253816083
1997 243 155 228860019
1997 243 156 267273994
1997 243 157 250950640
1997 243 158 227263773
1997 243 159 265070562
1997 244 120 272654460
1997 244 121 189231577
1997 244 122 291156852
1997 244 123 303406883
1997 244 124 279894200
1997 244 125 259872336
1997 244 126 164001430
1997 244 127 257846917
1997 244 128 253978390
1997 244 129 237135797
1997 244 130 167413666
1997 244 131 243962418
1997 244 132 202893061
1997 244 133 225808399
1997 244 134 249254708
1997 244 135 202576016
1997 244 136 272776868
1997 244 137 264603095
1997 244 138 275216267
1997 244 139 222179864
1997 244 140 239707797
1997 244 141 226215907
1997 244 142 301156090
1997 244 143 318082849
1997 244 144 220867233
1997 244 145 334525647
1997 244 146 270134963
1997 244 147 240410689
1997 244 148 266139853
1997 244 149 269872063
1997 244 150 267117476
1997 244 151 280660315
1997 244 152 271193108
1997 244 153 276533451
1997 244 154 260761228
1997 244 155 249258906
1997 244 156 221810950
1997 244 157 226489880
1997 244 158 243963757
1997 244 159 220358144
1997 245 120 254623723
1997 245 121 266920696
1997 245 122 197912261
1997 245 123 239242895
1997 245 124 316285163
1997 245 125 370319327
1997 245 126 263374891
1997 245 127 293098815
1997 245 128 343906205
1997 245 129 205964506
1997 245 130 261313375
1997 245 131 290845782
1997 245 132 198301354
1997 245 133 227211596
1997 245 134 249288165
1997 245 135 286134292
1997 245 136 244834309
1997 245 137 224498389
1997 245 138 288544074
1997 245 139 210520655
1997 245 140 271936485
1997 245 141 205153365
1997 245 142 260111065
1997 245 143 178039970
1997 245 144 291060500
1997 245 145 305535712
1997 245 146 317986982
1997 245 147 283959802
1997 245 148 275766443
1997 245 149 331698585
1997 245 150 289010493
1997 245 151 286215294
1997 245 152 304259864
1997 245 153 228863724
1997 245 154 397002840
1997 245 155 238804508
1997 245 156 229564941
1997 245 157 260040020
1997 245 158 285895600
1997 245 159 223930806
1997 246 120 248760386
1997 246 121 357592827
1997 246 122 188907939
1997 246 123 335500184
1997 246 124 265659963
1997 246 125 332384042
1997 246 126 275815741
1997 246 127 251113597
1997 246 128 232691753
1997 246 129 251118136
1997 246 130 256624595
1997 246 131 286512158
1997 246 132 252517098
1997 246 133 274486982
1997 246 134 175078821
1997 246 135 284681819
1997 246 136 297952458
1997 246 137 270422503
1997 246 138 213583880
1997 246 139 265716794
1997 246 140 259561763
1997 246 141 163571380
1997 246 142 267912263
1997 246 143 267016626
1997 246 144 267520030
1997 246 145 333881181
1997 246 146 259454519
1997 246 147 245568034
1997 246 148 201098567
1997 246 149 255505872
1997 246 150 273470013
1997 246 151 226465465
1997 246 152 307216742
1997 246 153 287376033
1997 246 154 230329023
1997 246 155 223465032
1997 246 156 305715774
1997 246 157 254177590
1997 246 158 231739937
1997 246 159 201896162
1997 247 120 286802351
1997 247 121 252158929
1997 247 122 312437283
1997 247 123 268705268
1997 247 124 263219982
1997 247 125 253834942
1997 247 126 296568878
1997 247 127 252507559
1997 247 128 277338466
1997 247 129 239737756
1997 247 130 236163400
1997 247 131 188447862
1997 247 132 223150504
1997 247 133 318171372
1997 247 134 233558956
1997 247 135 230343113
1997 247 136 291335687
1997 247 137 222619294
1997 247 138 248670246
1997 247 139 285134244
1997 247 140 264558456
1997 247 141 196740189
1997 247 142 261421812
1997 247 143 239001930
1997 247 144 258037416
1997 247 145 218294614
1997 247 146 391587138
1997 247 147 252636736
1997 247 148 268065304
1997 247 149 194389124
1997 247 150 274157700
1997 247 151 287437557
1997 247 152 316291648
1997 247 153 232106014
1997 247 154 240223194
1997 247 155 231189858
1997 247 156 294089319
1997 247 157 293283401
1997 247 158 182939942
1997 247 159 229669791
1997 248 120 284443759
1997 248 121 233412069
1997 248 122 243856485
1997 248 123 308975506
1997 248 124 251371060
1997 248 125 236539409
1997 248 126 260356669
1997 248 127 235281311
1997 248 128 251399939
1997 248 129 240913859
1997 248 130 252366941
1997 248 131 293655149
1997 248 132 235525843
1997 248 133 256373646
1997 248 134 214217422
1997 248 135 298441236
1997 248 136 265227514
1997 248 137 239851492
1997 248 138 299589170
1997 248 139 309539609
1997 248 140 266106683
1997 248 141 240853239
1997 248 142 205393495
1997 248 143 227393196
1997 248 144 207497556
1997 248 145 240889854
1997 248 146 205749737
1997 248 147 199378385
1997 248 148 262395843
1997 248 149 248332171
1997 248 150 342996905
1997 248 151 251665840
1997 248 152 265123352
1997 248 153 250340356
1997 248 154 268662413
1997 248 155 253858384
1997 248 156 242856853
1997 248 157 174427675
1997 248 158 190096792
1997 248 159 297754755
1997 249 120 225892547
1997 249 121 223010514
1997 249 122 291913116
1997 249 123 201559308
1997 249 124 290703515
1997 249 125 304711285
1997 249 126 216246725
1997 249 127 240667879
1997 249 128 245118785
1997 249 129 282522624
1997 249 130 308622053
1997 249 131 250050941
1997 249 132 230450257
1997 249 133 283596278
1997 249 134 214906850
1997 249 135 263466161
1997 249 136 268004290
1997 249 137 310730508
1997 249 138 270780714
1997 249 139 280882122
1997 249 140 250423117
1997 249 141 239304601
1997 249 142 274832506
1997 249 143 309763718
1997 249 144 319280612
1997 249 145 270089703
1997 249 146 284527572
1997 249 147 192509321
1997 249 148 248496793
1997 249 149 297423773
1997 249 150 309846023
1997 249 151 334887237
1997 249 152 241367382
1997 249 153 257544262
1997 249 154 278320134
1997 249 155 250993195
1997 249 156 246777125
1997 249 157 311080684
1997 249 158 421617071
1997 249 159 221843416
1998 240 120 161219383
1998 240 121 191383959
1998 240 122 173355223
1998 240 123 176655215
1998 240 124 166955458
1998 240 125 149574622
1998 240 126 126629405
1998 240 127 186570955
1998 240 128 155907539
1998 240 129 158129320
1998 240 130 207684654
1998 240 131 148729880
1998 240 132 132601124
1998 240 133 146772812
1998 240 134 97139617
1998 240 135 123482950
1998 240 136 162363028
1998 240 137 188209022
1998 240 138 158891249
1998 240 139 189436298
1998 240 140 192676791
1998 240 141 124200254
1998 240 142 116474395
1998 240 143 156277125
1998 240 144 174918353
1998 240 145 138413814
1998 240 146 216745297
1998 240 147 167375840
1998 240 148 162862161
1998 240 149 171587650
1998 240 150 139047936
1998 240 151 157278438
1998 240 152 122159452
1998 240 153 134189907
1998 240 154 127866059
1998 240 155 157728329
1998 240 156 177265903
1998 240 157 116550784
1998 240 158 169692900
1998 240 159 119211598
1998 241 120 164497823
1998 241 121 97382361
1998 241 122 150155037
1998 241 123 176583207
1998 241 124 189809638
1998 241 125 157521837
1998 241 126 178759382
1998 241 127 166158068
1998 241 128 112093759
1998 241 129 157162441
1998 241 130 99717793
1998 241 131 155028453
1998 241 132 115771367
1998 241 133 161299102
1998 241 134 142947199
1998 241 135 149682949
1998 241 136 94599711
1998 241 137 157541972
1998 241 138 150822895
1998 241 139 185576219
1998 241 140 140442839
1998 241 141 152659725
1998 241 142 171094130
1998 241 143 123329959
1998 241 144 125567179
1998 241 145 147149347
1998 241 146 214157530
1998 241 147 131065207
1998 241 148 175519020
1998 241 149 149658370
1998 241 150 159354562
1998 241 151 187017477
1998 241 152 159871731
1998 241 153 161317993
1998 241 154 136497442
1998 241 155 125569132
1998 241 156 193534838
1998 241 157 169752150
1998 241 158 185653571
1998 241 159 180921359
1998 242 120 164441069
1998 242 121 144961118
1998 242 122 123941627
1998 242 123 159433774
1998 242 124 124011423
1998 242 125 113122433
1998 242 126 152078490
1998 242 127 142525663
1998 242 128 179000491
1998 242 129 175071949
1998 242 130 146354716
1998 242 131 164469389
1998 242 132 134445195
1998 242 133 159850065
1998 242 134 178148751
1998 242 135 128405044
1998 242 136 196323359
1998 242 137 146663049
1998 242 138 119565141
1998 242 139 122236019
1998 242 140 144321348
1998 242 141 139875258
1998 242 142 116438547
1998 242 143 168822983
1998 242 144 103740288
1998 242 145 145746858
1998 242 146 163313323
1998 242 147 173744062
1998 242 148 195070692
1998 242 149 137915151
1998 242 150 166534462
1998 242 151 186613753
1998 242 152 141533990
1998 242 153 165587737
1998 242 154 132041645
1998 242 155 189727487
1998 242 156 134337272
1998 242 157 173220668
1998 242 158 212905340
1998 242 159 154727010
1998 243 120 169762014
1998 243 121 174123877
1998 243 122 137805199
1998 243 123 178003183
1998 243 124 139355363
1998 243 125 169081685
1998 243 126 96058534
1998 243 127 148404917
1998 243 128 165131714
1998 243 129 159316960
1998 243 130 122782258
1998 243 131 117754515
1998 243 132 133094438
1998 243 133 125528559
1998 243 134 138276926
1998 243 135 136422361
1998 243 136 134787484
1998 243 137 211528963
1998 243 138 125482262
1998 243 139 185070057
1998 243 140 152704088
1998 243 141 152951221
1998 243 142 113371999
1998 243 143 145497743
1998 243 144 112362260
1998 243 145 190115948
1998 243 146 151923140
1998 243 147 143568891
1998 243 148 162454009
1998 243 149 191951037
1998 243 150 179227883
1998 243 151 150581327
1998 243 152 178187303
1998 243 153 176460511
1998 243 154 211376500
1998 243 155 126957213
1998 243 156 145422694
1998 243 157 166922177
1998 243 158 137885734
1998 243 159 161474408
1998 244 120 180522688
1998 244 121 185936385
1998 244 122 129469125
1998 244 123 211268414
1998 244 124 217429234
1998 244 125 170013470
1998 244 126 122842443
1998 244 127 151279848
1998 244 128 173930047
1998 244 129 132329682
1998 244 130 191256069
1998 244 131 105555766
1998 244 132 147112931
1998 244 133 155909529
1998 244 134 191230156
1998 244 135 132457847
1998 244 136 178848381
1998 244 137 162889841
1998 244 138 144108835
1998 244 139 112065652
1998 244 140 145184748
1998 244 141 145892667
1998 244 142 167218250
1998 244 143 148899196
1998 244 144 135392531
1998 244 145 134651021
1998 244 146 228965218
1998 244 147 154545433
1998 244 148 140279363
1998 244 149 180453793
1998 244 150 174089035
1998 244 151 151238740
1998 244 152 166818453
1998 244 153 154264376
1998 244 154 215703114
1998 244 155 181485617
1998 244 156 170817358
1998 244 157 117663559
1998 244 158 125435990
1998 244 159 129130051
1998 245 120 124916740
1998 245 121 188626906
1998 245 122 113402940
1998 245 123 150883740
1998 245 124 112761185
1998 245 125 101957631
1998 245 126 138097761
1998 245 127 162470096
1998 245 128 154417716
1998 245 129 136764650
1998 245 130 125223255
1998 245 131 135527600
1998 245 132 171371115
1998 245 133 154709070
1998 245 134 150081511
1998 245 135 149015958
1998 245 136 130818106
1998 245 137 158110768
1998 245 138 227612971
1998 245 139 130130458
1998 245 140 178998481
1998 245 141 174322399
1998 245 142 176803456
1998 245 143 190619831
1998 245 144 144678795
1998 245 145 142426353
1998 245 146 111260781
1998 245 147 108233473
1998 245 148 212543237
1998 245 149 150703047
1998 245 150 186909374
1998 245 151 142843371
1998 245 152 220138637
1998 245 153 142027673
1998 245 154 120315216
1998 245 155 129804790
1998 245 156 157277124
1998 245 157 138401227
1998 245 158 166206618
1998 245 159 152635571
1998 246 120 150847080
1998 246 121 115362726
1998 246 122 183066275
1998 246 123 159050485
1998 246 124 118896438
1998 246 125 143526283
1998 246 126 127107593
1998 246 127 184257346
1998 246 128 173458110
1998 246 129 122518779
1998 246 130 157761447
1998 246 131 86607198
1998 246 132 152732044
1998 246 133 141811742
1998 246 134 133903186
1998 246 135 71815789
1998 246 136 164269669
1998 246 137 109701475
1998 246 138 119870178
1998 246 139 91616171
1998 246 140 164855090
1998 246 141 154540844
1998 246 142 164444706
1998 246 143 184965625
1998 246 144 139879000
1998 246 145 144757386
1998 246 146 170475208
1998 246 147 182673908
1998 246 148 127480484
1998 246 149 204910210
1998 246 150 122145279
1998 246 151 151483728
1998 246 152 134735863
1998 246 153 137029548
1998 246 154 92985720
1998 246 155 185340920
1998 246 156 161215594
1998 246 157 148116086
1998 246 158 90308820
1998 246 159 125638754
1998 247 120 172669280
1998 247 121 130314708
1998 247 122 143930601
1998 247 123 167596868
1998 247 124 200900258
1998 247 125 134311356
1998 247 126 168966534
1998 247 127 122686323
1998 247 128 135969767
1998 247 129 134329632
1998 247 130 165195288
1998 247 131 147705498
1998 247 132 146246345
1998 247 133 146139130
1998 247 134 129623181
1998 247 135 147106808
1998 247 136 131193083
1998 247 137 114171409
1998 247 138 175770679
1998 247 139 173897763
1998 247 140 168186894
1998 247 141 200566702
1998 247 142 178502168
1998 247 143 130130505
1998 247 144 177612875
1998 247 145 154914360
1998 247 146 158582626
1998 247 147 111955405
1998 247 148 176948580
1998 247 149 186476631
1998 247 150 188750372
1998 247 151 156583558
1998 247 152 97733458
1998 247 153 169658640
1998 247 154 158045283
1998 247 155 202584484
1998 247 156 143245045
1998 247 157 175207512
1998 247 158 166810783
1998 247 159 119703752
1998 248 120 127890120
1998 248 121 103353295
1998 248 122 117742115
1998 248 123 175479365
1998 248 124 118148366
1998 248 125 170800783
1998 248 126 148297826
1998 248 127 115651729
1998 248 128 145210027
1998 248 129 182486604
1998 248 130 148308116
1998 248 131 107515201
1998 248 132 136708370
1998 248 133 174997213
1998 248 134 108194111
1998 248 135 121018919
1998 248 136 120321965
1998 248 137 179325361
1998 248 138 213650586
1998 248 139 140837004
1998 248 140 167987018
1998 248 141 87484257
1998 248 142 135823335
1998 248 143 116634110
1998 248 144 193179603
1998 248 145 144562391
1998 248 146 176901023
1998 248 147 129730464
1998 248 148 188287743
1998 248 149 199763872
1998 248 150 164174402
1998 248 151 136358590
1998 248 152 103739103
1998 248 153 136304269
1998 248 154 140100694
1998 248 155 104590972
1998 248 156 133296168
1998 248 157 130899849
1998 248 158 105736888
1998 248 159 189315114
1998 249 120 133264863
1998 249 121 113165135
1998 249 122 184308262
1998 249 123 222183917
1998 249 124 150383451
1998 249 125 106805025
1998 249 126 154664631
1998 249 127 144313190
1998 249 128 182462035
1998 249 129 178350593
1998 249 130 128653103
1998 249 131 157601694
1998 249 132 164771660
1998 249 133 149754191
1998 249 134 147201291
1998 249 135 153281616
1998 249 136 132354504
1998 249 137 179689000
1998 249 138 155246556
1998 249 139 127159561
1998 249 140 157911332
1998 249 141 128699711
1998 249 142 177055800
1998 249 143 165437227
1998 249 144 159203209
1998 249 145 169758162
1998 249 146 130388607
1998 249 147 162874154
1998 249 148 110545365
1998 249 149 185028500
1998 249 150 158779798
1998 249 151 151294693
1998 249 152 177540194
1998 249 153 181589825
1998 249 154 197567745
1998 249 155 168362769
1998 249 156 157365331
1998 249 157 169469026
1998 249 158 130892822
1998 249 159 175931826
Res Count: 800
Time Taken Total: 38.1074
{"query":43,"time_query":21.5522}
Result:
1997 240 120 275902539
1997 240 121 266346300
1997 240 122 281579729
1997 240 123 283411874
1997 240 124 289857223
1997 240 125 254071282
1997 240 126 199156653
1997 240 127 250282137
1997 240 128 274163251
1997 240 129 332330141
1997 240 130 183644309
1997 240 131 193547914
1997 240 132 247674258
1997 240 133 268961511
1997 240 134 195679061
1997 240 135 218438698
1997 240 136 289093913
1997 240 137 224288530
1997 240 138 185219417
1997 240 139 231941934
1997 240 140 352076071
1997 240 141 237384170
1997 240 142 253914042
1997 240 143 283555900
1997 240 144 243349334
1997 240 145 236583116
1997 240 146 261193388
1997 240 147 294722519
1997 240 148 179714420
1997 240 149 282005356
1997 240 150 289215332
1997 240 151 319867310
1997 240 152 320465528
1997 240 153 272245836
1997 240 154 305810023
1997 240 155 237519640
1997 240 156 255143913
1997 240 157 254359876
1997 240 158 238309884
1997 240 159 276166783
1997 241 120 285342703
1997 241 121 189712216
1997 241 122 292566169
1997 241 123 217916252
1997 241 124 273854056
1997 241 125 251576891
1997 241 126 309213621
1997 241 127 285436155
1997 241 128 246952502
1997 241 129 260742411
1997 241 130 287346766
1997 241 131 279023288
1997 241 132 219226780
1997 241 133 250340513
1997 241 134 279960971
1997 241 135 218704336
1997 241 136 217531740
1997 241 137 330667648
1997 241 138 274832521
1997 241 139 311125431
1997 241 140 267657628
1997 241 141 307598704
1997 241 142 218229537
1997 241 143 252021882
1997 241 144 240034856
1997 241 145 249033973
1997 241 146 244302057
1997 241 147 300210834
1997 241 148 229457985
1997 241 149 243082105
1997 241 150 310487689
1997 241 151 177306068
1997 241 152 279729946
1997 241 153 223159927
1997 241 154 192305449
1997 241 155 233288120
1997 241 156 289995399
1997 241 157 228090824
1997 241 158 254585361
1997 241 159 240369601
1997 242 120 297256138
1997 242 121 248235226
1997 242 122 206496105
1997 242 123 241551093
1997 242 124 341199416
1997 242 125 236049705
1997 242 126 222146637
1997 242 127 267246884
1997 242 128 252069040
1997 242 129 270344572
1997 242 130 233929137
1997 242 131 170242699
1997 242 132 245172446
1997 242 133 230317466
1997 242 134 248749010
1997 242 135 285230885
1997 242 136 298035020
1997 242 137 262316370
1997 242 138 252500595
1997 242 139 222979628
1997 242 140 249054557
1997 242 141 236735622
1997 242 142 280126124
1997 242 143 246948877
1997 242 144 281139600
1997 242 145 277472391
1997 242 146 276938287
1997 242 147 208667612
1997 242 148 222642068
1997 242 149 294276030
1997 242 150 341660313
1997 242 151 217507560
1997 242 152 214351890
1997 242 153 268573509
1997 242 154 297504315
1997 242 155 267619933
1997 242 156 269014233
1997 242 157 206128760
1997 242 158 229413765
1997 242 159 319177949
1997 243 120 327694812
1997 243 121 235186565
1997 243 122 269080261
1997 243 123 310579595
1997 243 124 229593487
1997 243 125 309277878
1997 243 126 259106966
1997 243 127 265884987
1997 243 128 294463941
1997 243 129 396071894
1997 243 130 289056512
1997 243 131 344475036
1997 243 132 238271369
1997 243 133 322279462
1997 243 134 270850762
1997 243 135 344114750
1997 243 136 263654458
1997 243 137 207067945
1997 243 138 305693114
1997 243 139 256066922
1997 243 140 290312876
1997 243 141 273216112
1997 243 142 340030846
1997 243 143 173132082
1997 243 144 330815785
1997 243 145 356543062
1997 243 146 255303505
1997 243 147 306489865
1997 243 148 299797042
1997 243 149 239322261
1997 243 150 224074159
1997 243 151 287171869
1997 243 152 302804776
1997 243 153 333581140
1997 243 154 253816083
1997 243 155 228860019
1997 243 156 267273994
1997 243 157 250950640
1997 243 158 227263773
1997 243 159 265070562
1997 244 120 272654460
1997 244 121 189231577
1997 244 122 291156852
1997 244 123 303406883
1997 244 124 279894200
1997 244 125 259872336
1997 244 126 164001430
1997 244 127 257846917
1997 244 128 253978390
1997 244 129 237135797
1997 244 130 167413666
1997 244 131 243962418
1997 244 132 202893061
1997 244 133 225808399
1997 244 134 249254708
1997 244 135 202576016
1997 244 136 272776868
1997 244 137 264603095
1997 244 138 275216267
1997 244 139 222179864
1997 244 140 239707797
1997 244 141 226215907
1997 244 142 301156090
1997 244 143 318082849
1997 244 144 220867233
1997 244 145 334525647
1997 244 146 270134963
1997 244 147 240410689
1997 244 148 266139853
1997 244 149 269872063
1997 244 150 267117476
1997 244 151 280660315
1997 244 152 271193108
1997 244 153 276533451
1997 244 154 260761228
1997 244 155 249258906
1997 244 156 221810950
1997 244 157 226489880
1997 244 158 243963757
1997 244 159 220358144
1997 245 120 254623723
1997 245 121 266920696
1997 245 122 197912261
1997 245 123 239242895
1997 245 124 316285163
1997 245 125 370319327
1997 245 126 263374891
1997 245 127 293098815
1997 245 128 343906205
1997 245 129 205964506
1997 245 130 261313375
1997 245 131 290845782
1997 245 132 198301354
1997 245 133 227211596
1997 245 134 249288165
1997 245 135 286134292
1997 245 136 244834309
1997 245 137 224498389
1997 245 138 288544074
1997 245 139 210520655
1997 245 140 271936485
1997 245 141 205153365
1997 245 142 260111065
1997 245 143 178039970
1997 245 144 291060500
1997 245 145 305535712
1997 245 146 317986982
1997 245 147 283959802
1997 245 148 275766443
1997 245 149 331698585
1997 245 150 289010493
1997 245 151 286215294
1997 245 152 304259864
1997 245 153 228863724
1997 245 154 397002840
1997 245 155 238804508
1997 245 156 229564941
1997 245 157 260040020
1997 245 158 285895600
1997 245 159 223930806
1997 246 120 248760386
1997 246 121 357592827
1997 246 122 188907939
1997 246 123 335500184
1997 246 124 265659963
1997 246 125 332384042
1997 246 126 275815741
1997 246 127 251113597
1997 246 128 232691753
1997 246 129 251118136
1997 246 130 256624595
1997 246 131 286512158
1997 246 132 252517098
1997 246 133 274486982
1997 246 134 175078821
1997 246 135 284681819
1997 246 136 297952458
1997 246 137 270422503
1997 246 138 213583880
1997 246 139 265716794
1997 246 140 259561763
1997 246 141 163571380
1997 246 142 267912263
1997 246 143 267016626
1997 246 144 267520030
1997 246 145 333881181
1997 246 146 259454519
1997 246 147 245568034
1997 246 148 201098567
1997 246 149 255505872
1997 246 150 273470013
1997 246 151 226465465
1997 246 152 307216742
1997 246 153 287376033
1997 246 154 230329023
1997 246 155 223465032
1997 246 156 305715774
1997 246 157 254177590
1997 246 158 231739937
1997 246 159 201896162
1997 247 120 286802351
1997 247 121 252158929
1997 247 122 312437283
1997 247 123 268705268
1997 247 124 263219982
1997 247 125 253834942
1997 247 126 296568878
1997 247 127 252507559
1997 247 128 277338466
1997 247 129 239737756
1997 247 130 236163400
1997 247 131 188447862
1997 247 132 223150504
1997 247 133 318171372
1997 247 134 233558956
1997 247 135 230343113
1997 247 136 291335687
1997 247 137 222619294
1997 247 138 248670246
1997 247 139 285134244
1997 247 140 264558456
1997 247 141 196740189
1997 247 142 261421812
1997 247 143 239001930
1997 247 144 258037416
1997 247 145 218294614
1997 247 146 391587138
1997 247 147 252636736
1997 247 148 268065304
1997 247 149 194389124
1997 247 150 274157700
1997 247 151 287437557
1997 247 152 316291648
1997 247 153 232106014
1997 247 154 240223194
1997 247 155 231189858
1997 247 156 294089319
1997 247 157 293283401
1997 247 158 182939942
1997 247 159 229669791
1997 248 120 284443759
1997 248 121 233412069
1997 248 122 243856485
1997 248 123 308975506
1997 248 124 251371060
1997 248 125 236539409
1997 248 126 260356669
1997 248 127 235281311
1997 248 128 251399939
1997 248 129 240913859
1997 248 130 252366941
1997 248 131 293655149
1997 248 132 235525843
1997 248 133 256373646
1997 248 134 214217422
1997 248 135 298441236
1997 248 136 265227514
1997 248 137 239851492
1997 248 138 299589170
1997 248 139 309539609
1997 248 140 266106683
1997 248 141 240853239
1997 248 142 205393495
1997 248 143 227393196
1997 248 144 207497556
1997 248 145 240889854
1997 248 146 205749737
1997 248 147 199378385
1997 248 148 262395843
1997 248 149 248332171
1997 248 150 342996905
1997 248 151 251665840
1997 248 152 265123352
1997 248 153 250340356
1997 248 154 268662413
1997 248 155 253858384
1997 248 156 242856853
1997 248 157 174427675
1997 248 158 190096792
1997 248 159 297754755
1997 249 120 225892547
1997 249 121 223010514
1997 249 122 291913116
1997 249 123 201559308
1997 249 124 290703515
1997 249 125 304711285
1997 249 126 216246725
1997 249 127 240667879
1997 249 128 245118785
1997 249 129 282522624
1997 249 130 308622053
1997 249 131 250050941
1997 249 132 230450257
1997 249 133 283596278
1997 249 134 214906850
1997 249 135 263466161
1997 249 136 268004290
1997 249 137 310730508
1997 249 138 270780714
1997 249 139 280882122
1997 249 140 250423117
1997 249 141 239304601
1997 249 142 274832506
1997 249 143 309763718
1997 249 144 319280612
1997 249 145 270089703
1997 249 146 284527572
1997 249 147 192509321
1997 249 148 248496793
1997 249 149 297423773
1997 249 150 309846023
1997 249 151 334887237
1997 249 152 241367382
1997 249 153 257544262
1997 249 154 278320134
1997 249 155 250993195
1997 249 156 246777125
1997 249 157 311080684
1997 249 158 421617071
1997 249 159 221843416
1998 240 120 161219383
1998 240 121 191383959
1998 240 122 173355223
1998 240 123 176655215
1998 240 124 166955458
1998 240 125 149574622
1998 240 126 126629405
1998 240 127 186570955
1998 240 128 155907539
1998 240 129 158129320
1998 240 130 207684654
1998 240 131 148729880
1998 240 132 132601124
1998 240 133 146772812
1998 240 134 97139617
1998 240 135 123482950
1998 240 136 162363028
1998 240 137 188209022
1998 240 138 158891249
1998 240 139 189436298
1998 240 140 192676791
1998 240 141 124200254
1998 240 142 116474395
1998 240 143 156277125
1998 240 144 174918353
1998 240 145 138413814
1998 240 146 216745297
1998 240 147 167375840
1998 240 148 162862161
1998 240 149 171587650
1998 240 150 139047936
1998 240 151 157278438
1998 240 152 122159452
1998 240 153 134189907
1998 240 154 127866059
1998 240 155 157728329
1998 240 156 177265903
1998 240 157 116550784
1998 240 158 169692900
1998 240 159 119211598
1998 241 120 164497823
1998 241 121 97382361
1998 241 122 150155037
1998 241 123 176583207
1998 241 124 189809638
1998 241 125 157521837
1998 241 126 178759382
1998 241 127 166158068
1998 241 128 112093759
1998 241 129 157162441
1998 241 130 99717793
1998 241 131 155028453
1998 241 132 115771367
1998 241 133 161299102
1998 241 134 142947199
1998 241 135 149682949
1998 241 136 94599711
1998 241 137 157541972
1998 241 138 150822895
1998 241 139 185576219
1998 241 140 140442839
1998 241 141 152659725
1998 241 142 171094130
1998 241 143 123329959
1998 241 144 125567179
1998 241 145 147149347
1998 241 146 214157530
1998 241 147 131065207
1998 241 148 175519020
1998 241 149 149658370
1998 241 150 159354562
1998 241 151 187017477
1998 241 152 159871731
1998 241 153 161317993
1998 241 154 136497442
1998 241 155 125569132
1998 241 156 193534838
1998 241 157 169752150
1998 241 158 185653571
1998 241 159 180921359
1998 242 120 164441069
1998 242 121 144961118
1998 242 122 123941627
1998 242 123 159433774
1998 242 124 124011423
1998 242 125 113122433
1998 242 126 152078490
1998 242 127 142525663
1998 242 128 179000491
1998 242 129 175071949
1998 242 130 146354716
1998 242 131 164469389
1998 242 132 134445195
1998 242 133 159850065
1998 242 134 178148751
1998 242 135 128405044
1998 242 136 196323359
1998 242 137 146663049
1998 242 138 119565141
1998 242 139 122236019
1998 242 140 144321348
1998 242 141 139875258
1998 242 142 116438547
1998 242 143 168822983
1998 242 144 103740288
1998 242 145 145746858
1998 242 146 163313323
1998 242 147 173744062
1998 242 148 195070692
1998 242 149 137915151
1998 242 150 166534462
1998 242 151 186613753
1998 242 152 141533990
1998 242 153 165587737
1998 242 154 132041645
1998 242 155 189727487
1998 242 156 134337272
1998 242 157 173220668
1998 242 158 212905340
1998 242 159 154727010
1998 243 120 169762014
1998 243 121 174123877
1998 243 122 137805199
1998 243 123 178003183
1998 243 124 139355363
1998 243 125 169081685
1998 243 126 96058534
1998 243 127 148404917
1998 243 128 165131714
1998 243 129 159316960
1998 243 130 122782258
1998 243 131 117754515
1998 243 132 133094438
1998 243 133 125528559
1998 243 134 138276926
1998 243 135 136422361
1998 243 136 134787484
1998 243 137 211528963
1998 243 138 125482262
1998 243 139 185070057
1998 243 140 152704088
1998 243 141 152951221
1998 243 142 113371999
1998 243 143 145497743
1998 243 144 112362260
1998 243 145 190115948
1998 243 146 151923140
1998 243 147 143568891
1998 243 148 162454009
1998 243 149 191951037
1998 243 150 179227883
1998 243 151 150581327
1998 243 152 178187303
1998 243 153 176460511
1998 243 154 211376500
1998 243 155 126957213
1998 243 156 145422694
1998 243 157 166922177
1998 243 158 137885734
1998 243 159 161474408
1998 244 120 180522688
1998 244 121 185936385
1998 244 122 129469125
1998 244 123 211268414
1998 244 124 217429234
1998 244 125 170013470
1998 244 126 122842443
1998 244 127 151279848
1998 244 128 173930047
1998 244 129 132329682
1998 244 130 191256069
1998 244 131 105555766
1998 244 132 147112931
1998 244 133 155909529
1998 244 134 191230156
1998 244 135 132457847
1998 244 136 178848381
1998 244 137 162889841
1998 244 138 144108835
1998 244 139 112065652
1998 244 140 145184748
1998 244 141 145892667
1998 244 142 167218250
1998 244 143 148899196
1998 244 144 135392531
1998 244 145 134651021
1998 244 146 228965218
1998 244 147 154545433
1998 244 148 140279363
1998 244 149 180453793
1998 244 150 174089035
1998 244 151 151238740
1998 244 152 166818453
1998 244 153 154264376
1998 244 154 215703114
1998 244 155 181485617
1998 244 156 170817358
1998 244 157 117663559
1998 244 158 125435990
1998 244 159 129130051
1998 245 120 124916740
1998 245 121 188626906
1998 245 122 113402940
1998 245 123 150883740
1998 245 124 112761185
1998 245 125 101957631
1998 245 126 138097761
1998 245 127 162470096
1998 245 128 154417716
1998 245 129 136764650
1998 245 130 125223255
1998 245 131 135527600
1998 245 132 171371115
1998 245 133 154709070
1998 245 134 150081511
1998 245 135 149015958
1998 245 136 130818106
1998 245 137 158110768
1998 245 138 227612971
1998 245 139 130130458
1998 245 140 178998481
1998 245 141 174322399
1998 245 142 176803456
1998 245 143 190619831
1998 245 144 144678795
1998 245 145 142426353
1998 245 146 111260781
1998 245 147 108233473
1998 245 148 212543237
1998 245 149 150703047
1998 245 150 186909374
1998 245 151 142843371
1998 245 152 220138637
1998 245 153 142027673
1998 245 154 120315216
1998 245 155 129804790
1998 245 156 157277124
1998 245 157 138401227
1998 245 158 166206618
1998 245 159 152635571
1998 246 120 150847080
1998 246 121 115362726
1998 246 122 183066275
1998 246 123 159050485
1998 246 124 118896438
1998 246 125 143526283
1998 246 126 127107593
1998 246 127 184257346
1998 246 128 173458110
1998 246 129 122518779
1998 246 130 157761447
1998 246 131 86607198
1998 246 132 152732044
1998 246 133 141811742
1998 246 134 133903186
1998 246 135 71815789
1998 246 136 164269669
1998 246 137 109701475
1998 246 138 119870178
1998 246 139 91616171
1998 246 140 164855090
1998 246 141 154540844
1998 246 142 164444706
1998 246 143 184965625
1998 246 144 139879000
1998 246 145 144757386
1998 246 146 170475208
1998 246 147 182673908
1998 246 148 127480484
1998 246 149 204910210
1998 246 150 122145279
1998 246 151 151483728
1998 246 152 134735863
1998 246 153 137029548
1998 246 154 92985720
1998 246 155 185340920
1998 246 156 161215594
1998 246 157 148116086
1998 246 158 90308820
1998 246 159 125638754
1998 247 120 172669280
1998 247 121 130314708
1998 247 122 143930601
1998 247 123 167596868
1998 247 124 200900258
1998 247 125 134311356
1998 247 126 168966534
1998 247 127 122686323
1998 247 128 135969767
1998 247 129 134329632
1998 247 130 165195288
1998 247 131 147705498
1998 247 132 146246345
1998 247 133 146139130
1998 247 134 129623181
1998 247 135 147106808
1998 247 136 131193083
1998 247 137 114171409
1998 247 138 175770679
1998 247 139 173897763
1998 247 140 168186894
1998 247 141 200566702
1998 247 142 178502168
1998 247 143 130130505
1998 247 144 177612875
1998 247 145 154914360
1998 247 146 158582626
1998 247 147 111955405
1998 247 148 176948580
1998 247 149 186476631
1998 247 150 188750372
1998 247 151 156583558
1998 247 152 97733458
1998 247 153 169658640
1998 247 154 158045283
1998 247 155 202584484
1998 247 156 143245045
1998 247 157 175207512
1998 247 158 166810783
1998 247 159 119703752
1998 248 120 127890120
1998 248 121 103353295
1998 248 122 117742115
1998 248 123 175479365
1998 248 124 118148366
1998 248 125 170800783
1998 248 126 148297826
1998 248 127 115651729
1998 248 128 145210027
1998 248 129 182486604
1998 248 130 148308116
1998 248 131 107515201
1998 248 132 136708370
1998 248 133 174997213
1998 248 134 108194111
1998 248 135 121018919
1998 248 136 120321965
1998 248 137 179325361
1998 248 138 213650586
1998 248 139 140837004
1998 248 140 167987018
1998 248 141 87484257
1998 248 142 135823335
1998 248 143 116634110
1998 248 144 193179603
1998 248 145 144562391
1998 248 146 176901023
1998 248 147 129730464
1998 248 148 188287743
1998 248 149 199763872
1998 248 150 164174402
1998 248 151 136358590
1998 248 152 103739103
1998 248 153 136304269
1998 248 154 140100694
1998 248 155 104590972
1998 248 156 133296168
1998 248 157 130899849
1998 248 158 105736888
1998 248 159 189315114
1998 249 120 133264863
1998 249 121 113165135
1998 249 122 184308262
1998 249 123 222183917
1998 249 124 150383451
1998 249 125 106805025
1998 249 126 154664631
1998 249 127 144313190
1998 249 128 182462035
1998 249 129 178350593
1998 249 130 128653103
1998 249 131 157601694
1998 249 132 164771660
1998 249 133 149754191
1998 249 134 147201291
1998 249 135 153281616
1998 249 136 132354504
1998 249 137 179689000
1998 249 138 155246556
1998 249 139 127159561
1998 249 140 157911332
1998 249 141 128699711
1998 249 142 177055800
1998 249 143 165437227
1998 249 144 159203209
1998 249 145 169758162
1998 249 146 130388607
1998 249 147 162874154
1998 249 148 110545365
1998 249 149 185028500
1998 249 150 158779798
1998 249 151 151294693
1998 249 152 177540194
1998 249 153 181589825
1998 249 154 197567745
1998 249 155 168362769
1998 249 156 157365331
1998 249 157 169469026
1998 249 158 130892822
1998 249 159 175931826
Res Count: 800
Time Taken Total: 23.1955
{"query":43,"time_query":21.5018}
